[2.494s] Invoking command in '/home/wyatt/ros2_ws/build/examples_rclpy_pointcloud_publisher': PYTHONPATH=/home/wyatt/ros2_ws/build/examples_rclpy_pointcloud_publisher/prefix_override:/home/wyatt/ros2_ws/install/examples_rclpy_pointcloud_publisher/lib/python3.10/site-packages:${PYTHONPATH} /usr/bin/python3 setup.py develop --uninstall --editable --build-directory /home/wyatt/ros2_ws/build/examples_rclpy_pointcloud_publisher/build
[2.773s] running develop
[2.923s] Removing /home/wyatt/ros2_ws/install/examples_rclpy_pointcloud_publisher/lib/python3.10/site-packages/examples-rclpy-pointcloud-publisher.egg-link (link to .)
[2.956s] Invoked command in '/home/wyatt/ros2_ws/build/examples_rclpy_pointcloud_publisher' returned '0': PYTHONPATH=/home/wyatt/ros2_ws/build/examples_rclpy_pointcloud_publisher/prefix_override:/home/wyatt/ros2_ws/install/examples_rclpy_pointcloud_publisher/lib/python3.10/site-packages:${PYTHONPATH} /usr/bin/python3 setup.py develop --uninstall --editable --build-directory /home/wyatt/ros2_ws/build/examples_rclpy_pointcloud_publisher/build
[2.959s] Invoking command in '/home/wyatt/ros2_ws/src/examples/rclpy/topics/pointcloud_publisher': PYTHONPATH=/home/wyatt/ros2_ws/build/examples_rclpy_pointcloud_publisher/prefix_override:/home/wyatt/ros2_ws/install/examples_rclpy_pointcloud_publisher/lib/python3.10/site-packages:${PYTHONPATH} /usr/bin/python3 setup.py egg_info --egg-base ../../../../../build/examples_rclpy_pointcloud_publisher build --build-base /home/wyatt/ros2_ws/build/examples_rclpy_pointcloud_publisher/build install --record /home/wyatt/ros2_ws/build/examples_rclpy_pointcloud_publisher/install.log --single-version-externally-managed
[3.177s] running egg_info
[3.178s] writing ../../../../../build/examples_rclpy_pointcloud_publisher/examples_rclpy_pointcloud_publisher.egg-info/PKG-INFO
[3.179s] writing dependency_links to ../../../../../build/examples_rclpy_pointcloud_publisher/examples_rclpy_pointcloud_publisher.egg-info/dependency_links.txt
[3.179s] writing entry points to ../../../../../build/examples_rclpy_pointcloud_publisher/examples_rclpy_pointcloud_publisher.egg-info/entry_points.txt
[3.179s] writing requirements to ../../../../../build/examples_rclpy_pointcloud_publisher/examples_rclpy_pointcloud_publisher.egg-info/requires.txt
[3.179s] writing top-level names to ../../../../../build/examples_rclpy_pointcloud_publisher/examples_rclpy_pointcloud_publisher.egg-info/top_level.txt
[3.181s] reading manifest file '../../../../../build/examples_rclpy_pointcloud_publisher/examples_rclpy_pointcloud_publisher.egg-info/SOURCES.txt'
[3.181s] writing manifest file '../../../../../build/examples_rclpy_pointcloud_publisher/examples_rclpy_pointcloud_publisher.egg-info/SOURCES.txt'
[3.182s] running build
[3.182s] running build_py
[3.182s] creating /home/wyatt/ros2_ws/build/examples_rclpy_pointcloud_publisher/build
[3.182s] creating /home/wyatt/ros2_ws/build/examples_rclpy_pointcloud_publisher/build/lib
[3.182s] creating /home/wyatt/ros2_ws/build/examples_rclpy_pointcloud_publisher/build/lib/examples_rclpy_pointcloud_publisher
[3.182s] copying examples_rclpy_pointcloud_publisher/pointcloud_publisher.py -> /home/wyatt/ros2_ws/build/examples_rclpy_pointcloud_publisher/build/lib/examples_rclpy_pointcloud_publisher
[3.182s] copying examples_rclpy_pointcloud_publisher/__init__.py -> /home/wyatt/ros2_ws/build/examples_rclpy_pointcloud_publisher/build/lib/examples_rclpy_pointcloud_publisher
[3.182s] running install
[3.183s] running install_lib
[3.184s] creating /home/wyatt/ros2_ws/install/examples_rclpy_pointcloud_publisher/lib/python3.10/site-packages/examples_rclpy_pointcloud_publisher
[3.184s] copying /home/wyatt/ros2_ws/build/examples_rclpy_pointcloud_publisher/build/lib/examples_rclpy_pointcloud_publisher/pointcloud_publisher.py -> /home/wyatt/ros2_ws/install/examples_rclpy_pointcloud_publisher/lib/python3.10/site-packages/examples_rclpy_pointcloud_publisher
[3.184s] copying /home/wyatt/ros2_ws/build/examples_rclpy_pointcloud_publisher/build/lib/examples_rclpy_pointcloud_publisher/__init__.py -> /home/wyatt/ros2_ws/install/examples_rclpy_pointcloud_publisher/lib/python3.10/site-packages/examples_rclpy_pointcloud_publisher
[3.185s] byte-compiling /home/wyatt/ros2_ws/install/examples_rclpy_pointcloud_publisher/lib/python3.10/site-packages/examples_rclpy_pointcloud_publisher/pointcloud_publisher.py to pointcloud_publisher.cpython-310.pyc
[3.185s] byte-compiling /home/wyatt/ros2_ws/install/examples_rclpy_pointcloud_publisher/lib/python3.10/site-packages/examples_rclpy_pointcloud_publisher/__init__.py to __init__.cpython-310.pyc
[3.185s] running install_data
[3.186s] running install_egg_info
[3.189s] Copying ../../../../../build/examples_rclpy_pointcloud_publisher/examples_rclpy_pointcloud_publisher.egg-info to /home/wyatt/ros2_ws/install/examples_rclpy_pointcloud_publisher/lib/python3.10/site-packages/examples_rclpy_pointcloud_publisher-0.15.1-py3.10.egg-info
[3.190s] running install_scripts
[3.209s] Installing pointcloud_publisher script to /home/wyatt/ros2_ws/install/examples_rclpy_pointcloud_publisher/lib/examples_rclpy_pointcloud_publisher
[3.209s] writing list of installed files to '/home/wyatt/ros2_ws/build/examples_rclpy_pointcloud_publisher/install.log'
[3.269s] Invoked command in '/home/wyatt/ros2_ws/src/examples/rclpy/topics/pointcloud_publisher' returned '0': PYTHONPATH=/home/wyatt/ros2_ws/build/examples_rclpy_pointcloud_publisher/prefix_override:/home/wyatt/ros2_ws/install/examples_rclpy_pointcloud_publisher/lib/python3.10/site-packages:${PYTHONPATH} /usr/bin/python3 setup.py egg_info --egg-base ../../../../../build/examples_rclpy_pointcloud_publisher build --build-base /home/wyatt/ros2_ws/build/examples_rclpy_pointcloud_publisher/build install --record /home/wyatt/ros2_ws/build/examples_rclpy_pointcloud_publisher/install.log --single-version-externally-managed
