[0.595s] Invoking command in '/home/wyatt/ros2_ws/src/my_package': PYTHONPATH=/home/wyatt/ros2_ws/build/my_package/prefix_override:/home/wyatt/ros2_ws/install/my_package/lib/python3.10/site-packages:${PYTHONPATH} /usr/bin/python3 setup.py egg_info --egg-base ../../build/my_package build --build-base /home/wyatt/ros2_ws/build/my_package/build install --record /home/wyatt/ros2_ws/build/my_package/install.log --single-version-externally-managed
[0.801s] running egg_info
[0.802s] creating ../../build/my_package/my_package.egg-info
[0.802s] writing ../../build/my_package/my_package.egg-info/PKG-INFO
[0.802s] writing dependency_links to ../../build/my_package/my_package.egg-info/dependency_links.txt
[0.802s] writing entry points to ../../build/my_package/my_package.egg-info/entry_points.txt
[0.802s] writing requirements to ../../build/my_package/my_package.egg-info/requires.txt
[0.802s] writing top-level names to ../../build/my_package/my_package.egg-info/top_level.txt
[0.802s] writing manifest file '../../build/my_package/my_package.egg-info/SOURCES.txt'
[0.803s] reading manifest file '../../build/my_package/my_package.egg-info/SOURCES.txt'
[0.804s] writing manifest file '../../build/my_package/my_package.egg-info/SOURCES.txt'
[0.804s] running build
[0.804s] running build_py
[0.804s] creating /home/wyatt/ros2_ws/build/my_package/build
[0.804s] creating /home/wyatt/ros2_ws/build/my_package/build/lib
[0.804s] creating /home/wyatt/ros2_ws/build/my_package/build/lib/my_package
[0.804s] copying my_package/__init__.py -> /home/wyatt/ros2_ws/build/my_package/build/lib/my_package
[0.804s] copying my_package/my_node.py -> /home/wyatt/ros2_ws/build/my_package/build/lib/my_package
[0.804s] running install
[0.804s] running install_lib
[0.805s] creating /home/wyatt/ros2_ws/install/my_package/lib/python3.10/site-packages/my_package
[0.805s] copying /home/wyatt/ros2_ws/build/my_package/build/lib/my_package/__init__.py -> /home/wyatt/ros2_ws/install/my_package/lib/python3.10/site-packages/my_package
[0.805s] copying /home/wyatt/ros2_ws/build/my_package/build/lib/my_package/my_node.py -> /home/wyatt/ros2_ws/install/my_package/lib/python3.10/site-packages/my_package
[0.805s] byte-compiling /home/wyatt/ros2_ws/install/my_package/lib/python3.10/site-packages/my_package/__init__.py to __init__.cpython-310.pyc
[0.806s] byte-compiling /home/wyatt/ros2_ws/install/my_package/lib/python3.10/site-packages/my_package/my_node.py to my_node.cpython-310.pyc
[0.806s] running install_data
[0.806s] creating /home/wyatt/ros2_ws/install/my_package/share/ament_index
[0.806s] creating /home/wyatt/ros2_ws/install/my_package/share/ament_index/resource_index
[0.806s] creating /home/wyatt/ros2_ws/install/my_package/share/ament_index/resource_index/packages
[0.806s] copying resource/my_package -> /home/wyatt/ros2_ws/install/my_package/share/ament_index/resource_index/packages
[0.806s] copying package.xml -> /home/wyatt/ros2_ws/install/my_package/share/my_package
[0.806s] running install_egg_info
[0.808s] Copying ../../build/my_package/my_package.egg-info to /home/wyatt/ros2_ws/install/my_package/lib/python3.10/site-packages/my_package-0.0.0-py3.10.egg-info
[0.808s] running install_scripts
[0.824s] Installing my_node script to /home/wyatt/ros2_ws/install/my_package/lib/my_package
[0.824s] writing list of installed files to '/home/wyatt/ros2_ws/build/my_package/install.log'
[0.841s] Invoked command in '/home/wyatt/ros2_ws/src/my_package' returned '0': PYTHONPATH=/home/wyatt/ros2_ws/build/my_package/prefix_override:/home/wyatt/ros2_ws/install/my_package/lib/python3.10/site-packages:${PYTHONPATH} /usr/bin/python3 setup.py egg_info --egg-base ../../build/my_package build --build-base /home/wyatt/ros2_ws/build/my_package/build install --record /home/wyatt/ros2_ws/build/my_package/install.log --single-version-externally-managed
