[0.194s] Invoking command in '/home/wyatt/ros2_ws/src/build/examples_rclcpp_minimal_timer': CMAKE_PREFIX_PATH=${CMAKE_PREFIX_PATH}:/home/wyatt/ros2_ws/install/launch_testing_examples:/home/wyatt/ros2_ws/install/examples_rclpy_pointcloud_publisher:/home/wyatt/ros2_ws/install/examples_rclpy_minimal_subscriber:/home/wyatt/ros2_ws/install/examples_rclpy_minimal_service:/home/wyatt/ros2_ws/install/examples_rclpy_minimal_publisher:/home/wyatt/ros2_ws/install/examples_rclpy_minimal_client:/home/wyatt/ros2_ws/install/examples_rclpy_minimal_action_server:/home/wyatt/ros2_ws/install/examples_rclpy_minimal_action_client:/home/wyatt/ros2_ws/install/examples_rclpy_guard_conditions:/home/wyatt/ros2_ws/install/examples_rclpy_executors:/opt/ros/humble /usr/bin/cmake --build /home/wyatt/ros2_ws/src/build/examples_rclcpp_minimal_timer -- -j12 -l12
[0.294s] [35m[1mConsolidate compiler generated dependencies of target timer_lambda[0m
[0.295s] [ 50%] Built target timer_lambda
[0.296s] [35m[1mConsolidate compiler generated dependencies of target timer_member_function[0m
[0.314s] [100%] Built target timer_member_function
[0.342s] Invoked command in '/home/wyatt/ros2_ws/src/build/examples_rclcpp_minimal_timer' returned '0': CMAKE_PREFIX_PATH=${CMAKE_PREFIX_PATH}:/home/wyatt/ros2_ws/install/launch_testing_examples:/home/wyatt/ros2_ws/install/examples_rclpy_pointcloud_publisher:/home/wyatt/ros2_ws/install/examples_rclpy_minimal_subscriber:/home/wyatt/ros2_ws/install/examples_rclpy_minimal_service:/home/wyatt/ros2_ws/install/examples_rclpy_minimal_publisher:/home/wyatt/ros2_ws/install/examples_rclpy_minimal_client:/home/wyatt/ros2_ws/install/examples_rclpy_minimal_action_server:/home/wyatt/ros2_ws/install/examples_rclpy_minimal_action_client:/home/wyatt/ros2_ws/install/examples_rclpy_guard_conditions:/home/wyatt/ros2_ws/install/examples_rclpy_executors:/opt/ros/humble /usr/bin/cmake --build /home/wyatt/ros2_ws/src/build/examples_rclcpp_minimal_timer -- -j12 -l12
[0.509s] Invoking command in '/home/wyatt/ros2_ws/src/build/examples_rclcpp_minimal_timer': CMAKE_PREFIX_PATH=${CMAKE_PREFIX_PATH}:/home/wyatt/ros2_ws/install/launch_testing_examples:/home/wyatt/ros2_ws/install/examples_rclpy_pointcloud_publisher:/home/wyatt/ros2_ws/install/examples_rclpy_minimal_subscriber:/home/wyatt/ros2_ws/install/examples_rclpy_minimal_service:/home/wyatt/ros2_ws/install/examples_rclpy_minimal_publisher:/home/wyatt/ros2_ws/install/examples_rclpy_minimal_client:/home/wyatt/ros2_ws/install/examples_rclpy_minimal_action_server:/home/wyatt/ros2_ws/install/examples_rclpy_minimal_action_client:/home/wyatt/ros2_ws/install/examples_rclpy_guard_conditions:/home/wyatt/ros2_ws/install/examples_rclpy_executors:/opt/ros/humble /usr/bin/cmake --install /home/wyatt/ros2_ws/src/build/examples_rclcpp_minimal_timer
[0.650s] -- Install configuration: ""
[0.650s] -- Up-to-date: /home/wyatt/ros2_ws/src/install/examples_rclcpp_minimal_timer/lib/examples_rclcpp_minimal_timer/timer_lambda
[0.650s] -- Up-to-date: /home/wyatt/ros2_ws/src/install/examples_rclcpp_minimal_timer/lib/examples_rclcpp_minimal_timer/timer_member_function
[0.651s] -- Up-to-date: /home/wyatt/ros2_ws/src/install/examples_rclcpp_minimal_timer/share/ament_index/resource_index/package_run_dependencies/examples_rclcpp_minimal_timer
[0.651s] -- Up-to-date: /home/wyatt/ros2_ws/src/install/examples_rclcpp_minimal_timer/share/ament_index/resource_index/parent_prefix_path/examples_rclcpp_minimal_timer
[0.651s] -- Up-to-date: /home/wyatt/ros2_ws/src/install/examples_rclcpp_minimal_timer/share/examples_rclcpp_minimal_timer/environment/ament_prefix_path.sh
[0.651s] -- Up-to-date: /home/wyatt/ros2_ws/src/install/examples_rclcpp_minimal_timer/share/examples_rclcpp_minimal_timer/environment/ament_prefix_path.dsv
[0.651s] -- Up-to-date: /home/wyatt/ros2_ws/src/install/examples_rclcpp_minimal_timer/share/examples_rclcpp_minimal_timer/environment/path.sh
[0.652s] -- Up-to-date: /home/wyatt/ros2_ws/src/install/examples_rclcpp_minimal_timer/share/examples_rclcpp_minimal_timer/environment/path.dsv
[0.652s] -- Up-to-date: /home/wyatt/ros2_ws/src/install/examples_rclcpp_minimal_timer/share/examples_rclcpp_minimal_timer/local_setup.bash
[0.652s] -- Up-to-date: /home/wyatt/ros2_ws/src/install/examples_rclcpp_minimal_timer/share/examples_rclcpp_minimal_timer/local_setup.sh
[0.652s] -- Up-to-date: /home/wyatt/ros2_ws/src/install/examples_rclcpp_minimal_timer/share/examples_rclcpp_minimal_timer/local_setup.zsh
[0.653s] -- Up-to-date: /home/wyatt/ros2_ws/src/install/examples_rclcpp_minimal_timer/share/examples_rclcpp_minimal_timer/local_setup.dsv
[0.653s] -- Up-to-date: /home/wyatt/ros2_ws/src/install/examples_rclcpp_minimal_timer/share/examples_rclcpp_minimal_timer/package.dsv
[0.653s] -- Up-to-date: /home/wyatt/ros2_ws/src/install/examples_rclcpp_minimal_timer/share/ament_index/resource_index/packages/examples_rclcpp_minimal_timer
[0.653s] -- Up-to-date: /home/wyatt/ros2_ws/src/install/examples_rclcpp_minimal_timer/share/examples_rclcpp_minimal_timer/cmake/examples_rclcpp_minimal_timerConfig.cmake
[0.653s] -- Up-to-date: /home/wyatt/ros2_ws/src/install/examples_rclcpp_minimal_timer/share/examples_rclcpp_minimal_timer/cmake/examples_rclcpp_minimal_timerConfig-version.cmake
[0.654s] -- Up-to-date: /home/wyatt/ros2_ws/src/install/examples_rclcpp_minimal_timer/share/examples_rclcpp_minimal_timer/package.xml
[0.813s] Invoked command in '/home/wyatt/ros2_ws/src/build/examples_rclcpp_minimal_timer' returned '0': CMAKE_PREFIX_PATH=${CMAKE_PREFIX_PATH}:/home/wyatt/ros2_ws/install/launch_testing_examples:/home/wyatt/ros2_ws/install/examples_rclpy_pointcloud_publisher:/home/wyatt/ros2_ws/install/examples_rclpy_minimal_subscriber:/home/wyatt/ros2_ws/install/examples_rclpy_minimal_service:/home/wyatt/ros2_ws/install/examples_rclpy_minimal_publisher:/home/wyatt/ros2_ws/install/examples_rclpy_minimal_client:/home/wyatt/ros2_ws/install/examples_rclpy_minimal_action_server:/home/wyatt/ros2_ws/install/examples_rclpy_minimal_action_client:/home/wyatt/ros2_ws/install/examples_rclpy_guard_conditions:/home/wyatt/ros2_ws/install/examples_rclpy_executors:/opt/ros/humble /usr/bin/cmake --install /home/wyatt/ros2_ws/src/build/examples_rclcpp_minimal_timer
