[3.260s] Invoking command in '/home/wyatt/ros2_ws/src/examples/rclpy/topics/pointcloud_publisher': PYTHONPATH=/home/wyatt/ros2_ws/build/examples_rclpy_pointcloud_publisher/prefix_override:/home/wyatt/ros2_ws/install/examples_rclpy_pointcloud_publisher/lib/python3.10/site-packages:${PYTHONPATH} /usr/bin/python3 setup.py egg_info --egg-base ../../../../../build/examples_rclpy_pointcloud_publisher build --build-base /home/wyatt/ros2_ws/build/examples_rclpy_pointcloud_publisher/build install --record /home/wyatt/ros2_ws/build/examples_rclpy_pointcloud_publisher/install.log --single-version-externally-managed
[3.650s] running egg_info
[3.653s] writing ../../../../../build/examples_rclpy_pointcloud_publisher/examples_rclpy_pointcloud_publisher.egg-info/PKG-INFO
[3.653s] writing dependency_links to ../../../../../build/examples_rclpy_pointcloud_publisher/examples_rclpy_pointcloud_publisher.egg-info/dependency_links.txt
[3.653s] writing entry points to ../../../../../build/examples_rclpy_pointcloud_publisher/examples_rclpy_pointcloud_publisher.egg-info/entry_points.txt
[3.653s] writing requirements to ../../../../../build/examples_rclpy_pointcloud_publisher/examples_rclpy_pointcloud_publisher.egg-info/requires.txt
[3.654s] writing top-level names to ../../../../../build/examples_rclpy_pointcloud_publisher/examples_rclpy_pointcloud_publisher.egg-info/top_level.txt
[3.656s] reading manifest file '../../../../../build/examples_rclpy_pointcloud_publisher/examples_rclpy_pointcloud_publisher.egg-info/SOURCES.txt'
[3.657s] writing manifest file '../../../../../build/examples_rclpy_pointcloud_publisher/examples_rclpy_pointcloud_publisher.egg-info/SOURCES.txt'
[3.657s] running build
[3.658s] running build_py
[3.659s] running install
[3.660s] running install_lib
[3.661s] running install_data
[3.661s] running install_egg_info
[3.663s] removing '/home/wyatt/ros2_ws/install/examples_rclpy_pointcloud_publisher/lib/python3.10/site-packages/examples_rclpy_pointcloud_publisher-0.15.1-py3.10.egg-info' (and everything under it)
[3.663s] Copying ../../../../../build/examples_rclpy_pointcloud_publisher/examples_rclpy_pointcloud_publisher.egg-info to /home/wyatt/ros2_ws/install/examples_rclpy_pointcloud_publisher/lib/python3.10/site-packages/examples_rclpy_pointcloud_publisher-0.15.1-py3.10.egg-info
[3.664s] running install_scripts
[3.692s] Installing pointcloud_publisher script to /home/wyatt/ros2_ws/install/examples_rclpy_pointcloud_publisher/lib/examples_rclpy_pointcloud_publisher
[3.692s] writing list of installed files to '/home/wyatt/ros2_ws/build/examples_rclpy_pointcloud_publisher/install.log'
[3.981s] Invoked command in '/home/wyatt/ros2_ws/src/examples/rclpy/topics/pointcloud_publisher' returned '0': PYTHONPATH=/home/wyatt/ros2_ws/build/examples_rclpy_pointcloud_publisher/prefix_override:/home/wyatt/ros2_ws/install/examples_rclpy_pointcloud_publisher/lib/python3.10/site-packages:${PYTHONPATH} /usr/bin/python3 setup.py egg_info --egg-base ../../../../../build/examples_rclpy_pointcloud_publisher build --build-base /home/wyatt/ros2_ws/build/examples_rclpy_pointcloud_publisher/build install --record /home/wyatt/ros2_ws/build/examples_rclpy_pointcloud_publisher/install.log --single-version-externally-managed
