[3.883s] Invoking command in '/home/wyatt/ros2_ws/build/examples_rclpy_minimal_service': PYTHONPATH=/home/wyatt/ros2_ws/build/examples_rclpy_minimal_service/prefix_override:/home/wyatt/ros2_ws/install/examples_rclpy_minimal_service/lib/python3.10/site-packages:${PYTHONPATH} /usr/bin/python3 setup.py develop --editable --build-directory /home/wyatt/ros2_ws/build/examples_rclpy_minimal_service/build --no-deps install_data
[4.858s] running develop
[4.859s] running egg_info
[4.859s] creating examples_rclpy_minimal_service.egg-info
[4.859s] writing examples_rclpy_minimal_service.egg-info/PKG-INFO
[4.859s] writing dependency_links to examples_rclpy_minimal_service.egg-info/dependency_links.txt
[4.859s] writing entry points to examples_rclpy_minimal_service.egg-info/entry_points.txt
[4.860s] writing requirements to examples_rclpy_minimal_service.egg-info/requires.txt
[4.860s] writing top-level names to examples_rclpy_minimal_service.egg-info/top_level.txt
[4.860s] writing manifest file 'examples_rclpy_minimal_service.egg-info/SOURCES.txt'
[4.860s] reading manifest file 'examples_rclpy_minimal_service.egg-info/SOURCES.txt'
[4.860s] writing manifest file 'examples_rclpy_minimal_service.egg-info/SOURCES.txt'
[4.860s] running build_ext
[4.861s] Creating /home/wyatt/ros2_ws/install/examples_rclpy_minimal_service/lib/python3.10/site-packages/examples-rclpy-minimal-service.egg-link (link to .)
[4.861s] Installing service script to /home/wyatt/ros2_ws/install/examples_rclpy_minimal_service/lib/examples_rclpy_minimal_service
[4.861s] Installing service_member_function script to /home/wyatt/ros2_ws/install/examples_rclpy_minimal_service/lib/examples_rclpy_minimal_service
[4.861s] 
[4.861s] Installed /home/wyatt/ros2_ws/build/examples_rclpy_minimal_service
[4.861s] running install_data
[4.861s] creating /home/wyatt/ros2_ws/install/examples_rclpy_minimal_service/share/ament_index
[4.862s] creating /home/wyatt/ros2_ws/install/examples_rclpy_minimal_service/share/ament_index/resource_index
[4.862s] creating /home/wyatt/ros2_ws/install/examples_rclpy_minimal_service/share/ament_index/resource_index/packages
[4.862s] copying resource/examples_rclpy_minimal_service -> /home/wyatt/ros2_ws/install/examples_rclpy_minimal_service/share/ament_index/resource_index/packages
[4.862s] copying package.xml -> /home/wyatt/ros2_ws/install/examples_rclpy_minimal_service/share/examples_rclpy_minimal_service
[5.176s] Invoked command in '/home/wyatt/ros2_ws/build/examples_rclpy_minimal_service' returned '0': PYTHONPATH=/home/wyatt/ros2_ws/build/examples_rclpy_minimal_service/prefix_override:/home/wyatt/ros2_ws/install/examples_rclpy_minimal_service/lib/python3.10/site-packages:${PYTHONPATH} /usr/bin/python3 setup.py develop --editable --build-directory /home/wyatt/ros2_ws/build/examples_rclpy_minimal_service/build --no-deps install_data
