[0.324s] Invoking command in '/home/wyatt/ros2_ws/build/examples_rclcpp_minimal_client': CMAKE_PREFIX_PATH=/opt/ros/humble /usr/bin/cmake /home/wyatt/ros2_ws/src/examples/rclcpp/services/minimal_client -DAMENT_CMAKE_SYMLINK_INSTALL=1 -DCMAKE_INSTALL_PREFIX=/home/wyatt/ros2_ws/install/examples_rclcpp_minimal_client
[0.474s] -- The C compiler identification is GNU 11.4.0
[0.611s] -- The CXX compiler identification is GNU 11.4.0
[0.620s] -- Detecting C compiler ABI info
[0.733s] -- Detecting C compiler ABI info - done
[0.744s] -- Check for working C compiler: /usr/bin/cc - skipped
[0.744s] -- Detecting C compile features
[0.746s] -- Detecting C compile features - done
[0.751s] -- Detecting CXX compiler ABI info
[0.885s] -- Detecting CXX compiler ABI info - done
[0.899s] -- Check for working CXX compiler: /usr/bin/c++ - skipped
[0.899s] -- Detecting CXX compile features
[0.900s] -- Detecting CXX compile features - done
[0.903s] -- Found ament_cmake: 1.3.5 (/opt/ros/humble/share/ament_cmake/cmake)
[1.152s] -- Found Python3: /usr/bin/python3.10 (found version "3.10.12") found components: Interpreter 
[1.253s] -- Override CMake install command with custom implementation using symlinks instead of copying resources
[1.286s] -- Found example_interfaces: 0.9.3 (/opt/ros/humble/share/example_interfaces/cmake)
[1.340s] -- Found rosidl_generator_c: 3.1.5 (/opt/ros/humble/share/rosidl_generator_c/cmake)
[1.347s] -- Found rosidl_adapter: 3.1.5 (/opt/ros/humble/share/rosidl_adapter/cmake)
[1.361s] -- Found rosidl_generator_cpp: 3.1.5 (/opt/ros/humble/share/rosidl_generator_cpp/cmake)
[1.383s] -- Using all available rosidl_typesupport_c: rosidl_typesupport_fastrtps_c;rosidl_typesupport_introspection_c
[1.412s] -- Using all available rosidl_typesupport_cpp: rosidl_typesupport_fastrtps_cpp;rosidl_typesupport_introspection_cpp
[1.681s] -- Found rclcpp: 16.0.6 (/opt/ros/humble/share/rclcpp/cmake)
[1.776s] -- Found rmw_implementation_cmake: 6.1.1 (/opt/ros/humble/share/rmw_implementation_cmake/cmake)
[1.779s] -- Found rmw_fastrtps_cpp: 6.2.4 (/opt/ros/humble/share/rmw_fastrtps_cpp/cmake)
[1.934s] -- Found OpenSSL: /usr/lib/x86_64-linux-gnu/libcrypto.so (found version "3.0.2")  
[1.974s] -- Found FastRTPS: /opt/ros/humble/include  
[2.034s] -- Using RMW implementation 'rmw_fastrtps_cpp' as default
[2.046s] -- Looking for pthread.h
[2.139s] -- Looking for pthread.h - found
[2.140s] -- Performing Test CMAKE_HAVE_LIBC_PTHREAD
[2.230s] -- Performing Test CMAKE_HAVE_LIBC_PTHREAD - Success
[2.231s] -- Found Threads: TRUE  
[2.498s] -- Found ament_lint_auto: 0.12.8 (/opt/ros/humble/share/ament_lint_auto/cmake)
[2.702s] -- Added test 'copyright' to check source files copyright and LICENSE
[2.715s] -- Added test 'cppcheck' to perform static code analysis on C / C++ code
[2.716s] -- Configured cppcheck include dirs: 
[2.716s] -- Configured cppcheck exclude dirs and/or files: 
[2.717s] -- Added test 'cpplint' to check C / C++ code against the Google style
[2.717s] -- Configured cpplint exclude dirs and/or files: 
[2.719s] -- Added test 'lint_cmake' to check CMake code style
[2.721s] -- Added test 'uncrustify' to check C / C++ code style
[2.721s] -- Configured uncrustify additional arguments: 
[2.723s] -- Added test 'xmllint' to check XML markup files
[2.726s] -- Configuring done
[2.766s] -- Generating done
[2.768s] -- Build files have been written to: /home/wyatt/ros2_ws/build/examples_rclcpp_minimal_client
[2.813s] Invoked command in '/home/wyatt/ros2_ws/build/examples_rclcpp_minimal_client' returned '0': CMAKE_PREFIX_PATH=/opt/ros/humble /usr/bin/cmake /home/wyatt/ros2_ws/src/examples/rclcpp/services/minimal_client -DAMENT_CMAKE_SYMLINK_INSTALL=1 -DCMAKE_INSTALL_PREFIX=/home/wyatt/ros2_ws/install/examples_rclcpp_minimal_client
[2.814s] Invoking command in '/home/wyatt/ros2_ws/build/examples_rclcpp_minimal_client': CMAKE_PREFIX_PATH=/opt/ros/humble /usr/bin/cmake --build /home/wyatt/ros2_ws/build/examples_rclcpp_minimal_client -- -j12 -l12
[3.069s] [ 50%] [32mBuilding CXX object CMakeFiles/client_main.dir/main.cpp.o[0m
[64.865s] [100%] [32m[1mLinking CXX executable client_main[0m
[65.548s] [100%] Built target client_main
