[1.123s] Invoking command in '/home/wyatt/ros2_ws/src/build/turtlesim': CMAKE_PREFIX_PATH=${CMAKE_PREFIX_PATH}:/home/wyatt/ros2_ws/install/launch_testing_examples:/home/wyatt/ros2_ws/install/examples_rclpy_pointcloud_publisher:/home/wyatt/ros2_ws/install/examples_rclpy_minimal_subscriber:/home/wyatt/ros2_ws/install/examples_rclpy_minimal_service:/home/wyatt/ros2_ws/install/examples_rclpy_minimal_publisher:/home/wyatt/ros2_ws/install/examples_rclpy_minimal_client:/home/wyatt/ros2_ws/install/examples_rclpy_minimal_action_server:/home/wyatt/ros2_ws/install/examples_rclpy_minimal_action_client:/home/wyatt/ros2_ws/install/examples_rclpy_guard_conditions:/home/wyatt/ros2_ws/install/examples_rclpy_executors:/opt/ros/humble /usr/bin/cmake /home/wyatt/ros2_ws/src/ros_tutorials/turtlesim -DCMAKE_INSTALL_PREFIX=/home/wyatt/ros2_ws/src/install/turtlesim
[1.212s] -- The C compiler identification is GNU 11.4.0
[1.274s] -- The CXX compiler identification is GNU 11.4.0
[1.287s] -- Detecting C compiler ABI info
[1.354s] -- Detecting C compiler ABI info - done
[1.363s] -- Check for working C compiler: /usr/bin/cc - skipped
[1.363s] -- Detecting C compile features
[1.363s] -- Detecting C compile features - done
[1.367s] -- Detecting CXX compiler ABI info
[1.439s] -- Detecting CXX compiler ABI info - done
[1.447s] -- Check for working CXX compiler: /usr/bin/c++ - skipped
[1.447s] -- Detecting CXX compile features
[1.448s] -- Detecting CXX compile features - done
[1.455s] -- Found ament_cmake: 1.3.5 (/opt/ros/humble/share/ament_cmake/cmake)
[1.665s] -- Found Python3: /usr/bin/python3.10 (found version "3.10.12") found components: Interpreter 
[1.819s] -- Found ament_index_cpp: 1.4.0 (/opt/ros/humble/share/ament_index_cpp/cmake)
[1.825s] -- Found geometry_msgs: 4.2.3 (/opt/ros/humble/share/geometry_msgs/cmake)
[1.914s] -- Found rosidl_generator_c: 3.1.5 (/opt/ros/humble/share/rosidl_generator_c/cmake)
[1.928s] -- Found rosidl_adapter: 3.1.5 (/opt/ros/humble/share/rosidl_adapter/cmake)
[1.948s] -- Found rosidl_generator_cpp: 3.1.5 (/opt/ros/humble/share/rosidl_generator_cpp/cmake)
[1.982s] -- Using all available rosidl_typesupport_c: rosidl_typesupport_fastrtps_c;rosidl_typesupport_introspection_c
[2.036s] -- Using all available rosidl_typesupport_cpp: rosidl_typesupport_fastrtps_cpp;rosidl_typesupport_introspection_cpp
[2.285s] -- Found rclcpp: 16.0.6 (/opt/ros/humble/share/rclcpp/cmake)
[2.397s] -- Found rmw_implementation_cmake: 6.1.1 (/opt/ros/humble/share/rmw_implementation_cmake/cmake)
[2.403s] -- Found rmw_fastrtps_cpp: 6.2.4 (/opt/ros/humble/share/rmw_fastrtps_cpp/cmake)
[2.518s] -- Found OpenSSL: /usr/lib/x86_64-linux-gnu/libcrypto.so (found version "3.0.2")  
[2.549s] -- Found FastRTPS: /opt/ros/humble/include  
[2.599s] -- Using RMW implementation 'rmw_fastrtps_cpp' as default
[2.617s] -- Looking for pthread.h
[2.692s] -- Looking for pthread.h - found
[2.692s] -- Performing Test CMAKE_HAVE_LIBC_PTHREAD
[2.759s] -- Performing Test CMAKE_HAVE_LIBC_PTHREAD - Success
[2.760s] -- Found Threads: TRUE  
[2.905s] -- Found rclcpp_action: 16.0.6 (/opt/ros/humble/share/rclcpp_action/cmake)
[3.077s] -- Found rosidl_default_generators: 1.2.0 (/opt/ros/humble/share/rosidl_default_generators/cmake)
[3.101s] -- Found std_srvs: 4.2.3 (/opt/ros/humble/share/std_srvs/cmake)
[3.640s] -- Found ament_cmake_ros: 0.10.0 (/opt/ros/humble/share/ament_cmake_ros/cmake)
[4.129s] -- Using all available rosidl_typesupport_c: rosidl_typesupport_fastrtps_c;rosidl_typesupport_introspection_c
[4.330s] -- Using all available rosidl_typesupport_cpp: rosidl_typesupport_fastrtps_cpp;rosidl_typesupport_introspection_cpp
[4.368s] -- Found PythonInterp: /usr/bin/python3 (found suitable version "3.10.12", minimum required is "3.6") 
[4.374s] -- Found python_cmake_module: 0.10.0 (/opt/ros/humble/share/python_cmake_module/cmake)
[4.417s] -- Found PythonLibs: /usr/lib/x86_64-linux-gnu/libpython3.10.so (found suitable version "3.10.12", minimum required is "3.5") 
[4.418s] -- Using PYTHON_EXECUTABLE: /usr/bin/python3
[4.418s] -- Using PYTHON_INCLUDE_DIRS: /usr/include/python3.10
[4.418s] -- Using PYTHON_LIBRARIES: /usr/lib/x86_64-linux-gnu/libpython3.10.so
[4.451s] -- Found PythonExtra: .so  
[4.577s] -- Configuring done
[4.678s] -- Generating done
[4.683s] -- Build files have been written to: /home/wyatt/ros2_ws/src/build/turtlesim
[4.702s] Invoked command in '/home/wyatt/ros2_ws/src/build/turtlesim' returned '0': CMAKE_PREFIX_PATH=${CMAKE_PREFIX_PATH}:/home/wyatt/ros2_ws/install/launch_testing_examples:/home/wyatt/ros2_ws/install/examples_rclpy_pointcloud_publisher:/home/wyatt/ros2_ws/install/examples_rclpy_minimal_subscriber:/home/wyatt/ros2_ws/install/examples_rclpy_minimal_service:/home/wyatt/ros2_ws/install/examples_rclpy_minimal_publisher:/home/wyatt/ros2_ws/install/examples_rclpy_minimal_client:/home/wyatt/ros2_ws/install/examples_rclpy_minimal_action_server:/home/wyatt/ros2_ws/install/examples_rclpy_minimal_action_client:/home/wyatt/ros2_ws/install/examples_rclpy_guard_conditions:/home/wyatt/ros2_ws/install/examples_rclpy_executors:/opt/ros/humble /usr/bin/cmake /home/wyatt/ros2_ws/src/ros_tutorials/turtlesim -DCMAKE_INSTALL_PREFIX=/home/wyatt/ros2_ws/src/install/turtlesim
[4.704s] Invoking command in '/home/wyatt/ros2_ws/src/build/turtlesim': CMAKE_PREFIX_PATH=${CMAKE_PREFIX_PATH}:/home/wyatt/ros2_ws/install/launch_testing_examples:/home/wyatt/ros2_ws/install/examples_rclpy_pointcloud_publisher:/home/wyatt/ros2_ws/install/examples_rclpy_minimal_subscriber:/home/wyatt/ros2_ws/install/examples_rclpy_minimal_service:/home/wyatt/ros2_ws/install/examples_rclpy_minimal_publisher:/home/wyatt/ros2_ws/install/examples_rclpy_minimal_client:/home/wyatt/ros2_ws/install/examples_rclpy_minimal_action_server:/home/wyatt/ros2_ws/install/examples_rclpy_minimal_action_client:/home/wyatt/ros2_ws/install/examples_rclpy_guard_conditions:/home/wyatt/ros2_ws/install/examples_rclpy_executors:/opt/ros/humble /usr/bin/cmake --build /home/wyatt/ros2_ws/src/build/turtlesim -- -j12 -l12
[4.761s] [  1%] [34m[1mGenerating C code for ROS interfaces[0m
[4.775s] [  2%] [34m[1mGenerating C++ code for ROS interfaces[0m
[4.786s] [  2%] Built target ament_cmake_python_copy_turtlesim
[5.170s] running egg_info
[5.170s] creating turtlesim.egg-info
[5.171s] writing turtlesim.egg-info/PKG-INFO
[5.171s] writing dependency_links to turtlesim.egg-info/dependency_links.txt
[5.171s] writing top-level names to turtlesim.egg-info/top_level.txt
[5.171s] writing manifest file 'turtlesim.egg-info/SOURCES.txt'
[5.174s] reading manifest file 'turtlesim.egg-info/SOURCES.txt'
[5.175s] writing manifest file 'turtlesim.egg-info/SOURCES.txt'
[5.215s] [  2%] Built target ament_cmake_python_build_turtlesim_egg
[6.180s] [  5%] [32mBuilding C object CMakeFiles/turtlesim__rosidl_generator_c.dir/rosidl_generator_c/turtlesim/action/detail/rotate_absolute__functions.c.o[0m
[6.180s] [  5%] Built target turtlesim__cpp
[6.181s] [  5%] [32mBuilding C object CMakeFiles/turtlesim__rosidl_generator_c.dir/rosidl_generator_c/turtlesim/srv/detail/kill__functions.c.o[0m
[6.181s] [  5%] [32mBuilding C object CMakeFiles/turtlesim__rosidl_generator_c.dir/rosidl_generator_c/turtlesim/msg/detail/pose__functions.c.o[0m
[6.181s] [  6%] [32mBuilding C object CMakeFiles/turtlesim__rosidl_generator_c.dir/rosidl_generator_c/turtlesim/srv/detail/set_pen__functions.c.o[0m
[6.181s] [  7%] [32mBuilding C object CMakeFiles/turtlesim__rosidl_generator_c.dir/rosidl_generator_c/turtlesim/msg/detail/color__functions.c.o[0m
[6.195s] [  8%] [34m[1mGenerating C++ type support dispatch for ROS interfaces[0m
[6.196s] [  9%] [34m[1mGenerating C++ type support for eProsima Fast-RTPS[0m
[6.196s] [ 10%] [34m[1mGenerating C++ introspection for ROS interfaces[0m
[6.252s] [ 11%] [32mBuilding C object CMakeFiles/turtlesim__rosidl_generator_c.dir/rosidl_generator_c/turtlesim/srv/detail/teleport_relative__functions.c.o[0m
[6.266s] [ 12%] [32mBuilding C object CMakeFiles/turtlesim__rosidl_generator_c.dir/rosidl_generator_c/turtlesim/srv/detail/teleport_absolute__functions.c.o[0m
[6.288s] [ 13%] [32mBuilding C object CMakeFiles/turtlesim__rosidl_generator_c.dir/rosidl_generator_c/turtlesim/srv/detail/spawn__functions.c.o[0m
[6.371s] [ 14%] [32m[1mLinking C shared library libturtlesim__rosidl_generator_c.so[0m
[6.429s] [ 14%] Built target turtlesim__rosidl_generator_c
[6.443s] [ 16%] [34m[1mGenerating C introspection for ROS interfaces[0m
[6.443s] [ 16%] [34m[1mGenerating C type support for eProsima Fast-RTPS[0m
[7.012s] [ 17%] [32mBuilding CXX object CMakeFiles/turtlesim__rosidl_typesupport_cpp.dir/rosidl_typesupport_cpp/turtlesim/action/rotate_absolute__type_support.cpp.o[0m
[7.012s] [ 18%] [32mBuilding CXX object CMakeFiles/turtlesim__rosidl_typesupport_cpp.dir/rosidl_typesupport_cpp/turtlesim/msg/color__type_support.cpp.o[0m
[7.014s] [ 19%] [32mBuilding CXX object CMakeFiles/turtlesim__rosidl_typesupport_cpp.dir/rosidl_typesupport_cpp/turtlesim/msg/pose__type_support.cpp.o[0m
[7.023s] [ 20%] [32mBuilding CXX object CMakeFiles/turtlesim__rosidl_typesupport_cpp.dir/rosidl_typesupport_cpp/turtlesim/srv/kill__type_support.cpp.o[0m
[7.029s] [ 21%] [32mBuilding CXX object CMakeFiles/turtlesim__rosidl_typesupport_cpp.dir/rosidl_typesupport_cpp/turtlesim/srv/set_pen__type_support.cpp.o[0m
[7.231s] [ 22%] [32mBuilding CXX object CMakeFiles/turtlesim__rosidl_typesupport_fastrtps_cpp.dir/rosidl_typesupport_fastrtps_cpp/turtlesim/action/detail/dds_fastrtps/rotate_absolute__type_support.cpp.o[0m
[7.421s] [ 23%] [32mBuilding CXX object CMakeFiles/turtlesim__rosidl_typesupport_cpp.dir/rosidl_typesupport_cpp/turtlesim/srv/teleport_absolute__type_support.cpp.o[0m
[7.430s] [ 24%] [32mBuilding CXX object CMakeFiles/turtlesim__rosidl_typesupport_cpp.dir/rosidl_typesupport_cpp/turtlesim/srv/spawn__type_support.cpp.o[0m
[7.431s] [ 25%] [32mBuilding CXX object CMakeFiles/turtlesim__rosidl_typesupport_cpp.dir/rosidl_typesupport_cpp/turtlesim/srv/teleport_relative__type_support.cpp.o[0m
[7.441s] [ 26%] [32mBuilding CXX object CMakeFiles/turtlesim__rosidl_typesupport_fastrtps_cpp.dir/rosidl_typesupport_fastrtps_cpp/turtlesim/msg/detail/dds_fastrtps/color__type_support.cpp.o[0m
[7.443s] [ 27%] [32mBuilding CXX object CMakeFiles/turtlesim__rosidl_typesupport_fastrtps_cpp.dir/rosidl_typesupport_fastrtps_cpp/turtlesim/msg/detail/dds_fastrtps/pose__type_support.cpp.o[0m
[7.452s] [ 28%] [32mBuilding CXX object CMakeFiles/turtlesim__rosidl_typesupport_fastrtps_cpp.dir/rosidl_typesupport_fastrtps_cpp/turtlesim/srv/detail/dds_fastrtps/kill__type_support.cpp.o[0m
[7.455s] [ 29%] [32mBuilding CXX object CMakeFiles/turtlesim__rosidl_typesupport_introspection_cpp.dir/rosidl_typesupport_introspection_cpp/turtlesim/action/detail/rotate_absolute__type_support.cpp.o[0m
[7.738s] [ 30%] [32mBuilding CXX object CMakeFiles/turtlesim__rosidl_typesupport_introspection_cpp.dir/rosidl_typesupport_introspection_cpp/turtlesim/msg/detail/color__type_support.cpp.o[0m
[7.813s] [ 31%] [32mBuilding CXX object CMakeFiles/turtlesim__rosidl_typesupport_introspection_cpp.dir/rosidl_typesupport_introspection_cpp/turtlesim/msg/detail/pose__type_support.cpp.o[0m
[7.823s] [ 32%] [32mBuilding CXX object CMakeFiles/turtlesim__rosidl_typesupport_fastrtps_cpp.dir/rosidl_typesupport_fastrtps_cpp/turtlesim/srv/detail/dds_fastrtps/set_pen__type_support.cpp.o[0m
[7.829s] [ 33%] [32m[1mLinking CXX shared library libturtlesim__rosidl_typesupport_cpp.so[0m
[7.893s] [ 34%] [32mBuilding CXX object CMakeFiles/turtlesim__rosidl_typesupport_fastrtps_c.dir/rosidl_typesupport_fastrtps_c/turtlesim/action/detail/rotate_absolute__type_support_c.cpp.o[0m
[7.928s] [ 35%] [32mBuilding C object CMakeFiles/turtlesim__rosidl_typesupport_introspection_c.dir/rosidl_typesupport_introspection_c/turtlesim/action/detail/rotate_absolute__type_support.c.o[0m
[7.937s] [ 35%] Built target turtlesim__rosidl_typesupport_cpp
[7.951s] [ 36%] [32mBuilding CXX object CMakeFiles/turtlesim__rosidl_typesupport_fastrtps_c.dir/rosidl_typesupport_fastrtps_c/turtlesim/msg/detail/color__type_support_c.cpp.o[0m
[8.010s] [ 37%] [34m[1mGenerating C type support dispatch for ROS interfaces[0m
[8.010s] [ 38%] [32mBuilding C object CMakeFiles/turtlesim__rosidl_typesupport_introspection_c.dir/rosidl_typesupport_introspection_c/turtlesim/msg/detail/color__type_support.c.o[0m
[8.123s] [ 39%] [32mBuilding C object CMakeFiles/turtlesim__rosidl_typesupport_introspection_c.dir/rosidl_typesupport_introspection_c/turtlesim/msg/detail/pose__type_support.c.o[0m
[8.173s] [ 40%] [32mBuilding CXX object CMakeFiles/turtlesim__rosidl_typesupport_fastrtps_c.dir/rosidl_typesupport_fastrtps_c/turtlesim/msg/detail/pose__type_support_c.cpp.o[0m
[8.184s] [ 41%] [34m[1mGenerating include/turtlesim/moc_turtle_frame.cpp[0m
[8.216s] [ 42%] [32mBuilding C object CMakeFiles/turtlesim__rosidl_typesupport_introspection_c.dir/rosidl_typesupport_introspection_c/turtlesim/srv/detail/kill__type_support.c.o[0m
[8.265s] [ 43%] [32mBuilding CXX object CMakeFiles/turtle_teleop_key.dir/tutorials/teleop_turtle_key.cpp.o[0m
[8.279s] [ 44%] [32mBuilding C object CMakeFiles/turtlesim__rosidl_typesupport_introspection_c.dir/rosidl_typesupport_introspection_c/turtlesim/srv/detail/set_pen__type_support.c.o[0m
[8.348s] [ 45%] [32mBuilding CXX object CMakeFiles/turtlesim__rosidl_typesupport_introspection_cpp.dir/rosidl_typesupport_introspection_cpp/turtlesim/srv/detail/kill__type_support.cpp.o[0m
[8.364s] [ 46%] [32mBuilding C object CMakeFiles/turtlesim__rosidl_typesupport_introspection_c.dir/rosidl_typesupport_introspection_c/turtlesim/srv/detail/spawn__type_support.c.o[0m
[8.418s] [ 47%] [32mBuilding C object CMakeFiles/turtlesim__rosidl_typesupport_introspection_c.dir/rosidl_typesupport_introspection_c/turtlesim/srv/detail/teleport_absolute__type_support.c.o[0m
[8.425s] [ 48%] [32mBuilding CXX object CMakeFiles/turtlesim__rosidl_typesupport_introspection_cpp.dir/rosidl_typesupport_introspection_cpp/turtlesim/srv/detail/set_pen__type_support.cpp.o[0m
[8.427s] [ 49%] [32mBuilding CXX object CMakeFiles/turtlesim_node.dir/src/turtlesim.cpp.o[0m
[8.439s] [ 50%] [32mBuilding CXX object CMakeFiles/turtlesim__rosidl_typesupport_introspection_cpp.dir/rosidl_typesupport_introspection_cpp/turtlesim/srv/detail/spawn__type_support.cpp.o[0m
[8.451s] [ 51%] [32mBuilding CXX object CMakeFiles/turtlesim__rosidl_typesupport_introspection_cpp.dir/rosidl_typesupport_introspection_cpp/turtlesim/srv/detail/teleport_absolute__type_support.cpp.o[0m
[8.500s] [ 52%] [32mBuilding C object CMakeFiles/turtlesim__rosidl_typesupport_introspection_c.dir/rosidl_typesupport_introspection_c/turtlesim/srv/detail/teleport_relative__type_support.c.o[0m
[8.511s] [ 53%] [32mBuilding CXX object CMakeFiles/turtlesim_node.dir/src/turtle.cpp.o[0m
[8.543s] [ 54%] [32mBuilding CXX object CMakeFiles/turtlesim__rosidl_typesupport_fastrtps_cpp.dir/rosidl_typesupport_fastrtps_cpp/turtlesim/srv/detail/dds_fastrtps/spawn__type_support.cpp.o[0m
[8.619s] [ 55%] [32m[1mLinking C shared library libturtlesim__rosidl_typesupport_introspection_c.so[0m
[8.638s] [ 56%] [32mBuilding CXX object CMakeFiles/turtlesim__rosidl_typesupport_introspection_cpp.dir/rosidl_typesupport_introspection_cpp/turtlesim/srv/detail/teleport_relative__type_support.cpp.o[0m
[8.752s] [ 56%] Built target turtlesim__rosidl_typesupport_introspection_c
[8.767s] [ 57%] [32mBuilding CXX object CMakeFiles/turtlesim__rosidl_typesupport_fastrtps_c.dir/rosidl_typesupport_fastrtps_c/turtlesim/srv/detail/kill__type_support_c.cpp.o[0m
[8.847s] [ 58%] [32mBuilding CXX object CMakeFiles/turtlesim__rosidl_typesupport_fastrtps_cpp.dir/rosidl_typesupport_fastrtps_cpp/turtlesim/srv/detail/dds_fastrtps/teleport_absolute__type_support.cpp.o[0m
[8.939s] [ 59%] [32mBuilding CXX object CMakeFiles/turtlesim__rosidl_typesupport_fastrtps_cpp.dir/rosidl_typesupport_fastrtps_cpp/turtlesim/srv/detail/dds_fastrtps/teleport_relative__type_support.cpp.o[0m
[9.161s] [ 60%] [32mBuilding CXX object CMakeFiles/draw_square.dir/tutorials/draw_square.cpp.o[0m
[9.199s] [ 61%] [32mBuilding CXX object CMakeFiles/turtlesim_node.dir/src/turtle_frame.cpp.o[0m
[9.207s] [ 62%] [32mBuilding CXX object CMakeFiles/mimic.dir/tutorials/mimic.cpp.o[0m
[9.278s] [ 63%] [32mBuilding CXX object CMakeFiles/turtlesim__rosidl_typesupport_fastrtps_c.dir/rosidl_typesupport_fastrtps_c/turtlesim/srv/detail/set_pen__type_support_c.cpp.o[0m
[9.326s] [ 64%] [32mBuilding CXX object CMakeFiles/turtlesim__rosidl_typesupport_c.dir/rosidl_typesupport_c/turtlesim/action/rotate_absolute__type_support.cpp.o[0m
[9.338s] [ 65%] [32m[1mLinking CXX shared library libturtlesim__rosidl_typesupport_introspection_cpp.so[0m
[9.354s] [ 66%] [32mBuilding CXX object CMakeFiles/turtlesim_node.dir/include/turtlesim/moc_turtle_frame.cpp.o[0m
[9.507s] [ 67%] [32mBuilding CXX object CMakeFiles/turtlesim__rosidl_typesupport_c.dir/rosidl_typesupport_c/turtlesim/msg/color__type_support.cpp.o[0m
[9.544s] [ 68%] [32mBuilding CXX object CMakeFiles/turtlesim__rosidl_typesupport_fastrtps_c.dir/rosidl_typesupport_fastrtps_c/turtlesim/srv/detail/spawn__type_support_c.cpp.o[0m
[9.575s] [ 68%] Built target turtlesim__rosidl_typesupport_introspection_cpp
[9.632s] [ 69%] [32mBuilding CXX object CMakeFiles/turtlesim__rosidl_typesupport_c.dir/rosidl_typesupport_c/turtlesim/msg/pose__type_support.cpp.o[0m
[9.653s] [ 70%] [32mBuilding CXX object CMakeFiles/turtlesim__rosidl_typesupport_fastrtps_c.dir/rosidl_typesupport_fastrtps_c/turtlesim/srv/detail/teleport_absolute__type_support_c.cpp.o[0m
[9.679s] [ 71%] [32m[1mLinking CXX shared library libturtlesim__rosidl_typesupport_fastrtps_cpp.so[0m
[9.767s] [ 72%] [32mBuilding CXX object CMakeFiles/turtlesim__rosidl_typesupport_c.dir/rosidl_typesupport_c/turtlesim/srv/kill__type_support.cpp.o[0m
[9.848s] [ 73%] [32mBuilding CXX object CMakeFiles/turtlesim__rosidl_typesupport_c.dir/rosidl_typesupport_c/turtlesim/srv/set_pen__type_support.cpp.o[0m
[9.914s] [ 74%] [32mBuilding CXX object CMakeFiles/turtlesim__rosidl_typesupport_fastrtps_c.dir/rosidl_typesupport_fastrtps_c/turtlesim/srv/detail/teleport_relative__type_support_c.cpp.o[0m
[9.946s] [ 74%] Built target turtlesim__rosidl_typesupport_fastrtps_cpp
[9.990s] [ 75%] [32mBuilding CXX object CMakeFiles/turtlesim__rosidl_typesupport_c.dir/rosidl_typesupport_c/turtlesim/srv/spawn__type_support.cpp.o[0m
[10.002s] [ 76%] [32mBuilding CXX object CMakeFiles/turtlesim__rosidl_typesupport_c.dir/rosidl_typesupport_c/turtlesim/srv/teleport_absolute__type_support.cpp.o[0m
[10.096s] [ 77%] [32mBuilding CXX object CMakeFiles/turtlesim__rosidl_typesupport_c.dir/rosidl_typesupport_c/turtlesim/srv/teleport_relative__type_support.cpp.o[0m
[10.200s] [ 78%] [32m[1mLinking CXX shared library libturtlesim__rosidl_typesupport_c.so[0m
[10.262s] [ 78%] Built target turtlesim__rosidl_typesupport_c
[10.437s] [ 79%] [32m[1mLinking CXX shared library libturtlesim__rosidl_typesupport_fastrtps_c.so[0m
[10.578s] [ 79%] Built target turtlesim__rosidl_typesupport_fastrtps_c
[10.607s] [ 79%] Built target turtlesim
[10.637s] [ 80%] [34m[1mGenerating Python code for ROS interfaces[0m
[13.462s] [ 80%] Built target turtlesim__py
[13.492s] [ 81%] [32mBuilding C object CMakeFiles/turtlesim__rosidl_generator_py.dir/rosidl_generator_py/turtlesim/msg/_pose_s.c.o[0m
[13.497s] [ 82%] [32mBuilding C object CMakeFiles/turtlesim__rosidl_generator_py.dir/rosidl_generator_py/turtlesim/action/_rotate_absolute_s.c.o[0m
[13.505s] [ 83%] [32mBuilding C object CMakeFiles/turtlesim__rosidl_generator_py.dir/rosidl_generator_py/turtlesim/msg/_color_s.c.o[0m
[13.727s] [ 84%] [32mBuilding C object CMakeFiles/turtlesim__rosidl_generator_py.dir/rosidl_generator_py/turtlesim/srv/_set_pen_s.c.o[0m
[13.750s] [ 85%] [32mBuilding C object CMakeFiles/turtlesim__rosidl_generator_py.dir/rosidl_generator_py/turtlesim/srv/_kill_s.c.o[0m
[13.819s] [ 86%] [32mBuilding C object CMakeFiles/turtlesim__rosidl_generator_py.dir/rosidl_generator_py/turtlesim/srv/_teleport_absolute_s.c.o[0m
[13.885s] [ 87%] [32mBuilding C object CMakeFiles/turtlesim__rosidl_generator_py.dir/rosidl_generator_py/turtlesim/srv/_teleport_relative_s.c.o[0m
[13.964s] [ 88%] [32mBuilding C object CMakeFiles/turtlesim__rosidl_generator_py.dir/rosidl_generator_py/turtlesim/srv/_spawn_s.c.o[0m
[14.158s] [ 89%] [32m[1mLinking C shared library rosidl_generator_py/turtlesim/libturtlesim__rosidl_generator_py.so[0m
[14.222s] [ 89%] Built target turtlesim__rosidl_generator_py
[14.250s] [ 91%] [32mBuilding C object CMakeFiles/turtlesim__rosidl_typesupport_fastrtps_c__pyext.dir/rosidl_generator_py/turtlesim/_turtlesim_s.ep.rosidl_typesupport_fastrtps_c.c.o[0m
[14.250s] [ 91%] [32mBuilding C object CMakeFiles/turtlesim__rosidl_typesupport_introspection_c__pyext.dir/rosidl_generator_py/turtlesim/_turtlesim_s.ep.rosidl_typesupport_introspection_c.c.o[0m
[14.466s] [ 92%] [32m[1mLinking C shared library rosidl_generator_py/turtlesim/turtlesim_s__rosidl_typesupport_fastrtps_c.cpython-310-x86_64-linux-gnu.so[0m
[14.496s] [ 93%] [32m[1mLinking C shared library rosidl_generator_py/turtlesim/turtlesim_s__rosidl_typesupport_introspection_c.cpython-310-x86_64-linux-gnu.so[0m
[14.526s] [ 93%] Built target turtlesim__rosidl_typesupport_fastrtps_c__pyext
[14.556s] [ 94%] [32mBuilding C object CMakeFiles/turtlesim__rosidl_typesupport_c__pyext.dir/rosidl_generator_py/turtlesim/_turtlesim_s.ep.rosidl_typesupport_c.c.o[0m
[14.556s] [ 94%] Built target turtlesim__rosidl_typesupport_introspection_c__pyext
[14.747s] [ 95%] [32m[1mLinking C shared library rosidl_generator_py/turtlesim/turtlesim_s__rosidl_typesupport_c.cpython-310-x86_64-linux-gnu.so[0m
[14.788s] [ 95%] Built target turtlesim__rosidl_typesupport_c__pyext
[16.263s] [ 96%] [32m[1mLinking CXX executable turtle_teleop_key[0m
[16.544s] [ 96%] Built target turtle_teleop_key
[19.109s] [ 97%] [32m[1mLinking CXX executable mimic[0m
[19.467s] [ 97%] Built target mimic
[19.474s] [ 98%] [32m[1mLinking CXX executable draw_square[0m
[19.845s] [ 98%] Built target draw_square
[21.784s] [100%] [32m[1mLinking CXX executable turtlesim_node[0m
[23.404s] [100%] Built target turtlesim_node
[23.414s] Invoked command in '/home/wyatt/ros2_ws/src/build/turtlesim' returned '0': CMAKE_PREFIX_PATH=${CMAKE_PREFIX_PATH}:/home/wyatt/ros2_ws/install/launch_testing_examples:/home/wyatt/ros2_ws/install/examples_rclpy_pointcloud_publisher:/home/wyatt/ros2_ws/install/examples_rclpy_minimal_subscriber:/home/wyatt/ros2_ws/install/examples_rclpy_minimal_service:/home/wyatt/ros2_ws/install/examples_rclpy_minimal_publisher:/home/wyatt/ros2_ws/install/examples_rclpy_minimal_client:/home/wyatt/ros2_ws/install/examples_rclpy_minimal_action_server:/home/wyatt/ros2_ws/install/examples_rclpy_minimal_action_client:/home/wyatt/ros2_ws/install/examples_rclpy_guard_conditions:/home/wyatt/ros2_ws/install/examples_rclpy_executors:/opt/ros/humble /usr/bin/cmake --build /home/wyatt/ros2_ws/src/build/turtlesim -- -j12 -l12
[23.606s] Invoking command in '/home/wyatt/ros2_ws/src/build/turtlesim': CMAKE_PREFIX_PATH=${CMAKE_PREFIX_PATH}:/home/wyatt/ros2_ws/install/launch_testing_examples:/home/wyatt/ros2_ws/install/examples_rclpy_pointcloud_publisher:/home/wyatt/ros2_ws/install/examples_rclpy_minimal_subscriber:/home/wyatt/ros2_ws/install/examples_rclpy_minimal_service:/home/wyatt/ros2_ws/install/examples_rclpy_minimal_publisher:/home/wyatt/ros2_ws/install/examples_rclpy_minimal_client:/home/wyatt/ros2_ws/install/examples_rclpy_minimal_action_server:/home/wyatt/ros2_ws/install/examples_rclpy_minimal_action_client:/home/wyatt/ros2_ws/install/examples_rclpy_guard_conditions:/home/wyatt/ros2_ws/install/examples_rclpy_executors:/opt/ros/humble /usr/bin/cmake --install /home/wyatt/ros2_ws/src/build/turtlesim
[23.613s] -- Install configuration: ""
[23.613s] -- Installing: /home/wyatt/ros2_ws/src/install/turtlesim/share/ament_index/resource_index/rosidl_interfaces/turtlesim
[23.613s] -- Installing: /home/wyatt/ros2_ws/src/install/turtlesim/include/turtlesim/turtlesim
[23.613s] -- Installing: /home/wyatt/ros2_ws/src/install/turtlesim/include/turtlesim/turtlesim/srv
[23.613s] -- Installing: /home/wyatt/ros2_ws/src/install/turtlesim/include/turtlesim/turtlesim/srv/spawn.h
[23.613s] -- Installing: /home/wyatt/ros2_ws/src/install/turtlesim/include/turtlesim/turtlesim/srv/kill.h
[23.613s] -- Installing: /home/wyatt/ros2_ws/src/install/turtlesim/include/turtlesim/turtlesim/srv/teleport_absolute.h
[23.614s] -- Installing: /home/wyatt/ros2_ws/src/install/turtlesim/include/turtlesim/turtlesim/srv/detail
[23.614s] -- Installing: /home/wyatt/ros2_ws/src/install/turtlesim/include/turtlesim/turtlesim/srv/detail/teleport_relative__type_support.h
[23.614s] -- Installing: /home/wyatt/ros2_ws/src/install/turtlesim/include/turtlesim/turtlesim/srv/detail/teleport_absolute__type_support.h
[23.614s] -- Installing: /home/wyatt/ros2_ws/src/install/turtlesim/include/turtlesim/turtlesim/srv/detail/teleport_relative__functions.h
[23.614s] -- Installing: /home/wyatt/ros2_ws/src/install/turtlesim/include/turtlesim/turtlesim/srv/detail/spawn__type_support.h
[23.614s] -- Installing: /home/wyatt/ros2_ws/src/install/turtlesim/include/turtlesim/turtlesim/srv/detail/set_pen__type_support.h
[23.614s] -- Installing: /home/wyatt/ros2_ws/src/install/turtlesim/include/turtlesim/turtlesim/srv/detail/kill__type_support.h
[23.614s] -- Installing: /home/wyatt/ros2_ws/src/install/turtlesim/include/turtlesim/turtlesim/srv/detail/teleport_relative__functions.c
[23.614s] -- Installing: /home/wyatt/ros2_ws/src/install/turtlesim/include/turtlesim/turtlesim/srv/detail/spawn__struct.h
[23.614s] -- Installing: /home/wyatt/ros2_ws/src/install/turtlesim/include/turtlesim/turtlesim/srv/detail/teleport_absolute__functions.c
[23.614s] -- Installing: /home/wyatt/ros2_ws/src/install/turtlesim/include/turtlesim/turtlesim/srv/detail/kill__struct.h
[23.614s] -- Installing: /home/wyatt/ros2_ws/src/install/turtlesim/include/turtlesim/turtlesim/srv/detail/kill__functions.c
[23.615s] -- Installing: /home/wyatt/ros2_ws/src/install/turtlesim/include/turtlesim/turtlesim/srv/detail/set_pen__struct.h
[23.615s] -- Installing: /home/wyatt/ros2_ws/src/install/turtlesim/include/turtlesim/turtlesim/srv/detail/spawn__functions.h
[23.615s] -- Installing: /home/wyatt/ros2_ws/src/install/turtlesim/include/turtlesim/turtlesim/srv/detail/set_pen__functions.h
[23.615s] -- Installing: /home/wyatt/ros2_ws/src/install/turtlesim/include/turtlesim/turtlesim/srv/detail/spawn__functions.c
[23.615s] -- Installing: /home/wyatt/ros2_ws/src/install/turtlesim/include/turtlesim/turtlesim/srv/detail/teleport_absolute__functions.h
[23.615s] -- Installing: /home/wyatt/ros2_ws/src/install/turtlesim/include/turtlesim/turtlesim/srv/detail/teleport_absolute__struct.h
[23.615s] -- Installing: /home/wyatt/ros2_ws/src/install/turtlesim/include/turtlesim/turtlesim/srv/detail/kill__functions.h
[23.615s] -- Installing: /home/wyatt/ros2_ws/src/install/turtlesim/include/turtlesim/turtlesim/srv/detail/set_pen__functions.c
[23.615s] -- Installing: /home/wyatt/ros2_ws/src/install/turtlesim/include/turtlesim/turtlesim/srv/detail/teleport_relative__struct.h
[23.615s] -- Installing: /home/wyatt/ros2_ws/src/install/turtlesim/include/turtlesim/turtlesim/srv/teleport_relative.h
[23.616s] -- Installing: /home/wyatt/ros2_ws/src/install/turtlesim/include/turtlesim/turtlesim/srv/set_pen.h
[23.616s] -- Installing: /home/wyatt/ros2_ws/src/install/turtlesim/include/turtlesim/turtlesim/action
[23.616s] -- Installing: /home/wyatt/ros2_ws/src/install/turtlesim/include/turtlesim/turtlesim/action/rotate_absolute.h
[23.616s] -- Installing: /home/wyatt/ros2_ws/src/install/turtlesim/include/turtlesim/turtlesim/action/detail
[23.616s] -- Installing: /home/wyatt/ros2_ws/src/install/turtlesim/include/turtlesim/turtlesim/action/detail/rotate_absolute__type_support.h
[23.616s] -- Installing: /home/wyatt/ros2_ws/src/install/turtlesim/include/turtlesim/turtlesim/action/detail/rotate_absolute__functions.c
[23.616s] -- Installing: /home/wyatt/ros2_ws/src/install/turtlesim/include/turtlesim/turtlesim/action/detail/rotate_absolute__struct.h
[23.616s] -- Installing: /home/wyatt/ros2_ws/src/install/turtlesim/include/turtlesim/turtlesim/action/detail/rotate_absolute__functions.h
[23.616s] -- Installing: /home/wyatt/ros2_ws/src/install/turtlesim/include/turtlesim/turtlesim/msg
[23.616s] -- Installing: /home/wyatt/ros2_ws/src/install/turtlesim/include/turtlesim/turtlesim/msg/detail
[23.616s] -- Installing: /home/wyatt/ros2_ws/src/install/turtlesim/include/turtlesim/turtlesim/msg/detail/pose__type_support.h
[23.616s] -- Installing: /home/wyatt/ros2_ws/src/install/turtlesim/include/turtlesim/turtlesim/msg/detail/color__functions.h
[23.617s] -- Installing: /home/wyatt/ros2_ws/src/install/turtlesim/include/turtlesim/turtlesim/msg/detail/pose__struct.h
[23.617s] -- Installing: /home/wyatt/ros2_ws/src/install/turtlesim/include/turtlesim/turtlesim/msg/detail/pose__functions.h
[23.617s] -- Installing: /home/wyatt/ros2_ws/src/install/turtlesim/include/turtlesim/turtlesim/msg/detail/color__functions.c
[23.617s] -- Installing: /home/wyatt/ros2_ws/src/install/turtlesim/include/turtlesim/turtlesim/msg/detail/color__struct.h
[23.617s] -- Installing: /home/wyatt/ros2_ws/src/install/turtlesim/include/turtlesim/turtlesim/msg/detail/color__type_support.h
[23.617s] -- Installing: /home/wyatt/ros2_ws/src/install/turtlesim/include/turtlesim/turtlesim/msg/detail/pose__functions.c
[23.617s] -- Installing: /home/wyatt/ros2_ws/src/install/turtlesim/include/turtlesim/turtlesim/msg/color.h
[23.617s] -- Installing: /home/wyatt/ros2_ws/src/install/turtlesim/include/turtlesim/turtlesim/msg/rosidl_generator_c__visibility_control.h
[23.617s] -- Installing: /home/wyatt/ros2_ws/src/install/turtlesim/include/turtlesim/turtlesim/msg/pose.h
[23.617s] -- Installing: /home/wyatt/ros2_ws/src/install/turtlesim/share/turtlesim/environment/library_path.sh
[23.618s] -- Installing: /home/wyatt/ros2_ws/src/install/turtlesim/share/turtlesim/environment/library_path.dsv
[23.618s] -- Installing: /home/wyatt/ros2_ws/src/install/turtlesim/lib/libturtlesim__rosidl_generator_c.so
[23.618s] -- Set runtime path of "/home/wyatt/ros2_ws/src/install/turtlesim/lib/libturtlesim__rosidl_generator_c.so" to ""
[23.618s] -- Up-to-date: /home/wyatt/ros2_ws/src/install/turtlesim/include/turtlesim/turtlesim
[23.618s] -- Up-to-date: /home/wyatt/ros2_ws/src/install/turtlesim/include/turtlesim/turtlesim/srv
[23.618s] -- Up-to-date: /home/wyatt/ros2_ws/src/install/turtlesim/include/turtlesim/turtlesim/srv/detail
[23.618s] -- Installing: /home/wyatt/ros2_ws/src/install/turtlesim/include/turtlesim/turtlesim/srv/detail/teleport_absolute__rosidl_typesupport_fastrtps_c.h
[23.619s] -- Installing: /home/wyatt/ros2_ws/src/install/turtlesim/include/turtlesim/turtlesim/srv/detail/teleport_relative__rosidl_typesupport_fastrtps_c.h
[23.619s] -- Installing: /home/wyatt/ros2_ws/src/install/turtlesim/include/turtlesim/turtlesim/srv/detail/set_pen__rosidl_typesupport_fastrtps_c.h
[23.619s] -- Installing: /home/wyatt/ros2_ws/src/install/turtlesim/include/turtlesim/turtlesim/srv/detail/kill__rosidl_typesupport_fastrtps_c.h
[23.619s] -- Installing: /home/wyatt/ros2_ws/src/install/turtlesim/include/turtlesim/turtlesim/srv/detail/spawn__rosidl_typesupport_fastrtps_c.h
[23.619s] -- Up-to-date: /home/wyatt/ros2_ws/src/install/turtlesim/include/turtlesim/turtlesim/action
[23.619s] -- Up-to-date: /home/wyatt/ros2_ws/src/install/turtlesim/include/turtlesim/turtlesim/action/detail
[23.619s] -- Installing: /home/wyatt/ros2_ws/src/install/turtlesim/include/turtlesim/turtlesim/action/detail/rotate_absolute__rosidl_typesupport_fastrtps_c.h
[23.619s] -- Up-to-date: /home/wyatt/ros2_ws/src/install/turtlesim/include/turtlesim/turtlesim/msg
[23.619s] -- Up-to-date: /home/wyatt/ros2_ws/src/install/turtlesim/include/turtlesim/turtlesim/msg/detail
[23.619s] -- Installing: /home/wyatt/ros2_ws/src/install/turtlesim/include/turtlesim/turtlesim/msg/detail/pose__rosidl_typesupport_fastrtps_c.h
[23.619s] -- Installing: /home/wyatt/ros2_ws/src/install/turtlesim/include/turtlesim/turtlesim/msg/detail/color__rosidl_typesupport_fastrtps_c.h
[23.619s] -- Installing: /home/wyatt/ros2_ws/src/install/turtlesim/include/turtlesim/turtlesim/msg/rosidl_typesupport_fastrtps_c__visibility_control.h
[23.619s] -- Installing: /home/wyatt/ros2_ws/src/install/turtlesim/lib/libturtlesim__rosidl_typesupport_fastrtps_c.so
[23.620s] -- Set runtime path of "/home/wyatt/ros2_ws/src/install/turtlesim/lib/libturtlesim__rosidl_typesupport_fastrtps_c.so" to ""
[23.620s] -- Up-to-date: /home/wyatt/ros2_ws/src/install/turtlesim/include/turtlesim/turtlesim
[23.620s] -- Up-to-date: /home/wyatt/ros2_ws/src/install/turtlesim/include/turtlesim/turtlesim/srv
[23.620s] -- Installing: /home/wyatt/ros2_ws/src/install/turtlesim/include/turtlesim/turtlesim/srv/teleport_absolute.hpp
[23.620s] -- Installing: /home/wyatt/ros2_ws/src/install/turtlesim/include/turtlesim/turtlesim/srv/kill.hpp
[23.620s] -- Up-to-date: /home/wyatt/ros2_ws/src/install/turtlesim/include/turtlesim/turtlesim/srv/detail
[23.620s] -- Installing: /home/wyatt/ros2_ws/src/install/turtlesim/include/turtlesim/turtlesim/srv/detail/spawn__builder.hpp
[23.620s] -- Installing: /home/wyatt/ros2_ws/src/install/turtlesim/include/turtlesim/turtlesim/srv/detail/kill__struct.hpp
[23.620s] -- Installing: /home/wyatt/ros2_ws/src/install/turtlesim/include/turtlesim/turtlesim/srv/detail/kill__traits.hpp
[23.620s] -- Installing: /home/wyatt/ros2_ws/src/install/turtlesim/include/turtlesim/turtlesim/srv/detail/teleport_relative__traits.hpp
[23.620s] -- Installing: /home/wyatt/ros2_ws/src/install/turtlesim/include/turtlesim/turtlesim/srv/detail/set_pen__struct.hpp
[23.620s] -- Installing: /home/wyatt/ros2_ws/src/install/turtlesim/include/turtlesim/turtlesim/srv/detail/kill__builder.hpp
[23.620s] -- Installing: /home/wyatt/ros2_ws/src/install/turtlesim/include/turtlesim/turtlesim/srv/detail/teleport_absolute__traits.hpp
[23.621s] -- Installing: /home/wyatt/ros2_ws/src/install/turtlesim/include/turtlesim/turtlesim/srv/detail/set_pen__traits.hpp
[23.621s] -- Installing: /home/wyatt/ros2_ws/src/install/turtlesim/include/turtlesim/turtlesim/srv/detail/spawn__struct.hpp
[23.621s] -- Installing: /home/wyatt/ros2_ws/src/install/turtlesim/include/turtlesim/turtlesim/srv/detail/teleport_relative__struct.hpp
[23.621s] -- Installing: /home/wyatt/ros2_ws/src/install/turtlesim/include/turtlesim/turtlesim/srv/detail/teleport_absolute__builder.hpp
[23.621s] -- Installing: /home/wyatt/ros2_ws/src/install/turtlesim/include/turtlesim/turtlesim/srv/detail/set_pen__builder.hpp
[23.621s] -- Installing: /home/wyatt/ros2_ws/src/install/turtlesim/include/turtlesim/turtlesim/srv/detail/spawn__traits.hpp
[23.621s] -- Installing: /home/wyatt/ros2_ws/src/install/turtlesim/include/turtlesim/turtlesim/srv/detail/teleport_relative__builder.hpp
[23.621s] -- Installing: /home/wyatt/ros2_ws/src/install/turtlesim/include/turtlesim/turtlesim/srv/detail/teleport_absolute__struct.hpp
[23.621s] -- Installing: /home/wyatt/ros2_ws/src/install/turtlesim/include/turtlesim/turtlesim/srv/set_pen.hpp
[23.621s] -- Installing: /home/wyatt/ros2_ws/src/install/turtlesim/include/turtlesim/turtlesim/srv/teleport_relative.hpp
[23.621s] -- Installing: /home/wyatt/ros2_ws/src/install/turtlesim/include/turtlesim/turtlesim/srv/spawn.hpp
[23.621s] -- Up-to-date: /home/wyatt/ros2_ws/src/install/turtlesim/include/turtlesim/turtlesim/action
[23.622s] -- Up-to-date: /home/wyatt/ros2_ws/src/install/turtlesim/include/turtlesim/turtlesim/action/detail
[23.622s] -- Installing: /home/wyatt/ros2_ws/src/install/turtlesim/include/turtlesim/turtlesim/action/detail/rotate_absolute__builder.hpp
[23.622s] -- Installing: /home/wyatt/ros2_ws/src/install/turtlesim/include/turtlesim/turtlesim/action/detail/rotate_absolute__traits.hpp
[23.622s] -- Installing: /home/wyatt/ros2_ws/src/install/turtlesim/include/turtlesim/turtlesim/action/detail/rotate_absolute__struct.hpp
[23.622s] -- Installing: /home/wyatt/ros2_ws/src/install/turtlesim/include/turtlesim/turtlesim/action/rotate_absolute.hpp
[23.622s] -- Up-to-date: /home/wyatt/ros2_ws/src/install/turtlesim/include/turtlesim/turtlesim/msg
[23.622s] -- Installing: /home/wyatt/ros2_ws/src/install/turtlesim/include/turtlesim/turtlesim/msg/pose.hpp
[23.622s] -- Installing: /home/wyatt/ros2_ws/src/install/turtlesim/include/turtlesim/turtlesim/msg/color.hpp
[23.622s] -- Up-to-date: /home/wyatt/ros2_ws/src/install/turtlesim/include/turtlesim/turtlesim/msg/detail
[23.622s] -- Installing: /home/wyatt/ros2_ws/src/install/turtlesim/include/turtlesim/turtlesim/msg/detail/color__traits.hpp
[23.622s] -- Installing: /home/wyatt/ros2_ws/src/install/turtlesim/include/turtlesim/turtlesim/msg/detail/color__struct.hpp
[23.622s] -- Installing: /home/wyatt/ros2_ws/src/install/turtlesim/include/turtlesim/turtlesim/msg/detail/pose__builder.hpp
[23.622s] -- Installing: /home/wyatt/ros2_ws/src/install/turtlesim/include/turtlesim/turtlesim/msg/detail/color__builder.hpp
[23.623s] -- Installing: /home/wyatt/ros2_ws/src/install/turtlesim/include/turtlesim/turtlesim/msg/detail/pose__traits.hpp
[23.623s] -- Installing: /home/wyatt/ros2_ws/src/install/turtlesim/include/turtlesim/turtlesim/msg/detail/pose__struct.hpp
[23.623s] -- Up-to-date: /home/wyatt/ros2_ws/src/install/turtlesim/include/turtlesim/turtlesim
[23.623s] -- Up-to-date: /home/wyatt/ros2_ws/src/install/turtlesim/include/turtlesim/turtlesim/srv
[23.623s] -- Up-to-date: /home/wyatt/ros2_ws/src/install/turtlesim/include/turtlesim/turtlesim/srv/detail
[23.623s] -- Installing: /home/wyatt/ros2_ws/src/install/turtlesim/include/turtlesim/turtlesim/srv/detail/dds_fastrtps
[23.623s] -- Installing: /home/wyatt/ros2_ws/src/install/turtlesim/include/turtlesim/turtlesim/srv/detail/teleport_relative__rosidl_typesupport_fastrtps_cpp.hpp
[23.623s] -- Installing: /home/wyatt/ros2_ws/src/install/turtlesim/include/turtlesim/turtlesim/srv/detail/teleport_absolute__rosidl_typesupport_fastrtps_cpp.hpp
[23.623s] -- Installing: /home/wyatt/ros2_ws/src/install/turtlesim/include/turtlesim/turtlesim/srv/detail/set_pen__rosidl_typesupport_fastrtps_cpp.hpp
[23.623s] -- Installing: /home/wyatt/ros2_ws/src/install/turtlesim/include/turtlesim/turtlesim/srv/detail/kill__rosidl_typesupport_fastrtps_cpp.hpp
[23.623s] -- Installing: /home/wyatt/ros2_ws/src/install/turtlesim/include/turtlesim/turtlesim/srv/detail/spawn__rosidl_typesupport_fastrtps_cpp.hpp
[23.623s] -- Up-to-date: /home/wyatt/ros2_ws/src/install/turtlesim/include/turtlesim/turtlesim/action
[23.623s] -- Up-to-date: /home/wyatt/ros2_ws/src/install/turtlesim/include/turtlesim/turtlesim/action/detail
[23.623s] -- Installing: /home/wyatt/ros2_ws/src/install/turtlesim/include/turtlesim/turtlesim/action/detail/dds_fastrtps
[23.624s] -- Installing: /home/wyatt/ros2_ws/src/install/turtlesim/include/turtlesim/turtlesim/action/detail/rotate_absolute__rosidl_typesupport_fastrtps_cpp.hpp
[23.624s] -- Up-to-date: /home/wyatt/ros2_ws/src/install/turtlesim/include/turtlesim/turtlesim/msg
[23.624s] -- Installing: /home/wyatt/ros2_ws/src/install/turtlesim/include/turtlesim/turtlesim/msg/rosidl_typesupport_fastrtps_cpp__visibility_control.h
[23.624s] -- Up-to-date: /home/wyatt/ros2_ws/src/install/turtlesim/include/turtlesim/turtlesim/msg/detail
[23.624s] -- Installing: /home/wyatt/ros2_ws/src/install/turtlesim/include/turtlesim/turtlesim/msg/detail/color__rosidl_typesupport_fastrtps_cpp.hpp
[23.624s] -- Installing: /home/wyatt/ros2_ws/src/install/turtlesim/include/turtlesim/turtlesim/msg/detail/dds_fastrtps
[23.624s] -- Installing: /home/wyatt/ros2_ws/src/install/turtlesim/include/turtlesim/turtlesim/msg/detail/pose__rosidl_typesupport_fastrtps_cpp.hpp
[23.624s] -- Installing: /home/wyatt/ros2_ws/src/install/turtlesim/lib/libturtlesim__rosidl_typesupport_fastrtps_cpp.so
[23.624s] -- Set runtime path of "/home/wyatt/ros2_ws/src/install/turtlesim/lib/libturtlesim__rosidl_typesupport_fastrtps_cpp.so" to ""
[23.625s] -- Up-to-date: /home/wyatt/ros2_ws/src/install/turtlesim/include/turtlesim/turtlesim
[23.625s] -- Up-to-date: /home/wyatt/ros2_ws/src/install/turtlesim/include/turtlesim/turtlesim/srv
[23.625s] -- Up-to-date: /home/wyatt/ros2_ws/src/install/turtlesim/include/turtlesim/turtlesim/srv/detail
[23.625s] -- Installing: /home/wyatt/ros2_ws/src/install/turtlesim/include/turtlesim/turtlesim/srv/detail/spawn__rosidl_typesupport_introspection_c.h
[23.625s] -- Installing: /home/wyatt/ros2_ws/src/install/turtlesim/include/turtlesim/turtlesim/srv/detail/teleport_absolute__type_support.c
[23.625s] -- Installing: /home/wyatt/ros2_ws/src/install/turtlesim/include/turtlesim/turtlesim/srv/detail/set_pen__rosidl_typesupport_introspection_c.h
[23.625s] -- Installing: /home/wyatt/ros2_ws/src/install/turtlesim/include/turtlesim/turtlesim/srv/detail/teleport_relative__type_support.c
[23.625s] -- Installing: /home/wyatt/ros2_ws/src/install/turtlesim/include/turtlesim/turtlesim/srv/detail/teleport_absolute__rosidl_typesupport_introspection_c.h
[23.625s] -- Installing: /home/wyatt/ros2_ws/src/install/turtlesim/include/turtlesim/turtlesim/srv/detail/teleport_relative__rosidl_typesupport_introspection_c.h
[23.625s] -- Installing: /home/wyatt/ros2_ws/src/install/turtlesim/include/turtlesim/turtlesim/srv/detail/set_pen__type_support.c
[23.625s] -- Installing: /home/wyatt/ros2_ws/src/install/turtlesim/include/turtlesim/turtlesim/srv/detail/kill__type_support.c
[23.625s] -- Installing: /home/wyatt/ros2_ws/src/install/turtlesim/include/turtlesim/turtlesim/srv/detail/kill__rosidl_typesupport_introspection_c.h
[23.625s] -- Installing: /home/wyatt/ros2_ws/src/install/turtlesim/include/turtlesim/turtlesim/srv/detail/spawn__type_support.c
[23.626s] -- Up-to-date: /home/wyatt/ros2_ws/src/install/turtlesim/include/turtlesim/turtlesim/action
[23.626s] -- Up-to-date: /home/wyatt/ros2_ws/src/install/turtlesim/include/turtlesim/turtlesim/action/detail
[23.626s] -- Installing: /home/wyatt/ros2_ws/src/install/turtlesim/include/turtlesim/turtlesim/action/detail/rotate_absolute__type_support.c
[23.626s] -- Installing: /home/wyatt/ros2_ws/src/install/turtlesim/include/turtlesim/turtlesim/action/detail/rotate_absolute__rosidl_typesupport_introspection_c.h
[23.626s] -- Up-to-date: /home/wyatt/ros2_ws/src/install/turtlesim/include/turtlesim/turtlesim/msg
[23.626s] -- Up-to-date: /home/wyatt/ros2_ws/src/install/turtlesim/include/turtlesim/turtlesim/msg/detail
[23.626s] -- Installing: /home/wyatt/ros2_ws/src/install/turtlesim/include/turtlesim/turtlesim/msg/detail/pose__rosidl_typesupport_introspection_c.h
[23.626s] -- Installing: /home/wyatt/ros2_ws/src/install/turtlesim/include/turtlesim/turtlesim/msg/detail/color__type_support.c
[23.626s] -- Installing: /home/wyatt/ros2_ws/src/install/turtlesim/include/turtlesim/turtlesim/msg/detail/color__rosidl_typesupport_introspection_c.h
[23.626s] -- Installing: /home/wyatt/ros2_ws/src/install/turtlesim/include/turtlesim/turtlesim/msg/detail/pose__type_support.c
[23.626s] -- Installing: /home/wyatt/ros2_ws/src/install/turtlesim/include/turtlesim/turtlesim/msg/rosidl_typesupport_introspection_c__visibility_control.h
[23.626s] -- Installing: /home/wyatt/ros2_ws/src/install/turtlesim/lib/libturtlesim__rosidl_typesupport_introspection_c.so
[23.627s] -- Set runtime path of "/home/wyatt/ros2_ws/src/install/turtlesim/lib/libturtlesim__rosidl_typesupport_introspection_c.so" to ""
[23.627s] -- Installing: /home/wyatt/ros2_ws/src/install/turtlesim/lib/libturtlesim__rosidl_typesupport_c.so
[23.627s] -- Set runtime path of "/home/wyatt/ros2_ws/src/install/turtlesim/lib/libturtlesim__rosidl_typesupport_c.so" to ""
[23.627s] -- Up-to-date: /home/wyatt/ros2_ws/src/install/turtlesim/include/turtlesim/turtlesim
[23.627s] -- Up-to-date: /home/wyatt/ros2_ws/src/install/turtlesim/include/turtlesim/turtlesim/srv
[23.627s] -- Up-to-date: /home/wyatt/ros2_ws/src/install/turtlesim/include/turtlesim/turtlesim/srv/detail
[23.627s] -- Installing: /home/wyatt/ros2_ws/src/install/turtlesim/include/turtlesim/turtlesim/srv/detail/kill__type_support.cpp
[23.627s] -- Installing: /home/wyatt/ros2_ws/src/install/turtlesim/include/turtlesim/turtlesim/srv/detail/kill__rosidl_typesupport_introspection_cpp.hpp
[23.627s] -- Installing: /home/wyatt/ros2_ws/src/install/turtlesim/include/turtlesim/turtlesim/srv/detail/teleport_absolute__type_support.cpp
[23.628s] -- Installing: /home/wyatt/ros2_ws/src/install/turtlesim/include/turtlesim/turtlesim/srv/detail/set_pen__type_support.cpp
[23.628s] -- Installing: /home/wyatt/ros2_ws/src/install/turtlesim/include/turtlesim/turtlesim/srv/detail/teleport_relative__type_support.cpp
[23.628s] -- Installing: /home/wyatt/ros2_ws/src/install/turtlesim/include/turtlesim/turtlesim/srv/detail/spawn__type_support.cpp
[23.628s] -- Installing: /home/wyatt/ros2_ws/src/install/turtlesim/include/turtlesim/turtlesim/srv/detail/spawn__rosidl_typesupport_introspection_cpp.hpp
[23.628s] -- Installing: /home/wyatt/ros2_ws/src/install/turtlesim/include/turtlesim/turtlesim/srv/detail/set_pen__rosidl_typesupport_introspection_cpp.hpp
[23.628s] -- Installing: /home/wyatt/ros2_ws/src/install/turtlesim/include/turtlesim/turtlesim/srv/detail/teleport_relative__rosidl_typesupport_introspection_cpp.hpp
[23.628s] -- Installing: /home/wyatt/ros2_ws/src/install/turtlesim/include/turtlesim/turtlesim/srv/detail/teleport_absolute__rosidl_typesupport_introspection_cpp.hpp
[23.628s] -- Up-to-date: /home/wyatt/ros2_ws/src/install/turtlesim/include/turtlesim/turtlesim/action
[23.628s] -- Up-to-date: /home/wyatt/ros2_ws/src/install/turtlesim/include/turtlesim/turtlesim/action/detail
[23.628s] -- Installing: /home/wyatt/ros2_ws/src/install/turtlesim/include/turtlesim/turtlesim/action/detail/rotate_absolute__type_support.cpp
[23.629s] -- Installing: /home/wyatt/ros2_ws/src/install/turtlesim/include/turtlesim/turtlesim/action/detail/rotate_absolute__rosidl_typesupport_introspection_cpp.hpp
[23.629s] -- Up-to-date: /home/wyatt/ros2_ws/src/install/turtlesim/include/turtlesim/turtlesim/msg
[23.629s] -- Up-to-date: /home/wyatt/ros2_ws/src/install/turtlesim/include/turtlesim/turtlesim/msg/detail
[23.629s] -- Installing: /home/wyatt/ros2_ws/src/install/turtlesim/include/turtlesim/turtlesim/msg/detail/pose__type_support.cpp
[23.629s] -- Installing: /home/wyatt/ros2_ws/src/install/turtlesim/include/turtlesim/turtlesim/msg/detail/color__rosidl_typesupport_introspection_cpp.hpp
[23.629s] -- Installing: /home/wyatt/ros2_ws/src/install/turtlesim/include/turtlesim/turtlesim/msg/detail/pose__rosidl_typesupport_introspection_cpp.hpp
[23.629s] -- Installing: /home/wyatt/ros2_ws/src/install/turtlesim/include/turtlesim/turtlesim/msg/detail/color__type_support.cpp
[23.629s] -- Installing: /home/wyatt/ros2_ws/src/install/turtlesim/lib/libturtlesim__rosidl_typesupport_introspection_cpp.so
[23.630s] -- Set runtime path of "/home/wyatt/ros2_ws/src/install/turtlesim/lib/libturtlesim__rosidl_typesupport_introspection_cpp.so" to ""
[23.630s] -- Installing: /home/wyatt/ros2_ws/src/install/turtlesim/lib/libturtlesim__rosidl_typesupport_cpp.so
[23.630s] -- Set runtime path of "/home/wyatt/ros2_ws/src/install/turtlesim/lib/libturtlesim__rosidl_typesupport_cpp.so" to ""
[23.630s] -- Installing: /home/wyatt/ros2_ws/src/install/turtlesim/share/turtlesim/environment/pythonpath.sh
[23.630s] -- Installing: /home/wyatt/ros2_ws/src/install/turtlesim/share/turtlesim/environment/pythonpath.dsv
[23.630s] -- Installing: /home/wyatt/ros2_ws/src/install/turtlesim/local/lib/python3.10/dist-packages/turtlesim-1.4.2-py3.10.egg-info
[23.630s] -- Installing: /home/wyatt/ros2_ws/src/install/turtlesim/local/lib/python3.10/dist-packages/turtlesim-1.4.2-py3.10.egg-info/SOURCES.txt
[23.630s] -- Installing: /home/wyatt/ros2_ws/src/install/turtlesim/local/lib/python3.10/dist-packages/turtlesim-1.4.2-py3.10.egg-info/PKG-INFO
[23.630s] -- Installing: /home/wyatt/ros2_ws/src/install/turtlesim/local/lib/python3.10/dist-packages/turtlesim-1.4.2-py3.10.egg-info/dependency_links.txt
[23.631s] -- Installing: /home/wyatt/ros2_ws/src/install/turtlesim/local/lib/python3.10/dist-packages/turtlesim-1.4.2-py3.10.egg-info/top_level.txt
[23.631s] -- Installing: /home/wyatt/ros2_ws/src/install/turtlesim/local/lib/python3.10/dist-packages/turtlesim
[23.631s] -- Installing: /home/wyatt/ros2_ws/src/install/turtlesim/local/lib/python3.10/dist-packages/turtlesim/turtlesim_s__rosidl_typesupport_c.cpython-310-x86_64-linux-gnu.so
[23.631s] -- Installing: /home/wyatt/ros2_ws/src/install/turtlesim/local/lib/python3.10/dist-packages/turtlesim/libturtlesim__rosidl_generator_py.so
[23.631s] -- Installing: /home/wyatt/ros2_ws/src/install/turtlesim/local/lib/python3.10/dist-packages/turtlesim/_turtlesim_s.ep.rosidl_typesupport_c.c
[23.631s] -- Installing: /home/wyatt/ros2_ws/src/install/turtlesim/local/lib/python3.10/dist-packages/turtlesim/srv
[23.631s] -- Installing: /home/wyatt/ros2_ws/src/install/turtlesim/local/lib/python3.10/dist-packages/turtlesim/srv/_teleport_relative_s.c
[23.631s] -- Installing: /home/wyatt/ros2_ws/src/install/turtlesim/local/lib/python3.10/dist-packages/turtlesim/srv/_set_pen.py
[23.631s] -- Installing: /home/wyatt/ros2_ws/src/install/turtlesim/local/lib/python3.10/dist-packages/turtlesim/srv/_teleport_absolute_s.c
[23.631s] -- Installing: /home/wyatt/ros2_ws/src/install/turtlesim/local/lib/python3.10/dist-packages/turtlesim/srv/_teleport_relative.py
[23.632s] -- Installing: /home/wyatt/ros2_ws/src/install/turtlesim/local/lib/python3.10/dist-packages/turtlesim/srv/_set_pen_s.c
[23.632s] -- Installing: /home/wyatt/ros2_ws/src/install/turtlesim/local/lib/python3.10/dist-packages/turtlesim/srv/_kill.py
[23.632s] -- Installing: /home/wyatt/ros2_ws/src/install/turtlesim/local/lib/python3.10/dist-packages/turtlesim/srv/_kill_s.c
[23.632s] -- Installing: /home/wyatt/ros2_ws/src/install/turtlesim/local/lib/python3.10/dist-packages/turtlesim/srv/_spawn_s.c
[23.632s] -- Installing: /home/wyatt/ros2_ws/src/install/turtlesim/local/lib/python3.10/dist-packages/turtlesim/srv/_teleport_absolute.py
[23.632s] -- Installing: /home/wyatt/ros2_ws/src/install/turtlesim/local/lib/python3.10/dist-packages/turtlesim/srv/__init__.py
[23.632s] -- Installing: /home/wyatt/ros2_ws/src/install/turtlesim/local/lib/python3.10/dist-packages/turtlesim/srv/_spawn.py
[23.632s] -- Installing: /home/wyatt/ros2_ws/src/install/turtlesim/local/lib/python3.10/dist-packages/turtlesim/__init__.py
[23.632s] -- Installing: /home/wyatt/ros2_ws/src/install/turtlesim/local/lib/python3.10/dist-packages/turtlesim/_turtlesim_s.ep.rosidl_typesupport_introspection_c.c
[23.633s] -- Installing: /home/wyatt/ros2_ws/src/install/turtlesim/local/lib/python3.10/dist-packages/turtlesim/turtlesim_s__rosidl_typesupport_fastrtps_c.cpython-310-x86_64-linux-gnu.so
[23.633s] -- Installing: /home/wyatt/ros2_ws/src/install/turtlesim/local/lib/python3.10/dist-packages/turtlesim/turtlesim_s__rosidl_typesupport_introspection_c.cpython-310-x86_64-linux-gnu.so
[23.633s] -- Installing: /home/wyatt/ros2_ws/src/install/turtlesim/local/lib/python3.10/dist-packages/turtlesim/_turtlesim_s.ep.rosidl_typesupport_fastrtps_c.c
[23.633s] -- Installing: /home/wyatt/ros2_ws/src/install/turtlesim/local/lib/python3.10/dist-packages/turtlesim/action
[23.633s] -- Installing: /home/wyatt/ros2_ws/src/install/turtlesim/local/lib/python3.10/dist-packages/turtlesim/action/_rotate_absolute_s.c
[23.633s] -- Installing: /home/wyatt/ros2_ws/src/install/turtlesim/local/lib/python3.10/dist-packages/turtlesim/action/_rotate_absolute.py
[23.633s] -- Installing: /home/wyatt/ros2_ws/src/install/turtlesim/local/lib/python3.10/dist-packages/turtlesim/action/__init__.py
[23.634s] -- Installing: /home/wyatt/ros2_ws/src/install/turtlesim/local/lib/python3.10/dist-packages/turtlesim/msg
[23.634s] -- Installing: /home/wyatt/ros2_ws/src/install/turtlesim/local/lib/python3.10/dist-packages/turtlesim/msg/_pose.py
[23.634s] -- Installing: /home/wyatt/ros2_ws/src/install/turtlesim/local/lib/python3.10/dist-packages/turtlesim/msg/_pose_s.c
[23.634s] -- Installing: /home/wyatt/ros2_ws/src/install/turtlesim/local/lib/python3.10/dist-packages/turtlesim/msg/_color_s.c
[23.634s] -- Installing: /home/wyatt/ros2_ws/src/install/turtlesim/local/lib/python3.10/dist-packages/turtlesim/msg/_color.py
[23.634s] -- Installing: /home/wyatt/ros2_ws/src/install/turtlesim/local/lib/python3.10/dist-packages/turtlesim/msg/__init__.py
[23.676s] Listing '/home/wyatt/ros2_ws/src/install/turtlesim/local/lib/python3.10/dist-packages/turtlesim'...
[23.676s] Compiling '/home/wyatt/ros2_ws/src/install/turtlesim/local/lib/python3.10/dist-packages/turtlesim/__init__.py'...
[23.676s] Listing '/home/wyatt/ros2_ws/src/install/turtlesim/local/lib/python3.10/dist-packages/turtlesim/action'...
[23.676s] Compiling '/home/wyatt/ros2_ws/src/install/turtlesim/local/lib/python3.10/dist-packages/turtlesim/action/__init__.py'...
[23.676s] Compiling '/home/wyatt/ros2_ws/src/install/turtlesim/local/lib/python3.10/dist-packages/turtlesim/action/_rotate_absolute.py'...
[23.676s] Listing '/home/wyatt/ros2_ws/src/install/turtlesim/local/lib/python3.10/dist-packages/turtlesim/msg'...
[23.676s] Compiling '/home/wyatt/ros2_ws/src/install/turtlesim/local/lib/python3.10/dist-packages/turtlesim/msg/__init__.py'...
[23.676s] Compiling '/home/wyatt/ros2_ws/src/install/turtlesim/local/lib/python3.10/dist-packages/turtlesim/msg/_color.py'...
[23.676s] Compiling '/home/wyatt/ros2_ws/src/install/turtlesim/local/lib/python3.10/dist-packages/turtlesim/msg/_pose.py'...
[23.676s] Listing '/home/wyatt/ros2_ws/src/install/turtlesim/local/lib/python3.10/dist-packages/turtlesim/srv'...
[23.676s] Compiling '/home/wyatt/ros2_ws/src/install/turtlesim/local/lib/python3.10/dist-packages/turtlesim/srv/__init__.py'...
[23.676s] Compiling '/home/wyatt/ros2_ws/src/install/turtlesim/local/lib/python3.10/dist-packages/turtlesim/srv/_kill.py'...
[23.676s] Compiling '/home/wyatt/ros2_ws/src/install/turtlesim/local/lib/python3.10/dist-packages/turtlesim/srv/_set_pen.py'...
[23.676s] Compiling '/home/wyatt/ros2_ws/src/install/turtlesim/local/lib/python3.10/dist-packages/turtlesim/srv/_spawn.py'...
[23.676s] Compiling '/home/wyatt/ros2_ws/src/install/turtlesim/local/lib/python3.10/dist-packages/turtlesim/srv/_teleport_absolute.py'...
[23.676s] Compiling '/home/wyatt/ros2_ws/src/install/turtlesim/local/lib/python3.10/dist-packages/turtlesim/srv/_teleport_relative.py'...
[23.679s] -- Installing: /home/wyatt/ros2_ws/src/install/turtlesim/local/lib/python3.10/dist-packages/turtlesim/turtlesim_s__rosidl_typesupport_fastrtps_c.cpython-310-x86_64-linux-gnu.so
[23.680s] -- Set runtime path of "/home/wyatt/ros2_ws/src/install/turtlesim/local/lib/python3.10/dist-packages/turtlesim/turtlesim_s__rosidl_typesupport_fastrtps_c.cpython-310-x86_64-linux-gnu.so" to ""
[23.680s] -- Installing: /home/wyatt/ros2_ws/src/install/turtlesim/local/lib/python3.10/dist-packages/turtlesim/turtlesim_s__rosidl_typesupport_introspection_c.cpython-310-x86_64-linux-gnu.so
[23.680s] -- Set runtime path of "/home/wyatt/ros2_ws/src/install/turtlesim/local/lib/python3.10/dist-packages/turtlesim/turtlesim_s__rosidl_typesupport_introspection_c.cpython-310-x86_64-linux-gnu.so" to ""
[23.680s] -- Installing: /home/wyatt/ros2_ws/src/install/turtlesim/local/lib/python3.10/dist-packages/turtlesim/turtlesim_s__rosidl_typesupport_c.cpython-310-x86_64-linux-gnu.so
[23.681s] -- Set runtime path of "/home/wyatt/ros2_ws/src/install/turtlesim/local/lib/python3.10/dist-packages/turtlesim/turtlesim_s__rosidl_typesupport_c.cpython-310-x86_64-linux-gnu.so" to ""
[23.681s] -- Installing: /home/wyatt/ros2_ws/src/install/turtlesim/lib/libturtlesim__rosidl_generator_py.so
[23.681s] -- Set runtime path of "/home/wyatt/ros2_ws/src/install/turtlesim/lib/libturtlesim__rosidl_generator_py.so" to ""
[23.681s] -- Installing: /home/wyatt/ros2_ws/src/install/turtlesim/share/turtlesim/action/RotateAbsolute.idl
[23.681s] -- Installing: /home/wyatt/ros2_ws/src/install/turtlesim/share/turtlesim/msg/Color.idl
[23.682s] -- Installing: /home/wyatt/ros2_ws/src/install/turtlesim/share/turtlesim/msg/Pose.idl
[23.682s] -- Installing: /home/wyatt/ros2_ws/src/install/turtlesim/share/turtlesim/srv/Kill.idl
[23.682s] -- Installing: /home/wyatt/ros2_ws/src/install/turtlesim/share/turtlesim/srv/SetPen.idl
[23.682s] -- Installing: /home/wyatt/ros2_ws/src/install/turtlesim/share/turtlesim/srv/Spawn.idl
[23.682s] -- Installing: /home/wyatt/ros2_ws/src/install/turtlesim/share/turtlesim/srv/TeleportAbsolute.idl
[23.682s] -- Installing: /home/wyatt/ros2_ws/src/install/turtlesim/share/turtlesim/srv/TeleportRelative.idl
[23.682s] -- Installing: /home/wyatt/ros2_ws/src/install/turtlesim/share/turtlesim/action/RotateAbsolute.action
[23.682s] -- Installing: /home/wyatt/ros2_ws/src/install/turtlesim/share/turtlesim/msg/Color.msg
[23.682s] -- Installing: /home/wyatt/ros2_ws/src/install/turtlesim/share/turtlesim/msg/Pose.msg
[23.682s] -- Installing: /home/wyatt/ros2_ws/src/install/turtlesim/share/turtlesim/srv/Kill.srv
[23.683s] -- Installing: /home/wyatt/ros2_ws/src/install/turtlesim/share/turtlesim/srv/Kill_Request.msg
[23.683s] -- Installing: /home/wyatt/ros2_ws/src/install/turtlesim/share/turtlesim/srv/Kill_Response.msg
[23.683s] -- Installing: /home/wyatt/ros2_ws/src/install/turtlesim/share/turtlesim/srv/SetPen.srv
[23.683s] -- Installing: /home/wyatt/ros2_ws/src/install/turtlesim/share/turtlesim/srv/SetPen_Request.msg
[23.683s] -- Installing: /home/wyatt/ros2_ws/src/install/turtlesim/share/turtlesim/srv/SetPen_Response.msg
[23.683s] -- Installing: /home/wyatt/ros2_ws/src/install/turtlesim/share/turtlesim/srv/Spawn.srv
[23.683s] -- Installing: /home/wyatt/ros2_ws/src/install/turtlesim/share/turtlesim/srv/Spawn_Request.msg
[23.683s] -- Installing: /home/wyatt/ros2_ws/src/install/turtlesim/share/turtlesim/srv/Spawn_Response.msg
[23.683s] -- Installing: /home/wyatt/ros2_ws/src/install/turtlesim/share/turtlesim/srv/TeleportAbsolute.srv
[23.683s] -- Installing: /home/wyatt/ros2_ws/src/install/turtlesim/share/turtlesim/srv/TeleportAbsolute_Request.msg
[23.684s] -- Installing: /home/wyatt/ros2_ws/src/install/turtlesim/share/turtlesim/srv/TeleportAbsolute_Response.msg
[23.684s] -- Installing: /home/wyatt/ros2_ws/src/install/turtlesim/share/turtlesim/srv/TeleportRelative.srv
[23.684s] -- Installing: /home/wyatt/ros2_ws/src/install/turtlesim/share/turtlesim/srv/TeleportRelative_Request.msg
[23.684s] -- Installing: /home/wyatt/ros2_ws/src/install/turtlesim/share/turtlesim/srv/TeleportRelative_Response.msg
[23.684s] -- Installing: /home/wyatt/ros2_ws/src/install/turtlesim/lib/turtlesim/turtlesim_node
[23.691s] -- Set runtime path of "/home/wyatt/ros2_ws/src/install/turtlesim/lib/turtlesim/turtlesim_node" to ""
[23.691s] -- Installing: /home/wyatt/ros2_ws/src/install/turtlesim/lib/turtlesim/turtle_teleop_key
[23.693s] -- Set runtime path of "/home/wyatt/ros2_ws/src/install/turtlesim/lib/turtlesim/turtle_teleop_key" to ""
[23.693s] -- Installing: /home/wyatt/ros2_ws/src/install/turtlesim/lib/turtlesim/draw_square
[23.696s] -- Set runtime path of "/home/wyatt/ros2_ws/src/install/turtlesim/lib/turtlesim/draw_square" to ""
[23.697s] -- Installing: /home/wyatt/ros2_ws/src/install/turtlesim/lib/turtlesim/mimic
[23.700s] -- Set runtime path of "/home/wyatt/ros2_ws/src/install/turtlesim/lib/turtlesim/mimic" to ""
[23.700s] -- Installing: /home/wyatt/ros2_ws/src/install/turtlesim/share/turtlesim/images
[23.700s] -- Installing: /home/wyatt/ros2_ws/src/install/turtlesim/share/turtlesim/images/foxy.png
[23.700s] -- Installing: /home/wyatt/ros2_ws/src/install/turtlesim/share/turtlesim/images/galactic.png
[23.700s] -- Installing: /home/wyatt/ros2_ws/src/install/turtlesim/share/turtlesim/images/humble.png
[23.700s] -- Installing: /home/wyatt/ros2_ws/src/install/turtlesim/share/turtlesim/images/dashing.png
[23.701s] -- Installing: /home/wyatt/ros2_ws/src/install/turtlesim/share/turtlesim/images/crystal.png
[23.701s] -- Installing: /home/wyatt/ros2_ws/src/install/turtlesim/share/turtlesim/images/bouncy.png
[23.701s] -- Installing: /home/wyatt/ros2_ws/src/install/turtlesim/share/turtlesim/images/rolling.png
[23.701s] -- Installing: /home/wyatt/ros2_ws/src/install/turtlesim/share/turtlesim/images/eloquent.png
[23.702s] -- Installing: /home/wyatt/ros2_ws/src/install/turtlesim/share/turtlesim/images/ardent.png
[23.702s] -- Installing: /home/wyatt/ros2_ws/src/install/turtlesim/share/turtlesim/launch
[23.702s] -- Installing: /home/wyatt/ros2_ws/src/install/turtlesim/share/turtlesim/launch/multisim.launch.py
[23.702s] -- Installing: /home/wyatt/ros2_ws/src/install/turtlesim/share/ament_index/resource_index/package_run_dependencies/turtlesim
[23.702s] -- Installing: /home/wyatt/ros2_ws/src/install/turtlesim/share/ament_index/resource_index/parent_prefix_path/turtlesim
[23.702s] -- Installing: /home/wyatt/ros2_ws/src/install/turtlesim/share/turtlesim/environment/ament_prefix_path.sh
[23.703s] -- Installing: /home/wyatt/ros2_ws/src/install/turtlesim/share/turtlesim/environment/ament_prefix_path.dsv
[23.703s] -- Installing: /home/wyatt/ros2_ws/src/install/turtlesim/share/turtlesim/environment/path.sh
[23.703s] -- Installing: /home/wyatt/ros2_ws/src/install/turtlesim/share/turtlesim/environment/path.dsv
[23.703s] -- Installing: /home/wyatt/ros2_ws/src/install/turtlesim/share/turtlesim/local_setup.bash
[23.703s] -- Installing: /home/wyatt/ros2_ws/src/install/turtlesim/share/turtlesim/local_setup.sh
[23.703s] -- Installing: /home/wyatt/ros2_ws/src/install/turtlesim/share/turtlesim/local_setup.zsh
[23.703s] -- Installing: /home/wyatt/ros2_ws/src/install/turtlesim/share/turtlesim/local_setup.dsv
[23.703s] -- Installing: /home/wyatt/ros2_ws/src/install/turtlesim/share/turtlesim/package.dsv
[23.703s] -- Installing: /home/wyatt/ros2_ws/src/install/turtlesim/share/ament_index/resource_index/packages/turtlesim
[23.704s] -- Installing: /home/wyatt/ros2_ws/src/install/turtlesim/share/turtlesim/cmake/export_turtlesim__rosidl_generator_cExport.cmake
[23.704s] -- Installing: /home/wyatt/ros2_ws/src/install/turtlesim/share/turtlesim/cmake/export_turtlesim__rosidl_generator_cExport-noconfig.cmake
[23.704s] -- Installing: /home/wyatt/ros2_ws/src/install/turtlesim/share/turtlesim/cmake/export_turtlesim__rosidl_typesupport_fastrtps_cExport.cmake
[23.704s] -- Installing: /home/wyatt/ros2_ws/src/install/turtlesim/share/turtlesim/cmake/export_turtlesim__rosidl_typesupport_fastrtps_cExport-noconfig.cmake
[23.704s] -- Installing: /home/wyatt/ros2_ws/src/install/turtlesim/share/turtlesim/cmake/export_turtlesim__rosidl_generator_cppExport.cmake
[23.704s] -- Installing: /home/wyatt/ros2_ws/src/install/turtlesim/share/turtlesim/cmake/export_turtlesim__rosidl_typesupport_fastrtps_cppExport.cmake
[23.704s] -- Installing: /home/wyatt/ros2_ws/src/install/turtlesim/share/turtlesim/cmake/export_turtlesim__rosidl_typesupport_fastrtps_cppExport-noconfig.cmake
[23.704s] -- Installing: /home/wyatt/ros2_ws/src/install/turtlesim/share/turtlesim/cmake/turtlesim__rosidl_typesupport_introspection_cExport.cmake
[23.704s] -- Installing: /home/wyatt/ros2_ws/src/install/turtlesim/share/turtlesim/cmake/turtlesim__rosidl_typesupport_introspection_cExport-noconfig.cmake
[23.705s] -- Installing: /home/wyatt/ros2_ws/src/install/turtlesim/share/turtlesim/cmake/turtlesim__rosidl_typesupport_cExport.cmake
[23.705s] -- Installing: /home/wyatt/ros2_ws/src/install/turtlesim/share/turtlesim/cmake/turtlesim__rosidl_typesupport_cExport-noconfig.cmake
[23.705s] -- Installing: /home/wyatt/ros2_ws/src/install/turtlesim/share/turtlesim/cmake/turtlesim__rosidl_typesupport_introspection_cppExport.cmake
[23.705s] -- Installing: /home/wyatt/ros2_ws/src/install/turtlesim/share/turtlesim/cmake/turtlesim__rosidl_typesupport_introspection_cppExport-noconfig.cmake
[23.705s] -- Installing: /home/wyatt/ros2_ws/src/install/turtlesim/share/turtlesim/cmake/turtlesim__rosidl_typesupport_cppExport.cmake
[23.705s] -- Installing: /home/wyatt/ros2_ws/src/install/turtlesim/share/turtlesim/cmake/turtlesim__rosidl_typesupport_cppExport-noconfig.cmake
[23.705s] -- Installing: /home/wyatt/ros2_ws/src/install/turtlesim/share/turtlesim/cmake/export_turtlesim__rosidl_generator_pyExport.cmake
[23.705s] -- Installing: /home/wyatt/ros2_ws/src/install/turtlesim/share/turtlesim/cmake/export_turtlesim__rosidl_generator_pyExport-noconfig.cmake
[23.705s] -- Installing: /home/wyatt/ros2_ws/src/install/turtlesim/share/turtlesim/cmake/rosidl_cmake-extras.cmake
[23.706s] -- Installing: /home/wyatt/ros2_ws/src/install/turtlesim/share/turtlesim/cmake/ament_cmake_export_dependencies-extras.cmake
[23.706s] -- Installing: /home/wyatt/ros2_ws/src/install/turtlesim/share/turtlesim/cmake/ament_cmake_export_include_directories-extras.cmake
[23.706s] -- Installing: /home/wyatt/ros2_ws/src/install/turtlesim/share/turtlesim/cmake/ament_cmake_export_libraries-extras.cmake
[23.706s] -- Installing: /home/wyatt/ros2_ws/src/install/turtlesim/share/turtlesim/cmake/ament_cmake_export_targets-extras.cmake
[23.706s] -- Installing: /home/wyatt/ros2_ws/src/install/turtlesim/share/turtlesim/cmake/rosidl_cmake_export_typesupport_targets-extras.cmake
[23.706s] -- Installing: /home/wyatt/ros2_ws/src/install/turtlesim/share/turtlesim/cmake/rosidl_cmake_export_typesupport_libraries-extras.cmake
[23.706s] -- Installing: /home/wyatt/ros2_ws/src/install/turtlesim/share/turtlesim/cmake/turtlesimConfig.cmake
[23.706s] -- Installing: /home/wyatt/ros2_ws/src/install/turtlesim/share/turtlesim/cmake/turtlesimConfig-version.cmake
[23.706s] -- Installing: /home/wyatt/ros2_ws/src/install/turtlesim/share/turtlesim/package.xml
[23.708s] Invoked command in '/home/wyatt/ros2_ws/src/build/turtlesim' returned '0': CMAKE_PREFIX_PATH=${CMAKE_PREFIX_PATH}:/home/wyatt/ros2_ws/install/launch_testing_examples:/home/wyatt/ros2_ws/install/examples_rclpy_pointcloud_publisher:/home/wyatt/ros2_ws/install/examples_rclpy_minimal_subscriber:/home/wyatt/ros2_ws/install/examples_rclpy_minimal_service:/home/wyatt/ros2_ws/install/examples_rclpy_minimal_publisher:/home/wyatt/ros2_ws/install/examples_rclpy_minimal_client:/home/wyatt/ros2_ws/install/examples_rclpy_minimal_action_server:/home/wyatt/ros2_ws/install/examples_rclpy_minimal_action_client:/home/wyatt/ros2_ws/install/examples_rclpy_guard_conditions:/home/wyatt/ros2_ws/install/examples_rclpy_executors:/opt/ros/humble /usr/bin/cmake --install /home/wyatt/ros2_ws/src/build/turtlesim
