[0.062s] Invoking command in '/home/wyatt/ros2_ws/build/cpp_srvcli': AMENT_PREFIX_PATH=/home/wyatt/ros2_ws/install/tutorial_interfaces:${AMENT_PREFIX_PATH} CMAKE_PREFIX_PATH=/home/wyatt/ros2_ws/install/tutorial_interfaces:/home/wyatt/ros2_ws/install/turtlesim:/home/wyatt/ros2_ws/install/examples_rclcpp_wait_set:/home/wyatt/ros2_ws/install/examples_rclcpp_multithreaded_executor:/home/wyatt/ros2_ws/install/examples_rclcpp_minimal_timer:/home/wyatt/ros2_ws/install/examples_rclcpp_minimal_subscriber:/home/wyatt/ros2_ws/install/examples_rclcpp_minimal_service:/home/wyatt/ros2_ws/install/examples_rclcpp_minimal_publisher:/home/wyatt/ros2_ws/install/examples_rclcpp_minimal_composition:/home/wyatt/ros2_ws/install/examples_rclcpp_minimal_client:/home/wyatt/ros2_ws/install/examples_rclcpp_minimal_action_server:/home/wyatt/ros2_ws/install/examples_rclcpp_minimal_action_client:/home/wyatt/ros2_ws/install/examples_rclcpp_cbg_executor:/home/wyatt/ros2_ws/install/examples_rclcpp_async_client:/home/wyatt/ros2_ws/install/cpp_srvcli:/home/wyatt/ros2_ws/install/cpp_pubsub:/home/wyatt/ros2_ws/install/py_pubsub:/home/wyatt/ros2_ws/install/my_package:/home/wyatt/ros2_ws/install/launch_testing_examples:/home/wyatt/ros2_ws/install/examples_rclpy_pointcloud_publisher:/home/wyatt/ros2_ws/install/examples_rclpy_minimal_subscriber:/home/wyatt/ros2_ws/install/examples_rclpy_minimal_service:/home/wyatt/ros2_ws/install/examples_rclpy_minimal_publisher:/home/wyatt/ros2_ws/install/examples_rclpy_minimal_client:/home/wyatt/ros2_ws/install/examples_rclpy_minimal_action_server:/home/wyatt/ros2_ws/install/examples_rclpy_minimal_action_client:/home/wyatt/ros2_ws/install/examples_rclpy_guard_conditions:/home/wyatt/ros2_ws/install/examples_rclpy_executors:/opt/ros/humble LD_LIBRARY_PATH=/home/wyatt/ros2_ws/install/tutorial_interfaces/lib:${LD_LIBRARY_PATH} PYTHONPATH=/home/wyatt/ros2_ws/install/tutorial_interfaces/local/lib/python3.10/dist-packages:${PYTHONPATH} /usr/bin/cmake --build /home/wyatt/ros2_ws/build/cpp_srvcli -- -j12 -l12
[0.082s] -- Found ament_cmake: 1.3.5 (/opt/ros/humble/share/ament_cmake/cmake)
[0.211s] -- Found rclcpp: 16.0.6 (/opt/ros/humble/share/rclcpp/cmake)
[0.236s] -- Found rosidl_generator_c: 3.1.5 (/opt/ros/humble/share/rosidl_generator_c/cmake)
[0.238s] -- Found rosidl_adapter: 3.1.5 (/opt/ros/humble/share/rosidl_adapter/cmake)
[0.243s] -- Found rosidl_generator_cpp: 3.1.5 (/opt/ros/humble/share/rosidl_generator_cpp/cmake)
[0.253s] -- Using all available rosidl_typesupport_c: rosidl_typesupport_fastrtps_c;rosidl_typesupport_introspection_c
[0.266s] -- Using all available rosidl_typesupport_cpp: rosidl_typesupport_fastrtps_cpp;rosidl_typesupport_introspection_cpp
[0.317s] -- Found rmw_implementation_cmake: 6.1.1 (/opt/ros/humble/share/rmw_implementation_cmake/cmake)
[0.318s] -- Found rmw_fastrtps_cpp: 6.2.4 (/opt/ros/humble/share/rmw_fastrtps_cpp/cmake)
[0.424s] -- Using RMW implementation 'rmw_fastrtps_cpp' as default
[0.560s] -- Found tutorial_interfaces: 0.0.0 (/home/wyatt/ros2_ws/install/tutorial_interfaces/share/tutorial_interfaces/cmake)
[0.660s] -- Found ament_lint_auto: 0.12.8 (/opt/ros/humble/share/ament_lint_auto/cmake)
[0.719s] -- Added test 'cppcheck' to perform static code analysis on C / C++ code
[0.719s] -- Configured cppcheck include dirs: 
[0.719s] -- Configured cppcheck exclude dirs and/or files: 
[0.719s] -- Added test 'lint_cmake' to check CMake code style
[0.720s] -- Added test 'uncrustify' to check C / C++ code style
[0.720s] -- Configured uncrustify additional arguments: 
[0.720s] -- Added test 'xmllint' to check XML markup files
[0.721s] -- Configuring done
[0.732s] -- Generating done
[0.733s] -- Build files have been written to: /home/wyatt/ros2_ws/build/cpp_srvcli
[0.755s] [35m[1mConsolidate compiler generated dependencies of target server[0m
[0.755s] [35m[1mConsolidate compiler generated dependencies of target client[0m
[0.770s] [ 50%] [32mBuilding CXX object CMakeFiles/client.dir/src/add_two_ints_client.cpp.o[0m
[0.770s] [ 50%] [32mBuilding CXX object CMakeFiles/server.dir/src/add_two_ints_server.cpp.o[0m
[3.403s] [ 75%] [32m[1mLinking CXX executable server[0m
[3.521s] [ 75%] Built target server
[3.553s] [100%] [32m[1mLinking CXX executable client[0m
[3.673s] [100%] Built target client
[3.682s] Invoked command in '/home/wyatt/ros2_ws/build/cpp_srvcli' returned '0': AMENT_PREFIX_PATH=/home/wyatt/ros2_ws/install/tutorial_interfaces:${AMENT_PREFIX_PATH} CMAKE_PREFIX_PATH=/home/wyatt/ros2_ws/install/tutorial_interfaces:/home/wyatt/ros2_ws/install/turtlesim:/home/wyatt/ros2_ws/install/examples_rclcpp_wait_set:/home/wyatt/ros2_ws/install/examples_rclcpp_multithreaded_executor:/home/wyatt/ros2_ws/install/examples_rclcpp_minimal_timer:/home/wyatt/ros2_ws/install/examples_rclcpp_minimal_subscriber:/home/wyatt/ros2_ws/install/examples_rclcpp_minimal_service:/home/wyatt/ros2_ws/install/examples_rclcpp_minimal_publisher:/home/wyatt/ros2_ws/install/examples_rclcpp_minimal_composition:/home/wyatt/ros2_ws/install/examples_rclcpp_minimal_client:/home/wyatt/ros2_ws/install/examples_rclcpp_minimal_action_server:/home/wyatt/ros2_ws/install/examples_rclcpp_minimal_action_client:/home/wyatt/ros2_ws/install/examples_rclcpp_cbg_executor:/home/wyatt/ros2_ws/install/examples_rclcpp_async_client:/home/wyatt/ros2_ws/install/cpp_srvcli:/home/wyatt/ros2_ws/install/cpp_pubsub:/home/wyatt/ros2_ws/install/py_pubsub:/home/wyatt/ros2_ws/install/my_package:/home/wyatt/ros2_ws/install/launch_testing_examples:/home/wyatt/ros2_ws/install/examples_rclpy_pointcloud_publisher:/home/wyatt/ros2_ws/install/examples_rclpy_minimal_subscriber:/home/wyatt/ros2_ws/install/examples_rclpy_minimal_service:/home/wyatt/ros2_ws/install/examples_rclpy_minimal_publisher:/home/wyatt/ros2_ws/install/examples_rclpy_minimal_client:/home/wyatt/ros2_ws/install/examples_rclpy_minimal_action_server:/home/wyatt/ros2_ws/install/examples_rclpy_minimal_action_client:/home/wyatt/ros2_ws/install/examples_rclpy_guard_conditions:/home/wyatt/ros2_ws/install/examples_rclpy_executors:/opt/ros/humble LD_LIBRARY_PATH=/home/wyatt/ros2_ws/install/tutorial_interfaces/lib:${LD_LIBRARY_PATH} PYTHONPATH=/home/wyatt/ros2_ws/install/tutorial_interfaces/local/lib/python3.10/dist-packages:${PYTHONPATH} /usr/bin/cmake --build /home/wyatt/ros2_ws/build/cpp_srvcli -- -j12 -l12
[3.714s] Invoking command in '/home/wyatt/ros2_ws/build/cpp_srvcli': AMENT_PREFIX_PATH=/home/wyatt/ros2_ws/install/tutorial_interfaces:${AMENT_PREFIX_PATH} CMAKE_PREFIX_PATH=/home/wyatt/ros2_ws/install/tutorial_interfaces:/home/wyatt/ros2_ws/install/turtlesim:/home/wyatt/ros2_ws/install/examples_rclcpp_wait_set:/home/wyatt/ros2_ws/install/examples_rclcpp_multithreaded_executor:/home/wyatt/ros2_ws/install/examples_rclcpp_minimal_timer:/home/wyatt/ros2_ws/install/examples_rclcpp_minimal_subscriber:/home/wyatt/ros2_ws/install/examples_rclcpp_minimal_service:/home/wyatt/ros2_ws/install/examples_rclcpp_minimal_publisher:/home/wyatt/ros2_ws/install/examples_rclcpp_minimal_composition:/home/wyatt/ros2_ws/install/examples_rclcpp_minimal_client:/home/wyatt/ros2_ws/install/examples_rclcpp_minimal_action_server:/home/wyatt/ros2_ws/install/examples_rclcpp_minimal_action_client:/home/wyatt/ros2_ws/install/examples_rclcpp_cbg_executor:/home/wyatt/ros2_ws/install/examples_rclcpp_async_client:/home/wyatt/ros2_ws/install/cpp_srvcli:/home/wyatt/ros2_ws/install/cpp_pubsub:/home/wyatt/ros2_ws/install/py_pubsub:/home/wyatt/ros2_ws/install/my_package:/home/wyatt/ros2_ws/install/launch_testing_examples:/home/wyatt/ros2_ws/install/examples_rclpy_pointcloud_publisher:/home/wyatt/ros2_ws/install/examples_rclpy_minimal_subscriber:/home/wyatt/ros2_ws/install/examples_rclpy_minimal_service:/home/wyatt/ros2_ws/install/examples_rclpy_minimal_publisher:/home/wyatt/ros2_ws/install/examples_rclpy_minimal_client:/home/wyatt/ros2_ws/install/examples_rclpy_minimal_action_server:/home/wyatt/ros2_ws/install/examples_rclpy_minimal_action_client:/home/wyatt/ros2_ws/install/examples_rclpy_guard_conditions:/home/wyatt/ros2_ws/install/examples_rclpy_executors:/opt/ros/humble LD_LIBRARY_PATH=/home/wyatt/ros2_ws/install/tutorial_interfaces/lib:${LD_LIBRARY_PATH} PYTHONPATH=/home/wyatt/ros2_ws/install/tutorial_interfaces/local/lib/python3.10/dist-packages:${PYTHONPATH} /usr/bin/cmake --install /home/wyatt/ros2_ws/build/cpp_srvcli
[3.720s] -- Install configuration: ""
[3.721s] -- Installing: /home/wyatt/ros2_ws/install/cpp_srvcli/lib/cpp_srvcli/server
[3.721s] -- Set runtime path of "/home/wyatt/ros2_ws/install/cpp_srvcli/lib/cpp_srvcli/server" to ""
[3.722s] -- Installing: /home/wyatt/ros2_ws/install/cpp_srvcli/lib/cpp_srvcli/client
[3.722s] -- Set runtime path of "/home/wyatt/ros2_ws/install/cpp_srvcli/lib/cpp_srvcli/client" to ""
[3.723s] -- Installing: /home/wyatt/ros2_ws/install/cpp_srvcli/share/ament_index/resource_index/package_run_dependencies/cpp_srvcli
[3.723s] -- Installing: /home/wyatt/ros2_ws/install/cpp_srvcli/share/ament_index/resource_index/parent_prefix_path/cpp_srvcli
[3.723s] -- Up-to-date: /home/wyatt/ros2_ws/install/cpp_srvcli/share/cpp_srvcli/environment/ament_prefix_path.sh
[3.723s] -- Installing: /home/wyatt/ros2_ws/install/cpp_srvcli/share/cpp_srvcli/environment/ament_prefix_path.dsv
[3.723s] -- Up-to-date: /home/wyatt/ros2_ws/install/cpp_srvcli/share/cpp_srvcli/environment/path.sh
[3.723s] -- Installing: /home/wyatt/ros2_ws/install/cpp_srvcli/share/cpp_srvcli/environment/path.dsv
[3.723s] -- Up-to-date: /home/wyatt/ros2_ws/install/cpp_srvcli/share/cpp_srvcli/local_setup.bash
[3.723s] -- Up-to-date: /home/wyatt/ros2_ws/install/cpp_srvcli/share/cpp_srvcli/local_setup.sh
[3.723s] -- Up-to-date: /home/wyatt/ros2_ws/install/cpp_srvcli/share/cpp_srvcli/local_setup.zsh
[3.723s] -- Installing: /home/wyatt/ros2_ws/install/cpp_srvcli/share/cpp_srvcli/local_setup.dsv
[3.723s] -- Installing: /home/wyatt/ros2_ws/install/cpp_srvcli/share/cpp_srvcli/package.dsv
[3.723s] -- Up-to-date: /home/wyatt/ros2_ws/install/cpp_srvcli/share/ament_index/resource_index/packages/cpp_srvcli
[3.723s] -- Up-to-date: /home/wyatt/ros2_ws/install/cpp_srvcli/share/cpp_srvcli/cmake/cpp_srvcliConfig.cmake
[3.723s] -- Up-to-date: /home/wyatt/ros2_ws/install/cpp_srvcli/share/cpp_srvcli/cmake/cpp_srvcliConfig-version.cmake
[3.723s] -- Installing: /home/wyatt/ros2_ws/install/cpp_srvcli/share/cpp_srvcli/package.xml
[3.725s] Invoked command in '/home/wyatt/ros2_ws/build/cpp_srvcli' returned '0': AMENT_PREFIX_PATH=/home/wyatt/ros2_ws/install/tutorial_interfaces:${AMENT_PREFIX_PATH} CMAKE_PREFIX_PATH=/home/wyatt/ros2_ws/install/tutorial_interfaces:/home/wyatt/ros2_ws/install/turtlesim:/home/wyatt/ros2_ws/install/examples_rclcpp_wait_set:/home/wyatt/ros2_ws/install/examples_rclcpp_multithreaded_executor:/home/wyatt/ros2_ws/install/examples_rclcpp_minimal_timer:/home/wyatt/ros2_ws/install/examples_rclcpp_minimal_subscriber:/home/wyatt/ros2_ws/install/examples_rclcpp_minimal_service:/home/wyatt/ros2_ws/install/examples_rclcpp_minimal_publisher:/home/wyatt/ros2_ws/install/examples_rclcpp_minimal_composition:/home/wyatt/ros2_ws/install/examples_rclcpp_minimal_client:/home/wyatt/ros2_ws/install/examples_rclcpp_minimal_action_server:/home/wyatt/ros2_ws/install/examples_rclcpp_minimal_action_client:/home/wyatt/ros2_ws/install/examples_rclcpp_cbg_executor:/home/wyatt/ros2_ws/install/examples_rclcpp_async_client:/home/wyatt/ros2_ws/install/cpp_srvcli:/home/wyatt/ros2_ws/install/cpp_pubsub:/home/wyatt/ros2_ws/install/py_pubsub:/home/wyatt/ros2_ws/install/my_package:/home/wyatt/ros2_ws/install/launch_testing_examples:/home/wyatt/ros2_ws/install/examples_rclpy_pointcloud_publisher:/home/wyatt/ros2_ws/install/examples_rclpy_minimal_subscriber:/home/wyatt/ros2_ws/install/examples_rclpy_minimal_service:/home/wyatt/ros2_ws/install/examples_rclpy_minimal_publisher:/home/wyatt/ros2_ws/install/examples_rclpy_minimal_client:/home/wyatt/ros2_ws/install/examples_rclpy_minimal_action_server:/home/wyatt/ros2_ws/install/examples_rclpy_minimal_action_client:/home/wyatt/ros2_ws/install/examples_rclpy_guard_conditions:/home/wyatt/ros2_ws/install/examples_rclpy_executors:/opt/ros/humble LD_LIBRARY_PATH=/home/wyatt/ros2_ws/install/tutorial_interfaces/lib:${LD_LIBRARY_PATH} PYTHONPATH=/home/wyatt/ros2_ws/install/tutorial_interfaces/local/lib/python3.10/dist-packages:${PYTHONPATH} /usr/bin/cmake --install /home/wyatt/ros2_ws/build/cpp_srvcli
