[2.680s] Invoking command in '/home/wyatt/ros2_ws/build/examples_rclpy_guard_conditions': PYTHONPATH=/home/wyatt/ros2_ws/build/examples_rclpy_guard_conditions/prefix_override:/home/wyatt/ros2_ws/install/examples_rclpy_guard_conditions/lib/python3.10/site-packages:${PYTHONPATH} /usr/bin/python3 setup.py develop --uninstall --editable --build-directory /home/wyatt/ros2_ws/build/examples_rclpy_guard_conditions/build
[3.770s] running develop
[3.770s] Removing /home/wyatt/ros2_ws/install/examples_rclpy_guard_conditions/lib/python3.10/site-packages/examples-rclpy-guard-conditions.egg-link (link to .)
[4.021s] Invoked command in '/home/wyatt/ros2_ws/build/examples_rclpy_guard_conditions' returned '0': PYTHONPATH=/home/wyatt/ros2_ws/build/examples_rclpy_guard_conditions/prefix_override:/home/wyatt/ros2_ws/install/examples_rclpy_guard_conditions/lib/python3.10/site-packages:${PYTHONPATH} /usr/bin/python3 setup.py develop --uninstall --editable --build-directory /home/wyatt/ros2_ws/build/examples_rclpy_guard_conditions/build
[4.022s] Invoking command in '/home/wyatt/ros2_ws/src/examples/rclpy/guard_conditions': PYTHONPATH=/home/wyatt/ros2_ws/build/examples_rclpy_guard_conditions/prefix_override:/home/wyatt/ros2_ws/install/examples_rclpy_guard_conditions/lib/python3.10/site-packages:${PYTHONPATH} /usr/bin/python3 setup.py egg_info --egg-base ../../../../build/examples_rclpy_guard_conditions build --build-base /home/wyatt/ros2_ws/build/examples_rclpy_guard_conditions/build install --record /home/wyatt/ros2_ws/build/examples_rclpy_guard_conditions/install.log --single-version-externally-managed
[4.392s] running egg_info
[4.393s] writing ../../../../build/examples_rclpy_guard_conditions/examples_rclpy_guard_conditions.egg-info/PKG-INFO
[4.394s] writing dependency_links to ../../../../build/examples_rclpy_guard_conditions/examples_rclpy_guard_conditions.egg-info/dependency_links.txt
[4.394s] writing entry points to ../../../../build/examples_rclpy_guard_conditions/examples_rclpy_guard_conditions.egg-info/entry_points.txt
[4.394s] writing requirements to ../../../../build/examples_rclpy_guard_conditions/examples_rclpy_guard_conditions.egg-info/requires.txt
[4.394s] writing top-level names to ../../../../build/examples_rclpy_guard_conditions/examples_rclpy_guard_conditions.egg-info/top_level.txt
[4.396s] reading manifest file '../../../../build/examples_rclpy_guard_conditions/examples_rclpy_guard_conditions.egg-info/SOURCES.txt'
[4.398s] writing manifest file '../../../../build/examples_rclpy_guard_conditions/examples_rclpy_guard_conditions.egg-info/SOURCES.txt'
[4.398s] running build
[4.398s] running build_py
[4.398s] creating /home/wyatt/ros2_ws/build/examples_rclpy_guard_conditions/build
[4.398s] creating /home/wyatt/ros2_ws/build/examples_rclpy_guard_conditions/build/lib
[4.398s] creating /home/wyatt/ros2_ws/build/examples_rclpy_guard_conditions/build/lib/examples_rclpy_guard_conditions
[4.399s] copying examples_rclpy_guard_conditions/trigger_guard_condition.py -> /home/wyatt/ros2_ws/build/examples_rclpy_guard_conditions/build/lib/examples_rclpy_guard_conditions
[4.399s] copying examples_rclpy_guard_conditions/__init__.py -> /home/wyatt/ros2_ws/build/examples_rclpy_guard_conditions/build/lib/examples_rclpy_guard_conditions
[4.399s] running install
[4.399s] running install_lib
[4.400s] creating /home/wyatt/ros2_ws/install/examples_rclpy_guard_conditions/lib/python3.10/site-packages/examples_rclpy_guard_conditions
[4.400s] copying /home/wyatt/ros2_ws/build/examples_rclpy_guard_conditions/build/lib/examples_rclpy_guard_conditions/trigger_guard_condition.py -> /home/wyatt/ros2_ws/install/examples_rclpy_guard_conditions/lib/python3.10/site-packages/examples_rclpy_guard_conditions
[4.400s] copying /home/wyatt/ros2_ws/build/examples_rclpy_guard_conditions/build/lib/examples_rclpy_guard_conditions/__init__.py -> /home/wyatt/ros2_ws/install/examples_rclpy_guard_conditions/lib/python3.10/site-packages/examples_rclpy_guard_conditions
[4.401s] byte-compiling /home/wyatt/ros2_ws/install/examples_rclpy_guard_conditions/lib/python3.10/site-packages/examples_rclpy_guard_conditions/trigger_guard_condition.py to trigger_guard_condition.cpython-310.pyc
[4.401s] byte-compiling /home/wyatt/ros2_ws/install/examples_rclpy_guard_conditions/lib/python3.10/site-packages/examples_rclpy_guard_conditions/__init__.py to __init__.cpython-310.pyc
[4.402s] running install_data
[4.402s] running install_egg_info
[4.405s] Copying ../../../../build/examples_rclpy_guard_conditions/examples_rclpy_guard_conditions.egg-info to /home/wyatt/ros2_ws/install/examples_rclpy_guard_conditions/lib/python3.10/site-packages/examples_rclpy_guard_conditions-0.15.1-py3.10.egg-info
[4.406s] running install_scripts
[4.432s] Installing trigger_guard_condition script to /home/wyatt/ros2_ws/install/examples_rclpy_guard_conditions/lib/examples_rclpy_guard_conditions
[4.432s] writing list of installed files to '/home/wyatt/ros2_ws/build/examples_rclpy_guard_conditions/install.log'
[4.473s] Invoked command in '/home/wyatt/ros2_ws/src/examples/rclpy/guard_conditions' returned '0': PYTHONPATH=/home/wyatt/ros2_ws/build/examples_rclpy_guard_conditions/prefix_override:/home/wyatt/ros2_ws/install/examples_rclpy_guard_conditions/lib/python3.10/site-packages:${PYTHONPATH} /usr/bin/python3 setup.py egg_info --egg-base ../../../../build/examples_rclpy_guard_conditions build --build-base /home/wyatt/ros2_ws/build/examples_rclpy_guard_conditions/build install --record /home/wyatt/ros2_ws/build/examples_rclpy_guard_conditions/install.log --single-version-externally-managed
