[3.828s] Invoking command in '/home/wyatt/ros2_ws/src/examples/rclpy/services/minimal_client': PYTHONPATH=/home/wyatt/ros2_ws/build/examples_rclpy_minimal_client/prefix_override:/home/wyatt/ros2_ws/install/examples_rclpy_minimal_client/lib/python3.10/site-packages:${PYTHONPATH} /usr/bin/python3 setup.py egg_info --egg-base ../../../../../build/examples_rclpy_minimal_client build --build-base /home/wyatt/ros2_ws/build/examples_rclpy_minimal_client/build install --record /home/wyatt/ros2_ws/build/examples_rclpy_minimal_client/install.log --single-version-externally-managed
[4.113s] running egg_info
[4.114s] writing ../../../../../build/examples_rclpy_minimal_client/examples_rclpy_minimal_client.egg-info/PKG-INFO
[4.114s] writing dependency_links to ../../../../../build/examples_rclpy_minimal_client/examples_rclpy_minimal_client.egg-info/dependency_links.txt
[4.114s] writing entry points to ../../../../../build/examples_rclpy_minimal_client/examples_rclpy_minimal_client.egg-info/entry_points.txt
[4.115s] writing requirements to ../../../../../build/examples_rclpy_minimal_client/examples_rclpy_minimal_client.egg-info/requires.txt
[4.115s] writing top-level names to ../../../../../build/examples_rclpy_minimal_client/examples_rclpy_minimal_client.egg-info/top_level.txt
[4.117s] reading manifest file '../../../../../build/examples_rclpy_minimal_client/examples_rclpy_minimal_client.egg-info/SOURCES.txt'
[4.118s] writing manifest file '../../../../../build/examples_rclpy_minimal_client/examples_rclpy_minimal_client.egg-info/SOURCES.txt'
[4.118s] running build
[4.118s] running build_py
[4.119s] running install
[4.119s] running install_lib
[4.121s] running install_data
[4.122s] running install_egg_info
[4.125s] removing '/home/wyatt/ros2_ws/install/examples_rclpy_minimal_client/lib/python3.10/site-packages/examples_rclpy_minimal_client-0.15.1-py3.10.egg-info' (and everything under it)
[4.126s] Copying ../../../../../build/examples_rclpy_minimal_client/examples_rclpy_minimal_client.egg-info to /home/wyatt/ros2_ws/install/examples_rclpy_minimal_client/lib/python3.10/site-packages/examples_rclpy_minimal_client-0.15.1-py3.10.egg-info
[4.127s] running install_scripts
[4.148s] Installing client script to /home/wyatt/ros2_ws/install/examples_rclpy_minimal_client/lib/examples_rclpy_minimal_client
[4.149s] Installing client_async script to /home/wyatt/ros2_ws/install/examples_rclpy_minimal_client/lib/examples_rclpy_minimal_client
[4.149s] Installing client_async_callback script to /home/wyatt/ros2_ws/install/examples_rclpy_minimal_client/lib/examples_rclpy_minimal_client
[4.149s] Installing client_async_member_function script to /home/wyatt/ros2_ws/install/examples_rclpy_minimal_client/lib/examples_rclpy_minimal_client
[4.149s] writing list of installed files to '/home/wyatt/ros2_ws/build/examples_rclpy_minimal_client/install.log'
[4.192s] Invoked command in '/home/wyatt/ros2_ws/src/examples/rclpy/services/minimal_client' returned '0': PYTHONPATH=/home/wyatt/ros2_ws/build/examples_rclpy_minimal_client/prefix_override:/home/wyatt/ros2_ws/install/examples_rclpy_minimal_client/lib/python3.10/site-packages:${PYTHONPATH} /usr/bin/python3 setup.py egg_info --egg-base ../../../../../build/examples_rclpy_minimal_client build --build-base /home/wyatt/ros2_ws/build/examples_rclpy_minimal_client/build install --record /home/wyatt/ros2_ws/build/examples_rclpy_minimal_client/install.log --single-version-externally-managed
