[1.989s] Invoking command in '/home/wyatt/ros2_ws/src/examples/rclpy/topics/pointcloud_publisher': PYTHONPATH=/home/wyatt/ros2_ws/src/build/examples_rclpy_pointcloud_publisher/prefix_override:/home/wyatt/ros2_ws/src/install/examples_rclpy_pointcloud_publisher/lib/python3.10/site-packages:${PYTHONPATH} /usr/bin/python3 setup.py egg_info --egg-base ../../../../build/examples_rclpy_pointcloud_publisher build --build-base /home/wyatt/ros2_ws/src/build/examples_rclpy_pointcloud_publisher/build install --record /home/wyatt/ros2_ws/src/build/examples_rclpy_pointcloud_publisher/install.log --single-version-externally-managed
[2.392s] running egg_info
[2.393s] creating ../../../../build/examples_rclpy_pointcloud_publisher/examples_rclpy_pointcloud_publisher.egg-info
[2.393s] writing ../../../../build/examples_rclpy_pointcloud_publisher/examples_rclpy_pointcloud_publisher.egg-info/PKG-INFO
[2.394s] writing dependency_links to ../../../../build/examples_rclpy_pointcloud_publisher/examples_rclpy_pointcloud_publisher.egg-info/dependency_links.txt
[2.394s] writing entry points to ../../../../build/examples_rclpy_pointcloud_publisher/examples_rclpy_pointcloud_publisher.egg-info/entry_points.txt
[2.394s] writing requirements to ../../../../build/examples_rclpy_pointcloud_publisher/examples_rclpy_pointcloud_publisher.egg-info/requires.txt
[2.394s] writing top-level names to ../../../../build/examples_rclpy_pointcloud_publisher/examples_rclpy_pointcloud_publisher.egg-info/top_level.txt
[2.394s] writing manifest file '../../../../build/examples_rclpy_pointcloud_publisher/examples_rclpy_pointcloud_publisher.egg-info/SOURCES.txt'
[2.397s] reading manifest file '../../../../build/examples_rclpy_pointcloud_publisher/examples_rclpy_pointcloud_publisher.egg-info/SOURCES.txt'
[2.397s] writing manifest file '../../../../build/examples_rclpy_pointcloud_publisher/examples_rclpy_pointcloud_publisher.egg-info/SOURCES.txt'
[2.397s] running build
[2.397s] running build_py
[2.397s] creating /home/wyatt/ros2_ws/src/build/examples_rclpy_pointcloud_publisher/build
[2.398s] creating /home/wyatt/ros2_ws/src/build/examples_rclpy_pointcloud_publisher/build/lib
[2.398s] creating /home/wyatt/ros2_ws/src/build/examples_rclpy_pointcloud_publisher/build/lib/examples_rclpy_pointcloud_publisher
[2.398s] copying examples_rclpy_pointcloud_publisher/pointcloud_publisher.py -> /home/wyatt/ros2_ws/src/build/examples_rclpy_pointcloud_publisher/build/lib/examples_rclpy_pointcloud_publisher
[2.398s] copying examples_rclpy_pointcloud_publisher/__init__.py -> /home/wyatt/ros2_ws/src/build/examples_rclpy_pointcloud_publisher/build/lib/examples_rclpy_pointcloud_publisher
[2.398s] running install
[2.399s] running install_lib
[2.399s] creating /home/wyatt/ros2_ws/src/install/examples_rclpy_pointcloud_publisher/lib/python3.10/site-packages/examples_rclpy_pointcloud_publisher
[2.399s] copying /home/wyatt/ros2_ws/src/build/examples_rclpy_pointcloud_publisher/build/lib/examples_rclpy_pointcloud_publisher/pointcloud_publisher.py -> /home/wyatt/ros2_ws/src/install/examples_rclpy_pointcloud_publisher/lib/python3.10/site-packages/examples_rclpy_pointcloud_publisher
[2.399s] copying /home/wyatt/ros2_ws/src/build/examples_rclpy_pointcloud_publisher/build/lib/examples_rclpy_pointcloud_publisher/__init__.py -> /home/wyatt/ros2_ws/src/install/examples_rclpy_pointcloud_publisher/lib/python3.10/site-packages/examples_rclpy_pointcloud_publisher
[2.400s] byte-compiling /home/wyatt/ros2_ws/src/install/examples_rclpy_pointcloud_publisher/lib/python3.10/site-packages/examples_rclpy_pointcloud_publisher/pointcloud_publisher.py to pointcloud_publisher.cpython-310.pyc
[2.400s] byte-compiling /home/wyatt/ros2_ws/src/install/examples_rclpy_pointcloud_publisher/lib/python3.10/site-packages/examples_rclpy_pointcloud_publisher/__init__.py to __init__.cpython-310.pyc
[2.401s] running install_data
[2.401s] creating /home/wyatt/ros2_ws/src/install/examples_rclpy_pointcloud_publisher/share/ament_index
[2.401s] creating /home/wyatt/ros2_ws/src/install/examples_rclpy_pointcloud_publisher/share/ament_index/resource_index
[2.401s] creating /home/wyatt/ros2_ws/src/install/examples_rclpy_pointcloud_publisher/share/ament_index/resource_index/packages
[2.401s] copying resource/examples_rclpy_pointcloud_publisher -> /home/wyatt/ros2_ws/src/install/examples_rclpy_pointcloud_publisher/share/ament_index/resource_index/packages
[2.402s] copying package.xml -> /home/wyatt/ros2_ws/src/install/examples_rclpy_pointcloud_publisher/share/examples_rclpy_pointcloud_publisher
[2.402s] running install_egg_info
[2.403s] Copying ../../../../build/examples_rclpy_pointcloud_publisher/examples_rclpy_pointcloud_publisher.egg-info to /home/wyatt/ros2_ws/src/install/examples_rclpy_pointcloud_publisher/lib/python3.10/site-packages/examples_rclpy_pointcloud_publisher-0.15.1-py3.10.egg-info
[2.404s] running install_scripts
[2.423s] Installing pointcloud_publisher script to /home/wyatt/ros2_ws/src/install/examples_rclpy_pointcloud_publisher/lib/examples_rclpy_pointcloud_publisher
[2.424s] writing list of installed files to '/home/wyatt/ros2_ws/src/build/examples_rclpy_pointcloud_publisher/install.log'
[2.498s] Invoked command in '/home/wyatt/ros2_ws/src/examples/rclpy/topics/pointcloud_publisher' returned '0': PYTHONPATH=/home/wyatt/ros2_ws/src/build/examples_rclpy_pointcloud_publisher/prefix_override:/home/wyatt/ros2_ws/src/install/examples_rclpy_pointcloud_publisher/lib/python3.10/site-packages:${PYTHONPATH} /usr/bin/python3 setup.py egg_info --egg-base ../../../../build/examples_rclpy_pointcloud_publisher build --build-base /home/wyatt/ros2_ws/src/build/examples_rclpy_pointcloud_publisher/build install --record /home/wyatt/ros2_ws/src/build/examples_rclpy_pointcloud_publisher/install.log --single-version-externally-managed
