[0.839s] Invoking command in '/home/wyatt/ros2_ws/build/turtlesim': CMAKE_PREFIX_PATH=${CMAKE_PREFIX_PATH}:/home/wyatt/ros2_ws/install/launch_testing_examples:/home/wyatt/ros2_ws/install/examples_rclpy_pointcloud_publisher:/home/wyatt/ros2_ws/install/examples_rclpy_minimal_subscriber:/home/wyatt/ros2_ws/install/examples_rclpy_minimal_service:/home/wyatt/ros2_ws/install/examples_rclpy_minimal_publisher:/home/wyatt/ros2_ws/install/examples_rclpy_minimal_client:/home/wyatt/ros2_ws/install/examples_rclpy_minimal_action_server:/home/wyatt/ros2_ws/install/examples_rclpy_minimal_action_client:/home/wyatt/ros2_ws/install/examples_rclpy_guard_conditions:/home/wyatt/ros2_ws/install/examples_rclpy_executors:/opt/ros/humble /usr/bin/cmake /home/wyatt/ros2_ws/src/ros_tutorials/turtlesim -DCMAKE_INSTALL_PREFIX=/home/wyatt/ros2_ws/install/turtlesim
[0.944s] -- The C compiler identification is GNU 11.4.0
[1.021s] -- The CXX compiler identification is GNU 11.4.0
[1.031s] -- Detecting C compiler ABI info
[1.120s] -- Detecting C compiler ABI info - done
[1.133s] -- Check for working C compiler: /usr/bin/cc - skipped
[1.134s] -- Detecting C compile features
[1.135s] -- Detecting C compile features - done
[1.140s] -- Detecting CXX compiler ABI info
[1.248s] -- Detecting CXX compiler ABI info - done
[1.260s] -- Check for working CXX compiler: /usr/bin/c++ - skipped
[1.260s] -- Detecting CXX compile features
[1.261s] -- Detecting CXX compile features - done
[1.267s] -- Found ament_cmake: 1.3.5 (/opt/ros/humble/share/ament_cmake/cmake)
[1.453s] -- Found Python3: /usr/bin/python3.10 (found version "3.10.12") found components: Interpreter 
[1.576s] -- Found ament_index_cpp: 1.4.0 (/opt/ros/humble/share/ament_index_cpp/cmake)
[1.580s] -- Found geometry_msgs: 4.2.3 (/opt/ros/humble/share/geometry_msgs/cmake)
[1.633s] -- Found rosidl_generator_c: 3.1.5 (/opt/ros/humble/share/rosidl_generator_c/cmake)
[1.641s] -- Found rosidl_adapter: 3.1.5 (/opt/ros/humble/share/rosidl_adapter/cmake)
[1.652s] -- Found rosidl_generator_cpp: 3.1.5 (/opt/ros/humble/share/rosidl_generator_cpp/cmake)
[1.669s] -- Using all available rosidl_typesupport_c: rosidl_typesupport_fastrtps_c;rosidl_typesupport_introspection_c
[1.692s] -- Using all available rosidl_typesupport_cpp: rosidl_typesupport_fastrtps_cpp;rosidl_typesupport_introspection_cpp
[1.830s] -- Found rclcpp: 16.0.6 (/opt/ros/humble/share/rclcpp/cmake)
[1.897s] -- Found rmw_implementation_cmake: 6.1.1 (/opt/ros/humble/share/rmw_implementation_cmake/cmake)
[1.901s] -- Found rmw_fastrtps_cpp: 6.2.4 (/opt/ros/humble/share/rmw_fastrtps_cpp/cmake)
[1.998s] -- Found OpenSSL: /usr/lib/x86_64-linux-gnu/libcrypto.so (found version "3.0.2")  
[2.022s] -- Found FastRTPS: /opt/ros/humble/include  
[2.064s] -- Using RMW implementation 'rmw_fastrtps_cpp' as default
[2.077s] -- Looking for pthread.h
[2.135s] -- Looking for pthread.h - found
[2.135s] -- Performing Test CMAKE_HAVE_LIBC_PTHREAD
[2.192s] -- Performing Test CMAKE_HAVE_LIBC_PTHREAD - Success
[2.193s] -- Found Threads: TRUE  
[2.307s] -- Found rclcpp_action: 16.0.6 (/opt/ros/humble/share/rclcpp_action/cmake)
[2.394s] -- Found rosidl_default_generators: 1.2.0 (/opt/ros/humble/share/rosidl_default_generators/cmake)
[2.408s] -- Found std_srvs: 4.2.3 (/opt/ros/humble/share/std_srvs/cmake)
[2.687s] -- Found ament_cmake_ros: 0.10.0 (/opt/ros/humble/share/ament_cmake_ros/cmake)
[2.967s] -- Using all available rosidl_typesupport_c: rosidl_typesupport_fastrtps_c;rosidl_typesupport_introspection_c
[3.069s] -- Using all available rosidl_typesupport_cpp: rosidl_typesupport_fastrtps_cpp;rosidl_typesupport_introspection_cpp
[3.089s] -- Found PythonInterp: /usr/bin/python3 (found suitable version "3.10.12", minimum required is "3.6") 
[3.092s] -- Found python_cmake_module: 0.10.0 (/opt/ros/humble/share/python_cmake_module/cmake)
[3.115s] -- Found PythonLibs: /usr/lib/x86_64-linux-gnu/libpython3.10.so (found suitable version "3.10.12", minimum required is "3.5") 
[3.115s] -- Using PYTHON_EXECUTABLE: /usr/bin/python3
[3.115s] -- Using PYTHON_INCLUDE_DIRS: /usr/include/python3.10
[3.115s] -- Using PYTHON_LIBRARIES: /usr/lib/x86_64-linux-gnu/libpython3.10.so
[3.133s] -- Found PythonExtra: .so  
[3.195s] -- Configuring done
[3.246s] -- Generating done
[3.249s] -- Build files have been written to: /home/wyatt/ros2_ws/build/turtlesim
[3.258s] Invoked command in '/home/wyatt/ros2_ws/build/turtlesim' returned '0': CMAKE_PREFIX_PATH=${CMAKE_PREFIX_PATH}:/home/wyatt/ros2_ws/install/launch_testing_examples:/home/wyatt/ros2_ws/install/examples_rclpy_pointcloud_publisher:/home/wyatt/ros2_ws/install/examples_rclpy_minimal_subscriber:/home/wyatt/ros2_ws/install/examples_rclpy_minimal_service:/home/wyatt/ros2_ws/install/examples_rclpy_minimal_publisher:/home/wyatt/ros2_ws/install/examples_rclpy_minimal_client:/home/wyatt/ros2_ws/install/examples_rclpy_minimal_action_server:/home/wyatt/ros2_ws/install/examples_rclpy_minimal_action_client:/home/wyatt/ros2_ws/install/examples_rclpy_guard_conditions:/home/wyatt/ros2_ws/install/examples_rclpy_executors:/opt/ros/humble /usr/bin/cmake /home/wyatt/ros2_ws/src/ros_tutorials/turtlesim -DCMAKE_INSTALL_PREFIX=/home/wyatt/ros2_ws/install/turtlesim
[3.259s] Invoking command in '/home/wyatt/ros2_ws/build/turtlesim': CMAKE_PREFIX_PATH=${CMAKE_PREFIX_PATH}:/home/wyatt/ros2_ws/install/launch_testing_examples:/home/wyatt/ros2_ws/install/examples_rclpy_pointcloud_publisher:/home/wyatt/ros2_ws/install/examples_rclpy_minimal_subscriber:/home/wyatt/ros2_ws/install/examples_rclpy_minimal_service:/home/wyatt/ros2_ws/install/examples_rclpy_minimal_publisher:/home/wyatt/ros2_ws/install/examples_rclpy_minimal_client:/home/wyatt/ros2_ws/install/examples_rclpy_minimal_action_server:/home/wyatt/ros2_ws/install/examples_rclpy_minimal_action_client:/home/wyatt/ros2_ws/install/examples_rclpy_guard_conditions:/home/wyatt/ros2_ws/install/examples_rclpy_executors:/opt/ros/humble /usr/bin/cmake --build /home/wyatt/ros2_ws/build/turtlesim -- -j12 -l12
[3.293s] [  1%] [34m[1mGenerating C code for ROS interfaces[0m
[3.302s] [  2%] [34m[1mGenerating C++ code for ROS interfaces[0m
[3.309s] [  2%] Built target ament_cmake_python_copy_turtlesim
[3.532s] running egg_info
[3.533s] creating turtlesim.egg-info
[3.533s] writing turtlesim.egg-info/PKG-INFO
[3.533s] writing dependency_links to turtlesim.egg-info/dependency_links.txt
[3.533s] writing top-level names to turtlesim.egg-info/top_level.txt
[3.533s] writing manifest file 'turtlesim.egg-info/SOURCES.txt'
[3.535s] reading manifest file 'turtlesim.egg-info/SOURCES.txt'
[3.535s] writing manifest file 'turtlesim.egg-info/SOURCES.txt'
[3.555s] [  2%] Built target ament_cmake_python_build_turtlesim_egg
[4.032s] [  2%] Built target turtlesim__cpp
[4.041s] [  5%] [34m[1mGenerating C++ type support dispatch for ROS interfaces[0m
[4.041s] [  5%] [34m[1mGenerating C++ type support for eProsima Fast-RTPS[0m
[4.041s] [  5%] [34m[1mGenerating C++ introspection for ROS interfaces[0m
[4.112s] [  6%] [32mBuilding C object CMakeFiles/turtlesim__rosidl_generator_c.dir/rosidl_generator_c/turtlesim/action/detail/rotate_absolute__functions.c.o[0m
[4.114s] [  7%] [32mBuilding C object CMakeFiles/turtlesim__rosidl_generator_c.dir/rosidl_generator_c/turtlesim/msg/detail/color__functions.c.o[0m
[4.114s] [  9%] [32mBuilding C object CMakeFiles/turtlesim__rosidl_generator_c.dir/rosidl_generator_c/turtlesim/msg/detail/pose__functions.c.o[0m
[4.114s] [  9%] [32mBuilding C object CMakeFiles/turtlesim__rosidl_generator_c.dir/rosidl_generator_c/turtlesim/srv/detail/set_pen__functions.c.o[0m
[4.114s] [ 10%] [32mBuilding C object CMakeFiles/turtlesim__rosidl_generator_c.dir/rosidl_generator_c/turtlesim/srv/detail/kill__functions.c.o[0m
[4.115s] [ 11%] [32mBuilding C object CMakeFiles/turtlesim__rosidl_generator_c.dir/rosidl_generator_c/turtlesim/srv/detail/spawn__functions.c.o[0m
[4.115s] [ 12%] [32mBuilding C object CMakeFiles/turtlesim__rosidl_generator_c.dir/rosidl_generator_c/turtlesim/srv/detail/teleport_absolute__functions.c.o[0m
[4.115s] [ 13%] [32mBuilding C object CMakeFiles/turtlesim__rosidl_generator_c.dir/rosidl_generator_c/turtlesim/srv/detail/teleport_relative__functions.c.o[0m
[4.240s] [ 14%] [32m[1mLinking C shared library libturtlesim__rosidl_generator_c.so[0m
[4.273s] [ 14%] Built target turtlesim__rosidl_generator_c
[4.282s] [ 16%] [34m[1mGenerating C type support dispatch for ROS interfaces[0m
[4.282s] [ 16%] [34m[1mGenerating C introspection for ROS interfaces[0m
[4.283s] [ 17%] [34m[1mGenerating C type support for eProsima Fast-RTPS[0m
[4.540s] [ 20%] [32mBuilding CXX object CMakeFiles/turtlesim__rosidl_typesupport_cpp.dir/rosidl_typesupport_cpp/turtlesim/msg/color__type_support.cpp.o[0m
[4.541s] [ 20%] [32mBuilding CXX object CMakeFiles/turtlesim__rosidl_typesupport_cpp.dir/rosidl_typesupport_cpp/turtlesim/action/rotate_absolute__type_support.cpp.o[0m
[4.541s] [ 22%] [32mBuilding CXX object CMakeFiles/turtlesim__rosidl_typesupport_cpp.dir/rosidl_typesupport_cpp/turtlesim/srv/set_pen__type_support.cpp.o[0m
[4.541s] [ 22%] [32mBuilding CXX object CMakeFiles/turtlesim__rosidl_typesupport_cpp.dir/rosidl_typesupport_cpp/turtlesim/srv/kill__type_support.cpp.o[0m
[4.541s] [ 23%] [32mBuilding CXX object CMakeFiles/turtlesim__rosidl_typesupport_cpp.dir/rosidl_typesupport_cpp/turtlesim/srv/teleport_absolute__type_support.cpp.o[0m
[4.541s] [ 20%] [32mBuilding CXX object CMakeFiles/turtlesim__rosidl_typesupport_cpp.dir/rosidl_typesupport_cpp/turtlesim/msg/pose__type_support.cpp.o[0m
[4.542s] [ 24%] [32mBuilding CXX object CMakeFiles/turtlesim__rosidl_typesupport_cpp.dir/rosidl_typesupport_cpp/turtlesim/srv/spawn__type_support.cpp.o[0m
[4.898s] [ 25%] [32mBuilding CXX object CMakeFiles/turtlesim__rosidl_typesupport_cpp.dir/rosidl_typesupport_cpp/turtlesim/srv/teleport_relative__type_support.cpp.o[0m
[4.905s] [ 26%] [32mBuilding CXX object CMakeFiles/turtlesim__rosidl_typesupport_introspection_cpp.dir/rosidl_typesupport_introspection_cpp/turtlesim/action/detail/rotate_absolute__type_support.cpp.o[0m
[4.909s] [ 27%] [32mBuilding CXX object CMakeFiles/turtlesim__rosidl_typesupport_introspection_cpp.dir/rosidl_typesupport_introspection_cpp/turtlesim/msg/detail/color__type_support.cpp.o[0m
[4.910s] [ 28%] [32mBuilding CXX object CMakeFiles/turtlesim__rosidl_typesupport_introspection_cpp.dir/rosidl_typesupport_introspection_cpp/turtlesim/msg/detail/pose__type_support.cpp.o[0m
[4.914s] [ 29%] [32mBuilding CXX object CMakeFiles/turtlesim__rosidl_typesupport_introspection_cpp.dir/rosidl_typesupport_introspection_cpp/turtlesim/srv/detail/kill__type_support.cpp.o[0m
[4.914s] [ 30%] [32mBuilding CXX object CMakeFiles/turtlesim__rosidl_typesupport_introspection_cpp.dir/rosidl_typesupport_introspection_cpp/turtlesim/srv/detail/set_pen__type_support.cpp.o[0m
[4.923s] [ 31%] [32mBuilding CXX object CMakeFiles/turtlesim__rosidl_typesupport_introspection_cpp.dir/rosidl_typesupport_introspection_cpp/turtlesim/srv/detail/spawn__type_support.cpp.o[0m
[4.927s] [ 32%] [32mBuilding CXX object CMakeFiles/turtlesim__rosidl_typesupport_c.dir/rosidl_typesupport_c/turtlesim/action/rotate_absolute__type_support.cpp.o[0m
[4.994s] [ 33%] [32mBuilding CXX object CMakeFiles/turtlesim__rosidl_typesupport_c.dir/rosidl_typesupport_c/turtlesim/msg/color__type_support.cpp.o[0m
[5.033s] [ 34%] [32mBuilding CXX object CMakeFiles/turtlesim__rosidl_typesupport_c.dir/rosidl_typesupport_c/turtlesim/msg/pose__type_support.cpp.o[0m
[5.073s] [ 35%] [32mBuilding CXX object CMakeFiles/turtlesim__rosidl_typesupport_c.dir/rosidl_typesupport_c/turtlesim/srv/kill__type_support.cpp.o[0m
[5.117s] [ 36%] [32mBuilding CXX object CMakeFiles/turtlesim__rosidl_typesupport_c.dir/rosidl_typesupport_c/turtlesim/srv/set_pen__type_support.cpp.o[0m
[5.147s] [ 37%] [32mBuilding CXX object CMakeFiles/turtlesim__rosidl_typesupport_fastrtps_cpp.dir/rosidl_typesupport_fastrtps_cpp/turtlesim/action/detail/dds_fastrtps/rotate_absolute__type_support.cpp.o[0m
[5.160s] [ 38%] [32mBuilding CXX object CMakeFiles/turtlesim__rosidl_typesupport_c.dir/rosidl_typesupport_c/turtlesim/srv/spawn__type_support.cpp.o[0m
[5.171s] [ 39%] [32mBuilding CXX object CMakeFiles/turtlesim__rosidl_typesupport_c.dir/rosidl_typesupport_c/turtlesim/srv/teleport_absolute__type_support.cpp.o[0m
[5.206s] [ 40%] [32mBuilding CXX object CMakeFiles/turtlesim__rosidl_typesupport_c.dir/rosidl_typesupport_c/turtlesim/srv/teleport_relative__type_support.cpp.o[0m
[5.227s] [ 41%] [32mBuilding CXX object CMakeFiles/turtlesim__rosidl_typesupport_introspection_cpp.dir/rosidl_typesupport_introspection_cpp/turtlesim/srv/detail/teleport_absolute__type_support.cpp.o[0m
[5.252s] [ 42%] [32m[1mLinking CXX shared library libturtlesim__rosidl_typesupport_c.so[0m
[5.307s] [ 43%] [32m[1mLinking CXX shared library libturtlesim__rosidl_typesupport_cpp.so[0m
[5.317s] [ 43%] Built target turtlesim__rosidl_typesupport_c
[5.354s] [ 44%] [32mBuilding C object CMakeFiles/turtlesim__rosidl_typesupport_introspection_c.dir/rosidl_typesupport_introspection_c/turtlesim/action/detail/rotate_absolute__type_support.c.o[0m
[5.364s] [ 45%] [32mBuilding C object CMakeFiles/turtlesim__rosidl_typesupport_introspection_c.dir/rosidl_typesupport_introspection_c/turtlesim/msg/detail/color__type_support.c.o[0m
[5.377s] [ 45%] Built target turtlesim__rosidl_typesupport_cpp
[5.401s] [ 46%] [34m[1mGenerating include/turtlesim/moc_turtle_frame.cpp[0m
[5.410s] [ 47%] [32mBuilding C object CMakeFiles/turtlesim__rosidl_typesupport_introspection_c.dir/rosidl_typesupport_introspection_c/turtlesim/msg/detail/pose__type_support.c.o[0m
[5.425s] [ 48%] [32mBuilding C object CMakeFiles/turtlesim__rosidl_typesupport_introspection_c.dir/rosidl_typesupport_introspection_c/turtlesim/srv/detail/kill__type_support.c.o[0m
[5.427s] [ 49%] [32mBuilding CXX object CMakeFiles/turtlesim__rosidl_typesupport_introspection_cpp.dir/rosidl_typesupport_introspection_cpp/turtlesim/srv/detail/teleport_relative__type_support.cpp.o[0m
[5.446s] [ 50%] [32mBuilding C object CMakeFiles/turtlesim__rosidl_typesupport_introspection_c.dir/rosidl_typesupport_introspection_c/turtlesim/srv/detail/set_pen__type_support.c.o[0m
[5.461s] [ 51%] [32mBuilding C object CMakeFiles/turtlesim__rosidl_typesupport_introspection_c.dir/rosidl_typesupport_introspection_c/turtlesim/srv/detail/spawn__type_support.c.o[0m
[5.468s] [ 52%] [32mBuilding CXX object CMakeFiles/turtle_teleop_key.dir/tutorials/teleop_turtle_key.cpp.o[0m
[5.472s] [ 53%] [32mBuilding CXX object CMakeFiles/turtlesim__rosidl_typesupport_fastrtps_cpp.dir/rosidl_typesupport_fastrtps_cpp/turtlesim/msg/detail/dds_fastrtps/color__type_support.cpp.o[0m
[5.480s] [ 54%] [32mBuilding CXX object CMakeFiles/turtlesim__rosidl_typesupport_fastrtps_c.dir/rosidl_typesupport_fastrtps_c/turtlesim/action/detail/rotate_absolute__type_support_c.cpp.o[0m
[5.494s] [ 55%] [32mBuilding CXX object CMakeFiles/draw_square.dir/tutorials/draw_square.cpp.o[0m
[5.497s] [ 56%] [32mBuilding C object CMakeFiles/turtlesim__rosidl_typesupport_introspection_c.dir/rosidl_typesupport_introspection_c/turtlesim/srv/detail/teleport_absolute__type_support.c.o[0m
[5.497s] [ 57%] [32mBuilding CXX object CMakeFiles/turtlesim__rosidl_typesupport_fastrtps_c.dir/rosidl_typesupport_fastrtps_c/turtlesim/msg/detail/color__type_support_c.cpp.o[0m
[5.528s] [ 58%] [32mBuilding CXX object CMakeFiles/turtlesim_node.dir/src/turtlesim.cpp.o[0m
[5.542s] [ 59%] [32mBuilding CXX object CMakeFiles/turtlesim__rosidl_typesupport_fastrtps_c.dir/rosidl_typesupport_fastrtps_c/turtlesim/msg/detail/pose__type_support_c.cpp.o[0m
[5.576s] [ 60%] [32mBuilding C object CMakeFiles/turtlesim__rosidl_typesupport_introspection_c.dir/rosidl_typesupport_introspection_c/turtlesim/srv/detail/teleport_relative__type_support.c.o[0m
[5.625s] [ 61%] [32m[1mLinking C shared library libturtlesim__rosidl_typesupport_introspection_c.so[0m
[5.670s] [ 61%] Built target turtlesim__rosidl_typesupport_introspection_c
[5.698s] [ 62%] [32mBuilding CXX object CMakeFiles/mimic.dir/tutorials/mimic.cpp.o[0m
[5.729s] [ 63%] [32mBuilding CXX object CMakeFiles/turtlesim__rosidl_typesupport_fastrtps_c.dir/rosidl_typesupport_fastrtps_c/turtlesim/srv/detail/kill__type_support_c.cpp.o[0m
[5.749s] [ 64%] [32mBuilding CXX object CMakeFiles/turtlesim__rosidl_typesupport_fastrtps_c.dir/rosidl_typesupport_fastrtps_c/turtlesim/srv/detail/set_pen__type_support_c.cpp.o[0m
[5.917s] [ 65%] [32mBuilding CXX object CMakeFiles/turtlesim__rosidl_typesupport_fastrtps_cpp.dir/rosidl_typesupport_fastrtps_cpp/turtlesim/msg/detail/dds_fastrtps/pose__type_support.cpp.o[0m
[5.947s] [ 66%] [32mBuilding CXX object CMakeFiles/turtlesim__rosidl_typesupport_fastrtps_c.dir/rosidl_typesupport_fastrtps_c/turtlesim/srv/detail/spawn__type_support_c.cpp.o[0m
[5.966s] [ 67%] [32m[1mLinking CXX shared library libturtlesim__rosidl_typesupport_introspection_cpp.so[0m
[6.006s] [ 68%] [32mBuilding CXX object CMakeFiles/turtlesim__rosidl_typesupport_fastrtps_c.dir/rosidl_typesupport_fastrtps_c/turtlesim/srv/detail/teleport_absolute__type_support_c.cpp.o[0m
[6.043s] [ 69%] [32mBuilding CXX object CMakeFiles/turtlesim__rosidl_typesupport_fastrtps_c.dir/rosidl_typesupport_fastrtps_c/turtlesim/srv/detail/teleport_relative__type_support_c.cpp.o[0m
[6.085s] [ 70%] [32mBuilding CXX object CMakeFiles/turtlesim_node.dir/src/turtle.cpp.o[0m
[6.089s] [ 70%] Built target turtlesim__rosidl_typesupport_introspection_cpp
[6.101s] [ 71%] [32mBuilding CXX object CMakeFiles/turtlesim_node.dir/src/turtle_frame.cpp.o[0m
[6.226s] [ 72%] [32mBuilding CXX object CMakeFiles/turtlesim_node.dir/include/turtlesim/moc_turtle_frame.cpp.o[0m
[6.254s] [ 73%] [32mBuilding CXX object CMakeFiles/turtlesim__rosidl_typesupport_fastrtps_cpp.dir/rosidl_typesupport_fastrtps_cpp/turtlesim/srv/detail/dds_fastrtps/kill__type_support.cpp.o[0m
[6.440s] [ 74%] [32mBuilding CXX object CMakeFiles/turtlesim__rosidl_typesupport_fastrtps_cpp.dir/rosidl_typesupport_fastrtps_cpp/turtlesim/srv/detail/dds_fastrtps/set_pen__type_support.cpp.o[0m
[6.473s] [ 75%] [32mBuilding CXX object CMakeFiles/turtlesim__rosidl_typesupport_fastrtps_cpp.dir/rosidl_typesupport_fastrtps_cpp/turtlesim/srv/detail/dds_fastrtps/spawn__type_support.cpp.o[0m
[6.488s] [ 76%] [32mBuilding CXX object CMakeFiles/turtlesim__rosidl_typesupport_fastrtps_cpp.dir/rosidl_typesupport_fastrtps_cpp/turtlesim/srv/detail/dds_fastrtps/teleport_absolute__type_support.cpp.o[0m
[6.592s] [ 77%] [32m[1mLinking CXX shared library libturtlesim__rosidl_typesupport_fastrtps_c.so[0m
[6.720s] [ 77%] Built target turtlesim__rosidl_typesupport_fastrtps_c
[6.732s] [ 78%] [32mBuilding CXX object CMakeFiles/turtlesim__rosidl_typesupport_fastrtps_cpp.dir/rosidl_typesupport_fastrtps_cpp/turtlesim/srv/detail/dds_fastrtps/teleport_relative__type_support.cpp.o[0m
[7.229s] [ 79%] [32m[1mLinking CXX shared library libturtlesim__rosidl_typesupport_fastrtps_cpp.so[0m
[7.311s] [ 79%] Built target turtlesim__rosidl_typesupport_fastrtps_cpp
[7.330s] [ 79%] Built target turtlesim
[7.351s] [ 80%] [34m[1mGenerating Python code for ROS interfaces[0m
[8.957s] [ 80%] Built target turtlesim__py
[8.980s] [ 81%] [32mBuilding C object CMakeFiles/turtlesim__rosidl_generator_py.dir/rosidl_generator_py/turtlesim/msg/_color_s.c.o[0m
[8.980s] [ 83%] [32mBuilding C object CMakeFiles/turtlesim__rosidl_generator_py.dir/rosidl_generator_py/turtlesim/srv/_set_pen_s.c.o[0m
[8.980s] [ 83%] [32mBuilding C object CMakeFiles/turtlesim__rosidl_generator_py.dir/rosidl_generator_py/turtlesim/srv/_kill_s.c.o[0m
[8.981s] [ 85%] [32mBuilding C object CMakeFiles/turtlesim__rosidl_generator_py.dir/rosidl_generator_py/turtlesim/action/_rotate_absolute_s.c.o[0m
[8.981s] [ 85%] [32mBuilding C object CMakeFiles/turtlesim__rosidl_generator_py.dir/rosidl_generator_py/turtlesim/msg/_pose_s.c.o[0m
[9.147s] [ 86%] [32mBuilding C object CMakeFiles/turtlesim__rosidl_generator_py.dir/rosidl_generator_py/turtlesim/srv/_spawn_s.c.o[0m
[9.151s] [ 87%] [32mBuilding C object CMakeFiles/turtlesim__rosidl_generator_py.dir/rosidl_generator_py/turtlesim/srv/_teleport_absolute_s.c.o[0m
[9.154s] [ 88%] [32mBuilding C object CMakeFiles/turtlesim__rosidl_generator_py.dir/rosidl_generator_py/turtlesim/srv/_teleport_relative_s.c.o[0m
[9.304s] [ 89%] [32m[1mLinking C shared library rosidl_generator_py/turtlesim/libturtlesim__rosidl_generator_py.so[0m
[9.346s] [ 89%] Built target turtlesim__rosidl_generator_py
[9.369s] [ 90%] [32mBuilding C object CMakeFiles/turtlesim__rosidl_typesupport_introspection_c__pyext.dir/rosidl_generator_py/turtlesim/_turtlesim_s.ep.rosidl_typesupport_introspection_c.c.o[0m
[9.371s] [ 91%] [32mBuilding C object CMakeFiles/turtlesim__rosidl_typesupport_fastrtps_c__pyext.dir/rosidl_generator_py/turtlesim/_turtlesim_s.ep.rosidl_typesupport_fastrtps_c.c.o[0m
[9.371s] [ 92%] [32mBuilding C object CMakeFiles/turtlesim__rosidl_typesupport_c__pyext.dir/rosidl_generator_py/turtlesim/_turtlesim_s.ep.rosidl_typesupport_c.c.o[0m
[9.524s] [ 93%] [32m[1mLinking C shared library rosidl_generator_py/turtlesim/turtlesim_s__rosidl_typesupport_fastrtps_c.cpython-310-x86_64-linux-gnu.so[0m
[9.564s] [ 93%] Built target turtlesim__rosidl_typesupport_fastrtps_c__pyext
[9.594s] [ 94%] [32m[1mLinking C shared library rosidl_generator_py/turtlesim/turtlesim_s__rosidl_typesupport_introspection_c.cpython-310-x86_64-linux-gnu.so[0m
[9.596s] [ 95%] [32m[1mLinking C shared library rosidl_generator_py/turtlesim/turtlesim_s__rosidl_typesupport_c.cpython-310-x86_64-linux-gnu.so[0m
[9.638s] [ 95%] Built target turtlesim__rosidl_typesupport_c__pyext
[9.646s] [ 95%] Built target turtlesim__rosidl_typesupport_introspection_c__pyext
[11.606s] [ 96%] [32m[1mLinking CXX executable turtle_teleop_key[0m
[11.846s] [ 96%] Built target turtle_teleop_key
[14.328s] [ 97%] [32m[1mLinking CXX executable draw_square[0m
[14.717s] [ 97%] Built target draw_square
[14.829s] [ 98%] [32m[1mLinking CXX executable mimic[0m
[15.159s] [ 98%] Built target mimic
[17.152s] [100%] [32m[1mLinking CXX executable turtlesim_node[0m
[18.734s] [100%] Built target turtlesim_node
[18.744s] Invoked command in '/home/wyatt/ros2_ws/build/turtlesim' returned '0': CMAKE_PREFIX_PATH=${CMAKE_PREFIX_PATH}:/home/wyatt/ros2_ws/install/launch_testing_examples:/home/wyatt/ros2_ws/install/examples_rclpy_pointcloud_publisher:/home/wyatt/ros2_ws/install/examples_rclpy_minimal_subscriber:/home/wyatt/ros2_ws/install/examples_rclpy_minimal_service:/home/wyatt/ros2_ws/install/examples_rclpy_minimal_publisher:/home/wyatt/ros2_ws/install/examples_rclpy_minimal_client:/home/wyatt/ros2_ws/install/examples_rclpy_minimal_action_server:/home/wyatt/ros2_ws/install/examples_rclpy_minimal_action_client:/home/wyatt/ros2_ws/install/examples_rclpy_guard_conditions:/home/wyatt/ros2_ws/install/examples_rclpy_executors:/opt/ros/humble /usr/bin/cmake --build /home/wyatt/ros2_ws/build/turtlesim -- -j12 -l12
[18.925s] Invoking command in '/home/wyatt/ros2_ws/build/turtlesim': CMAKE_PREFIX_PATH=${CMAKE_PREFIX_PATH}:/home/wyatt/ros2_ws/install/launch_testing_examples:/home/wyatt/ros2_ws/install/examples_rclpy_pointcloud_publisher:/home/wyatt/ros2_ws/install/examples_rclpy_minimal_subscriber:/home/wyatt/ros2_ws/install/examples_rclpy_minimal_service:/home/wyatt/ros2_ws/install/examples_rclpy_minimal_publisher:/home/wyatt/ros2_ws/install/examples_rclpy_minimal_client:/home/wyatt/ros2_ws/install/examples_rclpy_minimal_action_server:/home/wyatt/ros2_ws/install/examples_rclpy_minimal_action_client:/home/wyatt/ros2_ws/install/examples_rclpy_guard_conditions:/home/wyatt/ros2_ws/install/examples_rclpy_executors:/opt/ros/humble /usr/bin/cmake --install /home/wyatt/ros2_ws/build/turtlesim
[18.931s] -- Install configuration: ""
[18.932s] -- Installing: /home/wyatt/ros2_ws/install/turtlesim/share/ament_index/resource_index/rosidl_interfaces/turtlesim
[18.932s] -- Installing: /home/wyatt/ros2_ws/install/turtlesim/include/turtlesim/turtlesim
[18.932s] -- Installing: /home/wyatt/ros2_ws/install/turtlesim/include/turtlesim/turtlesim/srv
[18.932s] -- Installing: /home/wyatt/ros2_ws/install/turtlesim/include/turtlesim/turtlesim/srv/spawn.h
[18.932s] -- Installing: /home/wyatt/ros2_ws/install/turtlesim/include/turtlesim/turtlesim/srv/kill.h
[18.932s] -- Installing: /home/wyatt/ros2_ws/install/turtlesim/include/turtlesim/turtlesim/srv/teleport_absolute.h
[18.933s] -- Installing: /home/wyatt/ros2_ws/install/turtlesim/include/turtlesim/turtlesim/srv/detail
[18.933s] -- Installing: /home/wyatt/ros2_ws/install/turtlesim/include/turtlesim/turtlesim/srv/detail/teleport_relative__type_support.h
[18.933s] -- Installing: /home/wyatt/ros2_ws/install/turtlesim/include/turtlesim/turtlesim/srv/detail/teleport_absolute__type_support.h
[18.933s] -- Installing: /home/wyatt/ros2_ws/install/turtlesim/include/turtlesim/turtlesim/srv/detail/teleport_relative__functions.h
[18.933s] -- Installing: /home/wyatt/ros2_ws/install/turtlesim/include/turtlesim/turtlesim/srv/detail/spawn__type_support.h
[18.933s] -- Installing: /home/wyatt/ros2_ws/install/turtlesim/include/turtlesim/turtlesim/srv/detail/set_pen__type_support.h
[18.933s] -- Installing: /home/wyatt/ros2_ws/install/turtlesim/include/turtlesim/turtlesim/srv/detail/kill__type_support.h
[18.933s] -- Installing: /home/wyatt/ros2_ws/install/turtlesim/include/turtlesim/turtlesim/srv/detail/teleport_relative__functions.c
[18.934s] -- Installing: /home/wyatt/ros2_ws/install/turtlesim/include/turtlesim/turtlesim/srv/detail/spawn__struct.h
[18.934s] -- Installing: /home/wyatt/ros2_ws/install/turtlesim/include/turtlesim/turtlesim/srv/detail/teleport_absolute__functions.c
[18.934s] -- Installing: /home/wyatt/ros2_ws/install/turtlesim/include/turtlesim/turtlesim/srv/detail/kill__struct.h
[18.934s] -- Installing: /home/wyatt/ros2_ws/install/turtlesim/include/turtlesim/turtlesim/srv/detail/kill__functions.c
[18.934s] -- Installing: /home/wyatt/ros2_ws/install/turtlesim/include/turtlesim/turtlesim/srv/detail/set_pen__struct.h
[18.934s] -- Installing: /home/wyatt/ros2_ws/install/turtlesim/include/turtlesim/turtlesim/srv/detail/spawn__functions.h
[18.934s] -- Installing: /home/wyatt/ros2_ws/install/turtlesim/include/turtlesim/turtlesim/srv/detail/set_pen__functions.h
[18.935s] -- Installing: /home/wyatt/ros2_ws/install/turtlesim/include/turtlesim/turtlesim/srv/detail/spawn__functions.c
[18.935s] -- Installing: /home/wyatt/ros2_ws/install/turtlesim/include/turtlesim/turtlesim/srv/detail/teleport_absolute__functions.h
[18.935s] -- Installing: /home/wyatt/ros2_ws/install/turtlesim/include/turtlesim/turtlesim/srv/detail/teleport_absolute__struct.h
[18.935s] -- Installing: /home/wyatt/ros2_ws/install/turtlesim/include/turtlesim/turtlesim/srv/detail/kill__functions.h
[18.935s] -- Installing: /home/wyatt/ros2_ws/install/turtlesim/include/turtlesim/turtlesim/srv/detail/set_pen__functions.c
[18.935s] -- Installing: /home/wyatt/ros2_ws/install/turtlesim/include/turtlesim/turtlesim/srv/detail/teleport_relative__struct.h
[18.935s] -- Installing: /home/wyatt/ros2_ws/install/turtlesim/include/turtlesim/turtlesim/srv/teleport_relative.h
[18.936s] -- Installing: /home/wyatt/ros2_ws/install/turtlesim/include/turtlesim/turtlesim/srv/set_pen.h
[18.936s] -- Installing: /home/wyatt/ros2_ws/install/turtlesim/include/turtlesim/turtlesim/action
[18.936s] -- Installing: /home/wyatt/ros2_ws/install/turtlesim/include/turtlesim/turtlesim/action/rotate_absolute.h
[18.936s] -- Installing: /home/wyatt/ros2_ws/install/turtlesim/include/turtlesim/turtlesim/action/detail
[18.936s] -- Installing: /home/wyatt/ros2_ws/install/turtlesim/include/turtlesim/turtlesim/action/detail/rotate_absolute__type_support.h
[18.936s] -- Installing: /home/wyatt/ros2_ws/install/turtlesim/include/turtlesim/turtlesim/action/detail/rotate_absolute__functions.c
[18.936s] -- Installing: /home/wyatt/ros2_ws/install/turtlesim/include/turtlesim/turtlesim/action/detail/rotate_absolute__struct.h
[18.936s] -- Installing: /home/wyatt/ros2_ws/install/turtlesim/include/turtlesim/turtlesim/action/detail/rotate_absolute__functions.h
[18.937s] -- Installing: /home/wyatt/ros2_ws/install/turtlesim/include/turtlesim/turtlesim/msg
[18.937s] -- Installing: /home/wyatt/ros2_ws/install/turtlesim/include/turtlesim/turtlesim/msg/detail
[18.937s] -- Installing: /home/wyatt/ros2_ws/install/turtlesim/include/turtlesim/turtlesim/msg/detail/pose__type_support.h
[18.937s] -- Installing: /home/wyatt/ros2_ws/install/turtlesim/include/turtlesim/turtlesim/msg/detail/color__functions.h
[18.937s] -- Installing: /home/wyatt/ros2_ws/install/turtlesim/include/turtlesim/turtlesim/msg/detail/pose__struct.h
[18.937s] -- Installing: /home/wyatt/ros2_ws/install/turtlesim/include/turtlesim/turtlesim/msg/detail/pose__functions.h
[18.937s] -- Installing: /home/wyatt/ros2_ws/install/turtlesim/include/turtlesim/turtlesim/msg/detail/color__functions.c
[18.937s] -- Installing: /home/wyatt/ros2_ws/install/turtlesim/include/turtlesim/turtlesim/msg/detail/color__struct.h
[18.938s] -- Installing: /home/wyatt/ros2_ws/install/turtlesim/include/turtlesim/turtlesim/msg/detail/color__type_support.h
[18.938s] -- Installing: /home/wyatt/ros2_ws/install/turtlesim/include/turtlesim/turtlesim/msg/detail/pose__functions.c
[18.938s] -- Installing: /home/wyatt/ros2_ws/install/turtlesim/include/turtlesim/turtlesim/msg/color.h
[18.938s] -- Installing: /home/wyatt/ros2_ws/install/turtlesim/include/turtlesim/turtlesim/msg/rosidl_generator_c__visibility_control.h
[18.938s] -- Installing: /home/wyatt/ros2_ws/install/turtlesim/include/turtlesim/turtlesim/msg/pose.h
[18.938s] -- Installing: /home/wyatt/ros2_ws/install/turtlesim/share/turtlesim/environment/library_path.sh
[18.938s] -- Installing: /home/wyatt/ros2_ws/install/turtlesim/share/turtlesim/environment/library_path.dsv
[18.939s] -- Installing: /home/wyatt/ros2_ws/install/turtlesim/lib/libturtlesim__rosidl_generator_c.so
[18.939s] -- Set runtime path of "/home/wyatt/ros2_ws/install/turtlesim/lib/libturtlesim__rosidl_generator_c.so" to ""
[18.939s] -- Up-to-date: /home/wyatt/ros2_ws/install/turtlesim/include/turtlesim/turtlesim
[18.939s] -- Up-to-date: /home/wyatt/ros2_ws/install/turtlesim/include/turtlesim/turtlesim/srv
[18.940s] -- Up-to-date: /home/wyatt/ros2_ws/install/turtlesim/include/turtlesim/turtlesim/srv/detail
[18.940s] -- Installing: /home/wyatt/ros2_ws/install/turtlesim/include/turtlesim/turtlesim/srv/detail/teleport_absolute__rosidl_typesupport_fastrtps_c.h
[18.940s] -- Installing: /home/wyatt/ros2_ws/install/turtlesim/include/turtlesim/turtlesim/srv/detail/teleport_relative__rosidl_typesupport_fastrtps_c.h
[18.940s] -- Installing: /home/wyatt/ros2_ws/install/turtlesim/include/turtlesim/turtlesim/srv/detail/set_pen__rosidl_typesupport_fastrtps_c.h
[18.940s] -- Installing: /home/wyatt/ros2_ws/install/turtlesim/include/turtlesim/turtlesim/srv/detail/kill__rosidl_typesupport_fastrtps_c.h
[18.940s] -- Installing: /home/wyatt/ros2_ws/install/turtlesim/include/turtlesim/turtlesim/srv/detail/spawn__rosidl_typesupport_fastrtps_c.h
[18.940s] -- Up-to-date: /home/wyatt/ros2_ws/install/turtlesim/include/turtlesim/turtlesim/action
[18.940s] -- Up-to-date: /home/wyatt/ros2_ws/install/turtlesim/include/turtlesim/turtlesim/action/detail
[18.941s] -- Installing: /home/wyatt/ros2_ws/install/turtlesim/include/turtlesim/turtlesim/action/detail/rotate_absolute__rosidl_typesupport_fastrtps_c.h
[18.941s] -- Up-to-date: /home/wyatt/ros2_ws/install/turtlesim/include/turtlesim/turtlesim/msg
[18.941s] -- Up-to-date: /home/wyatt/ros2_ws/install/turtlesim/include/turtlesim/turtlesim/msg/detail
[18.941s] -- Installing: /home/wyatt/ros2_ws/install/turtlesim/include/turtlesim/turtlesim/msg/detail/pose__rosidl_typesupport_fastrtps_c.h
[18.941s] -- Installing: /home/wyatt/ros2_ws/install/turtlesim/include/turtlesim/turtlesim/msg/detail/color__rosidl_typesupport_fastrtps_c.h
[18.941s] -- Installing: /home/wyatt/ros2_ws/install/turtlesim/include/turtlesim/turtlesim/msg/rosidl_typesupport_fastrtps_c__visibility_control.h
[18.941s] -- Installing: /home/wyatt/ros2_ws/install/turtlesim/lib/libturtlesim__rosidl_typesupport_fastrtps_c.so
[18.941s] -- Set runtime path of "/home/wyatt/ros2_ws/install/turtlesim/lib/libturtlesim__rosidl_typesupport_fastrtps_c.so" to ""
[18.942s] -- Up-to-date: /home/wyatt/ros2_ws/install/turtlesim/include/turtlesim/turtlesim
[18.942s] -- Up-to-date: /home/wyatt/ros2_ws/install/turtlesim/include/turtlesim/turtlesim/srv
[18.942s] -- Installing: /home/wyatt/ros2_ws/install/turtlesim/include/turtlesim/turtlesim/srv/teleport_absolute.hpp
[18.942s] -- Installing: /home/wyatt/ros2_ws/install/turtlesim/include/turtlesim/turtlesim/srv/kill.hpp
[18.942s] -- Up-to-date: /home/wyatt/ros2_ws/install/turtlesim/include/turtlesim/turtlesim/srv/detail
[18.942s] -- Installing: /home/wyatt/ros2_ws/install/turtlesim/include/turtlesim/turtlesim/srv/detail/spawn__builder.hpp
[18.942s] -- Installing: /home/wyatt/ros2_ws/install/turtlesim/include/turtlesim/turtlesim/srv/detail/kill__struct.hpp
[18.943s] -- Installing: /home/wyatt/ros2_ws/install/turtlesim/include/turtlesim/turtlesim/srv/detail/kill__traits.hpp
[18.943s] -- Installing: /home/wyatt/ros2_ws/install/turtlesim/include/turtlesim/turtlesim/srv/detail/teleport_relative__traits.hpp
[18.943s] -- Installing: /home/wyatt/ros2_ws/install/turtlesim/include/turtlesim/turtlesim/srv/detail/set_pen__struct.hpp
[18.943s] -- Installing: /home/wyatt/ros2_ws/install/turtlesim/include/turtlesim/turtlesim/srv/detail/kill__builder.hpp
[18.943s] -- Installing: /home/wyatt/ros2_ws/install/turtlesim/include/turtlesim/turtlesim/srv/detail/teleport_absolute__traits.hpp
[18.943s] -- Installing: /home/wyatt/ros2_ws/install/turtlesim/include/turtlesim/turtlesim/srv/detail/set_pen__traits.hpp
[18.943s] -- Installing: /home/wyatt/ros2_ws/install/turtlesim/include/turtlesim/turtlesim/srv/detail/spawn__struct.hpp
[18.943s] -- Installing: /home/wyatt/ros2_ws/install/turtlesim/include/turtlesim/turtlesim/srv/detail/teleport_relative__struct.hpp
[18.944s] -- Installing: /home/wyatt/ros2_ws/install/turtlesim/include/turtlesim/turtlesim/srv/detail/teleport_absolute__builder.hpp
[18.944s] -- Installing: /home/wyatt/ros2_ws/install/turtlesim/include/turtlesim/turtlesim/srv/detail/set_pen__builder.hpp
[18.944s] -- Installing: /home/wyatt/ros2_ws/install/turtlesim/include/turtlesim/turtlesim/srv/detail/spawn__traits.hpp
[18.944s] -- Installing: /home/wyatt/ros2_ws/install/turtlesim/include/turtlesim/turtlesim/srv/detail/teleport_relative__builder.hpp
[18.944s] -- Installing: /home/wyatt/ros2_ws/install/turtlesim/include/turtlesim/turtlesim/srv/detail/teleport_absolute__struct.hpp
[18.944s] -- Installing: /home/wyatt/ros2_ws/install/turtlesim/include/turtlesim/turtlesim/srv/set_pen.hpp
[18.944s] -- Installing: /home/wyatt/ros2_ws/install/turtlesim/include/turtlesim/turtlesim/srv/teleport_relative.hpp
[18.944s] -- Installing: /home/wyatt/ros2_ws/install/turtlesim/include/turtlesim/turtlesim/srv/spawn.hpp
[18.945s] -- Up-to-date: /home/wyatt/ros2_ws/install/turtlesim/include/turtlesim/turtlesim/action
[18.945s] -- Up-to-date: /home/wyatt/ros2_ws/install/turtlesim/include/turtlesim/turtlesim/action/detail
[18.945s] -- Installing: /home/wyatt/ros2_ws/install/turtlesim/include/turtlesim/turtlesim/action/detail/rotate_absolute__builder.hpp
[18.945s] -- Installing: /home/wyatt/ros2_ws/install/turtlesim/include/turtlesim/turtlesim/action/detail/rotate_absolute__traits.hpp
[18.945s] -- Installing: /home/wyatt/ros2_ws/install/turtlesim/include/turtlesim/turtlesim/action/detail/rotate_absolute__struct.hpp
[18.945s] -- Installing: /home/wyatt/ros2_ws/install/turtlesim/include/turtlesim/turtlesim/action/rotate_absolute.hpp
[18.945s] -- Up-to-date: /home/wyatt/ros2_ws/install/turtlesim/include/turtlesim/turtlesim/msg
[18.945s] -- Installing: /home/wyatt/ros2_ws/install/turtlesim/include/turtlesim/turtlesim/msg/pose.hpp
[18.946s] -- Installing: /home/wyatt/ros2_ws/install/turtlesim/include/turtlesim/turtlesim/msg/color.hpp
[18.946s] -- Up-to-date: /home/wyatt/ros2_ws/install/turtlesim/include/turtlesim/turtlesim/msg/detail
[18.946s] -- Installing: /home/wyatt/ros2_ws/install/turtlesim/include/turtlesim/turtlesim/msg/detail/color__traits.hpp
[18.946s] -- Installing: /home/wyatt/ros2_ws/install/turtlesim/include/turtlesim/turtlesim/msg/detail/color__struct.hpp
[18.946s] -- Installing: /home/wyatt/ros2_ws/install/turtlesim/include/turtlesim/turtlesim/msg/detail/pose__builder.hpp
[18.946s] -- Installing: /home/wyatt/ros2_ws/install/turtlesim/include/turtlesim/turtlesim/msg/detail/color__builder.hpp
[18.946s] -- Installing: /home/wyatt/ros2_ws/install/turtlesim/include/turtlesim/turtlesim/msg/detail/pose__traits.hpp
[18.947s] -- Installing: /home/wyatt/ros2_ws/install/turtlesim/include/turtlesim/turtlesim/msg/detail/pose__struct.hpp
[18.947s] -- Up-to-date: /home/wyatt/ros2_ws/install/turtlesim/include/turtlesim/turtlesim
[18.947s] -- Up-to-date: /home/wyatt/ros2_ws/install/turtlesim/include/turtlesim/turtlesim/srv
[18.947s] -- Up-to-date: /home/wyatt/ros2_ws/install/turtlesim/include/turtlesim/turtlesim/srv/detail
[18.947s] -- Installing: /home/wyatt/ros2_ws/install/turtlesim/include/turtlesim/turtlesim/srv/detail/dds_fastrtps
[18.947s] -- Installing: /home/wyatt/ros2_ws/install/turtlesim/include/turtlesim/turtlesim/srv/detail/teleport_relative__rosidl_typesupport_fastrtps_cpp.hpp
[18.947s] -- Installing: /home/wyatt/ros2_ws/install/turtlesim/include/turtlesim/turtlesim/srv/detail/teleport_absolute__rosidl_typesupport_fastrtps_cpp.hpp
[18.948s] -- Installing: /home/wyatt/ros2_ws/install/turtlesim/include/turtlesim/turtlesim/srv/detail/set_pen__rosidl_typesupport_fastrtps_cpp.hpp
[18.948s] -- Installing: /home/wyatt/ros2_ws/install/turtlesim/include/turtlesim/turtlesim/srv/detail/kill__rosidl_typesupport_fastrtps_cpp.hpp
[18.948s] -- Installing: /home/wyatt/ros2_ws/install/turtlesim/include/turtlesim/turtlesim/srv/detail/spawn__rosidl_typesupport_fastrtps_cpp.hpp
[18.948s] -- Up-to-date: /home/wyatt/ros2_ws/install/turtlesim/include/turtlesim/turtlesim/action
[18.948s] -- Up-to-date: /home/wyatt/ros2_ws/install/turtlesim/include/turtlesim/turtlesim/action/detail
[18.948s] -- Installing: /home/wyatt/ros2_ws/install/turtlesim/include/turtlesim/turtlesim/action/detail/dds_fastrtps
[18.948s] -- Installing: /home/wyatt/ros2_ws/install/turtlesim/include/turtlesim/turtlesim/action/detail/rotate_absolute__rosidl_typesupport_fastrtps_cpp.hpp
[18.948s] -- Up-to-date: /home/wyatt/ros2_ws/install/turtlesim/include/turtlesim/turtlesim/msg
[18.949s] -- Installing: /home/wyatt/ros2_ws/install/turtlesim/include/turtlesim/turtlesim/msg/rosidl_typesupport_fastrtps_cpp__visibility_control.h
[18.949s] -- Up-to-date: /home/wyatt/ros2_ws/install/turtlesim/include/turtlesim/turtlesim/msg/detail
[18.949s] -- Installing: /home/wyatt/ros2_ws/install/turtlesim/include/turtlesim/turtlesim/msg/detail/color__rosidl_typesupport_fastrtps_cpp.hpp
[18.949s] -- Installing: /home/wyatt/ros2_ws/install/turtlesim/include/turtlesim/turtlesim/msg/detail/dds_fastrtps
[18.949s] -- Installing: /home/wyatt/ros2_ws/install/turtlesim/include/turtlesim/turtlesim/msg/detail/pose__rosidl_typesupport_fastrtps_cpp.hpp
[18.949s] -- Installing: /home/wyatt/ros2_ws/install/turtlesim/lib/libturtlesim__rosidl_typesupport_fastrtps_cpp.so
[18.949s] -- Set runtime path of "/home/wyatt/ros2_ws/install/turtlesim/lib/libturtlesim__rosidl_typesupport_fastrtps_cpp.so" to ""
[18.949s] -- Up-to-date: /home/wyatt/ros2_ws/install/turtlesim/include/turtlesim/turtlesim
[18.950s] -- Up-to-date: /home/wyatt/ros2_ws/install/turtlesim/include/turtlesim/turtlesim/srv
[18.950s] -- Up-to-date: /home/wyatt/ros2_ws/install/turtlesim/include/turtlesim/turtlesim/srv/detail
[18.950s] -- Installing: /home/wyatt/ros2_ws/install/turtlesim/include/turtlesim/turtlesim/srv/detail/spawn__rosidl_typesupport_introspection_c.h
[18.950s] -- Installing: /home/wyatt/ros2_ws/install/turtlesim/include/turtlesim/turtlesim/srv/detail/teleport_absolute__type_support.c
[18.950s] -- Installing: /home/wyatt/ros2_ws/install/turtlesim/include/turtlesim/turtlesim/srv/detail/set_pen__rosidl_typesupport_introspection_c.h
[18.950s] -- Installing: /home/wyatt/ros2_ws/install/turtlesim/include/turtlesim/turtlesim/srv/detail/teleport_relative__type_support.c
[18.950s] -- Installing: /home/wyatt/ros2_ws/install/turtlesim/include/turtlesim/turtlesim/srv/detail/teleport_absolute__rosidl_typesupport_introspection_c.h
[18.950s] -- Installing: /home/wyatt/ros2_ws/install/turtlesim/include/turtlesim/turtlesim/srv/detail/teleport_relative__rosidl_typesupport_introspection_c.h
[18.951s] -- Installing: /home/wyatt/ros2_ws/install/turtlesim/include/turtlesim/turtlesim/srv/detail/set_pen__type_support.c
[18.951s] -- Installing: /home/wyatt/ros2_ws/install/turtlesim/include/turtlesim/turtlesim/srv/detail/kill__type_support.c
[18.951s] -- Installing: /home/wyatt/ros2_ws/install/turtlesim/include/turtlesim/turtlesim/srv/detail/kill__rosidl_typesupport_introspection_c.h
[18.951s] -- Installing: /home/wyatt/ros2_ws/install/turtlesim/include/turtlesim/turtlesim/srv/detail/spawn__type_support.c
[18.951s] -- Up-to-date: /home/wyatt/ros2_ws/install/turtlesim/include/turtlesim/turtlesim/action
[18.951s] -- Up-to-date: /home/wyatt/ros2_ws/install/turtlesim/include/turtlesim/turtlesim/action/detail
[18.951s] -- Installing: /home/wyatt/ros2_ws/install/turtlesim/include/turtlesim/turtlesim/action/detail/rotate_absolute__type_support.c
[18.951s] -- Installing: /home/wyatt/ros2_ws/install/turtlesim/include/turtlesim/turtlesim/action/detail/rotate_absolute__rosidl_typesupport_introspection_c.h
[18.952s] -- Up-to-date: /home/wyatt/ros2_ws/install/turtlesim/include/turtlesim/turtlesim/msg
[18.952s] -- Up-to-date: /home/wyatt/ros2_ws/install/turtlesim/include/turtlesim/turtlesim/msg/detail
[18.952s] -- Installing: /home/wyatt/ros2_ws/install/turtlesim/include/turtlesim/turtlesim/msg/detail/pose__rosidl_typesupport_introspection_c.h
[18.952s] -- Installing: /home/wyatt/ros2_ws/install/turtlesim/include/turtlesim/turtlesim/msg/detail/color__type_support.c
[18.952s] -- Installing: /home/wyatt/ros2_ws/install/turtlesim/include/turtlesim/turtlesim/msg/detail/color__rosidl_typesupport_introspection_c.h
[18.952s] -- Installing: /home/wyatt/ros2_ws/install/turtlesim/include/turtlesim/turtlesim/msg/detail/pose__type_support.c
[18.952s] -- Installing: /home/wyatt/ros2_ws/install/turtlesim/include/turtlesim/turtlesim/msg/rosidl_typesupport_introspection_c__visibility_control.h
[18.952s] -- Installing: /home/wyatt/ros2_ws/install/turtlesim/lib/libturtlesim__rosidl_typesupport_introspection_c.so
[18.953s] -- Set runtime path of "/home/wyatt/ros2_ws/install/turtlesim/lib/libturtlesim__rosidl_typesupport_introspection_c.so" to ""
[18.953s] -- Installing: /home/wyatt/ros2_ws/install/turtlesim/lib/libturtlesim__rosidl_typesupport_c.so
[18.953s] -- Set runtime path of "/home/wyatt/ros2_ws/install/turtlesim/lib/libturtlesim__rosidl_typesupport_c.so" to ""
[18.953s] -- Up-to-date: /home/wyatt/ros2_ws/install/turtlesim/include/turtlesim/turtlesim
[18.953s] -- Up-to-date: /home/wyatt/ros2_ws/install/turtlesim/include/turtlesim/turtlesim/srv
[18.953s] -- Up-to-date: /home/wyatt/ros2_ws/install/turtlesim/include/turtlesim/turtlesim/srv/detail
[18.953s] -- Installing: /home/wyatt/ros2_ws/install/turtlesim/include/turtlesim/turtlesim/srv/detail/kill__type_support.cpp
[18.953s] -- Installing: /home/wyatt/ros2_ws/install/turtlesim/include/turtlesim/turtlesim/srv/detail/kill__rosidl_typesupport_introspection_cpp.hpp
[18.954s] -- Installing: /home/wyatt/ros2_ws/install/turtlesim/include/turtlesim/turtlesim/srv/detail/teleport_absolute__type_support.cpp
[18.954s] -- Installing: /home/wyatt/ros2_ws/install/turtlesim/include/turtlesim/turtlesim/srv/detail/set_pen__type_support.cpp
[18.954s] -- Installing: /home/wyatt/ros2_ws/install/turtlesim/include/turtlesim/turtlesim/srv/detail/teleport_relative__type_support.cpp
[18.954s] -- Installing: /home/wyatt/ros2_ws/install/turtlesim/include/turtlesim/turtlesim/srv/detail/spawn__type_support.cpp
[18.954s] -- Installing: /home/wyatt/ros2_ws/install/turtlesim/include/turtlesim/turtlesim/srv/detail/spawn__rosidl_typesupport_introspection_cpp.hpp
[18.954s] -- Installing: /home/wyatt/ros2_ws/install/turtlesim/include/turtlesim/turtlesim/srv/detail/set_pen__rosidl_typesupport_introspection_cpp.hpp
[18.954s] -- Installing: /home/wyatt/ros2_ws/install/turtlesim/include/turtlesim/turtlesim/srv/detail/teleport_relative__rosidl_typesupport_introspection_cpp.hpp
[18.955s] -- Installing: /home/wyatt/ros2_ws/install/turtlesim/include/turtlesim/turtlesim/srv/detail/teleport_absolute__rosidl_typesupport_introspection_cpp.hpp
[18.955s] -- Up-to-date: /home/wyatt/ros2_ws/install/turtlesim/include/turtlesim/turtlesim/action
[18.955s] -- Up-to-date: /home/wyatt/ros2_ws/install/turtlesim/include/turtlesim/turtlesim/action/detail
[18.955s] -- Installing: /home/wyatt/ros2_ws/install/turtlesim/include/turtlesim/turtlesim/action/detail/rotate_absolute__type_support.cpp
[18.955s] -- Installing: /home/wyatt/ros2_ws/install/turtlesim/include/turtlesim/turtlesim/action/detail/rotate_absolute__rosidl_typesupport_introspection_cpp.hpp
[18.955s] -- Up-to-date: /home/wyatt/ros2_ws/install/turtlesim/include/turtlesim/turtlesim/msg
[18.955s] -- Up-to-date: /home/wyatt/ros2_ws/install/turtlesim/include/turtlesim/turtlesim/msg/detail
[18.955s] -- Installing: /home/wyatt/ros2_ws/install/turtlesim/include/turtlesim/turtlesim/msg/detail/pose__type_support.cpp
[18.956s] -- Installing: /home/wyatt/ros2_ws/install/turtlesim/include/turtlesim/turtlesim/msg/detail/color__rosidl_typesupport_introspection_cpp.hpp
[18.956s] -- Installing: /home/wyatt/ros2_ws/install/turtlesim/include/turtlesim/turtlesim/msg/detail/pose__rosidl_typesupport_introspection_cpp.hpp
[18.956s] -- Installing: /home/wyatt/ros2_ws/install/turtlesim/include/turtlesim/turtlesim/msg/detail/color__type_support.cpp
[18.956s] -- Installing: /home/wyatt/ros2_ws/install/turtlesim/lib/libturtlesim__rosidl_typesupport_introspection_cpp.so
[18.956s] -- Set runtime path of "/home/wyatt/ros2_ws/install/turtlesim/lib/libturtlesim__rosidl_typesupport_introspection_cpp.so" to ""
[18.956s] -- Installing: /home/wyatt/ros2_ws/install/turtlesim/lib/libturtlesim__rosidl_typesupport_cpp.so
[18.956s] -- Set runtime path of "/home/wyatt/ros2_ws/install/turtlesim/lib/libturtlesim__rosidl_typesupport_cpp.so" to ""
[18.956s] -- Installing: /home/wyatt/ros2_ws/install/turtlesim/share/turtlesim/environment/pythonpath.sh
[18.957s] -- Installing: /home/wyatt/ros2_ws/install/turtlesim/share/turtlesim/environment/pythonpath.dsv
[18.957s] -- Installing: /home/wyatt/ros2_ws/install/turtlesim/local/lib/python3.10/dist-packages/turtlesim-1.4.2-py3.10.egg-info
[18.957s] -- Installing: /home/wyatt/ros2_ws/install/turtlesim/local/lib/python3.10/dist-packages/turtlesim-1.4.2-py3.10.egg-info/SOURCES.txt
[18.957s] -- Installing: /home/wyatt/ros2_ws/install/turtlesim/local/lib/python3.10/dist-packages/turtlesim-1.4.2-py3.10.egg-info/PKG-INFO
[18.957s] -- Installing: /home/wyatt/ros2_ws/install/turtlesim/local/lib/python3.10/dist-packages/turtlesim-1.4.2-py3.10.egg-info/dependency_links.txt
[18.957s] -- Installing: /home/wyatt/ros2_ws/install/turtlesim/local/lib/python3.10/dist-packages/turtlesim-1.4.2-py3.10.egg-info/top_level.txt
[18.957s] -- Installing: /home/wyatt/ros2_ws/install/turtlesim/local/lib/python3.10/dist-packages/turtlesim
[18.957s] -- Installing: /home/wyatt/ros2_ws/install/turtlesim/local/lib/python3.10/dist-packages/turtlesim/turtlesim_s__rosidl_typesupport_c.cpython-310-x86_64-linux-gnu.so
[18.958s] -- Installing: /home/wyatt/ros2_ws/install/turtlesim/local/lib/python3.10/dist-packages/turtlesim/libturtlesim__rosidl_generator_py.so
[18.958s] -- Installing: /home/wyatt/ros2_ws/install/turtlesim/local/lib/python3.10/dist-packages/turtlesim/_turtlesim_s.ep.rosidl_typesupport_c.c
[18.958s] -- Installing: /home/wyatt/ros2_ws/install/turtlesim/local/lib/python3.10/dist-packages/turtlesim/srv
[18.958s] -- Installing: /home/wyatt/ros2_ws/install/turtlesim/local/lib/python3.10/dist-packages/turtlesim/srv/_teleport_relative_s.c
[18.958s] -- Installing: /home/wyatt/ros2_ws/install/turtlesim/local/lib/python3.10/dist-packages/turtlesim/srv/_set_pen.py
[18.959s] -- Installing: /home/wyatt/ros2_ws/install/turtlesim/local/lib/python3.10/dist-packages/turtlesim/srv/_teleport_absolute_s.c
[18.959s] -- Installing: /home/wyatt/ros2_ws/install/turtlesim/local/lib/python3.10/dist-packages/turtlesim/srv/_teleport_relative.py
[18.959s] -- Installing: /home/wyatt/ros2_ws/install/turtlesim/local/lib/python3.10/dist-packages/turtlesim/srv/_set_pen_s.c
[18.959s] -- Installing: /home/wyatt/ros2_ws/install/turtlesim/local/lib/python3.10/dist-packages/turtlesim/srv/_kill.py
[18.959s] -- Installing: /home/wyatt/ros2_ws/install/turtlesim/local/lib/python3.10/dist-packages/turtlesim/srv/_kill_s.c
[18.959s] -- Installing: /home/wyatt/ros2_ws/install/turtlesim/local/lib/python3.10/dist-packages/turtlesim/srv/_spawn_s.c
[18.959s] -- Installing: /home/wyatt/ros2_ws/install/turtlesim/local/lib/python3.10/dist-packages/turtlesim/srv/_teleport_absolute.py
[18.960s] -- Installing: /home/wyatt/ros2_ws/install/turtlesim/local/lib/python3.10/dist-packages/turtlesim/srv/__init__.py
[18.960s] -- Installing: /home/wyatt/ros2_ws/install/turtlesim/local/lib/python3.10/dist-packages/turtlesim/srv/_spawn.py
[18.960s] -- Installing: /home/wyatt/ros2_ws/install/turtlesim/local/lib/python3.10/dist-packages/turtlesim/__init__.py
[18.960s] -- Installing: /home/wyatt/ros2_ws/install/turtlesim/local/lib/python3.10/dist-packages/turtlesim/_turtlesim_s.ep.rosidl_typesupport_introspection_c.c
[18.960s] -- Installing: /home/wyatt/ros2_ws/install/turtlesim/local/lib/python3.10/dist-packages/turtlesim/turtlesim_s__rosidl_typesupport_fastrtps_c.cpython-310-x86_64-linux-gnu.so
[18.960s] -- Installing: /home/wyatt/ros2_ws/install/turtlesim/local/lib/python3.10/dist-packages/turtlesim/turtlesim_s__rosidl_typesupport_introspection_c.cpython-310-x86_64-linux-gnu.so
[18.961s] -- Installing: /home/wyatt/ros2_ws/install/turtlesim/local/lib/python3.10/dist-packages/turtlesim/_turtlesim_s.ep.rosidl_typesupport_fastrtps_c.c
[18.961s] -- Installing: /home/wyatt/ros2_ws/install/turtlesim/local/lib/python3.10/dist-packages/turtlesim/action
[18.961s] -- Installing: /home/wyatt/ros2_ws/install/turtlesim/local/lib/python3.10/dist-packages/turtlesim/action/_rotate_absolute_s.c
[18.961s] -- Installing: /home/wyatt/ros2_ws/install/turtlesim/local/lib/python3.10/dist-packages/turtlesim/action/_rotate_absolute.py
[18.961s] -- Installing: /home/wyatt/ros2_ws/install/turtlesim/local/lib/python3.10/dist-packages/turtlesim/action/__init__.py
[18.961s] -- Installing: /home/wyatt/ros2_ws/install/turtlesim/local/lib/python3.10/dist-packages/turtlesim/msg
[18.961s] -- Installing: /home/wyatt/ros2_ws/install/turtlesim/local/lib/python3.10/dist-packages/turtlesim/msg/_pose.py
[18.962s] -- Installing: /home/wyatt/ros2_ws/install/turtlesim/local/lib/python3.10/dist-packages/turtlesim/msg/_pose_s.c
[18.962s] -- Installing: /home/wyatt/ros2_ws/install/turtlesim/local/lib/python3.10/dist-packages/turtlesim/msg/_color_s.c
[18.962s] -- Installing: /home/wyatt/ros2_ws/install/turtlesim/local/lib/python3.10/dist-packages/turtlesim/msg/_color.py
[18.962s] -- Installing: /home/wyatt/ros2_ws/install/turtlesim/local/lib/python3.10/dist-packages/turtlesim/msg/__init__.py
[19.003s] Listing '/home/wyatt/ros2_ws/install/turtlesim/local/lib/python3.10/dist-packages/turtlesim'...
[19.003s] Compiling '/home/wyatt/ros2_ws/install/turtlesim/local/lib/python3.10/dist-packages/turtlesim/__init__.py'...
[19.003s] Listing '/home/wyatt/ros2_ws/install/turtlesim/local/lib/python3.10/dist-packages/turtlesim/action'...
[19.003s] Compiling '/home/wyatt/ros2_ws/install/turtlesim/local/lib/python3.10/dist-packages/turtlesim/action/__init__.py'...
[19.003s] Compiling '/home/wyatt/ros2_ws/install/turtlesim/local/lib/python3.10/dist-packages/turtlesim/action/_rotate_absolute.py'...
[19.003s] Listing '/home/wyatt/ros2_ws/install/turtlesim/local/lib/python3.10/dist-packages/turtlesim/msg'...
[19.003s] Compiling '/home/wyatt/ros2_ws/install/turtlesim/local/lib/python3.10/dist-packages/turtlesim/msg/__init__.py'...
[19.003s] Compiling '/home/wyatt/ros2_ws/install/turtlesim/local/lib/python3.10/dist-packages/turtlesim/msg/_color.py'...
[19.003s] Compiling '/home/wyatt/ros2_ws/install/turtlesim/local/lib/python3.10/dist-packages/turtlesim/msg/_pose.py'...
[19.003s] Listing '/home/wyatt/ros2_ws/install/turtlesim/local/lib/python3.10/dist-packages/turtlesim/srv'...
[19.004s] Compiling '/home/wyatt/ros2_ws/install/turtlesim/local/lib/python3.10/dist-packages/turtlesim/srv/__init__.py'...
[19.004s] Compiling '/home/wyatt/ros2_ws/install/turtlesim/local/lib/python3.10/dist-packages/turtlesim/srv/_kill.py'...
[19.004s] Compiling '/home/wyatt/ros2_ws/install/turtlesim/local/lib/python3.10/dist-packages/turtlesim/srv/_set_pen.py'...
[19.004s] Compiling '/home/wyatt/ros2_ws/install/turtlesim/local/lib/python3.10/dist-packages/turtlesim/srv/_spawn.py'...
[19.004s] Compiling '/home/wyatt/ros2_ws/install/turtlesim/local/lib/python3.10/dist-packages/turtlesim/srv/_teleport_absolute.py'...
[19.004s] Compiling '/home/wyatt/ros2_ws/install/turtlesim/local/lib/python3.10/dist-packages/turtlesim/srv/_teleport_relative.py'...
[19.007s] -- Installing: /home/wyatt/ros2_ws/install/turtlesim/local/lib/python3.10/dist-packages/turtlesim/turtlesim_s__rosidl_typesupport_fastrtps_c.cpython-310-x86_64-linux-gnu.so
[19.007s] -- Set runtime path of "/home/wyatt/ros2_ws/install/turtlesim/local/lib/python3.10/dist-packages/turtlesim/turtlesim_s__rosidl_typesupport_fastrtps_c.cpython-310-x86_64-linux-gnu.so" to ""
[19.008s] -- Installing: /home/wyatt/ros2_ws/install/turtlesim/local/lib/python3.10/dist-packages/turtlesim/turtlesim_s__rosidl_typesupport_introspection_c.cpython-310-x86_64-linux-gnu.so
[19.008s] -- Set runtime path of "/home/wyatt/ros2_ws/install/turtlesim/local/lib/python3.10/dist-packages/turtlesim/turtlesim_s__rosidl_typesupport_introspection_c.cpython-310-x86_64-linux-gnu.so" to ""
[19.008s] -- Installing: /home/wyatt/ros2_ws/install/turtlesim/local/lib/python3.10/dist-packages/turtlesim/turtlesim_s__rosidl_typesupport_c.cpython-310-x86_64-linux-gnu.so
[19.009s] -- Set runtime path of "/home/wyatt/ros2_ws/install/turtlesim/local/lib/python3.10/dist-packages/turtlesim/turtlesim_s__rosidl_typesupport_c.cpython-310-x86_64-linux-gnu.so" to ""
[19.009s] -- Installing: /home/wyatt/ros2_ws/install/turtlesim/lib/libturtlesim__rosidl_generator_py.so
[19.009s] -- Set runtime path of "/home/wyatt/ros2_ws/install/turtlesim/lib/libturtlesim__rosidl_generator_py.so" to ""
[19.009s] -- Installing: /home/wyatt/ros2_ws/install/turtlesim/share/turtlesim/action/RotateAbsolute.idl
[19.009s] -- Installing: /home/wyatt/ros2_ws/install/turtlesim/share/turtlesim/msg/Color.idl
[19.010s] -- Installing: /home/wyatt/ros2_ws/install/turtlesim/share/turtlesim/msg/Pose.idl
[19.010s] -- Installing: /home/wyatt/ros2_ws/install/turtlesim/share/turtlesim/srv/Kill.idl
[19.010s] -- Installing: /home/wyatt/ros2_ws/install/turtlesim/share/turtlesim/srv/SetPen.idl
[19.010s] -- Installing: /home/wyatt/ros2_ws/install/turtlesim/share/turtlesim/srv/Spawn.idl
[19.010s] -- Installing: /home/wyatt/ros2_ws/install/turtlesim/share/turtlesim/srv/TeleportAbsolute.idl
[19.010s] -- Installing: /home/wyatt/ros2_ws/install/turtlesim/share/turtlesim/srv/TeleportRelative.idl
[19.010s] -- Installing: /home/wyatt/ros2_ws/install/turtlesim/share/turtlesim/action/RotateAbsolute.action
[19.011s] -- Installing: /home/wyatt/ros2_ws/install/turtlesim/share/turtlesim/msg/Color.msg
[19.011s] -- Installing: /home/wyatt/ros2_ws/install/turtlesim/share/turtlesim/msg/Pose.msg
[19.011s] -- Installing: /home/wyatt/ros2_ws/install/turtlesim/share/turtlesim/srv/Kill.srv
[19.011s] -- Installing: /home/wyatt/ros2_ws/install/turtlesim/share/turtlesim/srv/Kill_Request.msg
[19.011s] -- Installing: /home/wyatt/ros2_ws/install/turtlesim/share/turtlesim/srv/Kill_Response.msg
[19.011s] -- Installing: /home/wyatt/ros2_ws/install/turtlesim/share/turtlesim/srv/SetPen.srv
[19.012s] -- Installing: /home/wyatt/ros2_ws/install/turtlesim/share/turtlesim/srv/SetPen_Request.msg
[19.012s] -- Installing: /home/wyatt/ros2_ws/install/turtlesim/share/turtlesim/srv/SetPen_Response.msg
[19.012s] -- Installing: /home/wyatt/ros2_ws/install/turtlesim/share/turtlesim/srv/Spawn.srv
[19.012s] -- Installing: /home/wyatt/ros2_ws/install/turtlesim/share/turtlesim/srv/Spawn_Request.msg
[19.012s] -- Installing: /home/wyatt/ros2_ws/install/turtlesim/share/turtlesim/srv/Spawn_Response.msg
[19.012s] -- Installing: /home/wyatt/ros2_ws/install/turtlesim/share/turtlesim/srv/TeleportAbsolute.srv
[19.013s] -- Installing: /home/wyatt/ros2_ws/install/turtlesim/share/turtlesim/srv/TeleportAbsolute_Request.msg
[19.013s] -- Installing: /home/wyatt/ros2_ws/install/turtlesim/share/turtlesim/srv/TeleportAbsolute_Response.msg
[19.013s] -- Installing: /home/wyatt/ros2_ws/install/turtlesim/share/turtlesim/srv/TeleportRelative.srv
[19.013s] -- Installing: /home/wyatt/ros2_ws/install/turtlesim/share/turtlesim/srv/TeleportRelative_Request.msg
[19.013s] -- Installing: /home/wyatt/ros2_ws/install/turtlesim/share/turtlesim/srv/TeleportRelative_Response.msg
[19.013s] -- Installing: /home/wyatt/ros2_ws/install/turtlesim/lib/turtlesim/turtlesim_node
[19.021s] -- Set runtime path of "/home/wyatt/ros2_ws/install/turtlesim/lib/turtlesim/turtlesim_node" to ""
[19.021s] -- Installing: /home/wyatt/ros2_ws/install/turtlesim/lib/turtlesim/turtle_teleop_key
[19.022s] -- Set runtime path of "/home/wyatt/ros2_ws/install/turtlesim/lib/turtlesim/turtle_teleop_key" to ""
[19.022s] -- Installing: /home/wyatt/ros2_ws/install/turtlesim/lib/turtlesim/draw_square
[19.026s] -- Set runtime path of "/home/wyatt/ros2_ws/install/turtlesim/lib/turtlesim/draw_square" to ""
[19.026s] -- Installing: /home/wyatt/ros2_ws/install/turtlesim/lib/turtlesim/mimic
[19.029s] -- Set runtime path of "/home/wyatt/ros2_ws/install/turtlesim/lib/turtlesim/mimic" to ""
[19.029s] -- Installing: /home/wyatt/ros2_ws/install/turtlesim/share/turtlesim/images
[19.029s] -- Installing: /home/wyatt/ros2_ws/install/turtlesim/share/turtlesim/images/foxy.png
[19.030s] -- Installing: /home/wyatt/ros2_ws/install/turtlesim/share/turtlesim/images/galactic.png
[19.030s] -- Installing: /home/wyatt/ros2_ws/install/turtlesim/share/turtlesim/images/humble.png
[19.030s] -- Installing: /home/wyatt/ros2_ws/install/turtlesim/share/turtlesim/images/dashing.png
[19.030s] -- Installing: /home/wyatt/ros2_ws/install/turtlesim/share/turtlesim/images/crystal.png
[19.030s] -- Installing: /home/wyatt/ros2_ws/install/turtlesim/share/turtlesim/images/bouncy.png
[19.030s] -- Installing: /home/wyatt/ros2_ws/install/turtlesim/share/turtlesim/images/rolling.png
[19.030s] -- Installing: /home/wyatt/ros2_ws/install/turtlesim/share/turtlesim/images/eloquent.png
[19.030s] -- Installing: /home/wyatt/ros2_ws/install/turtlesim/share/turtlesim/images/ardent.png
[19.031s] -- Installing: /home/wyatt/ros2_ws/install/turtlesim/share/turtlesim/launch
[19.031s] -- Installing: /home/wyatt/ros2_ws/install/turtlesim/share/turtlesim/launch/multisim.launch.py
[19.031s] -- Installing: /home/wyatt/ros2_ws/install/turtlesim/share/ament_index/resource_index/package_run_dependencies/turtlesim
[19.031s] -- Installing: /home/wyatt/ros2_ws/install/turtlesim/share/ament_index/resource_index/parent_prefix_path/turtlesim
[19.031s] -- Installing: /home/wyatt/ros2_ws/install/turtlesim/share/turtlesim/environment/ament_prefix_path.sh
[19.031s] -- Installing: /home/wyatt/ros2_ws/install/turtlesim/share/turtlesim/environment/ament_prefix_path.dsv
[19.031s] -- Installing: /home/wyatt/ros2_ws/install/turtlesim/share/turtlesim/environment/path.sh
[19.031s] -- Installing: /home/wyatt/ros2_ws/install/turtlesim/share/turtlesim/environment/path.dsv
[19.032s] -- Installing: /home/wyatt/ros2_ws/install/turtlesim/share/turtlesim/local_setup.bash
[19.032s] -- Installing: /home/wyatt/ros2_ws/install/turtlesim/share/turtlesim/local_setup.sh
[19.032s] -- Installing: /home/wyatt/ros2_ws/install/turtlesim/share/turtlesim/local_setup.zsh
[19.032s] -- Installing: /home/wyatt/ros2_ws/install/turtlesim/share/turtlesim/local_setup.dsv
[19.032s] -- Installing: /home/wyatt/ros2_ws/install/turtlesim/share/turtlesim/package.dsv
[19.032s] -- Installing: /home/wyatt/ros2_ws/install/turtlesim/share/ament_index/resource_index/packages/turtlesim
[19.033s] -- Installing: /home/wyatt/ros2_ws/install/turtlesim/share/turtlesim/cmake/export_turtlesim__rosidl_generator_cExport.cmake
[19.033s] -- Installing: /home/wyatt/ros2_ws/install/turtlesim/share/turtlesim/cmake/export_turtlesim__rosidl_generator_cExport-noconfig.cmake
[19.033s] -- Installing: /home/wyatt/ros2_ws/install/turtlesim/share/turtlesim/cmake/export_turtlesim__rosidl_typesupport_fastrtps_cExport.cmake
[19.033s] -- Installing: /home/wyatt/ros2_ws/install/turtlesim/share/turtlesim/cmake/export_turtlesim__rosidl_typesupport_fastrtps_cExport-noconfig.cmake
[19.033s] -- Installing: /home/wyatt/ros2_ws/install/turtlesim/share/turtlesim/cmake/export_turtlesim__rosidl_generator_cppExport.cmake
[19.033s] -- Installing: /home/wyatt/ros2_ws/install/turtlesim/share/turtlesim/cmake/export_turtlesim__rosidl_typesupport_fastrtps_cppExport.cmake
[19.034s] -- Installing: /home/wyatt/ros2_ws/install/turtlesim/share/turtlesim/cmake/export_turtlesim__rosidl_typesupport_fastrtps_cppExport-noconfig.cmake
[19.034s] -- Installing: /home/wyatt/ros2_ws/install/turtlesim/share/turtlesim/cmake/turtlesim__rosidl_typesupport_introspection_cExport.cmake
[19.034s] -- Installing: /home/wyatt/ros2_ws/install/turtlesim/share/turtlesim/cmake/turtlesim__rosidl_typesupport_introspection_cExport-noconfig.cmake
[19.034s] -- Installing: /home/wyatt/ros2_ws/install/turtlesim/share/turtlesim/cmake/turtlesim__rosidl_typesupport_cExport.cmake
[19.034s] -- Installing: /home/wyatt/ros2_ws/install/turtlesim/share/turtlesim/cmake/turtlesim__rosidl_typesupport_cExport-noconfig.cmake
[19.034s] -- Installing: /home/wyatt/ros2_ws/install/turtlesim/share/turtlesim/cmake/turtlesim__rosidl_typesupport_introspection_cppExport.cmake
[19.035s] -- Installing: /home/wyatt/ros2_ws/install/turtlesim/share/turtlesim/cmake/turtlesim__rosidl_typesupport_introspection_cppExport-noconfig.cmake
[19.035s] -- Installing: /home/wyatt/ros2_ws/install/turtlesim/share/turtlesim/cmake/turtlesim__rosidl_typesupport_cppExport.cmake
[19.035s] -- Installing: /home/wyatt/ros2_ws/install/turtlesim/share/turtlesim/cmake/turtlesim__rosidl_typesupport_cppExport-noconfig.cmake
[19.035s] -- Installing: /home/wyatt/ros2_ws/install/turtlesim/share/turtlesim/cmake/export_turtlesim__rosidl_generator_pyExport.cmake
[19.035s] -- Installing: /home/wyatt/ros2_ws/install/turtlesim/share/turtlesim/cmake/export_turtlesim__rosidl_generator_pyExport-noconfig.cmake
[19.035s] -- Installing: /home/wyatt/ros2_ws/install/turtlesim/share/turtlesim/cmake/rosidl_cmake-extras.cmake
[19.036s] -- Installing: /home/wyatt/ros2_ws/install/turtlesim/share/turtlesim/cmake/ament_cmake_export_dependencies-extras.cmake
[19.036s] -- Installing: /home/wyatt/ros2_ws/install/turtlesim/share/turtlesim/cmake/ament_cmake_export_include_directories-extras.cmake
[19.036s] -- Installing: /home/wyatt/ros2_ws/install/turtlesim/share/turtlesim/cmake/ament_cmake_export_libraries-extras.cmake
[19.036s] -- Installing: /home/wyatt/ros2_ws/install/turtlesim/share/turtlesim/cmake/ament_cmake_export_targets-extras.cmake
[19.036s] -- Installing: /home/wyatt/ros2_ws/install/turtlesim/share/turtlesim/cmake/rosidl_cmake_export_typesupport_targets-extras.cmake
[19.036s] -- Installing: /home/wyatt/ros2_ws/install/turtlesim/share/turtlesim/cmake/rosidl_cmake_export_typesupport_libraries-extras.cmake
[19.037s] -- Installing: /home/wyatt/ros2_ws/install/turtlesim/share/turtlesim/cmake/turtlesimConfig.cmake
[19.037s] -- Installing: /home/wyatt/ros2_ws/install/turtlesim/share/turtlesim/cmake/turtlesimConfig-version.cmake
[19.037s] -- Installing: /home/wyatt/ros2_ws/install/turtlesim/share/turtlesim/package.xml
[19.039s] Invoked command in '/home/wyatt/ros2_ws/build/turtlesim' returned '0': CMAKE_PREFIX_PATH=${CMAKE_PREFIX_PATH}:/home/wyatt/ros2_ws/install/launch_testing_examples:/home/wyatt/ros2_ws/install/examples_rclpy_pointcloud_publisher:/home/wyatt/ros2_ws/install/examples_rclpy_minimal_subscriber:/home/wyatt/ros2_ws/install/examples_rclpy_minimal_service:/home/wyatt/ros2_ws/install/examples_rclpy_minimal_publisher:/home/wyatt/ros2_ws/install/examples_rclpy_minimal_client:/home/wyatt/ros2_ws/install/examples_rclpy_minimal_action_server:/home/wyatt/ros2_ws/install/examples_rclpy_minimal_action_client:/home/wyatt/ros2_ws/install/examples_rclpy_guard_conditions:/home/wyatt/ros2_ws/install/examples_rclpy_executors:/opt/ros/humble /usr/bin/cmake --install /home/wyatt/ros2_ws/build/turtlesim
