[0.546s] Invoking command in '/home/wyatt/ros2_ws/build/examples_rclcpp_minimal_action_client': CMAKE_PREFIX_PATH=${CMAKE_PREFIX_PATH}:/home/wyatt/ros2_ws/install/launch_testing_examples:/home/wyatt/ros2_ws/install/examples_rclpy_pointcloud_publisher:/home/wyatt/ros2_ws/install/examples_rclpy_minimal_subscriber:/home/wyatt/ros2_ws/install/examples_rclpy_minimal_service:/home/wyatt/ros2_ws/install/examples_rclpy_minimal_publisher:/home/wyatt/ros2_ws/install/examples_rclpy_minimal_client:/home/wyatt/ros2_ws/install/examples_rclpy_minimal_action_server:/home/wyatt/ros2_ws/install/examples_rclpy_minimal_action_client:/home/wyatt/ros2_ws/install/examples_rclpy_guard_conditions:/home/wyatt/ros2_ws/install/examples_rclpy_executors:/opt/ros/humble /usr/bin/cmake --build /home/wyatt/ros2_ws/build/examples_rclcpp_minimal_action_client -- -j12 -l12
[0.620s] [ 25%] Built target action_client_member_functions
[0.620s] [ 50%] Built target action_client_not_composable
[0.633s] [ 75%] Built target action_client_not_composable_with_feedback
[0.636s] [100%] Built target action_client_not_composable_with_cancel
[0.657s] Invoked command in '/home/wyatt/ros2_ws/build/examples_rclcpp_minimal_action_client' returned '0': CMAKE_PREFIX_PATH=${CMAKE_PREFIX_PATH}:/home/wyatt/ros2_ws/install/launch_testing_examples:/home/wyatt/ros2_ws/install/examples_rclpy_pointcloud_publisher:/home/wyatt/ros2_ws/install/examples_rclpy_minimal_subscriber:/home/wyatt/ros2_ws/install/examples_rclpy_minimal_service:/home/wyatt/ros2_ws/install/examples_rclpy_minimal_publisher:/home/wyatt/ros2_ws/install/examples_rclpy_minimal_client:/home/wyatt/ros2_ws/install/examples_rclpy_minimal_action_server:/home/wyatt/ros2_ws/install/examples_rclpy_minimal_action_client:/home/wyatt/ros2_ws/install/examples_rclpy_guard_conditions:/home/wyatt/ros2_ws/install/examples_rclpy_executors:/opt/ros/humble /usr/bin/cmake --build /home/wyatt/ros2_ws/build/examples_rclcpp_minimal_action_client -- -j12 -l12
[0.776s] Invoking command in '/home/wyatt/ros2_ws/build/examples_rclcpp_minimal_action_client': CMAKE_PREFIX_PATH=${CMAKE_PREFIX_PATH}:/home/wyatt/ros2_ws/install/launch_testing_examples:/home/wyatt/ros2_ws/install/examples_rclpy_pointcloud_publisher:/home/wyatt/ros2_ws/install/examples_rclpy_minimal_subscriber:/home/wyatt/ros2_ws/install/examples_rclpy_minimal_service:/home/wyatt/ros2_ws/install/examples_rclpy_minimal_publisher:/home/wyatt/ros2_ws/install/examples_rclpy_minimal_client:/home/wyatt/ros2_ws/install/examples_rclpy_minimal_action_server:/home/wyatt/ros2_ws/install/examples_rclpy_minimal_action_client:/home/wyatt/ros2_ws/install/examples_rclpy_guard_conditions:/home/wyatt/ros2_ws/install/examples_rclpy_executors:/opt/ros/humble /usr/bin/cmake --install /home/wyatt/ros2_ws/build/examples_rclcpp_minimal_action_client
[0.806s] -- Install configuration: ""
[0.806s] -- Execute custom install script
[0.807s] -- Up-to-date symlink: /home/wyatt/ros2_ws/install/examples_rclcpp_minimal_action_client/lib/examples_rclcpp_minimal_action_client/action_client_member_functions
[0.807s] -- Up-to-date symlink: /home/wyatt/ros2_ws/install/examples_rclcpp_minimal_action_client/lib/examples_rclcpp_minimal_action_client/action_client_not_composable
[0.808s] -- Up-to-date symlink: /home/wyatt/ros2_ws/install/examples_rclcpp_minimal_action_client/lib/examples_rclcpp_minimal_action_client/action_client_not_composable_with_cancel
[0.808s] -- Up-to-date symlink: /home/wyatt/ros2_ws/install/examples_rclcpp_minimal_action_client/lib/examples_rclcpp_minimal_action_client/action_client_not_composable_with_feedback
[0.809s] -- Up-to-date symlink: /home/wyatt/ros2_ws/install/examples_rclcpp_minimal_action_client/share/ament_index/resource_index/package_run_dependencies/examples_rclcpp_minimal_action_client
[0.809s] -- Up-to-date symlink: /home/wyatt/ros2_ws/install/examples_rclcpp_minimal_action_client/share/ament_index/resource_index/parent_prefix_path/examples_rclcpp_minimal_action_client
[0.809s] -- Up-to-date symlink: /home/wyatt/ros2_ws/install/examples_rclcpp_minimal_action_client/share/examples_rclcpp_minimal_action_client/environment/ament_prefix_path.sh
[0.809s] -- Up-to-date symlink: /home/wyatt/ros2_ws/install/examples_rclcpp_minimal_action_client/share/examples_rclcpp_minimal_action_client/environment/ament_prefix_path.dsv
[0.809s] -- Up-to-date symlink: /home/wyatt/ros2_ws/install/examples_rclcpp_minimal_action_client/share/examples_rclcpp_minimal_action_client/environment/path.sh
[0.809s] -- Up-to-date symlink: /home/wyatt/ros2_ws/install/examples_rclcpp_minimal_action_client/share/examples_rclcpp_minimal_action_client/environment/path.dsv
[0.809s] -- Up-to-date symlink: /home/wyatt/ros2_ws/install/examples_rclcpp_minimal_action_client/share/examples_rclcpp_minimal_action_client/local_setup.bash
[0.810s] -- Up-to-date symlink: /home/wyatt/ros2_ws/install/examples_rclcpp_minimal_action_client/share/examples_rclcpp_minimal_action_client/local_setup.sh
[0.810s] -- Up-to-date symlink: /home/wyatt/ros2_ws/install/examples_rclcpp_minimal_action_client/share/examples_rclcpp_minimal_action_client/local_setup.zsh
[0.810s] -- Up-to-date symlink: /home/wyatt/ros2_ws/install/examples_rclcpp_minimal_action_client/share/examples_rclcpp_minimal_action_client/local_setup.dsv
[0.810s] -- Symlinking: /home/wyatt/ros2_ws/install/examples_rclcpp_minimal_action_client/share/examples_rclcpp_minimal_action_client/package.dsv
[0.815s] -- Up-to-date symlink: /home/wyatt/ros2_ws/install/examples_rclcpp_minimal_action_client/share/ament_index/resource_index/packages/examples_rclcpp_minimal_action_client
[0.815s] -- Up-to-date symlink: /home/wyatt/ros2_ws/install/examples_rclcpp_minimal_action_client/share/examples_rclcpp_minimal_action_client/cmake/examples_rclcpp_minimal_action_clientConfig.cmake
[0.816s] -- Up-to-date symlink: /home/wyatt/ros2_ws/install/examples_rclcpp_minimal_action_client/share/examples_rclcpp_minimal_action_client/cmake/examples_rclcpp_minimal_action_clientConfig-version.cmake
[0.816s] -- Up-to-date symlink: /home/wyatt/ros2_ws/install/examples_rclcpp_minimal_action_client/share/examples_rclcpp_minimal_action_client/package.xml
[1.078s] Invoked command in '/home/wyatt/ros2_ws/build/examples_rclcpp_minimal_action_client' returned '0': CMAKE_PREFIX_PATH=${CMAKE_PREFIX_PATH}:/home/wyatt/ros2_ws/install/launch_testing_examples:/home/wyatt/ros2_ws/install/examples_rclpy_pointcloud_publisher:/home/wyatt/ros2_ws/install/examples_rclpy_minimal_subscriber:/home/wyatt/ros2_ws/install/examples_rclpy_minimal_service:/home/wyatt/ros2_ws/install/examples_rclpy_minimal_publisher:/home/wyatt/ros2_ws/install/examples_rclpy_minimal_client:/home/wyatt/ros2_ws/install/examples_rclpy_minimal_action_server:/home/wyatt/ros2_ws/install/examples_rclpy_minimal_action_client:/home/wyatt/ros2_ws/install/examples_rclpy_guard_conditions:/home/wyatt/ros2_ws/install/examples_rclpy_executors:/opt/ros/humble /usr/bin/cmake --install /home/wyatt/ros2_ws/build/examples_rclcpp_minimal_action_client
