[0.359s] Invoking command in '/home/wyatt/ros2_ws/build/examples_rclcpp_minimal_action_server': CMAKE_PREFIX_PATH=/opt/ros/humble /usr/bin/cmake /home/wyatt/ros2_ws/src/examples/rclcpp/actions/minimal_action_server -DAMENT_CMAKE_SYMLINK_INSTALL=1 -DCMAKE_INSTALL_PREFIX=/home/wyatt/ros2_ws/install/examples_rclcpp_minimal_action_server
[0.512s] -- The C compiler identification is GNU 11.4.0
[0.649s] -- The CXX compiler identification is GNU 11.4.0
[0.658s] -- Detecting C compiler ABI info
[0.771s] -- Detecting C compiler ABI info - done
[0.782s] -- Check for working C compiler: /usr/bin/cc - skipped
[0.783s] -- Detecting C compile features
[0.784s] -- Detecting C compile features - done
[0.788s] -- Detecting CXX compiler ABI info
[0.910s] -- Detecting CXX compiler ABI info - done
[0.922s] -- Check for working CXX compiler: /usr/bin/c++ - skipped
[0.922s] -- Detecting CXX compile features
[0.923s] -- Detecting CXX compile features - done
[0.926s] -- Found ament_cmake: 1.3.5 (/opt/ros/humble/share/ament_cmake/cmake)
[1.187s] -- Found Python3: /usr/bin/python3.10 (found version "3.10.12") found components: Interpreter 
[1.289s] -- Override CMake install command with custom implementation using symlinks instead of copying resources
[1.324s] -- Found example_interfaces: 0.9.3 (/opt/ros/humble/share/example_interfaces/cmake)
[1.378s] -- Found rosidl_generator_c: 3.1.5 (/opt/ros/humble/share/rosidl_generator_c/cmake)
[1.384s] -- Found rosidl_adapter: 3.1.5 (/opt/ros/humble/share/rosidl_adapter/cmake)
[1.398s] -- Found rosidl_generator_cpp: 3.1.5 (/opt/ros/humble/share/rosidl_generator_cpp/cmake)
[1.420s] -- Using all available rosidl_typesupport_c: rosidl_typesupport_fastrtps_c;rosidl_typesupport_introspection_c
[1.450s] -- Using all available rosidl_typesupport_cpp: rosidl_typesupport_fastrtps_cpp;rosidl_typesupport_introspection_cpp
[1.716s] -- Found rclcpp: 16.0.6 (/opt/ros/humble/share/rclcpp/cmake)
[1.802s] -- Found rmw_implementation_cmake: 6.1.1 (/opt/ros/humble/share/rmw_implementation_cmake/cmake)
[1.805s] -- Found rmw_fastrtps_cpp: 6.2.4 (/opt/ros/humble/share/rmw_fastrtps_cpp/cmake)
[1.942s] -- Found OpenSSL: /usr/lib/x86_64-linux-gnu/libcrypto.so (found version "3.0.2")  
[1.979s] -- Found FastRTPS: /opt/ros/humble/include  
[2.044s] -- Using RMW implementation 'rmw_fastrtps_cpp' as default
[2.055s] -- Looking for pthread.h
[2.163s] -- Looking for pthread.h - found
[2.163s] -- Performing Test CMAKE_HAVE_LIBC_PTHREAD
[2.265s] -- Performing Test CMAKE_HAVE_LIBC_PTHREAD - Success
[2.267s] -- Found Threads: TRUE  
[2.529s] -- Found rclcpp_action: 16.0.6 (/opt/ros/humble/share/rclcpp_action/cmake)
[2.615s] -- Found ament_lint_auto: 0.12.8 (/opt/ros/humble/share/ament_lint_auto/cmake)
[2.811s] -- Added test 'copyright' to check source files copyright and LICENSE
[2.812s] -- Added test 'cppcheck' to perform static code analysis on C / C++ code
[2.812s] -- Configured cppcheck include dirs: 
[2.812s] -- Configured cppcheck exclude dirs and/or files: 
[2.813s] -- Added test 'cpplint' to check C / C++ code against the Google style
[2.813s] -- Configured cpplint exclude dirs and/or files: 
[2.814s] -- Added test 'lint_cmake' to check CMake code style
[2.815s] -- Added test 'uncrustify' to check C / C++ code style
[2.815s] -- Configured uncrustify additional arguments: 
[2.816s] -- Added test 'xmllint' to check XML markup files
[2.818s] -- Configuring done
[2.906s] -- Generating done
[2.912s] -- Build files have been written to: /home/wyatt/ros2_ws/build/examples_rclcpp_minimal_action_server
[2.968s] Invoked command in '/home/wyatt/ros2_ws/build/examples_rclcpp_minimal_action_server' returned '0': CMAKE_PREFIX_PATH=/opt/ros/humble /usr/bin/cmake /home/wyatt/ros2_ws/src/examples/rclcpp/actions/minimal_action_server -DAMENT_CMAKE_SYMLINK_INSTALL=1 -DCMAKE_INSTALL_PREFIX=/home/wyatt/ros2_ws/install/examples_rclcpp_minimal_action_server
[2.968s] Invoking command in '/home/wyatt/ros2_ws/build/examples_rclcpp_minimal_action_server': CMAKE_PREFIX_PATH=/opt/ros/humble /usr/bin/cmake --build /home/wyatt/ros2_ws/build/examples_rclcpp_minimal_action_server -- -j12 -l12
[64.239s] [ 25%] [32mBuilding CXX object CMakeFiles/action_server_member_functions.dir/member_functions.cpp.o[0m
[64.240s] [ 50%] [32mBuilding CXX object CMakeFiles/action_server_not_composable.dir/not_composable.cpp.o[0m
[65.033s] [ 75%] [32m[1mLinking CXX executable action_server_not_composable[0m
[65.630s] [ 75%] Built target action_server_not_composable
[65.636s] [100%] [32m[1mLinking CXX executable action_server_member_functions[0m
[66.346s] [100%] Built target action_server_member_functions
