[3.409s] Invoking command in '/home/wyatt/ros2_ws/src/examples/rclpy/services/minimal_service': PYTHONPATH=/home/wyatt/ros2_ws/build/examples_rclpy_minimal_service/prefix_override:/home/wyatt/ros2_ws/install/examples_rclpy_minimal_service/lib/python3.10/site-packages:${PYTHONPATH} /usr/bin/python3 setup.py egg_info --egg-base ../../../../../build/examples_rclpy_minimal_service build --build-base /home/wyatt/ros2_ws/build/examples_rclpy_minimal_service/build install --record /home/wyatt/ros2_ws/build/examples_rclpy_minimal_service/install.log --single-version-externally-managed
[3.766s] running egg_info
[3.767s] writing ../../../../../build/examples_rclpy_minimal_service/examples_rclpy_minimal_service.egg-info/PKG-INFO
[3.767s] writing dependency_links to ../../../../../build/examples_rclpy_minimal_service/examples_rclpy_minimal_service.egg-info/dependency_links.txt
[3.767s] writing entry points to ../../../../../build/examples_rclpy_minimal_service/examples_rclpy_minimal_service.egg-info/entry_points.txt
[3.768s] writing requirements to ../../../../../build/examples_rclpy_minimal_service/examples_rclpy_minimal_service.egg-info/requires.txt
[3.768s] writing top-level names to ../../../../../build/examples_rclpy_minimal_service/examples_rclpy_minimal_service.egg-info/top_level.txt
[3.769s] reading manifest file '../../../../../build/examples_rclpy_minimal_service/examples_rclpy_minimal_service.egg-info/SOURCES.txt'
[3.771s] writing manifest file '../../../../../build/examples_rclpy_minimal_service/examples_rclpy_minimal_service.egg-info/SOURCES.txt'
[3.771s] running build
[3.771s] running build_py
[3.772s] running install
[3.772s] running install_lib
[3.773s] running install_data
[3.774s] running install_egg_info
[3.776s] removing '/home/wyatt/ros2_ws/install/examples_rclpy_minimal_service/lib/python3.10/site-packages/examples_rclpy_minimal_service-0.15.1-py3.10.egg-info' (and everything under it)
[3.776s] Copying ../../../../../build/examples_rclpy_minimal_service/examples_rclpy_minimal_service.egg-info to /home/wyatt/ros2_ws/install/examples_rclpy_minimal_service/lib/python3.10/site-packages/examples_rclpy_minimal_service-0.15.1-py3.10.egg-info
[3.778s] running install_scripts
[3.801s] Installing service script to /home/wyatt/ros2_ws/install/examples_rclpy_minimal_service/lib/examples_rclpy_minimal_service
[3.801s] Installing service_member_function script to /home/wyatt/ros2_ws/install/examples_rclpy_minimal_service/lib/examples_rclpy_minimal_service
[3.802s] writing list of installed files to '/home/wyatt/ros2_ws/build/examples_rclpy_minimal_service/install.log'
[3.838s] Invoked command in '/home/wyatt/ros2_ws/src/examples/rclpy/services/minimal_service' returned '0': PYTHONPATH=/home/wyatt/ros2_ws/build/examples_rclpy_minimal_service/prefix_override:/home/wyatt/ros2_ws/install/examples_rclpy_minimal_service/lib/python3.10/site-packages:${PYTHONPATH} /usr/bin/python3 setup.py egg_info --egg-base ../../../../../build/examples_rclpy_minimal_service build --build-base /home/wyatt/ros2_ws/build/examples_rclpy_minimal_service/build install --record /home/wyatt/ros2_ws/build/examples_rclpy_minimal_service/install.log --single-version-externally-managed
