[4.237s] Invoking command in '/home/wyatt/ros2_ws/src/examples/rclpy/executors': PYTHONPATH=/home/wyatt/ros2_ws/build/examples_rclpy_executors/prefix_override:/home/wyatt/ros2_ws/install/examples_rclpy_executors/lib/python3.10/site-packages:${PYTHONPATH} /usr/bin/python3 setup.py egg_info --egg-base ../../../../build/examples_rclpy_executors build --build-base /home/wyatt/ros2_ws/build/examples_rclpy_executors/build install --record /home/wyatt/ros2_ws/build/examples_rclpy_executors/install.log --single-version-externally-managed
[4.648s] running egg_info
[4.649s] writing ../../../../build/examples_rclpy_executors/examples_rclpy_executors.egg-info/PKG-INFO
[4.649s] writing dependency_links to ../../../../build/examples_rclpy_executors/examples_rclpy_executors.egg-info/dependency_links.txt
[4.650s] writing entry points to ../../../../build/examples_rclpy_executors/examples_rclpy_executors.egg-info/entry_points.txt
[4.650s] writing requirements to ../../../../build/examples_rclpy_executors/examples_rclpy_executors.egg-info/requires.txt
[4.650s] writing top-level names to ../../../../build/examples_rclpy_executors/examples_rclpy_executors.egg-info/top_level.txt
[4.653s] reading manifest file '../../../../build/examples_rclpy_executors/examples_rclpy_executors.egg-info/SOURCES.txt'
[4.654s] writing manifest file '../../../../build/examples_rclpy_executors/examples_rclpy_executors.egg-info/SOURCES.txt'
[4.654s] running build
[4.654s] running build_py
[4.655s] running install
[4.656s] running install_lib
[4.658s] running install_data
[4.658s] running install_egg_info
[4.661s] removing '/home/wyatt/ros2_ws/install/examples_rclpy_executors/lib/python3.10/site-packages/examples_rclpy_executors-0.15.1-py3.10.egg-info' (and everything under it)
[4.661s] Copying ../../../../build/examples_rclpy_executors/examples_rclpy_executors.egg-info to /home/wyatt/ros2_ws/install/examples_rclpy_executors/lib/python3.10/site-packages/examples_rclpy_executors-0.15.1-py3.10.egg-info
[4.662s] running install_scripts
[4.690s] Installing callback_group script to /home/wyatt/ros2_ws/install/examples_rclpy_executors/lib/examples_rclpy_executors
[4.691s] Installing composed script to /home/wyatt/ros2_ws/install/examples_rclpy_executors/lib/examples_rclpy_executors
[4.691s] Installing custom_callback_group script to /home/wyatt/ros2_ws/install/examples_rclpy_executors/lib/examples_rclpy_executors
[4.691s] Installing custom_executor script to /home/wyatt/ros2_ws/install/examples_rclpy_executors/lib/examples_rclpy_executors
[4.691s] Installing listener script to /home/wyatt/ros2_ws/install/examples_rclpy_executors/lib/examples_rclpy_executors
[4.691s] Installing talker script to /home/wyatt/ros2_ws/install/examples_rclpy_executors/lib/examples_rclpy_executors
[4.692s] writing list of installed files to '/home/wyatt/ros2_ws/build/examples_rclpy_executors/install.log'
[4.760s] Invoked command in '/home/wyatt/ros2_ws/src/examples/rclpy/executors' returned '0': PYTHONPATH=/home/wyatt/ros2_ws/build/examples_rclpy_executors/prefix_override:/home/wyatt/ros2_ws/install/examples_rclpy_executors/lib/python3.10/site-packages:${PYTHONPATH} /usr/bin/python3 setup.py egg_info --egg-base ../../../../build/examples_rclpy_executors build --build-base /home/wyatt/ros2_ws/build/examples_rclpy_executors/build install --record /home/wyatt/ros2_ws/build/examples_rclpy_executors/install.log --single-version-externally-managed
