[4.022s] Invoking command in '/home/wyatt/ros2_ws/build/examples_rclpy_minimal_client': PYTHONPATH=/home/wyatt/ros2_ws/build/examples_rclpy_minimal_client/prefix_override:/home/wyatt/ros2_ws/install/examples_rclpy_minimal_client/lib/python3.10/site-packages:${PYTHONPATH} /usr/bin/python3 setup.py develop --editable --build-directory /home/wyatt/ros2_ws/build/examples_rclpy_minimal_client/build --no-deps install_data
[4.717s] running develop
[4.918s] running egg_info
[4.918s] creating examples_rclpy_minimal_client.egg-info
[4.921s] writing examples_rclpy_minimal_client.egg-info/PKG-INFO
[4.922s] writing dependency_links to examples_rclpy_minimal_client.egg-info/dependency_links.txt
[4.922s] writing entry points to examples_rclpy_minimal_client.egg-info/entry_points.txt
[4.922s] writing requirements to examples_rclpy_minimal_client.egg-info/requires.txt
[4.922s] writing top-level names to examples_rclpy_minimal_client.egg-info/top_level.txt
[4.923s] writing manifest file 'examples_rclpy_minimal_client.egg-info/SOURCES.txt'
[4.923s] reading manifest file 'examples_rclpy_minimal_client.egg-info/SOURCES.txt'
[4.923s] writing manifest file 'examples_rclpy_minimal_client.egg-info/SOURCES.txt'
[4.925s] running build_ext
[4.925s] Creating /home/wyatt/ros2_ws/install/examples_rclpy_minimal_client/lib/python3.10/site-packages/examples-rclpy-minimal-client.egg-link (link to .)
[4.927s] Installing client script to /home/wyatt/ros2_ws/install/examples_rclpy_minimal_client/lib/examples_rclpy_minimal_client
[4.927s] Installing client_async script to /home/wyatt/ros2_ws/install/examples_rclpy_minimal_client/lib/examples_rclpy_minimal_client
[4.927s] Installing client_async_callback script to /home/wyatt/ros2_ws/install/examples_rclpy_minimal_client/lib/examples_rclpy_minimal_client
[4.928s] Installing client_async_member_function script to /home/wyatt/ros2_ws/install/examples_rclpy_minimal_client/lib/examples_rclpy_minimal_client
[4.928s] 
[4.928s] Installed /home/wyatt/ros2_ws/build/examples_rclpy_minimal_client
[4.928s] running install_data
[4.928s] creating /home/wyatt/ros2_ws/install/examples_rclpy_minimal_client/share/ament_index
[4.928s] creating /home/wyatt/ros2_ws/install/examples_rclpy_minimal_client/share/ament_index/resource_index
[4.928s] creating /home/wyatt/ros2_ws/install/examples_rclpy_minimal_client/share/ament_index/resource_index/packages
[4.928s] copying resource/examples_rclpy_minimal_client -> /home/wyatt/ros2_ws/install/examples_rclpy_minimal_client/share/ament_index/resource_index/packages
[4.929s] copying package.xml -> /home/wyatt/ros2_ws/install/examples_rclpy_minimal_client/share/examples_rclpy_minimal_client
[5.313s] Invoked command in '/home/wyatt/ros2_ws/build/examples_rclpy_minimal_client' returned '0': PYTHONPATH=/home/wyatt/ros2_ws/build/examples_rclpy_minimal_client/prefix_override:/home/wyatt/ros2_ws/install/examples_rclpy_minimal_client/lib/python3.10/site-packages:${PYTHONPATH} /usr/bin/python3 setup.py develop --editable --build-directory /home/wyatt/ros2_ws/build/examples_rclpy_minimal_client/build --no-deps install_data
