[3.494s] Invoking command in '/home/wyatt/ros2_ws/src/examples/rclpy/actions/minimal_action_server': PYTHONPATH=/home/wyatt/ros2_ws/src/build/examples_rclpy_minimal_action_server/prefix_override:/home/wyatt/ros2_ws/src/install/examples_rclpy_minimal_action_server/lib/python3.10/site-packages:${PYTHONPATH} /usr/bin/python3 setup.py egg_info --egg-base ../../../../build/examples_rclpy_minimal_action_server build --build-base /home/wyatt/ros2_ws/src/build/examples_rclpy_minimal_action_server/build install --record /home/wyatt/ros2_ws/src/build/examples_rclpy_minimal_action_server/install.log --single-version-externally-managed
[3.892s] running egg_info
[3.893s] creating ../../../../build/examples_rclpy_minimal_action_server/examples_rclpy_minimal_action_server.egg-info
[3.893s] writing ../../../../build/examples_rclpy_minimal_action_server/examples_rclpy_minimal_action_server.egg-info/PKG-INFO
[3.893s] writing dependency_links to ../../../../build/examples_rclpy_minimal_action_server/examples_rclpy_minimal_action_server.egg-info/dependency_links.txt
[3.893s] writing entry points to ../../../../build/examples_rclpy_minimal_action_server/examples_rclpy_minimal_action_server.egg-info/entry_points.txt
[3.894s] writing requirements to ../../../../build/examples_rclpy_minimal_action_server/examples_rclpy_minimal_action_server.egg-info/requires.txt
[3.894s] writing top-level names to ../../../../build/examples_rclpy_minimal_action_server/examples_rclpy_minimal_action_server.egg-info/top_level.txt
[3.894s] writing manifest file '../../../../build/examples_rclpy_minimal_action_server/examples_rclpy_minimal_action_server.egg-info/SOURCES.txt'
[3.896s] reading manifest file '../../../../build/examples_rclpy_minimal_action_server/examples_rclpy_minimal_action_server.egg-info/SOURCES.txt'
[3.898s] writing manifest file '../../../../build/examples_rclpy_minimal_action_server/examples_rclpy_minimal_action_server.egg-info/SOURCES.txt'
[3.898s] running build
[3.898s] running build_py
[3.898s] creating /home/wyatt/ros2_ws/src/build/examples_rclpy_minimal_action_server/build
[3.898s] creating /home/wyatt/ros2_ws/src/build/examples_rclpy_minimal_action_server/build/lib
[3.898s] creating /home/wyatt/ros2_ws/src/build/examples_rclpy_minimal_action_server/build/lib/examples_rclpy_minimal_action_server
[3.898s] copying examples_rclpy_minimal_action_server/server_queue_goals.py -> /home/wyatt/ros2_ws/src/build/examples_rclpy_minimal_action_server/build/lib/examples_rclpy_minimal_action_server
[3.898s] copying examples_rclpy_minimal_action_server/server_not_composable.py -> /home/wyatt/ros2_ws/src/build/examples_rclpy_minimal_action_server/build/lib/examples_rclpy_minimal_action_server
[3.899s] copying examples_rclpy_minimal_action_server/server.py -> /home/wyatt/ros2_ws/src/build/examples_rclpy_minimal_action_server/build/lib/examples_rclpy_minimal_action_server
[3.899s] copying examples_rclpy_minimal_action_server/server_single_goal.py -> /home/wyatt/ros2_ws/src/build/examples_rclpy_minimal_action_server/build/lib/examples_rclpy_minimal_action_server
[3.899s] copying examples_rclpy_minimal_action_server/__init__.py -> /home/wyatt/ros2_ws/src/build/examples_rclpy_minimal_action_server/build/lib/examples_rclpy_minimal_action_server
[3.899s] copying examples_rclpy_minimal_action_server/server_defer.py -> /home/wyatt/ros2_ws/src/build/examples_rclpy_minimal_action_server/build/lib/examples_rclpy_minimal_action_server
[3.900s] running install
[3.900s] running install_lib
[3.901s] creating /home/wyatt/ros2_ws/src/install/examples_rclpy_minimal_action_server/lib/python3.10/site-packages/examples_rclpy_minimal_action_server
[3.901s] copying /home/wyatt/ros2_ws/src/build/examples_rclpy_minimal_action_server/build/lib/examples_rclpy_minimal_action_server/server_queue_goals.py -> /home/wyatt/ros2_ws/src/install/examples_rclpy_minimal_action_server/lib/python3.10/site-packages/examples_rclpy_minimal_action_server
[3.901s] copying /home/wyatt/ros2_ws/src/build/examples_rclpy_minimal_action_server/build/lib/examples_rclpy_minimal_action_server/server_not_composable.py -> /home/wyatt/ros2_ws/src/install/examples_rclpy_minimal_action_server/lib/python3.10/site-packages/examples_rclpy_minimal_action_server
[3.901s] copying /home/wyatt/ros2_ws/src/build/examples_rclpy_minimal_action_server/build/lib/examples_rclpy_minimal_action_server/server.py -> /home/wyatt/ros2_ws/src/install/examples_rclpy_minimal_action_server/lib/python3.10/site-packages/examples_rclpy_minimal_action_server
[3.902s] copying /home/wyatt/ros2_ws/src/build/examples_rclpy_minimal_action_server/build/lib/examples_rclpy_minimal_action_server/server_single_goal.py -> /home/wyatt/ros2_ws/src/install/examples_rclpy_minimal_action_server/lib/python3.10/site-packages/examples_rclpy_minimal_action_server
[3.902s] copying /home/wyatt/ros2_ws/src/build/examples_rclpy_minimal_action_server/build/lib/examples_rclpy_minimal_action_server/__init__.py -> /home/wyatt/ros2_ws/src/install/examples_rclpy_minimal_action_server/lib/python3.10/site-packages/examples_rclpy_minimal_action_server
[3.902s] copying /home/wyatt/ros2_ws/src/build/examples_rclpy_minimal_action_server/build/lib/examples_rclpy_minimal_action_server/server_defer.py -> /home/wyatt/ros2_ws/src/install/examples_rclpy_minimal_action_server/lib/python3.10/site-packages/examples_rclpy_minimal_action_server
[3.902s] byte-compiling /home/wyatt/ros2_ws/src/install/examples_rclpy_minimal_action_server/lib/python3.10/site-packages/examples_rclpy_minimal_action_server/server_queue_goals.py to server_queue_goals.cpython-310.pyc
[3.903s] byte-compiling /home/wyatt/ros2_ws/src/install/examples_rclpy_minimal_action_server/lib/python3.10/site-packages/examples_rclpy_minimal_action_server/server_not_composable.py to server_not_composable.cpython-310.pyc
[3.904s] byte-compiling /home/wyatt/ros2_ws/src/install/examples_rclpy_minimal_action_server/lib/python3.10/site-packages/examples_rclpy_minimal_action_server/server.py to server.cpython-310.pyc
[3.905s] byte-compiling /home/wyatt/ros2_ws/src/install/examples_rclpy_minimal_action_server/lib/python3.10/site-packages/examples_rclpy_minimal_action_server/server_single_goal.py to server_single_goal.cpython-310.pyc
[3.906s] byte-compiling /home/wyatt/ros2_ws/src/install/examples_rclpy_minimal_action_server/lib/python3.10/site-packages/examples_rclpy_minimal_action_server/__init__.py to __init__.cpython-310.pyc
[3.906s] byte-compiling /home/wyatt/ros2_ws/src/install/examples_rclpy_minimal_action_server/lib/python3.10/site-packages/examples_rclpy_minimal_action_server/server_defer.py to server_defer.cpython-310.pyc
[3.906s] running install_data
[3.907s] creating /home/wyatt/ros2_ws/src/install/examples_rclpy_minimal_action_server/share/ament_index
[3.907s] creating /home/wyatt/ros2_ws/src/install/examples_rclpy_minimal_action_server/share/ament_index/resource_index
[3.908s] creating /home/wyatt/ros2_ws/src/install/examples_rclpy_minimal_action_server/share/ament_index/resource_index/packages
[3.908s] copying resource/examples_rclpy_minimal_action_server -> /home/wyatt/ros2_ws/src/install/examples_rclpy_minimal_action_server/share/ament_index/resource_index/packages
[3.908s] copying package.xml -> /home/wyatt/ros2_ws/src/install/examples_rclpy_minimal_action_server/share/examples_rclpy_minimal_action_server
[3.908s] running install_egg_info
[3.910s] Copying ../../../../build/examples_rclpy_minimal_action_server/examples_rclpy_minimal_action_server.egg-info to /home/wyatt/ros2_ws/src/install/examples_rclpy_minimal_action_server/lib/python3.10/site-packages/examples_rclpy_minimal_action_server-0.15.1-py3.10.egg-info
[3.911s] running install_scripts
[3.938s] Installing server script to /home/wyatt/ros2_ws/src/install/examples_rclpy_minimal_action_server/lib/examples_rclpy_minimal_action_server
[3.939s] Installing server_defer script to /home/wyatt/ros2_ws/src/install/examples_rclpy_minimal_action_server/lib/examples_rclpy_minimal_action_server
[3.939s] Installing server_not_composable script to /home/wyatt/ros2_ws/src/install/examples_rclpy_minimal_action_server/lib/examples_rclpy_minimal_action_server
[3.939s] Installing server_queue_goals script to /home/wyatt/ros2_ws/src/install/examples_rclpy_minimal_action_server/lib/examples_rclpy_minimal_action_server
[3.939s] Installing server_single_goal script to /home/wyatt/ros2_ws/src/install/examples_rclpy_minimal_action_server/lib/examples_rclpy_minimal_action_server
[3.939s] writing list of installed files to '/home/wyatt/ros2_ws/src/build/examples_rclpy_minimal_action_server/install.log'
[4.042s] Invoked command in '/home/wyatt/ros2_ws/src/examples/rclpy/actions/minimal_action_server' returned '0': PYTHONPATH=/home/wyatt/ros2_ws/src/build/examples_rclpy_minimal_action_server/prefix_override:/home/wyatt/ros2_ws/src/install/examples_rclpy_minimal_action_server/lib/python3.10/site-packages:${PYTHONPATH} /usr/bin/python3 setup.py egg_info --egg-base ../../../../build/examples_rclpy_minimal_action_server build --build-base /home/wyatt/ros2_ws/src/build/examples_rclpy_minimal_action_server/build install --record /home/wyatt/ros2_ws/src/build/examples_rclpy_minimal_action_server/install.log --single-version-externally-managed
