[0.075s] Invoking command in '/home/wyatt/ros2_ws/build/examples_rclcpp_wait_set': CMAKE_PREFIX_PATH=/opt/ros/humble /usr/bin/cmake /home/wyatt/ros2_ws/src/examples/rclcpp/wait_set -DCMAKE_INSTALL_PREFIX=/home/wyatt/ros2_ws/install/examples_rclcpp_wait_set
[1.104s] -- Found ament_cmake: 1.3.5 (/opt/ros/humble/share/ament_cmake/cmake)
[1.104s] -- Override CMake install command with custom implementation using symlinks instead of copying resources
[1.104s] -- Found example_interfaces: 0.9.3 (/opt/ros/humble/share/example_interfaces/cmake)
[1.104s] -- Found rosidl_generator_c: 3.1.5 (/opt/ros/humble/share/rosidl_generator_c/cmake)
[1.104s] -- Found rosidl_adapter: 3.1.5 (/opt/ros/humble/share/rosidl_adapter/cmake)
[1.104s] -- Found rosidl_generator_cpp: 3.1.5 (/opt/ros/humble/share/rosidl_generator_cpp/cmake)
[1.104s] -- Using all available rosidl_typesupport_c: rosidl_typesupport_fastrtps_c;rosidl_typesupport_introspection_c
[1.104s] -- Using all available rosidl_typesupport_cpp: rosidl_typesupport_fastrtps_cpp;rosidl_typesupport_introspection_cpp
[1.104s] -- Found rclcpp: 16.0.6 (/opt/ros/humble/share/rclcpp/cmake)
[1.105s] -- Found rmw_implementation_cmake: 6.1.1 (/opt/ros/humble/share/rmw_implementation_cmake/cmake)
[1.105s] -- Found rmw_fastrtps_cpp: 6.2.4 (/opt/ros/humble/share/rmw_fastrtps_cpp/cmake)
[1.105s] -- Using RMW implementation 'rmw_fastrtps_cpp' as default
[1.184s] -- Found rclcpp_components: 16.0.6 (/opt/ros/humble/share/rclcpp_components/cmake)
[1.313s] -- Found ament_lint_auto: 0.12.8 (/opt/ros/humble/share/ament_lint_auto/cmake)
[1.416s] -- Added test 'copyright' to check source files copyright and LICENSE
[1.416s] -- Added test 'cppcheck' to perform static code analysis on C / C++ code
[1.418s] -- Configured cppcheck include dirs: /home/wyatt/ros2_ws/src/examples/rclcpp/wait_set/include
[1.418s] -- Configured cppcheck exclude dirs and/or files: 
[1.419s] -- Added test 'cpplint' to check C / C++ code against the Google style
[1.419s] -- Configured cpplint exclude dirs and/or files: 
[1.420s] -- Added test 'lint_cmake' to check CMake code style
[1.427s] -- Added test 'uncrustify' to check C / C++ code style
[1.427s] -- Configured uncrustify additional arguments: 
[1.427s] -- Added test 'xmllint' to check XML markup files
[1.428s] -- Configuring done
[1.466s] -- Generating done
[1.468s] -- Build files have been written to: /home/wyatt/ros2_ws/build/examples_rclcpp_wait_set
[1.544s] Invoked command in '/home/wyatt/ros2_ws/build/examples_rclcpp_wait_set' returned '0': CMAKE_PREFIX_PATH=/opt/ros/humble /usr/bin/cmake /home/wyatt/ros2_ws/src/examples/rclcpp/wait_set -DCMAKE_INSTALL_PREFIX=/home/wyatt/ros2_ws/install/examples_rclcpp_wait_set
[1.545s] Invoking command in '/home/wyatt/ros2_ws/build/examples_rclcpp_wait_set': CMAKE_PREFIX_PATH=/opt/ros/humble /usr/bin/cmake --build /home/wyatt/ros2_ws/build/examples_rclcpp_wait_set -- -j12 -l12
[1.636s] [35m[1mConsolidate compiler generated dependencies of target listener[0m
[1.637s] [35m[1mConsolidate compiler generated dependencies of target talker[0m
[1.637s] [35m[1mConsolidate compiler generated dependencies of target wait_set_talker[0m
[1.637s] [35m[1mConsolidate compiler generated dependencies of target thread_safe_wait_set[0m
[1.637s] [35m[1mConsolidate compiler generated dependencies of target wait_set[0m
[1.637s] [35m[1mConsolidate compiler generated dependencies of target static_wait_set[0m
[1.638s] [35m[1mConsolidate compiler generated dependencies of target wait_set_listener[0m
[1.638s] [35m[1mConsolidate compiler generated dependencies of target wait_set_random_order[0m
[1.638s] [35m[1mConsolidate compiler generated dependencies of target executor_random_order[0m
[1.638s] [35m[1mConsolidate compiler generated dependencies of target wait_set_topics_and_timer[0m
[1.638s] [35m[1mConsolidate compiler generated dependencies of target wait_set_topics_with_different_rates[0m
[1.638s] [  8%] Built target thread_safe_wait_set
[1.639s] [ 16%] Built target talker
[1.639s] [ 25%] Built target wait_set_talker
[1.639s] [ 33%] Built target listener
[1.639s] [ 50%] Built target wait_set
[1.639s] [ 50%] Built target wait_set_listener
[1.639s] [ 58%] Built target wait_set_topics_and_timer
[1.639s] [ 66%] Built target static_wait_set
[1.639s] [ 75%] Built target wait_set_random_order
[1.640s] [ 83%] Built target executor_random_order
[1.640s] [35m[1mConsolidate compiler generated dependencies of target wait_set_composed[0m
[1.640s] [ 91%] Built target wait_set_topics_with_different_rates
[1.640s] [100%] Built target wait_set_composed
[1.974s] Invoked command in '/home/wyatt/ros2_ws/build/examples_rclcpp_wait_set' returned '0': CMAKE_PREFIX_PATH=/opt/ros/humble /usr/bin/cmake --build /home/wyatt/ros2_ws/build/examples_rclcpp_wait_set -- -j12 -l12
[3.077s] Invoking command in '/home/wyatt/ros2_ws/build/examples_rclcpp_wait_set': CMAKE_PREFIX_PATH=/opt/ros/humble /usr/bin/cmake --install /home/wyatt/ros2_ws/build/examples_rclcpp_wait_set
[3.202s] -- Install configuration: ""
[3.202s] -- Execute custom install script
[3.202s] -- Up-to-date symlink: /home/wyatt/ros2_ws/install/examples_rclcpp_wait_set/lib/examples_rclcpp_wait_set/wait_set_talker
[3.202s] -- Up-to-date symlink: /home/wyatt/ros2_ws/install/examples_rclcpp_wait_set/lib/examples_rclcpp_wait_set/wait_set_listener
[3.202s] -- Up-to-date symlink: /home/wyatt/ros2_ws/install/examples_rclcpp_wait_set/lib/libtalker.so
[3.202s] -- Up-to-date symlink: /home/wyatt/ros2_ws/install/examples_rclcpp_wait_set/lib/liblistener.so
[3.203s] -- Up-to-date symlink: /home/wyatt/ros2_ws/install/examples_rclcpp_wait_set/lib/examples_rclcpp_wait_set/wait_set
[3.203s] -- Up-to-date symlink: /home/wyatt/ros2_ws/install/examples_rclcpp_wait_set/lib/examples_rclcpp_wait_set/static_wait_set
[3.203s] -- Up-to-date symlink: /home/wyatt/ros2_ws/install/examples_rclcpp_wait_set/lib/examples_rclcpp_wait_set/thread_safe_wait_set
[3.203s] -- Up-to-date symlink: /home/wyatt/ros2_ws/install/examples_rclcpp_wait_set/lib/examples_rclcpp_wait_set/wait_set_topics_and_timer
[3.203s] -- Up-to-date symlink: /home/wyatt/ros2_ws/install/examples_rclcpp_wait_set/lib/examples_rclcpp_wait_set/wait_set_random_order
[3.203s] -- Up-to-date symlink: /home/wyatt/ros2_ws/install/examples_rclcpp_wait_set/lib/examples_rclcpp_wait_set/executor_random_order
[3.203s] -- Up-to-date symlink: /home/wyatt/ros2_ws/install/examples_rclcpp_wait_set/lib/examples_rclcpp_wait_set/wait_set_topics_with_different_rates
[3.203s] -- Up-to-date symlink: /home/wyatt/ros2_ws/install/examples_rclcpp_wait_set/lib/examples_rclcpp_wait_set/wait_set_composed
[3.204s] -- Up-to-date symlink: /home/wyatt/ros2_ws/install/examples_rclcpp_wait_set/share/ament_index/resource_index/package_run_dependencies/examples_rclcpp_wait_set
[3.204s] -- Up-to-date symlink: /home/wyatt/ros2_ws/install/examples_rclcpp_wait_set/share/ament_index/resource_index/parent_prefix_path/examples_rclcpp_wait_set
[3.204s] -- Up-to-date symlink: /home/wyatt/ros2_ws/install/examples_rclcpp_wait_set/share/examples_rclcpp_wait_set/environment/ament_prefix_path.sh
[3.204s] -- Up-to-date symlink: /home/wyatt/ros2_ws/install/examples_rclcpp_wait_set/share/examples_rclcpp_wait_set/environment/ament_prefix_path.dsv
[3.204s] -- Up-to-date symlink: /home/wyatt/ros2_ws/install/examples_rclcpp_wait_set/share/examples_rclcpp_wait_set/environment/path.sh
[3.204s] -- Up-to-date symlink: /home/wyatt/ros2_ws/install/examples_rclcpp_wait_set/share/examples_rclcpp_wait_set/environment/path.dsv
[3.204s] -- Up-to-date symlink: /home/wyatt/ros2_ws/install/examples_rclcpp_wait_set/share/examples_rclcpp_wait_set/local_setup.bash
[3.204s] -- Up-to-date symlink: /home/wyatt/ros2_ws/install/examples_rclcpp_wait_set/share/examples_rclcpp_wait_set/local_setup.sh
[3.205s] -- Up-to-date symlink: /home/wyatt/ros2_ws/install/examples_rclcpp_wait_set/share/examples_rclcpp_wait_set/local_setup.zsh
[3.205s] -- Up-to-date symlink: /home/wyatt/ros2_ws/install/examples_rclcpp_wait_set/share/examples_rclcpp_wait_set/local_setup.dsv
[3.205s] -- Symlinking: /home/wyatt/ros2_ws/install/examples_rclcpp_wait_set/share/examples_rclcpp_wait_set/package.dsv
[3.205s] -- Up-to-date symlink: /home/wyatt/ros2_ws/install/examples_rclcpp_wait_set/share/ament_index/resource_index/packages/examples_rclcpp_wait_set
[3.205s] -- Up-to-date symlink: /home/wyatt/ros2_ws/install/examples_rclcpp_wait_set/share/ament_index/resource_index/rclcpp_components/examples_rclcpp_wait_set
[3.205s] -- Up-to-date symlink: /home/wyatt/ros2_ws/install/examples_rclcpp_wait_set/share/examples_rclcpp_wait_set/cmake/examples_rclcpp_wait_setConfig.cmake
[3.205s] -- Up-to-date symlink: /home/wyatt/ros2_ws/install/examples_rclcpp_wait_set/share/examples_rclcpp_wait_set/cmake/examples_rclcpp_wait_setConfig-version.cmake
[3.205s] -- Up-to-date symlink: /home/wyatt/ros2_ws/install/examples_rclcpp_wait_set/share/examples_rclcpp_wait_set/package.xml
[3.602s] Invoked command in '/home/wyatt/ros2_ws/build/examples_rclcpp_wait_set' returned '0': CMAKE_PREFIX_PATH=/opt/ros/humble /usr/bin/cmake --install /home/wyatt/ros2_ws/build/examples_rclcpp_wait_set
