[0.056s] Invoking command in '/home/wyatt/ros2_ws/build/tutorial_interfaces': /usr/bin/cmake /home/wyatt/ros2_ws/src/tutorial_interfaces -DCMAKE_INSTALL_PREFIX=/home/wyatt/ros2_ws/install/tutorial_interfaces
[0.098s] -- The C compiler identification is GNU 11.4.0
[0.142s] -- The CXX compiler identification is GNU 11.4.0
[0.148s] -- Detecting C compiler ABI info
[0.203s] -- Detecting C compiler ABI info - done
[0.209s] -- Check for working C compiler: /usr/bin/cc - skipped
[0.209s] -- Detecting C compile features
[0.209s] -- Detecting C compile features - done
[0.212s] -- Detecting CXX compiler ABI info
[0.272s] -- Detecting CXX compiler ABI info - done
[0.278s] -- Check for working CXX compiler: /usr/bin/c++ - skipped
[0.278s] -- Detecting CXX compile features
[0.279s] -- Detecting CXX compile features - done
[0.282s] -- Found ament_cmake: 1.3.5 (/opt/ros/humble/share/ament_cmake/cmake)
[0.430s] -- Found Python3: /usr/bin/python3.10 (found version "3.10.12") found components: Interpreter 
[0.516s] -- Found geometry_msgs: 4.2.3 (/opt/ros/humble/share/geometry_msgs/cmake)
[0.555s] -- Found rosidl_generator_c: 3.1.5 (/opt/ros/humble/share/rosidl_generator_c/cmake)
[0.561s] -- Found rosidl_adapter: 3.1.5 (/opt/ros/humble/share/rosidl_adapter/cmake)
[0.569s] -- Found rosidl_generator_cpp: 3.1.5 (/opt/ros/humble/share/rosidl_generator_cpp/cmake)
[0.582s] -- Using all available rosidl_typesupport_c: rosidl_typesupport_fastrtps_c;rosidl_typesupport_introspection_c
[0.601s] -- Using all available rosidl_typesupport_cpp: rosidl_typesupport_fastrtps_cpp;rosidl_typesupport_introspection_cpp
[0.713s] -- Found rosidl_default_generators: 1.2.0 (/opt/ros/humble/share/rosidl_default_generators/cmake)
[0.886s] Error parsing '/home/wyatt/ros2_ws/src/tutorial_interfaces/package.xml':
[0.921s] Traceback (most recent call last):
[0.921s]   File "/opt/ros/humble/share/ament_cmake_core/cmake/core/package_xml_2_cmake.py", line 150, in <module>
[0.921s]     main()
[0.921s]   File "/opt/ros/humble/share/ament_cmake_core/cmake/core/package_xml_2_cmake.py", line 53, in main
[0.921s]     raise e
[0.921s]   File "/opt/ros/humble/share/ament_cmake_core/cmake/core/package_xml_2_cmake.py", line 49, in main
[0.921s]     package = parse_package_string(
[0.921s]   File "/usr/lib/python3/dist-packages/catkin_pkg/package.py", line 786, in parse_package_string
[0.922s]     raise InvalidPackage('Error(s):%s' % (''.join(['\n- %s' % e for e in errors])), filename)
[0.922s] catkin_pkg.package.InvalidPackage: Error(s) in package '/home/wyatt/ros2_ws/src/tutorial_interfaces/package.xml':
[0.922s] Error(s):
[0.922s] - The manifest of package "tutorial_interfaces" (with format version 3) must not contain the following tags: memeber_of_group
[0.932s] [31mCMake Error at /opt/ros/humble/share/ament_cmake_core/cmake/core/ament_package_xml.cmake:95 (message):
[0.932s]   execute_process(/usr/bin/python3.10
[0.932s]   /opt/ros/humble/share/ament_cmake_core/cmake/core/package_xml_2_cmake.py
[0.932s]   /home/wyatt/ros2_ws/src/tutorial_interfaces/package.xml
[0.932s]   /home/wyatt/ros2_ws/build/tutorial_interfaces/ament_cmake_core/package.cmake)
[0.932s]   returned error code 1
[0.932s] Call Stack (most recent call first):
[0.933s]   /opt/ros/humble/share/ament_cmake_core/cmake/core/ament_package_xml.cmake:49 (_ament_package_xml)
[0.933s]   /opt/ros/humble/share/rosidl_cmake/cmake/rosidl_generate_interfaces.cmake:226 (ament_package_xml)
[0.933s]   CMakeLists.txt:15 (rosidl_generate_interfaces)
[0.933s] 
[0.933s] [0m
[0.933s] -- Configuring incomplete, errors occurred!
[0.933s] See also "/home/wyatt/ros2_ws/build/tutorial_interfaces/CMakeFiles/CMakeOutput.log".
[0.938s] Invoked command in '/home/wyatt/ros2_ws/build/tutorial_interfaces' returned '1': /usr/bin/cmake /home/wyatt/ros2_ws/src/tutorial_interfaces -DCMAKE_INSTALL_PREFIX=/home/wyatt/ros2_ws/install/tutorial_interfaces
