[0.397s] Invoking command in '/home/wyatt/ros2_ws/build/examples_rclcpp_minimal_action_client': CMAKE_PREFIX_PATH=/opt/ros/humble /usr/bin/cmake /home/wyatt/ros2_ws/src/examples/rclcpp/actions/minimal_action_client -DAMENT_CMAKE_SYMLINK_INSTALL=1 -DCMAKE_INSTALL_PREFIX=/home/wyatt/ros2_ws/install/examples_rclcpp_minimal_action_client
[0.552s] -- The C compiler identification is GNU 11.4.0
[0.689s] -- The CXX compiler identification is GNU 11.4.0
[0.698s] -- Detecting C compiler ABI info
[0.811s] -- Detecting C compiler ABI info - done
[0.823s] -- Check for working C compiler: /usr/bin/cc - skipped
[0.824s] -- Detecting C compile features
[0.825s] -- Detecting C compile features - done
[0.828s] -- Detecting CXX compiler ABI info
[0.960s] -- Detecting CXX compiler ABI info - done
[0.972s] -- Check for working CXX compiler: /usr/bin/c++ - skipped
[0.972s] -- Detecting CXX compile features
[0.973s] -- Detecting CXX compile features - done
[0.975s] -- Found ament_cmake: 1.3.5 (/opt/ros/humble/share/ament_cmake/cmake)
[1.227s] -- Found Python3: /usr/bin/python3.10 (found version "3.10.12") found components: Interpreter 
[1.329s] -- Override CMake install command with custom implementation using symlinks instead of copying resources
[1.364s] -- Found example_interfaces: 0.9.3 (/opt/ros/humble/share/example_interfaces/cmake)
[1.417s] -- Found rosidl_generator_c: 3.1.5 (/opt/ros/humble/share/rosidl_generator_c/cmake)
[1.425s] -- Found rosidl_adapter: 3.1.5 (/opt/ros/humble/share/rosidl_adapter/cmake)
[1.438s] -- Found rosidl_generator_cpp: 3.1.5 (/opt/ros/humble/share/rosidl_generator_cpp/cmake)
[1.460s] -- Using all available rosidl_typesupport_c: rosidl_typesupport_fastrtps_c;rosidl_typesupport_introspection_c
[1.490s] -- Using all available rosidl_typesupport_cpp: rosidl_typesupport_fastrtps_cpp;rosidl_typesupport_introspection_cpp
[1.776s] -- Found rclcpp: 16.0.6 (/opt/ros/humble/share/rclcpp/cmake)
[1.874s] -- Found rmw_implementation_cmake: 6.1.1 (/opt/ros/humble/share/rmw_implementation_cmake/cmake)
[1.877s] -- Found rmw_fastrtps_cpp: 6.2.4 (/opt/ros/humble/share/rmw_fastrtps_cpp/cmake)
[2.031s] -- Found OpenSSL: /usr/lib/x86_64-linux-gnu/libcrypto.so (found version "3.0.2")  
[2.066s] -- Found FastRTPS: /opt/ros/humble/include  
[2.126s] -- Using RMW implementation 'rmw_fastrtps_cpp' as default
[2.137s] -- Looking for pthread.h
[2.236s] -- Looking for pthread.h - found
[2.236s] -- Performing Test CMAKE_HAVE_LIBC_PTHREAD
[2.327s] -- Performing Test CMAKE_HAVE_LIBC_PTHREAD - Success
[2.328s] -- Found Threads: TRUE  
[2.599s] -- Found rclcpp_action: 16.0.6 (/opt/ros/humble/share/rclcpp_action/cmake)
[2.719s] -- Found ament_lint_auto: 0.12.8 (/opt/ros/humble/share/ament_lint_auto/cmake)
[2.855s] -- Added test 'copyright' to check source files copyright and LICENSE
[2.857s] -- Added test 'cppcheck' to perform static code analysis on C / C++ code
[2.857s] -- Configured cppcheck include dirs: 
[2.857s] -- Configured cppcheck exclude dirs and/or files: 
[2.858s] -- Added test 'cpplint' to check C / C++ code against the Google style
[2.858s] -- Configured cpplint exclude dirs and/or files: 
[2.859s] -- Added test 'lint_cmake' to check CMake code style
[2.861s] -- Added test 'uncrustify' to check C / C++ code style
[2.861s] -- Configured uncrustify additional arguments: 
[2.862s] -- Added test 'xmllint' to check XML markup files
[2.864s] -- Configuring done
[2.912s] -- Generating done
[2.918s] -- Build files have been written to: /home/wyatt/ros2_ws/build/examples_rclcpp_minimal_action_client
[2.967s] Invoked command in '/home/wyatt/ros2_ws/build/examples_rclcpp_minimal_action_client' returned '0': CMAKE_PREFIX_PATH=/opt/ros/humble /usr/bin/cmake /home/wyatt/ros2_ws/src/examples/rclcpp/actions/minimal_action_client -DAMENT_CMAKE_SYMLINK_INSTALL=1 -DCMAKE_INSTALL_PREFIX=/home/wyatt/ros2_ws/install/examples_rclcpp_minimal_action_client
[2.968s] Invoking command in '/home/wyatt/ros2_ws/build/examples_rclcpp_minimal_action_client': CMAKE_PREFIX_PATH=/opt/ros/humble /usr/bin/cmake --build /home/wyatt/ros2_ws/build/examples_rclcpp_minimal_action_client -- -j12 -l12
[62.574s] [ 12%] [32mBuilding CXX object CMakeFiles/action_client_not_composable_with_cancel.dir/not_composable_with_cancel.cpp.o[0m
[62.582s] [ 25%] [32mBuilding CXX object CMakeFiles/action_client_member_functions.dir/member_functions.cpp.o[0m
[62.582s] [ 37%] [32mBuilding CXX object CMakeFiles/action_client_not_composable.dir/not_composable.cpp.o[0m
[62.582s] [ 50%] [32mBuilding CXX object CMakeFiles/action_client_not_composable_with_feedback.dir/not_composable_with_feedback.cpp.o[0m
[64.823s] [ 62%] [32m[1mLinking CXX executable action_client_not_composable[0m
[65.961s] [ 62%] Built target action_client_not_composable
[66.176s] [ 75%] [32m[1mLinking CXX executable action_client_not_composable_with_feedback[0m
[66.793s] [ 75%] Built target action_client_not_composable_with_feedback
[67.044s] [ 87%] [32m[1mLinking CXX executable action_client_not_composable_with_cancel[0m
[67.360s] [100%] [32m[1mLinking CXX executable action_client_member_functions[0m
[67.722s] [100%] Built target action_client_not_composable_with_cancel
[67.998s] [100%] Built target action_client_member_functions
