[0.593s] Invoking command in '/home/wyatt/ros2_ws/src/my_package': PYTHONPATH=/home/wyatt/ros2_ws/src/build/my_package/prefix_override:/home/wyatt/ros2_ws/src/install/my_package/lib/python3.10/site-packages:${PYTHONPATH} /usr/bin/python3 setup.py egg_info --egg-base ../build/my_package build --build-base /home/wyatt/ros2_ws/src/build/my_package/build install --record /home/wyatt/ros2_ws/src/build/my_package/install.log --single-version-externally-managed
[0.803s] running egg_info
[0.804s] writing ../build/my_package/my_package.egg-info/PKG-INFO
[0.804s] writing dependency_links to ../build/my_package/my_package.egg-info/dependency_links.txt
[0.804s] writing entry points to ../build/my_package/my_package.egg-info/entry_points.txt
[0.804s] writing requirements to ../build/my_package/my_package.egg-info/requires.txt
[0.804s] writing top-level names to ../build/my_package/my_package.egg-info/top_level.txt
[0.805s] reading manifest file '../build/my_package/my_package.egg-info/SOURCES.txt'
[0.806s] writing manifest file '../build/my_package/my_package.egg-info/SOURCES.txt'
[0.806s] running build
[0.806s] running build_py
[0.806s] running install
[0.806s] running install_lib
[0.807s] running install_data
[0.808s] running install_egg_info
[0.809s] removing '/home/wyatt/ros2_ws/src/install/my_package/lib/python3.10/site-packages/my_package-0.0.0-py3.10.egg-info' (and everything under it)
[0.809s] Copying ../build/my_package/my_package.egg-info to /home/wyatt/ros2_ws/src/install/my_package/lib/python3.10/site-packages/my_package-0.0.0-py3.10.egg-info
[0.810s] running install_scripts
[0.824s] Installing my_node script to /home/wyatt/ros2_ws/src/install/my_package/lib/my_package
[0.825s] writing list of installed files to '/home/wyatt/ros2_ws/src/build/my_package/install.log'
[0.841s] Invoked command in '/home/wyatt/ros2_ws/src/my_package' returned '0': PYTHONPATH=/home/wyatt/ros2_ws/src/build/my_package/prefix_override:/home/wyatt/ros2_ws/src/install/my_package/lib/python3.10/site-packages:${PYTHONPATH} /usr/bin/python3 setup.py egg_info --egg-base ../build/my_package build --build-base /home/wyatt/ros2_ws/src/build/my_package/build install --record /home/wyatt/ros2_ws/src/build/my_package/install.log --single-version-externally-managed
