[3.608s] Invoking command in '/home/wyatt/ros2_ws/src/examples/rclpy/actions/minimal_action_server': PYTHONPATH=/home/wyatt/ros2_ws/build/examples_rclpy_minimal_action_server/prefix_override:/home/wyatt/ros2_ws/install/examples_rclpy_minimal_action_server/lib/python3.10/site-packages:${PYTHONPATH} /usr/bin/python3 setup.py egg_info --egg-base ../../../../../build/examples_rclpy_minimal_action_server build --build-base /home/wyatt/ros2_ws/build/examples_rclpy_minimal_action_server/build install --record /home/wyatt/ros2_ws/build/examples_rclpy_minimal_action_server/install.log --single-version-externally-managed
[3.995s] running egg_info
[3.996s] writing ../../../../../build/examples_rclpy_minimal_action_server/examples_rclpy_minimal_action_server.egg-info/PKG-INFO
[3.996s] writing dependency_links to ../../../../../build/examples_rclpy_minimal_action_server/examples_rclpy_minimal_action_server.egg-info/dependency_links.txt
[3.997s] writing entry points to ../../../../../build/examples_rclpy_minimal_action_server/examples_rclpy_minimal_action_server.egg-info/entry_points.txt
[3.997s] writing requirements to ../../../../../build/examples_rclpy_minimal_action_server/examples_rclpy_minimal_action_server.egg-info/requires.txt
[3.997s] writing top-level names to ../../../../../build/examples_rclpy_minimal_action_server/examples_rclpy_minimal_action_server.egg-info/top_level.txt
[3.999s] reading manifest file '../../../../../build/examples_rclpy_minimal_action_server/examples_rclpy_minimal_action_server.egg-info/SOURCES.txt'
[4.001s] writing manifest file '../../../../../build/examples_rclpy_minimal_action_server/examples_rclpy_minimal_action_server.egg-info/SOURCES.txt'
[4.001s] running build
[4.001s] running build_py
[4.002s] running install
[4.002s] running install_lib
[4.005s] running install_data
[4.005s] running install_egg_info
[4.007s] removing '/home/wyatt/ros2_ws/install/examples_rclpy_minimal_action_server/lib/python3.10/site-packages/examples_rclpy_minimal_action_server-0.15.1-py3.10.egg-info' (and everything under it)
[4.008s] Copying ../../../../../build/examples_rclpy_minimal_action_server/examples_rclpy_minimal_action_server.egg-info to /home/wyatt/ros2_ws/install/examples_rclpy_minimal_action_server/lib/python3.10/site-packages/examples_rclpy_minimal_action_server-0.15.1-py3.10.egg-info
[4.008s] running install_scripts
[4.037s] Installing server script to /home/wyatt/ros2_ws/install/examples_rclpy_minimal_action_server/lib/examples_rclpy_minimal_action_server
[4.037s] Installing server_defer script to /home/wyatt/ros2_ws/install/examples_rclpy_minimal_action_server/lib/examples_rclpy_minimal_action_server
[4.038s] Installing server_not_composable script to /home/wyatt/ros2_ws/install/examples_rclpy_minimal_action_server/lib/examples_rclpy_minimal_action_server
[4.038s] Installing server_queue_goals script to /home/wyatt/ros2_ws/install/examples_rclpy_minimal_action_server/lib/examples_rclpy_minimal_action_server
[4.038s] Installing server_single_goal script to /home/wyatt/ros2_ws/install/examples_rclpy_minimal_action_server/lib/examples_rclpy_minimal_action_server
[4.038s] writing list of installed files to '/home/wyatt/ros2_ws/build/examples_rclpy_minimal_action_server/install.log'
[4.185s] Invoked command in '/home/wyatt/ros2_ws/src/examples/rclpy/actions/minimal_action_server' returned '0': PYTHONPATH=/home/wyatt/ros2_ws/build/examples_rclpy_minimal_action_server/prefix_override:/home/wyatt/ros2_ws/install/examples_rclpy_minimal_action_server/lib/python3.10/site-packages:${PYTHONPATH} /usr/bin/python3 setup.py egg_info --egg-base ../../../../../build/examples_rclpy_minimal_action_server build --build-base /home/wyatt/ros2_ws/build/examples_rclpy_minimal_action_server/build install --record /home/wyatt/ros2_ws/build/examples_rclpy_minimal_action_server/install.log --single-version-externally-managed
