[3.607s] Invoking command in '/home/wyatt/ros2_ws/build/examples_rclpy_minimal_action_client': PYTHONPATH=/home/wyatt/ros2_ws/build/examples_rclpy_minimal_action_client/prefix_override:/home/wyatt/ros2_ws/install/examples_rclpy_minimal_action_client/lib/python3.10/site-packages:${PYTHONPATH} /usr/bin/python3 setup.py develop --uninstall --editable --build-directory /home/wyatt/ros2_ws/build/examples_rclpy_minimal_action_client/build
[3.854s] running develop
[4.037s] Removing /home/wyatt/ros2_ws/install/examples_rclpy_minimal_action_client/lib/python3.10/site-packages/examples-rclpy-minimal-action-client.egg-link (link to .)
[4.077s] Invoked command in '/home/wyatt/ros2_ws/build/examples_rclpy_minimal_action_client' returned '0': PYTHONPATH=/home/wyatt/ros2_ws/build/examples_rclpy_minimal_action_client/prefix_override:/home/wyatt/ros2_ws/install/examples_rclpy_minimal_action_client/lib/python3.10/site-packages:${PYTHONPATH} /usr/bin/python3 setup.py develop --uninstall --editable --build-directory /home/wyatt/ros2_ws/build/examples_rclpy_minimal_action_client/build
[4.079s] Invoking command in '/home/wyatt/ros2_ws/src/examples/rclpy/actions/minimal_action_client': PYTHONPATH=/home/wyatt/ros2_ws/build/examples_rclpy_minimal_action_client/prefix_override:/home/wyatt/ros2_ws/install/examples_rclpy_minimal_action_client/lib/python3.10/site-packages:${PYTHONPATH} /usr/bin/python3 setup.py egg_info --egg-base ../../../../../build/examples_rclpy_minimal_action_client build --build-base /home/wyatt/ros2_ws/build/examples_rclpy_minimal_action_client/build install --record /home/wyatt/ros2_ws/build/examples_rclpy_minimal_action_client/install.log --single-version-externally-managed
[4.451s] running egg_info
[4.452s] writing ../../../../../build/examples_rclpy_minimal_action_client/examples_rclpy_minimal_action_client.egg-info/PKG-INFO
[4.452s] writing dependency_links to ../../../../../build/examples_rclpy_minimal_action_client/examples_rclpy_minimal_action_client.egg-info/dependency_links.txt
[4.452s] writing entry points to ../../../../../build/examples_rclpy_minimal_action_client/examples_rclpy_minimal_action_client.egg-info/entry_points.txt
[4.453s] writing requirements to ../../../../../build/examples_rclpy_minimal_action_client/examples_rclpy_minimal_action_client.egg-info/requires.txt
[4.453s] writing top-level names to ../../../../../build/examples_rclpy_minimal_action_client/examples_rclpy_minimal_action_client.egg-info/top_level.txt
[4.455s] reading manifest file '../../../../../build/examples_rclpy_minimal_action_client/examples_rclpy_minimal_action_client.egg-info/SOURCES.txt'
[4.456s] writing manifest file '../../../../../build/examples_rclpy_minimal_action_client/examples_rclpy_minimal_action_client.egg-info/SOURCES.txt'
[4.456s] running build
[4.457s] running build_py
[4.457s] creating /home/wyatt/ros2_ws/build/examples_rclpy_minimal_action_client/build
[4.457s] creating /home/wyatt/ros2_ws/build/examples_rclpy_minimal_action_client/build/lib
[4.457s] creating /home/wyatt/ros2_ws/build/examples_rclpy_minimal_action_client/build/lib/examples_rclpy_minimal_action_client
[4.457s] copying examples_rclpy_minimal_action_client/client_cancel.py -> /home/wyatt/ros2_ws/build/examples_rclpy_minimal_action_client/build/lib/examples_rclpy_minimal_action_client
[4.457s] copying examples_rclpy_minimal_action_client/client.py -> /home/wyatt/ros2_ws/build/examples_rclpy_minimal_action_client/build/lib/examples_rclpy_minimal_action_client
[4.457s] copying examples_rclpy_minimal_action_client/client_not_composable.py -> /home/wyatt/ros2_ws/build/examples_rclpy_minimal_action_client/build/lib/examples_rclpy_minimal_action_client
[4.457s] copying examples_rclpy_minimal_action_client/client_asyncio.py -> /home/wyatt/ros2_ws/build/examples_rclpy_minimal_action_client/build/lib/examples_rclpy_minimal_action_client
[4.457s] copying examples_rclpy_minimal_action_client/__init__.py -> /home/wyatt/ros2_ws/build/examples_rclpy_minimal_action_client/build/lib/examples_rclpy_minimal_action_client
[4.458s] running install
[4.458s] running install_lib
[4.459s] creating /home/wyatt/ros2_ws/install/examples_rclpy_minimal_action_client/lib/python3.10/site-packages/examples_rclpy_minimal_action_client
[4.459s] copying /home/wyatt/ros2_ws/build/examples_rclpy_minimal_action_client/build/lib/examples_rclpy_minimal_action_client/client_cancel.py -> /home/wyatt/ros2_ws/install/examples_rclpy_minimal_action_client/lib/python3.10/site-packages/examples_rclpy_minimal_action_client
[4.459s] copying /home/wyatt/ros2_ws/build/examples_rclpy_minimal_action_client/build/lib/examples_rclpy_minimal_action_client/client.py -> /home/wyatt/ros2_ws/install/examples_rclpy_minimal_action_client/lib/python3.10/site-packages/examples_rclpy_minimal_action_client
[4.459s] copying /home/wyatt/ros2_ws/build/examples_rclpy_minimal_action_client/build/lib/examples_rclpy_minimal_action_client/client_not_composable.py -> /home/wyatt/ros2_ws/install/examples_rclpy_minimal_action_client/lib/python3.10/site-packages/examples_rclpy_minimal_action_client
[4.459s] copying /home/wyatt/ros2_ws/build/examples_rclpy_minimal_action_client/build/lib/examples_rclpy_minimal_action_client/client_asyncio.py -> /home/wyatt/ros2_ws/install/examples_rclpy_minimal_action_client/lib/python3.10/site-packages/examples_rclpy_minimal_action_client
[4.459s] copying /home/wyatt/ros2_ws/build/examples_rclpy_minimal_action_client/build/lib/examples_rclpy_minimal_action_client/__init__.py -> /home/wyatt/ros2_ws/install/examples_rclpy_minimal_action_client/lib/python3.10/site-packages/examples_rclpy_minimal_action_client
[4.460s] byte-compiling /home/wyatt/ros2_ws/install/examples_rclpy_minimal_action_client/lib/python3.10/site-packages/examples_rclpy_minimal_action_client/client_cancel.py to client_cancel.cpython-310.pyc
[4.461s] byte-compiling /home/wyatt/ros2_ws/install/examples_rclpy_minimal_action_client/lib/python3.10/site-packages/examples_rclpy_minimal_action_client/client.py to client.cpython-310.pyc
[4.461s] byte-compiling /home/wyatt/ros2_ws/install/examples_rclpy_minimal_action_client/lib/python3.10/site-packages/examples_rclpy_minimal_action_client/client_not_composable.py to client_not_composable.cpython-310.pyc
[4.462s] byte-compiling /home/wyatt/ros2_ws/install/examples_rclpy_minimal_action_client/lib/python3.10/site-packages/examples_rclpy_minimal_action_client/client_asyncio.py to client_asyncio.cpython-310.pyc
[4.463s] byte-compiling /home/wyatt/ros2_ws/install/examples_rclpy_minimal_action_client/lib/python3.10/site-packages/examples_rclpy_minimal_action_client/__init__.py to __init__.cpython-310.pyc
[4.463s] running install_data
[4.464s] running install_egg_info
[4.466s] Copying ../../../../../build/examples_rclpy_minimal_action_client/examples_rclpy_minimal_action_client.egg-info to /home/wyatt/ros2_ws/install/examples_rclpy_minimal_action_client/lib/python3.10/site-packages/examples_rclpy_minimal_action_client-0.15.1-py3.10.egg-info
[4.467s] running install_scripts
[4.493s] Installing client script to /home/wyatt/ros2_ws/install/examples_rclpy_minimal_action_client/lib/examples_rclpy_minimal_action_client
[4.493s] Installing client_asyncio script to /home/wyatt/ros2_ws/install/examples_rclpy_minimal_action_client/lib/examples_rclpy_minimal_action_client
[4.493s] Installing client_cancel script to /home/wyatt/ros2_ws/install/examples_rclpy_minimal_action_client/lib/examples_rclpy_minimal_action_client
[4.493s] Installing client_not_composable script to /home/wyatt/ros2_ws/install/examples_rclpy_minimal_action_client/lib/examples_rclpy_minimal_action_client
[4.493s] writing list of installed files to '/home/wyatt/ros2_ws/build/examples_rclpy_minimal_action_client/install.log'
[4.525s] Invoked command in '/home/wyatt/ros2_ws/src/examples/rclpy/actions/minimal_action_client' returned '0': PYTHONPATH=/home/wyatt/ros2_ws/build/examples_rclpy_minimal_action_client/prefix_override:/home/wyatt/ros2_ws/install/examples_rclpy_minimal_action_client/lib/python3.10/site-packages:${PYTHONPATH} /usr/bin/python3 setup.py egg_info --egg-base ../../../../../build/examples_rclpy_minimal_action_client build --build-base /home/wyatt/ros2_ws/build/examples_rclpy_minimal_action_client/build install --record /home/wyatt/ros2_ws/build/examples_rclpy_minimal_action_client/install.log --single-version-externally-managed
