[4.402s] Invoking command in '/home/wyatt/ros2_ws/build/examples_rclpy_minimal_action_server': PYTHONPATH=/home/wyatt/ros2_ws/build/examples_rclpy_minimal_action_server/prefix_override:/home/wyatt/ros2_ws/install/examples_rclpy_minimal_action_server/lib/python3.10/site-packages:${PYTHONPATH} /usr/bin/python3 setup.py develop --editable --build-directory /home/wyatt/ros2_ws/build/examples_rclpy_minimal_action_server/build --no-deps install_data
[4.968s] running develop
[5.300s] running egg_info
[5.300s] creating examples_rclpy_minimal_action_server.egg-info
[5.310s] writing examples_rclpy_minimal_action_server.egg-info/PKG-INFO
[5.310s] writing dependency_links to examples_rclpy_minimal_action_server.egg-info/dependency_links.txt
[5.310s] writing entry points to examples_rclpy_minimal_action_server.egg-info/entry_points.txt
[5.311s] writing requirements to examples_rclpy_minimal_action_server.egg-info/requires.txt
[5.311s] writing top-level names to examples_rclpy_minimal_action_server.egg-info/top_level.txt
[5.311s] writing manifest file 'examples_rclpy_minimal_action_server.egg-info/SOURCES.txt'
[5.312s] reading manifest file 'examples_rclpy_minimal_action_server.egg-info/SOURCES.txt'
[5.312s] writing manifest file 'examples_rclpy_minimal_action_server.egg-info/SOURCES.txt'
[5.312s] running build_ext
[5.312s] Creating /home/wyatt/ros2_ws/install/examples_rclpy_minimal_action_server/lib/python3.10/site-packages/examples-rclpy-minimal-action-server.egg-link (link to .)
[5.312s] Installing server script to /home/wyatt/ros2_ws/install/examples_rclpy_minimal_action_server/lib/examples_rclpy_minimal_action_server
[5.313s] Installing server_defer script to /home/wyatt/ros2_ws/install/examples_rclpy_minimal_action_server/lib/examples_rclpy_minimal_action_server
[5.313s] Installing server_not_composable script to /home/wyatt/ros2_ws/install/examples_rclpy_minimal_action_server/lib/examples_rclpy_minimal_action_server
[5.313s] Installing server_queue_goals script to /home/wyatt/ros2_ws/install/examples_rclpy_minimal_action_server/lib/examples_rclpy_minimal_action_server
[5.314s] Installing server_single_goal script to /home/wyatt/ros2_ws/install/examples_rclpy_minimal_action_server/lib/examples_rclpy_minimal_action_server
[5.314s] 
[5.314s] Installed /home/wyatt/ros2_ws/build/examples_rclpy_minimal_action_server
[5.314s] running install_data
[5.315s] creating /home/wyatt/ros2_ws/install/examples_rclpy_minimal_action_server/share/ament_index
[5.315s] creating /home/wyatt/ros2_ws/install/examples_rclpy_minimal_action_server/share/ament_index/resource_index
[5.316s] creating /home/wyatt/ros2_ws/install/examples_rclpy_minimal_action_server/share/ament_index/resource_index/packages
[5.316s] copying resource/examples_rclpy_minimal_action_server -> /home/wyatt/ros2_ws/install/examples_rclpy_minimal_action_server/share/ament_index/resource_index/packages
[5.316s] copying package.xml -> /home/wyatt/ros2_ws/install/examples_rclpy_minimal_action_server/share/examples_rclpy_minimal_action_server
[5.590s] Invoked command in '/home/wyatt/ros2_ws/build/examples_rclpy_minimal_action_server' returned '0': PYTHONPATH=/home/wyatt/ros2_ws/build/examples_rclpy_minimal_action_server/prefix_override:/home/wyatt/ros2_ws/install/examples_rclpy_minimal_action_server/lib/python3.10/site-packages:${PYTHONPATH} /usr/bin/python3 setup.py develop --editable --build-directory /home/wyatt/ros2_ws/build/examples_rclpy_minimal_action_server/build --no-deps install_data
