[2.978s] Invoking command in '/home/wyatt/ros2_ws/src/examples/rclpy/services/minimal_client': PYTHONPATH=/home/wyatt/ros2_ws/src/build/examples_rclpy_minimal_client/prefix_override:/home/wyatt/ros2_ws/src/install/examples_rclpy_minimal_client/lib/python3.10/site-packages:${PYTHONPATH} /usr/bin/python3 setup.py egg_info --egg-base ../../../../build/examples_rclpy_minimal_client build --build-base /home/wyatt/ros2_ws/src/build/examples_rclpy_minimal_client/build install --record /home/wyatt/ros2_ws/src/build/examples_rclpy_minimal_client/install.log --single-version-externally-managed
[3.507s] running egg_info
[3.507s] creating ../../../../build/examples_rclpy_minimal_client/examples_rclpy_minimal_client.egg-info
[3.508s] writing ../../../../build/examples_rclpy_minimal_client/examples_rclpy_minimal_client.egg-info/PKG-INFO
[3.509s] writing dependency_links to ../../../../build/examples_rclpy_minimal_client/examples_rclpy_minimal_client.egg-info/dependency_links.txt
[3.509s] writing entry points to ../../../../build/examples_rclpy_minimal_client/examples_rclpy_minimal_client.egg-info/entry_points.txt
[3.509s] writing requirements to ../../../../build/examples_rclpy_minimal_client/examples_rclpy_minimal_client.egg-info/requires.txt
[3.509s] writing top-level names to ../../../../build/examples_rclpy_minimal_client/examples_rclpy_minimal_client.egg-info/top_level.txt
[3.510s] writing manifest file '../../../../build/examples_rclpy_minimal_client/examples_rclpy_minimal_client.egg-info/SOURCES.txt'
[3.511s] reading manifest file '../../../../build/examples_rclpy_minimal_client/examples_rclpy_minimal_client.egg-info/SOURCES.txt'
[3.511s] writing manifest file '../../../../build/examples_rclpy_minimal_client/examples_rclpy_minimal_client.egg-info/SOURCES.txt'
[3.511s] running build
[3.511s] running build_py
[3.512s] creating /home/wyatt/ros2_ws/src/build/examples_rclpy_minimal_client/build
[3.512s] creating /home/wyatt/ros2_ws/src/build/examples_rclpy_minimal_client/build/lib
[3.512s] creating /home/wyatt/ros2_ws/src/build/examples_rclpy_minimal_client/build/lib/examples_rclpy_minimal_client
[3.512s] copying examples_rclpy_minimal_client/client_async.py -> /home/wyatt/ros2_ws/src/build/examples_rclpy_minimal_client/build/lib/examples_rclpy_minimal_client
[3.512s] copying examples_rclpy_minimal_client/client.py -> /home/wyatt/ros2_ws/src/build/examples_rclpy_minimal_client/build/lib/examples_rclpy_minimal_client
[3.512s] copying examples_rclpy_minimal_client/client_async_callback.py -> /home/wyatt/ros2_ws/src/build/examples_rclpy_minimal_client/build/lib/examples_rclpy_minimal_client
[3.512s] copying examples_rclpy_minimal_client/__init__.py -> /home/wyatt/ros2_ws/src/build/examples_rclpy_minimal_client/build/lib/examples_rclpy_minimal_client
[3.513s] copying examples_rclpy_minimal_client/client_async_member_function.py -> /home/wyatt/ros2_ws/src/build/examples_rclpy_minimal_client/build/lib/examples_rclpy_minimal_client
[3.513s] running install
[3.513s] running install_lib
[3.513s] creating /home/wyatt/ros2_ws/src/install/examples_rclpy_minimal_client/lib/python3.10/site-packages/examples_rclpy_minimal_client
[3.513s] copying /home/wyatt/ros2_ws/src/build/examples_rclpy_minimal_client/build/lib/examples_rclpy_minimal_client/client_async.py -> /home/wyatt/ros2_ws/src/install/examples_rclpy_minimal_client/lib/python3.10/site-packages/examples_rclpy_minimal_client
[3.513s] copying /home/wyatt/ros2_ws/src/build/examples_rclpy_minimal_client/build/lib/examples_rclpy_minimal_client/client.py -> /home/wyatt/ros2_ws/src/install/examples_rclpy_minimal_client/lib/python3.10/site-packages/examples_rclpy_minimal_client
[3.514s] copying /home/wyatt/ros2_ws/src/build/examples_rclpy_minimal_client/build/lib/examples_rclpy_minimal_client/client_async_callback.py -> /home/wyatt/ros2_ws/src/install/examples_rclpy_minimal_client/lib/python3.10/site-packages/examples_rclpy_minimal_client
[3.514s] copying /home/wyatt/ros2_ws/src/build/examples_rclpy_minimal_client/build/lib/examples_rclpy_minimal_client/__init__.py -> /home/wyatt/ros2_ws/src/install/examples_rclpy_minimal_client/lib/python3.10/site-packages/examples_rclpy_minimal_client
[3.514s] copying /home/wyatt/ros2_ws/src/build/examples_rclpy_minimal_client/build/lib/examples_rclpy_minimal_client/client_async_member_function.py -> /home/wyatt/ros2_ws/src/install/examples_rclpy_minimal_client/lib/python3.10/site-packages/examples_rclpy_minimal_client
[3.514s] byte-compiling /home/wyatt/ros2_ws/src/install/examples_rclpy_minimal_client/lib/python3.10/site-packages/examples_rclpy_minimal_client/client_async.py to client_async.cpython-310.pyc
[3.514s] byte-compiling /home/wyatt/ros2_ws/src/install/examples_rclpy_minimal_client/lib/python3.10/site-packages/examples_rclpy_minimal_client/client.py to client.cpython-310.pyc
[3.514s] byte-compiling /home/wyatt/ros2_ws/src/install/examples_rclpy_minimal_client/lib/python3.10/site-packages/examples_rclpy_minimal_client/client_async_callback.py to client_async_callback.cpython-310.pyc
[3.515s] byte-compiling /home/wyatt/ros2_ws/src/install/examples_rclpy_minimal_client/lib/python3.10/site-packages/examples_rclpy_minimal_client/__init__.py to __init__.cpython-310.pyc
[3.515s] byte-compiling /home/wyatt/ros2_ws/src/install/examples_rclpy_minimal_client/lib/python3.10/site-packages/examples_rclpy_minimal_client/client_async_member_function.py to client_async_member_function.cpython-310.pyc
[3.516s] running install_data
[3.517s] creating /home/wyatt/ros2_ws/src/install/examples_rclpy_minimal_client/share/ament_index
[3.517s] creating /home/wyatt/ros2_ws/src/install/examples_rclpy_minimal_client/share/ament_index/resource_index
[3.517s] creating /home/wyatt/ros2_ws/src/install/examples_rclpy_minimal_client/share/ament_index/resource_index/packages
[3.517s] copying resource/examples_rclpy_minimal_client -> /home/wyatt/ros2_ws/src/install/examples_rclpy_minimal_client/share/ament_index/resource_index/packages
[3.517s] copying package.xml -> /home/wyatt/ros2_ws/src/install/examples_rclpy_minimal_client/share/examples_rclpy_minimal_client
[3.518s] running install_egg_info
[3.518s] Copying ../../../../build/examples_rclpy_minimal_client/examples_rclpy_minimal_client.egg-info to /home/wyatt/ros2_ws/src/install/examples_rclpy_minimal_client/lib/python3.10/site-packages/examples_rclpy_minimal_client-0.15.1-py3.10.egg-info
[3.518s] running install_scripts
[3.518s] Installing client script to /home/wyatt/ros2_ws/src/install/examples_rclpy_minimal_client/lib/examples_rclpy_minimal_client
[3.518s] Installing client_async script to /home/wyatt/ros2_ws/src/install/examples_rclpy_minimal_client/lib/examples_rclpy_minimal_client
[3.518s] Installing client_async_callback script to /home/wyatt/ros2_ws/src/install/examples_rclpy_minimal_client/lib/examples_rclpy_minimal_client
[3.519s] Installing client_async_member_function script to /home/wyatt/ros2_ws/src/install/examples_rclpy_minimal_client/lib/examples_rclpy_minimal_client
[3.519s] writing list of installed files to '/home/wyatt/ros2_ws/src/build/examples_rclpy_minimal_client/install.log'
[3.701s] Invoked command in '/home/wyatt/ros2_ws/src/examples/rclpy/services/minimal_client' returned '0': PYTHONPATH=/home/wyatt/ros2_ws/src/build/examples_rclpy_minimal_client/prefix_override:/home/wyatt/ros2_ws/src/install/examples_rclpy_minimal_client/lib/python3.10/site-packages:${PYTHONPATH} /usr/bin/python3 setup.py egg_info --egg-base ../../../../build/examples_rclpy_minimal_client build --build-base /home/wyatt/ros2_ws/src/build/examples_rclpy_minimal_client/build install --record /home/wyatt/ros2_ws/src/build/examples_rclpy_minimal_client/install.log --single-version-externally-managed
