[0.473s] Invoking command in '/home/wyatt/ros2_ws/build/examples_rclcpp_async_client': CMAKE_PREFIX_PATH=/opt/ros/humble /usr/bin/cmake /home/wyatt/ros2_ws/src/examples/rclcpp/services/async_client -DAMENT_CMAKE_SYMLINK_INSTALL=1 -DCMAKE_INSTALL_PREFIX=/home/wyatt/ros2_ws/install/examples_rclcpp_async_client
[0.633s] -- The C compiler identification is GNU 11.4.0
[0.768s] -- The CXX compiler identification is GNU 11.4.0
[0.777s] -- Detecting C compiler ABI info
[0.890s] -- Detecting C compiler ABI info - done
[0.903s] -- Check for working C compiler: /usr/bin/cc - skipped
[0.903s] -- Detecting C compile features
[0.904s] -- Detecting C compile features - done
[0.907s] -- Detecting CXX compiler ABI info
[1.024s] -- Detecting CXX compiler ABI info - done
[1.039s] -- Check for working CXX compiler: /usr/bin/c++ - skipped
[1.042s] -- Detecting CXX compile features
[1.042s] -- Detecting CXX compile features - done
[1.045s] -- Found ament_cmake: 1.3.5 (/opt/ros/humble/share/ament_cmake/cmake)
[1.295s] -- Found Python3: /usr/bin/python3.10 (found version "3.10.12") found components: Interpreter 
[1.406s] -- Override CMake install command with custom implementation using symlinks instead of copying resources
[1.443s] -- Found example_interfaces: 0.9.3 (/opt/ros/humble/share/example_interfaces/cmake)
[1.497s] -- Found rosidl_generator_c: 3.1.5 (/opt/ros/humble/share/rosidl_generator_c/cmake)
[1.503s] -- Found rosidl_adapter: 3.1.5 (/opt/ros/humble/share/rosidl_adapter/cmake)
[1.517s] -- Found rosidl_generator_cpp: 3.1.5 (/opt/ros/humble/share/rosidl_generator_cpp/cmake)
[1.540s] -- Using all available rosidl_typesupport_c: rosidl_typesupport_fastrtps_c;rosidl_typesupport_introspection_c
[1.569s] -- Using all available rosidl_typesupport_cpp: rosidl_typesupport_fastrtps_cpp;rosidl_typesupport_introspection_cpp
[1.854s] -- Found rclcpp: 16.0.6 (/opt/ros/humble/share/rclcpp/cmake)
[1.950s] -- Found rmw_implementation_cmake: 6.1.1 (/opt/ros/humble/share/rmw_implementation_cmake/cmake)
[1.952s] -- Found rmw_fastrtps_cpp: 6.2.4 (/opt/ros/humble/share/rmw_fastrtps_cpp/cmake)
[2.103s] -- Found OpenSSL: /usr/lib/x86_64-linux-gnu/libcrypto.so (found version "3.0.2")  
[2.137s] -- Found FastRTPS: /opt/ros/humble/include  
[2.197s] -- Using RMW implementation 'rmw_fastrtps_cpp' as default
[2.208s] -- Looking for pthread.h
[2.304s] -- Looking for pthread.h - found
[2.304s] -- Performing Test CMAKE_HAVE_LIBC_PTHREAD
[2.405s] -- Performing Test CMAKE_HAVE_LIBC_PTHREAD - Success
[2.406s] -- Found Threads: TRUE  
[2.672s] -- Found ament_lint_auto: 0.12.8 (/opt/ros/humble/share/ament_lint_auto/cmake)
[2.854s] -- Added test 'copyright' to check source files copyright and LICENSE
[2.855s] -- Added test 'cppcheck' to perform static code analysis on C / C++ code
[2.856s] -- Configured cppcheck include dirs: 
[2.871s] -- Configured cppcheck exclude dirs and/or files: 
[2.873s] -- Added test 'cpplint' to check C / C++ code against the Google style
[2.873s] -- Configured cpplint exclude dirs and/or files: 
[2.875s] -- Added test 'lint_cmake' to check CMake code style
[2.877s] -- Added test 'uncrustify' to check C / C++ code style
[2.877s] -- Configured uncrustify additional arguments: 
[2.878s] -- Added test 'xmllint' to check XML markup files
[2.882s] -- Configuring done
[2.930s] -- Generating done
[2.933s] -- Build files have been written to: /home/wyatt/ros2_ws/build/examples_rclcpp_async_client
[3.024s] Invoked command in '/home/wyatt/ros2_ws/build/examples_rclcpp_async_client' returned '0': CMAKE_PREFIX_PATH=/opt/ros/humble /usr/bin/cmake /home/wyatt/ros2_ws/src/examples/rclcpp/services/async_client -DAMENT_CMAKE_SYMLINK_INSTALL=1 -DCMAKE_INSTALL_PREFIX=/home/wyatt/ros2_ws/install/examples_rclcpp_async_client
[3.024s] Invoking command in '/home/wyatt/ros2_ws/build/examples_rclcpp_async_client': CMAKE_PREFIX_PATH=/opt/ros/humble /usr/bin/cmake --build /home/wyatt/ros2_ws/build/examples_rclcpp_async_client -- -j12 -l12
[3.439s] [ 50%] [32mBuilding CXX object CMakeFiles/client_main.dir/main.cpp.o[0m
[66.755s] [100%] [32m[1mLinking CXX executable client_main[0m
[67.245s] [100%] Built target client_main
