[0.142s] Invoking command in '/home/wyatt/ros2_ws/build/examples_rclcpp_minimal_timer': CMAKE_PREFIX_PATH=/opt/ros/humble /usr/bin/cmake /home/wyatt/ros2_ws/src/examples/rclcpp/timers/minimal_timer -DAMENT_CMAKE_SYMLINK_INSTALL=1 -DCMAKE_INSTALL_PREFIX=/home/wyatt/ros2_ws/install/examples_rclcpp_minimal_timer
[2.230s] -- The C compiler identification is GNU 11.4.0
[2.231s] -- The CXX compiler identification is GNU 11.4.0
[2.231s] -- Detecting C compiler ABI info
[2.232s] -- Detecting C compiler ABI info - done
[2.232s] -- Check for working C compiler: /usr/bin/cc - skipped
[2.233s] -- Detecting C compile features
[2.233s] -- Detecting C compile features - done
[2.233s] -- Detecting CXX compiler ABI info
[2.233s] -- Detecting CXX compiler ABI info - done
[2.233s] -- Check for working CXX compiler: /usr/bin/c++ - skipped
[2.233s] -- Detecting CXX compile features
[2.233s] -- Detecting CXX compile features - done
[2.233s] -- Found ament_cmake: 1.3.5 (/opt/ros/humble/share/ament_cmake/cmake)
[2.233s] -- Found Python3: /usr/bin/python3.10 (found version "3.10.12") found components: Interpreter 
[2.233s] -- Override CMake install command with custom implementation using symlinks instead of copying resources
[2.235s] -- Found rclcpp: 16.0.6 (/opt/ros/humble/share/rclcpp/cmake)
[2.235s] -- Found rosidl_generator_c: 3.1.5 (/opt/ros/humble/share/rosidl_generator_c/cmake)
[2.235s] -- Found rosidl_adapter: 3.1.5 (/opt/ros/humble/share/rosidl_adapter/cmake)
[2.236s] -- Found rosidl_generator_cpp: 3.1.5 (/opt/ros/humble/share/rosidl_generator_cpp/cmake)
[2.236s] -- Using all available rosidl_typesupport_c: rosidl_typesupport_fastrtps_c;rosidl_typesupport_introspection_c
[2.236s] -- Using all available rosidl_typesupport_cpp: rosidl_typesupport_fastrtps_cpp;rosidl_typesupport_introspection_cpp
[2.236s] -- Found rmw_implementation_cmake: 6.1.1 (/opt/ros/humble/share/rmw_implementation_cmake/cmake)
[2.236s] -- Found rmw_fastrtps_cpp: 6.2.4 (/opt/ros/humble/share/rmw_fastrtps_cpp/cmake)
[2.236s] -- Found OpenSSL: /usr/lib/x86_64-linux-gnu/libcrypto.so (found version "3.0.2")  
[2.236s] -- Found FastRTPS: /opt/ros/humble/include  
[2.236s] -- Using RMW implementation 'rmw_fastrtps_cpp' as default
[2.237s] -- Looking for pthread.h
[2.237s] -- Looking for pthread.h - found
[2.237s] -- Performing Test CMAKE_HAVE_LIBC_PTHREAD
[2.237s] -- Performing Test CMAKE_HAVE_LIBC_PTHREAD - Success
[2.237s] -- Found Threads: TRUE  
[2.237s] -- Found ament_lint_auto: 0.12.8 (/opt/ros/humble/share/ament_lint_auto/cmake)
[2.237s] -- Added test 'copyright' to check source files copyright and LICENSE
[2.237s] -- Added test 'cppcheck' to perform static code analysis on C / C++ code
[2.238s] -- Configured cppcheck include dirs: 
[2.238s] -- Configured cppcheck exclude dirs and/or files: 
[2.238s] -- Added test 'cpplint' to check C / C++ code against the Google style
[2.238s] -- Configured cpplint exclude dirs and/or files: 
[2.238s] -- Added test 'lint_cmake' to check CMake code style
[2.238s] -- Added test 'uncrustify' to check C / C++ code style
[2.238s] -- Configured uncrustify additional arguments: 
[2.238s] -- Added test 'xmllint' to check XML markup files
[2.238s] -- Configuring done
[2.239s] -- Generating done
[2.239s] -- Build files have been written to: /home/wyatt/ros2_ws/build/examples_rclcpp_minimal_timer
[2.247s] Invoked command in '/home/wyatt/ros2_ws/build/examples_rclcpp_minimal_timer' returned '0': CMAKE_PREFIX_PATH=/opt/ros/humble /usr/bin/cmake /home/wyatt/ros2_ws/src/examples/rclcpp/timers/minimal_timer -DAMENT_CMAKE_SYMLINK_INSTALL=1 -DCMAKE_INSTALL_PREFIX=/home/wyatt/ros2_ws/install/examples_rclcpp_minimal_timer
[2.248s] Invoking command in '/home/wyatt/ros2_ws/build/examples_rclcpp_minimal_timer': CMAKE_PREFIX_PATH=/opt/ros/humble /usr/bin/cmake --build /home/wyatt/ros2_ws/build/examples_rclcpp_minimal_timer -- -j12 -l12
[2.616s] [ 25%] [32mBuilding CXX object CMakeFiles/timer_member_function.dir/member_function.cpp.o[0m
[2.616s] [ 50%] [32mBuilding CXX object CMakeFiles/timer_lambda.dir/lambda.cpp.o[0m
[52.295s] [ 75%] [32m[1mLinking CXX executable timer_lambda[0m
[53.632s] [ 75%] Built target timer_lambda
[62.939s] [100%] [32m[1mLinking CXX executable timer_member_function[0m
[63.916s] [100%] Built target timer_member_function
