[2.448s] Invoking command in '/home/wyatt/ros2_ws/build/examples_rclpy_minimal_publisher': PYTHONPATH=/home/wyatt/ros2_ws/build/examples_rclpy_minimal_publisher/prefix_override:/home/wyatt/ros2_ws/install/examples_rclpy_minimal_publisher/lib/python3.10/site-packages:${PYTHONPATH} /usr/bin/python3 setup.py develop --uninstall --editable --build-directory /home/wyatt/ros2_ws/build/examples_rclpy_minimal_publisher/build
[2.708s] running develop
[2.861s] Removing /home/wyatt/ros2_ws/install/examples_rclpy_minimal_publisher/lib/python3.10/site-packages/examples-rclpy-minimal-publisher.egg-link (link to .)
[2.891s] Invoked command in '/home/wyatt/ros2_ws/build/examples_rclpy_minimal_publisher' returned '0': PYTHONPATH=/home/wyatt/ros2_ws/build/examples_rclpy_minimal_publisher/prefix_override:/home/wyatt/ros2_ws/install/examples_rclpy_minimal_publisher/lib/python3.10/site-packages:${PYTHONPATH} /usr/bin/python3 setup.py develop --uninstall --editable --build-directory /home/wyatt/ros2_ws/build/examples_rclpy_minimal_publisher/build
[2.893s] Invoking command in '/home/wyatt/ros2_ws/src/examples/rclpy/topics/minimal_publisher': PYTHONPATH=/home/wyatt/ros2_ws/build/examples_rclpy_minimal_publisher/prefix_override:/home/wyatt/ros2_ws/install/examples_rclpy_minimal_publisher/lib/python3.10/site-packages:${PYTHONPATH} /usr/bin/python3 setup.py egg_info --egg-base ../../../../../build/examples_rclpy_minimal_publisher build --build-base /home/wyatt/ros2_ws/build/examples_rclpy_minimal_publisher/build install --record /home/wyatt/ros2_ws/build/examples_rclpy_minimal_publisher/install.log --single-version-externally-managed
[3.113s] running egg_info
[3.115s] writing ../../../../../build/examples_rclpy_minimal_publisher/examples_rclpy_minimal_publisher.egg-info/PKG-INFO
[3.115s] writing dependency_links to ../../../../../build/examples_rclpy_minimal_publisher/examples_rclpy_minimal_publisher.egg-info/dependency_links.txt
[3.116s] writing entry points to ../../../../../build/examples_rclpy_minimal_publisher/examples_rclpy_minimal_publisher.egg-info/entry_points.txt
[3.117s] writing requirements to ../../../../../build/examples_rclpy_minimal_publisher/examples_rclpy_minimal_publisher.egg-info/requires.txt
[3.117s] writing top-level names to ../../../../../build/examples_rclpy_minimal_publisher/examples_rclpy_minimal_publisher.egg-info/top_level.txt
[3.117s] reading manifest file '../../../../../build/examples_rclpy_minimal_publisher/examples_rclpy_minimal_publisher.egg-info/SOURCES.txt'
[3.118s] writing manifest file '../../../../../build/examples_rclpy_minimal_publisher/examples_rclpy_minimal_publisher.egg-info/SOURCES.txt'
[3.118s] running build
[3.118s] running build_py
[3.118s] creating /home/wyatt/ros2_ws/build/examples_rclpy_minimal_publisher/build
[3.118s] creating /home/wyatt/ros2_ws/build/examples_rclpy_minimal_publisher/build/lib
[3.118s] creating /home/wyatt/ros2_ws/build/examples_rclpy_minimal_publisher/build/lib/examples_rclpy_minimal_publisher
[3.118s] copying examples_rclpy_minimal_publisher/publisher_old_school.py -> /home/wyatt/ros2_ws/build/examples_rclpy_minimal_publisher/build/lib/examples_rclpy_minimal_publisher
[3.118s] copying examples_rclpy_minimal_publisher/publisher_local_function.py -> /home/wyatt/ros2_ws/build/examples_rclpy_minimal_publisher/build/lib/examples_rclpy_minimal_publisher
[3.119s] copying examples_rclpy_minimal_publisher/__init__.py -> /home/wyatt/ros2_ws/build/examples_rclpy_minimal_publisher/build/lib/examples_rclpy_minimal_publisher
[3.119s] copying examples_rclpy_minimal_publisher/publisher_member_function.py -> /home/wyatt/ros2_ws/build/examples_rclpy_minimal_publisher/build/lib/examples_rclpy_minimal_publisher
[3.119s] running install
[3.119s] running install_lib
[3.119s] creating /home/wyatt/ros2_ws/install/examples_rclpy_minimal_publisher/lib/python3.10/site-packages/examples_rclpy_minimal_publisher
[3.120s] copying /home/wyatt/ros2_ws/build/examples_rclpy_minimal_publisher/build/lib/examples_rclpy_minimal_publisher/publisher_old_school.py -> /home/wyatt/ros2_ws/install/examples_rclpy_minimal_publisher/lib/python3.10/site-packages/examples_rclpy_minimal_publisher
[3.120s] copying /home/wyatt/ros2_ws/build/examples_rclpy_minimal_publisher/build/lib/examples_rclpy_minimal_publisher/publisher_local_function.py -> /home/wyatt/ros2_ws/install/examples_rclpy_minimal_publisher/lib/python3.10/site-packages/examples_rclpy_minimal_publisher
[3.120s] copying /home/wyatt/ros2_ws/build/examples_rclpy_minimal_publisher/build/lib/examples_rclpy_minimal_publisher/__init__.py -> /home/wyatt/ros2_ws/install/examples_rclpy_minimal_publisher/lib/python3.10/site-packages/examples_rclpy_minimal_publisher
[3.120s] copying /home/wyatt/ros2_ws/build/examples_rclpy_minimal_publisher/build/lib/examples_rclpy_minimal_publisher/publisher_member_function.py -> /home/wyatt/ros2_ws/install/examples_rclpy_minimal_publisher/lib/python3.10/site-packages/examples_rclpy_minimal_publisher
[3.120s] byte-compiling /home/wyatt/ros2_ws/install/examples_rclpy_minimal_publisher/lib/python3.10/site-packages/examples_rclpy_minimal_publisher/publisher_old_school.py to publisher_old_school.cpython-310.pyc
[3.121s] byte-compiling /home/wyatt/ros2_ws/install/examples_rclpy_minimal_publisher/lib/python3.10/site-packages/examples_rclpy_minimal_publisher/publisher_local_function.py to publisher_local_function.cpython-310.pyc
[3.121s] byte-compiling /home/wyatt/ros2_ws/install/examples_rclpy_minimal_publisher/lib/python3.10/site-packages/examples_rclpy_minimal_publisher/__init__.py to __init__.cpython-310.pyc
[3.121s] byte-compiling /home/wyatt/ros2_ws/install/examples_rclpy_minimal_publisher/lib/python3.10/site-packages/examples_rclpy_minimal_publisher/publisher_member_function.py to publisher_member_function.cpython-310.pyc
[3.122s] running install_data
[3.122s] running install_egg_info
[3.124s] Copying ../../../../../build/examples_rclpy_minimal_publisher/examples_rclpy_minimal_publisher.egg-info to /home/wyatt/ros2_ws/install/examples_rclpy_minimal_publisher/lib/python3.10/site-packages/examples_rclpy_minimal_publisher-0.15.1-py3.10.egg-info
[3.125s] running install_scripts
[3.141s] Installing publisher_local_function script to /home/wyatt/ros2_ws/install/examples_rclpy_minimal_publisher/lib/examples_rclpy_minimal_publisher
[3.142s] Installing publisher_member_function script to /home/wyatt/ros2_ws/install/examples_rclpy_minimal_publisher/lib/examples_rclpy_minimal_publisher
[3.142s] Installing publisher_old_school script to /home/wyatt/ros2_ws/install/examples_rclpy_minimal_publisher/lib/examples_rclpy_minimal_publisher
[3.142s] writing list of installed files to '/home/wyatt/ros2_ws/build/examples_rclpy_minimal_publisher/install.log'
[3.166s] Invoked command in '/home/wyatt/ros2_ws/src/examples/rclpy/topics/minimal_publisher' returned '0': PYTHONPATH=/home/wyatt/ros2_ws/build/examples_rclpy_minimal_publisher/prefix_override:/home/wyatt/ros2_ws/install/examples_rclpy_minimal_publisher/lib/python3.10/site-packages:${PYTHONPATH} /usr/bin/python3 setup.py egg_info --egg-base ../../../../../build/examples_rclpy_minimal_publisher build --build-base /home/wyatt/ros2_ws/build/examples_rclpy_minimal_publisher/build install --record /home/wyatt/ros2_ws/build/examples_rclpy_minimal_publisher/install.log --single-version-externally-managed
