[2.474s] Invoking command in '/home/wyatt/ros2_ws/build/examples_rclpy_pointcloud_publisher': PYTHONPATH=/home/wyatt/ros2_ws/build/examples_rclpy_pointcloud_publisher/prefix_override:/home/wyatt/ros2_ws/install/examples_rclpy_pointcloud_publisher/lib/python3.10/site-packages:${PYTHONPATH} /usr/bin/python3 setup.py develop --editable --build-directory /home/wyatt/ros2_ws/build/examples_rclpy_pointcloud_publisher/build --no-deps install_data
[2.876s] running develop
[3.072s] running egg_info
[3.072s] creating examples_rclpy_pointcloud_publisher.egg-info
[3.072s] writing examples_rclpy_pointcloud_publisher.egg-info/PKG-INFO
[3.072s] writing dependency_links to examples_rclpy_pointcloud_publisher.egg-info/dependency_links.txt
[3.072s] writing entry points to examples_rclpy_pointcloud_publisher.egg-info/entry_points.txt
[3.072s] writing requirements to examples_rclpy_pointcloud_publisher.egg-info/requires.txt
[3.073s] writing top-level names to examples_rclpy_pointcloud_publisher.egg-info/top_level.txt
[3.073s] writing manifest file 'examples_rclpy_pointcloud_publisher.egg-info/SOURCES.txt'
[3.074s] reading manifest file 'examples_rclpy_pointcloud_publisher.egg-info/SOURCES.txt'
[3.075s] writing manifest file 'examples_rclpy_pointcloud_publisher.egg-info/SOURCES.txt'
[3.076s] running build_ext
[3.076s] Creating /home/wyatt/ros2_ws/install/examples_rclpy_pointcloud_publisher/lib/python3.10/site-packages/examples-rclpy-pointcloud-publisher.egg-link (link to .)
[3.077s] Installing pointcloud_publisher script to /home/wyatt/ros2_ws/install/examples_rclpy_pointcloud_publisher/lib/examples_rclpy_pointcloud_publisher
[3.077s] 
[3.077s] Installed /home/wyatt/ros2_ws/build/examples_rclpy_pointcloud_publisher
[3.078s] running install_data
[3.078s] creating /home/wyatt/ros2_ws/install/examples_rclpy_pointcloud_publisher/share/ament_index
[3.078s] creating /home/wyatt/ros2_ws/install/examples_rclpy_pointcloud_publisher/share/ament_index/resource_index
[3.078s] creating /home/wyatt/ros2_ws/install/examples_rclpy_pointcloud_publisher/share/ament_index/resource_index/packages
[3.078s] copying resource/examples_rclpy_pointcloud_publisher -> /home/wyatt/ros2_ws/install/examples_rclpy_pointcloud_publisher/share/ament_index/resource_index/packages
[3.078s] copying package.xml -> /home/wyatt/ros2_ws/install/examples_rclpy_pointcloud_publisher/share/examples_rclpy_pointcloud_publisher
[3.173s] Invoked command in '/home/wyatt/ros2_ws/build/examples_rclpy_pointcloud_publisher' returned '0': PYTHONPATH=/home/wyatt/ros2_ws/build/examples_rclpy_pointcloud_publisher/prefix_override:/home/wyatt/ros2_ws/install/examples_rclpy_pointcloud_publisher/lib/python3.10/site-packages:${PYTHONPATH} /usr/bin/python3 setup.py develop --editable --build-directory /home/wyatt/ros2_ws/build/examples_rclpy_pointcloud_publisher/build --no-deps install_data
