[1.416s] Invoking command in '/home/wyatt/ros2_ws/src/examples/rclpy/services/minimal_service': PYTHONPATH=/home/wyatt/ros2_ws/src/build/examples_rclpy_minimal_service/prefix_override:/home/wyatt/ros2_ws/src/install/examples_rclpy_minimal_service/lib/python3.10/site-packages:${PYTHONPATH} /usr/bin/python3 setup.py egg_info --egg-base ../../../../build/examples_rclpy_minimal_service build --build-base /home/wyatt/ros2_ws/src/build/examples_rclpy_minimal_service/build install --record /home/wyatt/ros2_ws/src/build/examples_rclpy_minimal_service/install.log --single-version-externally-managed
[1.699s] running egg_info
[1.699s] creating ../../../../build/examples_rclpy_minimal_service/examples_rclpy_minimal_service.egg-info
[1.699s] writing ../../../../build/examples_rclpy_minimal_service/examples_rclpy_minimal_service.egg-info/PKG-INFO
[1.700s] writing dependency_links to ../../../../build/examples_rclpy_minimal_service/examples_rclpy_minimal_service.egg-info/dependency_links.txt
[1.700s] writing entry points to ../../../../build/examples_rclpy_minimal_service/examples_rclpy_minimal_service.egg-info/entry_points.txt
[1.700s] writing requirements to ../../../../build/examples_rclpy_minimal_service/examples_rclpy_minimal_service.egg-info/requires.txt
[1.700s] writing top-level names to ../../../../build/examples_rclpy_minimal_service/examples_rclpy_minimal_service.egg-info/top_level.txt
[1.700s] writing manifest file '../../../../build/examples_rclpy_minimal_service/examples_rclpy_minimal_service.egg-info/SOURCES.txt'
[1.700s] reading manifest file '../../../../build/examples_rclpy_minimal_service/examples_rclpy_minimal_service.egg-info/SOURCES.txt'
[1.701s] writing manifest file '../../../../build/examples_rclpy_minimal_service/examples_rclpy_minimal_service.egg-info/SOURCES.txt'
[1.701s] running build
[1.701s] running build_py
[1.701s] creating /home/wyatt/ros2_ws/src/build/examples_rclpy_minimal_service/build
[1.701s] creating /home/wyatt/ros2_ws/src/build/examples_rclpy_minimal_service/build/lib
[1.701s] creating /home/wyatt/ros2_ws/src/build/examples_rclpy_minimal_service/build/lib/examples_rclpy_minimal_service
[1.701s] copying examples_rclpy_minimal_service/service_member_function.py -> /home/wyatt/ros2_ws/src/build/examples_rclpy_minimal_service/build/lib/examples_rclpy_minimal_service
[1.701s] copying examples_rclpy_minimal_service/service.py -> /home/wyatt/ros2_ws/src/build/examples_rclpy_minimal_service/build/lib/examples_rclpy_minimal_service
[1.701s] copying examples_rclpy_minimal_service/__init__.py -> /home/wyatt/ros2_ws/src/build/examples_rclpy_minimal_service/build/lib/examples_rclpy_minimal_service
[1.702s] running install
[1.702s] running install_lib
[1.702s] creating /home/wyatt/ros2_ws/src/install/examples_rclpy_minimal_service/lib/python3.10/site-packages/examples_rclpy_minimal_service
[1.702s] copying /home/wyatt/ros2_ws/src/build/examples_rclpy_minimal_service/build/lib/examples_rclpy_minimal_service/service_member_function.py -> /home/wyatt/ros2_ws/src/install/examples_rclpy_minimal_service/lib/python3.10/site-packages/examples_rclpy_minimal_service
[1.702s] copying /home/wyatt/ros2_ws/src/build/examples_rclpy_minimal_service/build/lib/examples_rclpy_minimal_service/service.py -> /home/wyatt/ros2_ws/src/install/examples_rclpy_minimal_service/lib/python3.10/site-packages/examples_rclpy_minimal_service
[1.702s] copying /home/wyatt/ros2_ws/src/build/examples_rclpy_minimal_service/build/lib/examples_rclpy_minimal_service/__init__.py -> /home/wyatt/ros2_ws/src/install/examples_rclpy_minimal_service/lib/python3.10/site-packages/examples_rclpy_minimal_service
[1.702s] byte-compiling /home/wyatt/ros2_ws/src/install/examples_rclpy_minimal_service/lib/python3.10/site-packages/examples_rclpy_minimal_service/service_member_function.py to service_member_function.cpython-310.pyc
[1.702s] byte-compiling /home/wyatt/ros2_ws/src/install/examples_rclpy_minimal_service/lib/python3.10/site-packages/examples_rclpy_minimal_service/service.py to service.cpython-310.pyc
[1.703s] byte-compiling /home/wyatt/ros2_ws/src/install/examples_rclpy_minimal_service/lib/python3.10/site-packages/examples_rclpy_minimal_service/__init__.py to __init__.cpython-310.pyc
[1.703s] running install_data
[1.703s] creating /home/wyatt/ros2_ws/src/install/examples_rclpy_minimal_service/share/ament_index
[1.703s] creating /home/wyatt/ros2_ws/src/install/examples_rclpy_minimal_service/share/ament_index/resource_index
[1.703s] creating /home/wyatt/ros2_ws/src/install/examples_rclpy_minimal_service/share/ament_index/resource_index/packages
[1.703s] copying resource/examples_rclpy_minimal_service -> /home/wyatt/ros2_ws/src/install/examples_rclpy_minimal_service/share/ament_index/resource_index/packages
[1.703s] copying package.xml -> /home/wyatt/ros2_ws/src/install/examples_rclpy_minimal_service/share/examples_rclpy_minimal_service
[1.704s] running install_egg_info
[1.704s] Copying ../../../../build/examples_rclpy_minimal_service/examples_rclpy_minimal_service.egg-info to /home/wyatt/ros2_ws/src/install/examples_rclpy_minimal_service/lib/python3.10/site-packages/examples_rclpy_minimal_service-0.15.1-py3.10.egg-info
[1.704s] running install_scripts
[1.707s] Installing service script to /home/wyatt/ros2_ws/src/install/examples_rclpy_minimal_service/lib/examples_rclpy_minimal_service
[1.707s] Installing service_member_function script to /home/wyatt/ros2_ws/src/install/examples_rclpy_minimal_service/lib/examples_rclpy_minimal_service
[1.707s] writing list of installed files to '/home/wyatt/ros2_ws/src/build/examples_rclpy_minimal_service/install.log'
[2.067s] Invoked command in '/home/wyatt/ros2_ws/src/examples/rclpy/services/minimal_service' returned '0': PYTHONPATH=/home/wyatt/ros2_ws/src/build/examples_rclpy_minimal_service/prefix_override:/home/wyatt/ros2_ws/src/install/examples_rclpy_minimal_service/lib/python3.10/site-packages:${PYTHONPATH} /usr/bin/python3 setup.py egg_info --egg-base ../../../../build/examples_rclpy_minimal_service build --build-base /home/wyatt/ros2_ws/src/build/examples_rclpy_minimal_service/build install --record /home/wyatt/ros2_ws/src/build/examples_rclpy_minimal_service/install.log --single-version-externally-managed
