[3.451s] Invoking command in '/home/wyatt/ros2_ws/src/examples/rclpy/actions/minimal_action_client': PYTHONPATH=/home/wyatt/ros2_ws/src/build/examples_rclpy_minimal_action_client/prefix_override:/home/wyatt/ros2_ws/src/install/examples_rclpy_minimal_action_client/lib/python3.10/site-packages:${PYTHONPATH} /usr/bin/python3 setup.py egg_info --egg-base ../../../../build/examples_rclpy_minimal_action_client build --build-base /home/wyatt/ros2_ws/src/build/examples_rclpy_minimal_action_client/build install --record /home/wyatt/ros2_ws/src/build/examples_rclpy_minimal_action_client/install.log --single-version-externally-managed
[3.861s] running egg_info
[3.863s] creating ../../../../build/examples_rclpy_minimal_action_client/examples_rclpy_minimal_action_client.egg-info
[3.863s] writing ../../../../build/examples_rclpy_minimal_action_client/examples_rclpy_minimal_action_client.egg-info/PKG-INFO
[3.863s] writing dependency_links to ../../../../build/examples_rclpy_minimal_action_client/examples_rclpy_minimal_action_client.egg-info/dependency_links.txt
[3.863s] writing entry points to ../../../../build/examples_rclpy_minimal_action_client/examples_rclpy_minimal_action_client.egg-info/entry_points.txt
[3.863s] writing requirements to ../../../../build/examples_rclpy_minimal_action_client/examples_rclpy_minimal_action_client.egg-info/requires.txt
[3.863s] writing top-level names to ../../../../build/examples_rclpy_minimal_action_client/examples_rclpy_minimal_action_client.egg-info/top_level.txt
[3.864s] writing manifest file '../../../../build/examples_rclpy_minimal_action_client/examples_rclpy_minimal_action_client.egg-info/SOURCES.txt'
[3.868s] reading manifest file '../../../../build/examples_rclpy_minimal_action_client/examples_rclpy_minimal_action_client.egg-info/SOURCES.txt'
[3.870s] writing manifest file '../../../../build/examples_rclpy_minimal_action_client/examples_rclpy_minimal_action_client.egg-info/SOURCES.txt'
[3.870s] running build
[3.870s] running build_py
[3.871s] creating /home/wyatt/ros2_ws/src/build/examples_rclpy_minimal_action_client/build
[3.871s] creating /home/wyatt/ros2_ws/src/build/examples_rclpy_minimal_action_client/build/lib
[3.871s] creating /home/wyatt/ros2_ws/src/build/examples_rclpy_minimal_action_client/build/lib/examples_rclpy_minimal_action_client
[3.872s] copying examples_rclpy_minimal_action_client/client_cancel.py -> /home/wyatt/ros2_ws/src/build/examples_rclpy_minimal_action_client/build/lib/examples_rclpy_minimal_action_client
[3.872s] copying examples_rclpy_minimal_action_client/client.py -> /home/wyatt/ros2_ws/src/build/examples_rclpy_minimal_action_client/build/lib/examples_rclpy_minimal_action_client
[3.873s] copying examples_rclpy_minimal_action_client/client_not_composable.py -> /home/wyatt/ros2_ws/src/build/examples_rclpy_minimal_action_client/build/lib/examples_rclpy_minimal_action_client
[3.873s] copying examples_rclpy_minimal_action_client/client_asyncio.py -> /home/wyatt/ros2_ws/src/build/examples_rclpy_minimal_action_client/build/lib/examples_rclpy_minimal_action_client
[3.873s] copying examples_rclpy_minimal_action_client/__init__.py -> /home/wyatt/ros2_ws/src/build/examples_rclpy_minimal_action_client/build/lib/examples_rclpy_minimal_action_client
[3.874s] running install
[3.874s] running install_lib
[3.875s] creating /home/wyatt/ros2_ws/src/install/examples_rclpy_minimal_action_client/lib/python3.10/site-packages/examples_rclpy_minimal_action_client
[3.875s] copying /home/wyatt/ros2_ws/src/build/examples_rclpy_minimal_action_client/build/lib/examples_rclpy_minimal_action_client/client_cancel.py -> /home/wyatt/ros2_ws/src/install/examples_rclpy_minimal_action_client/lib/python3.10/site-packages/examples_rclpy_minimal_action_client
[3.876s] copying /home/wyatt/ros2_ws/src/build/examples_rclpy_minimal_action_client/build/lib/examples_rclpy_minimal_action_client/client.py -> /home/wyatt/ros2_ws/src/install/examples_rclpy_minimal_action_client/lib/python3.10/site-packages/examples_rclpy_minimal_action_client
[3.876s] copying /home/wyatt/ros2_ws/src/build/examples_rclpy_minimal_action_client/build/lib/examples_rclpy_minimal_action_client/client_not_composable.py -> /home/wyatt/ros2_ws/src/install/examples_rclpy_minimal_action_client/lib/python3.10/site-packages/examples_rclpy_minimal_action_client
[3.876s] copying /home/wyatt/ros2_ws/src/build/examples_rclpy_minimal_action_client/build/lib/examples_rclpy_minimal_action_client/client_asyncio.py -> /home/wyatt/ros2_ws/src/install/examples_rclpy_minimal_action_client/lib/python3.10/site-packages/examples_rclpy_minimal_action_client
[3.876s] copying /home/wyatt/ros2_ws/src/build/examples_rclpy_minimal_action_client/build/lib/examples_rclpy_minimal_action_client/__init__.py -> /home/wyatt/ros2_ws/src/install/examples_rclpy_minimal_action_client/lib/python3.10/site-packages/examples_rclpy_minimal_action_client
[3.877s] byte-compiling /home/wyatt/ros2_ws/src/install/examples_rclpy_minimal_action_client/lib/python3.10/site-packages/examples_rclpy_minimal_action_client/client_cancel.py to client_cancel.cpython-310.pyc
[3.878s] byte-compiling /home/wyatt/ros2_ws/src/install/examples_rclpy_minimal_action_client/lib/python3.10/site-packages/examples_rclpy_minimal_action_client/client.py to client.cpython-310.pyc
[3.879s] byte-compiling /home/wyatt/ros2_ws/src/install/examples_rclpy_minimal_action_client/lib/python3.10/site-packages/examples_rclpy_minimal_action_client/client_not_composable.py to client_not_composable.cpython-310.pyc
[3.880s] byte-compiling /home/wyatt/ros2_ws/src/install/examples_rclpy_minimal_action_client/lib/python3.10/site-packages/examples_rclpy_minimal_action_client/client_asyncio.py to client_asyncio.cpython-310.pyc
[3.881s] byte-compiling /home/wyatt/ros2_ws/src/install/examples_rclpy_minimal_action_client/lib/python3.10/site-packages/examples_rclpy_minimal_action_client/__init__.py to __init__.cpython-310.pyc
[3.881s] running install_data
[3.882s] creating /home/wyatt/ros2_ws/src/install/examples_rclpy_minimal_action_client/share/ament_index
[3.882s] creating /home/wyatt/ros2_ws/src/install/examples_rclpy_minimal_action_client/share/ament_index/resource_index
[3.882s] creating /home/wyatt/ros2_ws/src/install/examples_rclpy_minimal_action_client/share/ament_index/resource_index/packages
[3.882s] copying resource/examples_rclpy_minimal_action_client -> /home/wyatt/ros2_ws/src/install/examples_rclpy_minimal_action_client/share/ament_index/resource_index/packages
[3.882s] copying package.xml -> /home/wyatt/ros2_ws/src/install/examples_rclpy_minimal_action_client/share/examples_rclpy_minimal_action_client
[3.883s] running install_egg_info
[3.885s] Copying ../../../../build/examples_rclpy_minimal_action_client/examples_rclpy_minimal_action_client.egg-info to /home/wyatt/ros2_ws/src/install/examples_rclpy_minimal_action_client/lib/python3.10/site-packages/examples_rclpy_minimal_action_client-0.15.1-py3.10.egg-info
[3.886s] running install_scripts
[3.915s] Installing client script to /home/wyatt/ros2_ws/src/install/examples_rclpy_minimal_action_client/lib/examples_rclpy_minimal_action_client
[3.915s] Installing client_asyncio script to /home/wyatt/ros2_ws/src/install/examples_rclpy_minimal_action_client/lib/examples_rclpy_minimal_action_client
[3.916s] Installing client_cancel script to /home/wyatt/ros2_ws/src/install/examples_rclpy_minimal_action_client/lib/examples_rclpy_minimal_action_client
[3.916s] Installing client_not_composable script to /home/wyatt/ros2_ws/src/install/examples_rclpy_minimal_action_client/lib/examples_rclpy_minimal_action_client
[3.916s] writing list of installed files to '/home/wyatt/ros2_ws/src/build/examples_rclpy_minimal_action_client/install.log'
[4.213s] Invoked command in '/home/wyatt/ros2_ws/src/examples/rclpy/actions/minimal_action_client' returned '0': PYTHONPATH=/home/wyatt/ros2_ws/src/build/examples_rclpy_minimal_action_client/prefix_override:/home/wyatt/ros2_ws/src/install/examples_rclpy_minimal_action_client/lib/python3.10/site-packages:${PYTHONPATH} /usr/bin/python3 setup.py egg_info --egg-base ../../../../build/examples_rclpy_minimal_action_client build --build-base /home/wyatt/ros2_ws/src/build/examples_rclpy_minimal_action_client/build install --record /home/wyatt/ros2_ws/src/build/examples_rclpy_minimal_action_client/install.log --single-version-externally-managed
