[4.553s] Invoking command in '/home/wyatt/ros2_ws/build/examples_rclpy_minimal_action_client': PYTHONPATH=/home/wyatt/ros2_ws/build/examples_rclpy_minimal_action_client/prefix_override:/home/wyatt/ros2_ws/install/examples_rclpy_minimal_action_client/lib/python3.10/site-packages:${PYTHONPATH} /usr/bin/python3 setup.py develop --editable --build-directory /home/wyatt/ros2_ws/build/examples_rclpy_minimal_action_client/build --no-deps install_data
[5.249s] running develop
[5.452s] running egg_info
[5.452s] creating examples_rclpy_minimal_action_client.egg-info
[5.452s] writing examples_rclpy_minimal_action_client.egg-info/PKG-INFO
[5.452s] writing dependency_links to examples_rclpy_minimal_action_client.egg-info/dependency_links.txt
[5.453s] writing entry points to examples_rclpy_minimal_action_client.egg-info/entry_points.txt
[5.453s] writing requirements to examples_rclpy_minimal_action_client.egg-info/requires.txt
[5.453s] writing top-level names to examples_rclpy_minimal_action_client.egg-info/top_level.txt
[5.453s] writing manifest file 'examples_rclpy_minimal_action_client.egg-info/SOURCES.txt'
[5.456s] reading manifest file 'examples_rclpy_minimal_action_client.egg-info/SOURCES.txt'
[5.457s] writing manifest file 'examples_rclpy_minimal_action_client.egg-info/SOURCES.txt'
[5.459s] running build_ext
[5.459s] Creating /home/wyatt/ros2_ws/install/examples_rclpy_minimal_action_client/lib/python3.10/site-packages/examples-rclpy-minimal-action-client.egg-link (link to .)
[5.460s] Installing client script to /home/wyatt/ros2_ws/install/examples_rclpy_minimal_action_client/lib/examples_rclpy_minimal_action_client
[5.460s] Installing client_asyncio script to /home/wyatt/ros2_ws/install/examples_rclpy_minimal_action_client/lib/examples_rclpy_minimal_action_client
[5.460s] Installing client_cancel script to /home/wyatt/ros2_ws/install/examples_rclpy_minimal_action_client/lib/examples_rclpy_minimal_action_client
[5.460s] Installing client_not_composable script to /home/wyatt/ros2_ws/install/examples_rclpy_minimal_action_client/lib/examples_rclpy_minimal_action_client
[5.461s] 
[5.461s] Installed /home/wyatt/ros2_ws/build/examples_rclpy_minimal_action_client
[5.461s] running install_data
[5.461s] creating /home/wyatt/ros2_ws/install/examples_rclpy_minimal_action_client/share/ament_index
[5.461s] creating /home/wyatt/ros2_ws/install/examples_rclpy_minimal_action_client/share/ament_index/resource_index
[5.461s] creating /home/wyatt/ros2_ws/install/examples_rclpy_minimal_action_client/share/ament_index/resource_index/packages
[5.461s] copying resource/examples_rclpy_minimal_action_client -> /home/wyatt/ros2_ws/install/examples_rclpy_minimal_action_client/share/ament_index/resource_index/packages
[5.461s] copying package.xml -> /home/wyatt/ros2_ws/install/examples_rclpy_minimal_action_client/share/examples_rclpy_minimal_action_client
[5.761s] Invoked command in '/home/wyatt/ros2_ws/build/examples_rclpy_minimal_action_client' returned '0': PYTHONPATH=/home/wyatt/ros2_ws/build/examples_rclpy_minimal_action_client/prefix_override:/home/wyatt/ros2_ws/install/examples_rclpy_minimal_action_client/lib/python3.10/site-packages:${PYTHONPATH} /usr/bin/python3 setup.py develop --editable --build-directory /home/wyatt/ros2_ws/build/examples_rclpy_minimal_action_client/build --no-deps install_data
