[0.057s] Invoking command in '/home/wyatt/ros2_ws/build/cpp_srvcli': CMAKE_PREFIX_PATH=${CMAKE_PREFIX_PATH}:/home/wyatt/ros2_ws/install/py_pubsub:/home/wyatt/ros2_ws/install/my_package:/home/wyatt/ros2_ws/install/launch_testing_examples:/home/wyatt/ros2_ws/install/examples_rclpy_pointcloud_publisher:/home/wyatt/ros2_ws/install/examples_rclpy_minimal_subscriber:/home/wyatt/ros2_ws/install/examples_rclpy_minimal_service:/home/wyatt/ros2_ws/install/examples_rclpy_minimal_publisher:/home/wyatt/ros2_ws/install/examples_rclpy_minimal_client:/home/wyatt/ros2_ws/install/examples_rclpy_minimal_action_server:/home/wyatt/ros2_ws/install/examples_rclpy_minimal_action_client:/home/wyatt/ros2_ws/install/examples_rclpy_guard_conditions:/home/wyatt/ros2_ws/install/examples_rclpy_executors:/opt/ros/humble /usr/bin/cmake --build /home/wyatt/ros2_ws/build/cpp_srvcli -- -j12 -l12
[0.087s] [35m[1mConsolidate compiler generated dependencies of target server[0m
[0.087s] [35m[1mConsolidate compiler generated dependencies of target client[0m
[0.102s] [ 50%] [32mBuilding CXX object CMakeFiles/client.dir/src/add_two_ints_client.cpp.o[0m
[0.102s] [ 50%] [32mBuilding CXX object CMakeFiles/server.dir/src/add_two_ints_server.cpp.o[0m
[2.655s] [ 75%] [32m[1mLinking CXX executable server[0m
[2.779s] [ 75%] Built target server
[2.837s] [100%] [32m[1mLinking CXX executable client[0m
[2.950s] [100%] Built target client
[2.959s] Invoked command in '/home/wyatt/ros2_ws/build/cpp_srvcli' returned '0': CMAKE_PREFIX_PATH=${CMAKE_PREFIX_PATH}:/home/wyatt/ros2_ws/install/py_pubsub:/home/wyatt/ros2_ws/install/my_package:/home/wyatt/ros2_ws/install/launch_testing_examples:/home/wyatt/ros2_ws/install/examples_rclpy_pointcloud_publisher:/home/wyatt/ros2_ws/install/examples_rclpy_minimal_subscriber:/home/wyatt/ros2_ws/install/examples_rclpy_minimal_service:/home/wyatt/ros2_ws/install/examples_rclpy_minimal_publisher:/home/wyatt/ros2_ws/install/examples_rclpy_minimal_client:/home/wyatt/ros2_ws/install/examples_rclpy_minimal_action_server:/home/wyatt/ros2_ws/install/examples_rclpy_minimal_action_client:/home/wyatt/ros2_ws/install/examples_rclpy_guard_conditions:/home/wyatt/ros2_ws/install/examples_rclpy_executors:/opt/ros/humble /usr/bin/cmake --build /home/wyatt/ros2_ws/build/cpp_srvcli -- -j12 -l12
[2.989s] Invoking command in '/home/wyatt/ros2_ws/build/cpp_srvcli': CMAKE_PREFIX_PATH=${CMAKE_PREFIX_PATH}:/home/wyatt/ros2_ws/install/py_pubsub:/home/wyatt/ros2_ws/install/my_package:/home/wyatt/ros2_ws/install/launch_testing_examples:/home/wyatt/ros2_ws/install/examples_rclpy_pointcloud_publisher:/home/wyatt/ros2_ws/install/examples_rclpy_minimal_subscriber:/home/wyatt/ros2_ws/install/examples_rclpy_minimal_service:/home/wyatt/ros2_ws/install/examples_rclpy_minimal_publisher:/home/wyatt/ros2_ws/install/examples_rclpy_minimal_client:/home/wyatt/ros2_ws/install/examples_rclpy_minimal_action_server:/home/wyatt/ros2_ws/install/examples_rclpy_minimal_action_client:/home/wyatt/ros2_ws/install/examples_rclpy_guard_conditions:/home/wyatt/ros2_ws/install/examples_rclpy_executors:/opt/ros/humble /usr/bin/cmake --install /home/wyatt/ros2_ws/build/cpp_srvcli
[2.995s] -- Install configuration: ""
[2.995s] -- Installing: /home/wyatt/ros2_ws/install/cpp_srvcli/lib/cpp_srvcli/server
[2.996s] -- Set runtime path of "/home/wyatt/ros2_ws/install/cpp_srvcli/lib/cpp_srvcli/server" to ""
[2.996s] -- Installing: /home/wyatt/ros2_ws/install/cpp_srvcli/lib/cpp_srvcli/client
[2.997s] -- Set runtime path of "/home/wyatt/ros2_ws/install/cpp_srvcli/lib/cpp_srvcli/client" to ""
[2.997s] -- Installing: /home/wyatt/ros2_ws/install/cpp_srvcli/share/ament_index/resource_index/package_run_dependencies/cpp_srvcli
[2.997s] -- Installing: /home/wyatt/ros2_ws/install/cpp_srvcli/share/ament_index/resource_index/parent_prefix_path/cpp_srvcli
[2.998s] -- Installing: /home/wyatt/ros2_ws/install/cpp_srvcli/share/cpp_srvcli/environment/ament_prefix_path.sh
[2.998s] -- Installing: /home/wyatt/ros2_ws/install/cpp_srvcli/share/cpp_srvcli/environment/ament_prefix_path.dsv
[2.998s] -- Installing: /home/wyatt/ros2_ws/install/cpp_srvcli/share/cpp_srvcli/environment/path.sh
[2.998s] -- Installing: /home/wyatt/ros2_ws/install/cpp_srvcli/share/cpp_srvcli/environment/path.dsv
[2.998s] -- Installing: /home/wyatt/ros2_ws/install/cpp_srvcli/share/cpp_srvcli/local_setup.bash
[2.998s] -- Installing: /home/wyatt/ros2_ws/install/cpp_srvcli/share/cpp_srvcli/local_setup.sh
[2.998s] -- Installing: /home/wyatt/ros2_ws/install/cpp_srvcli/share/cpp_srvcli/local_setup.zsh
[2.998s] -- Installing: /home/wyatt/ros2_ws/install/cpp_srvcli/share/cpp_srvcli/local_setup.dsv
[2.998s] -- Installing: /home/wyatt/ros2_ws/install/cpp_srvcli/share/cpp_srvcli/package.dsv
[2.999s] -- Installing: /home/wyatt/ros2_ws/install/cpp_srvcli/share/ament_index/resource_index/packages/cpp_srvcli
[2.999s] -- Installing: /home/wyatt/ros2_ws/install/cpp_srvcli/share/cpp_srvcli/cmake/cpp_srvcliConfig.cmake
[2.999s] -- Installing: /home/wyatt/ros2_ws/install/cpp_srvcli/share/cpp_srvcli/cmake/cpp_srvcliConfig-version.cmake
[2.999s] -- Installing: /home/wyatt/ros2_ws/install/cpp_srvcli/share/cpp_srvcli/package.xml
[3.001s] Invoked command in '/home/wyatt/ros2_ws/build/cpp_srvcli' returned '0': CMAKE_PREFIX_PATH=${CMAKE_PREFIX_PATH}:/home/wyatt/ros2_ws/install/py_pubsub:/home/wyatt/ros2_ws/install/my_package:/home/wyatt/ros2_ws/install/launch_testing_examples:/home/wyatt/ros2_ws/install/examples_rclpy_pointcloud_publisher:/home/wyatt/ros2_ws/install/examples_rclpy_minimal_subscriber:/home/wyatt/ros2_ws/install/examples_rclpy_minimal_service:/home/wyatt/ros2_ws/install/examples_rclpy_minimal_publisher:/home/wyatt/ros2_ws/install/examples_rclpy_minimal_client:/home/wyatt/ros2_ws/install/examples_rclpy_minimal_action_server:/home/wyatt/ros2_ws/install/examples_rclpy_minimal_action_client:/home/wyatt/ros2_ws/install/examples_rclpy_guard_conditions:/home/wyatt/ros2_ws/install/examples_rclpy_executors:/opt/ros/humble /usr/bin/cmake --install /home/wyatt/ros2_ws/build/cpp_srvcli
