[3.339s] Invoking command in '/home/wyatt/ros2_ws/src/examples/rclpy/executors': PYTHONPATH=/home/wyatt/ros2_ws/src/build/examples_rclpy_executors/prefix_override:/home/wyatt/ros2_ws/src/install/examples_rclpy_executors/lib/python3.10/site-packages:${PYTHONPATH} /usr/bin/python3 setup.py egg_info --egg-base ../../../build/examples_rclpy_executors build --build-base /home/wyatt/ros2_ws/src/build/examples_rclpy_executors/build install --record /home/wyatt/ros2_ws/src/build/examples_rclpy_executors/install.log --single-version-externally-managed
[3.726s] running egg_info
[3.728s] creating ../../../build/examples_rclpy_executors/examples_rclpy_executors.egg-info
[3.728s] writing ../../../build/examples_rclpy_executors/examples_rclpy_executors.egg-info/PKG-INFO
[3.728s] writing dependency_links to ../../../build/examples_rclpy_executors/examples_rclpy_executors.egg-info/dependency_links.txt
[3.728s] writing entry points to ../../../build/examples_rclpy_executors/examples_rclpy_executors.egg-info/entry_points.txt
[3.729s] writing requirements to ../../../build/examples_rclpy_executors/examples_rclpy_executors.egg-info/requires.txt
[3.729s] writing top-level names to ../../../build/examples_rclpy_executors/examples_rclpy_executors.egg-info/top_level.txt
[3.729s] writing manifest file '../../../build/examples_rclpy_executors/examples_rclpy_executors.egg-info/SOURCES.txt'
[3.732s] reading manifest file '../../../build/examples_rclpy_executors/examples_rclpy_executors.egg-info/SOURCES.txt'
[3.734s] writing manifest file '../../../build/examples_rclpy_executors/examples_rclpy_executors.egg-info/SOURCES.txt'
[3.734s] running build
[3.734s] running build_py
[3.734s] creating /home/wyatt/ros2_ws/src/build/examples_rclpy_executors/build
[3.734s] creating /home/wyatt/ros2_ws/src/build/examples_rclpy_executors/build/lib
[3.734s] creating /home/wyatt/ros2_ws/src/build/examples_rclpy_executors/build/lib/examples_rclpy_executors
[3.735s] copying examples_rclpy_executors/custom_callback_group.py -> /home/wyatt/ros2_ws/src/build/examples_rclpy_executors/build/lib/examples_rclpy_executors
[3.735s] copying examples_rclpy_executors/callback_group.py -> /home/wyatt/ros2_ws/src/build/examples_rclpy_executors/build/lib/examples_rclpy_executors
[3.735s] copying examples_rclpy_executors/__init__.py -> /home/wyatt/ros2_ws/src/build/examples_rclpy_executors/build/lib/examples_rclpy_executors
[3.735s] copying examples_rclpy_executors/composed.py -> /home/wyatt/ros2_ws/src/build/examples_rclpy_executors/build/lib/examples_rclpy_executors
[3.736s] copying examples_rclpy_executors/custom_executor.py -> /home/wyatt/ros2_ws/src/build/examples_rclpy_executors/build/lib/examples_rclpy_executors
[3.736s] copying examples_rclpy_executors/listener.py -> /home/wyatt/ros2_ws/src/build/examples_rclpy_executors/build/lib/examples_rclpy_executors
[3.736s] copying examples_rclpy_executors/talker.py -> /home/wyatt/ros2_ws/src/build/examples_rclpy_executors/build/lib/examples_rclpy_executors
[3.737s] running install
[3.737s] running install_lib
[3.739s] creating /home/wyatt/ros2_ws/src/install/examples_rclpy_executors/lib/python3.10/site-packages/examples_rclpy_executors
[3.739s] copying /home/wyatt/ros2_ws/src/build/examples_rclpy_executors/build/lib/examples_rclpy_executors/custom_callback_group.py -> /home/wyatt/ros2_ws/src/install/examples_rclpy_executors/lib/python3.10/site-packages/examples_rclpy_executors
[3.739s] copying /home/wyatt/ros2_ws/src/build/examples_rclpy_executors/build/lib/examples_rclpy_executors/callback_group.py -> /home/wyatt/ros2_ws/src/install/examples_rclpy_executors/lib/python3.10/site-packages/examples_rclpy_executors
[3.739s] copying /home/wyatt/ros2_ws/src/build/examples_rclpy_executors/build/lib/examples_rclpy_executors/__init__.py -> /home/wyatt/ros2_ws/src/install/examples_rclpy_executors/lib/python3.10/site-packages/examples_rclpy_executors
[3.739s] copying /home/wyatt/ros2_ws/src/build/examples_rclpy_executors/build/lib/examples_rclpy_executors/composed.py -> /home/wyatt/ros2_ws/src/install/examples_rclpy_executors/lib/python3.10/site-packages/examples_rclpy_executors
[3.739s] copying /home/wyatt/ros2_ws/src/build/examples_rclpy_executors/build/lib/examples_rclpy_executors/custom_executor.py -> /home/wyatt/ros2_ws/src/install/examples_rclpy_executors/lib/python3.10/site-packages/examples_rclpy_executors
[3.740s] copying /home/wyatt/ros2_ws/src/build/examples_rclpy_executors/build/lib/examples_rclpy_executors/listener.py -> /home/wyatt/ros2_ws/src/install/examples_rclpy_executors/lib/python3.10/site-packages/examples_rclpy_executors
[3.740s] copying /home/wyatt/ros2_ws/src/build/examples_rclpy_executors/build/lib/examples_rclpy_executors/talker.py -> /home/wyatt/ros2_ws/src/install/examples_rclpy_executors/lib/python3.10/site-packages/examples_rclpy_executors
[3.741s] byte-compiling /home/wyatt/ros2_ws/src/install/examples_rclpy_executors/lib/python3.10/site-packages/examples_rclpy_executors/custom_callback_group.py to custom_callback_group.cpython-310.pyc
[3.742s] byte-compiling /home/wyatt/ros2_ws/src/install/examples_rclpy_executors/lib/python3.10/site-packages/examples_rclpy_executors/callback_group.py to callback_group.cpython-310.pyc
[3.743s] byte-compiling /home/wyatt/ros2_ws/src/install/examples_rclpy_executors/lib/python3.10/site-packages/examples_rclpy_executors/__init__.py to __init__.cpython-310.pyc
[3.743s] byte-compiling /home/wyatt/ros2_ws/src/install/examples_rclpy_executors/lib/python3.10/site-packages/examples_rclpy_executors/composed.py to composed.cpython-310.pyc
[3.743s] byte-compiling /home/wyatt/ros2_ws/src/install/examples_rclpy_executors/lib/python3.10/site-packages/examples_rclpy_executors/custom_executor.py to custom_executor.cpython-310.pyc
[3.744s] byte-compiling /home/wyatt/ros2_ws/src/install/examples_rclpy_executors/lib/python3.10/site-packages/examples_rclpy_executors/listener.py to listener.cpython-310.pyc
[3.745s] byte-compiling /home/wyatt/ros2_ws/src/install/examples_rclpy_executors/lib/python3.10/site-packages/examples_rclpy_executors/talker.py to talker.cpython-310.pyc
[3.745s] running install_data
[3.746s] creating /home/wyatt/ros2_ws/src/install/examples_rclpy_executors/share/ament_index
[3.746s] creating /home/wyatt/ros2_ws/src/install/examples_rclpy_executors/share/ament_index/resource_index
[3.747s] creating /home/wyatt/ros2_ws/src/install/examples_rclpy_executors/share/ament_index/resource_index/packages
[3.747s] copying resource/examples_rclpy_executors -> /home/wyatt/ros2_ws/src/install/examples_rclpy_executors/share/ament_index/resource_index/packages
[3.747s] copying package.xml -> /home/wyatt/ros2_ws/src/install/examples_rclpy_executors/share/examples_rclpy_executors
[3.747s] running install_egg_info
[3.750s] Copying ../../../build/examples_rclpy_executors/examples_rclpy_executors.egg-info to /home/wyatt/ros2_ws/src/install/examples_rclpy_executors/lib/python3.10/site-packages/examples_rclpy_executors-0.15.1-py3.10.egg-info
[3.751s] running install_scripts
[3.782s] Installing callback_group script to /home/wyatt/ros2_ws/src/install/examples_rclpy_executors/lib/examples_rclpy_executors
[3.782s] Installing composed script to /home/wyatt/ros2_ws/src/install/examples_rclpy_executors/lib/examples_rclpy_executors
[3.783s] Installing custom_callback_group script to /home/wyatt/ros2_ws/src/install/examples_rclpy_executors/lib/examples_rclpy_executors
[3.783s] Installing custom_executor script to /home/wyatt/ros2_ws/src/install/examples_rclpy_executors/lib/examples_rclpy_executors
[3.783s] Installing listener script to /home/wyatt/ros2_ws/src/install/examples_rclpy_executors/lib/examples_rclpy_executors
[3.783s] Installing talker script to /home/wyatt/ros2_ws/src/install/examples_rclpy_executors/lib/examples_rclpy_executors
[3.784s] writing list of installed files to '/home/wyatt/ros2_ws/src/build/examples_rclpy_executors/install.log'
[3.860s] Invoked command in '/home/wyatt/ros2_ws/src/examples/rclpy/executors' returned '0': PYTHONPATH=/home/wyatt/ros2_ws/src/build/examples_rclpy_executors/prefix_override:/home/wyatt/ros2_ws/src/install/examples_rclpy_executors/lib/python3.10/site-packages:${PYTHONPATH} /usr/bin/python3 setup.py egg_info --egg-base ../../../build/examples_rclpy_executors build --build-base /home/wyatt/ros2_ws/src/build/examples_rclpy_executors/build install --record /home/wyatt/ros2_ws/src/build/examples_rclpy_executors/install.log --single-version-externally-managed
