[1.734s] Invoking command in '/home/wyatt/ros2_ws/src/examples/rclpy/topics/pointcloud_publisher': PYTHONPATH=/home/wyatt/ros2_ws/build/examples_rclpy_pointcloud_publisher/prefix_override:/home/wyatt/ros2_ws/install/examples_rclpy_pointcloud_publisher/lib/python3.10/site-packages:${PYTHONPATH} /usr/bin/python3 setup.py egg_info --egg-base ../../../../../build/examples_rclpy_pointcloud_publisher build --build-base /home/wyatt/ros2_ws/build/examples_rclpy_pointcloud_publisher/build install --record /home/wyatt/ros2_ws/build/examples_rclpy_pointcloud_publisher/install.log --single-version-externally-managed
[1.946s] running egg_info
[1.946s] writing ../../../../../build/examples_rclpy_pointcloud_publisher/examples_rclpy_pointcloud_publisher.egg-info/PKG-INFO
[1.947s] writing dependency_links to ../../../../../build/examples_rclpy_pointcloud_publisher/examples_rclpy_pointcloud_publisher.egg-info/dependency_links.txt
[1.947s] writing entry points to ../../../../../build/examples_rclpy_pointcloud_publisher/examples_rclpy_pointcloud_publisher.egg-info/entry_points.txt
[1.947s] writing requirements to ../../../../../build/examples_rclpy_pointcloud_publisher/examples_rclpy_pointcloud_publisher.egg-info/requires.txt
[1.947s] writing top-level names to ../../../../../build/examples_rclpy_pointcloud_publisher/examples_rclpy_pointcloud_publisher.egg-info/top_level.txt
[1.948s] reading manifest file '../../../../../build/examples_rclpy_pointcloud_publisher/examples_rclpy_pointcloud_publisher.egg-info/SOURCES.txt'
[1.949s] writing manifest file '../../../../../build/examples_rclpy_pointcloud_publisher/examples_rclpy_pointcloud_publisher.egg-info/SOURCES.txt'
[1.949s] running build
[1.949s] running build_py
[1.949s] running install
[1.949s] running install_lib
[1.950s] running install_data
[1.951s] running install_egg_info
[1.952s] removing '/home/wyatt/ros2_ws/install/examples_rclpy_pointcloud_publisher/lib/python3.10/site-packages/examples_rclpy_pointcloud_publisher-0.15.1-py3.10.egg-info' (and everything under it)
[1.952s] Copying ../../../../../build/examples_rclpy_pointcloud_publisher/examples_rclpy_pointcloud_publisher.egg-info to /home/wyatt/ros2_ws/install/examples_rclpy_pointcloud_publisher/lib/python3.10/site-packages/examples_rclpy_pointcloud_publisher-0.15.1-py3.10.egg-info
[1.953s] running install_scripts
[1.968s] Installing pointcloud_publisher script to /home/wyatt/ros2_ws/install/examples_rclpy_pointcloud_publisher/lib/examples_rclpy_pointcloud_publisher
[1.968s] writing list of installed files to '/home/wyatt/ros2_ws/build/examples_rclpy_pointcloud_publisher/install.log'
[1.986s] Invoked command in '/home/wyatt/ros2_ws/src/examples/rclpy/topics/pointcloud_publisher' returned '0': PYTHONPATH=/home/wyatt/ros2_ws/build/examples_rclpy_pointcloud_publisher/prefix_override:/home/wyatt/ros2_ws/install/examples_rclpy_pointcloud_publisher/lib/python3.10/site-packages:${PYTHONPATH} /usr/bin/python3 setup.py egg_info --egg-base ../../../../../build/examples_rclpy_pointcloud_publisher build --build-base /home/wyatt/ros2_ws/build/examples_rclpy_pointcloud_publisher/build install --record /home/wyatt/ros2_ws/build/examples_rclpy_pointcloud_publisher/install.log --single-version-externally-managed
