[0.141s] Invoking command in '/home/wyatt/ros2_ws/src/build/examples_rclcpp_multithreaded_executor': CMAKE_PREFIX_PATH=${CMAKE_PREFIX_PATH}:/home/wyatt/ros2_ws/install/launch_testing_examples:/home/wyatt/ros2_ws/install/examples_rclpy_pointcloud_publisher:/home/wyatt/ros2_ws/install/examples_rclpy_minimal_subscriber:/home/wyatt/ros2_ws/install/examples_rclpy_minimal_service:/home/wyatt/ros2_ws/install/examples_rclpy_minimal_publisher:/home/wyatt/ros2_ws/install/examples_rclpy_minimal_client:/home/wyatt/ros2_ws/install/examples_rclpy_minimal_action_server:/home/wyatt/ros2_ws/install/examples_rclpy_minimal_action_client:/home/wyatt/ros2_ws/install/examples_rclpy_guard_conditions:/home/wyatt/ros2_ws/install/examples_rclpy_executors:/opt/ros/humble /usr/bin/cmake /home/wyatt/ros2_ws/src/examples/rclcpp/executors/multithreaded_executor -DCMAKE_INSTALL_PREFIX=/home/wyatt/ros2_ws/src/install/examples_rclcpp_multithreaded_executor
[2.449s] -- The C compiler identification is GNU 11.4.0
[2.449s] -- The CXX compiler identification is GNU 11.4.0
[2.449s] -- Detecting C compiler ABI info
[2.449s] -- Detecting C compiler ABI info - done
[2.450s] -- Check for working C compiler: /usr/bin/cc - skipped
[2.450s] -- Detecting C compile features
[2.450s] -- Detecting C compile features - done
[2.450s] -- Detecting CXX compiler ABI info
[2.450s] -- Detecting CXX compiler ABI info - done
[2.450s] -- Check for working CXX compiler: /usr/bin/c++ - skipped
[2.450s] -- Detecting CXX compile features
[2.450s] -- Detecting CXX compile features - done
[2.450s] -- Found ament_cmake: 1.3.5 (/opt/ros/humble/share/ament_cmake/cmake)
[2.450s] -- Found Python3: /usr/bin/python3.10 (found version "3.10.12") found components: Interpreter 
[2.450s] -- Found rclcpp: 16.0.6 (/opt/ros/humble/share/rclcpp/cmake)
[2.451s] -- Found rosidl_generator_c: 3.1.5 (/opt/ros/humble/share/rosidl_generator_c/cmake)
[2.451s] -- Found rosidl_adapter: 3.1.5 (/opt/ros/humble/share/rosidl_adapter/cmake)
[2.451s] -- Found rosidl_generator_cpp: 3.1.5 (/opt/ros/humble/share/rosidl_generator_cpp/cmake)
[2.451s] -- Using all available rosidl_typesupport_c: rosidl_typesupport_fastrtps_c;rosidl_typesupport_introspection_c
[2.451s] -- Using all available rosidl_typesupport_cpp: rosidl_typesupport_fastrtps_cpp;rosidl_typesupport_introspection_cpp
[2.451s] -- Found rmw_implementation_cmake: 6.1.1 (/opt/ros/humble/share/rmw_implementation_cmake/cmake)
[2.451s] -- Found rmw_fastrtps_cpp: 6.2.4 (/opt/ros/humble/share/rmw_fastrtps_cpp/cmake)
[2.451s] -- Found OpenSSL: /usr/lib/x86_64-linux-gnu/libcrypto.so (found version "3.0.2")  
[2.451s] -- Found FastRTPS: /opt/ros/humble/include  
[2.452s] -- Using RMW implementation 'rmw_fastrtps_cpp' as default
[2.452s] -- Looking for pthread.h
[2.452s] -- Looking for pthread.h - found
[2.452s] -- Performing Test CMAKE_HAVE_LIBC_PTHREAD
[2.452s] -- Performing Test CMAKE_HAVE_LIBC_PTHREAD - Success
[2.452s] -- Found Threads: TRUE  
[2.452s] -- Found ament_lint_auto: 0.12.8 (/opt/ros/humble/share/ament_lint_auto/cmake)
[2.452s] -- Added test 'copyright' to check source files copyright and LICENSE
[2.452s] -- Added test 'cppcheck' to perform static code analysis on C / C++ code
[2.452s] -- Configured cppcheck include dirs: 
[2.452s] -- Configured cppcheck exclude dirs and/or files: 
[2.452s] -- Added test 'cpplint' to check C / C++ code against the Google style
[2.453s] -- Configured cpplint exclude dirs and/or files: 
[2.453s] -- Added test 'lint_cmake' to check CMake code style
[2.453s] -- Added test 'uncrustify' to check C / C++ code style
[2.453s] -- Configured uncrustify additional arguments: 
[2.453s] -- Added test 'xmllint' to check XML markup files
[2.453s] -- Configuring done
[2.453s] -- Generating done
[2.453s] -- Build files have been written to: /home/wyatt/ros2_ws/src/build/examples_rclcpp_multithreaded_executor
[2.478s] Invoked command in '/home/wyatt/ros2_ws/src/build/examples_rclcpp_multithreaded_executor' returned '0': CMAKE_PREFIX_PATH=${CMAKE_PREFIX_PATH}:/home/wyatt/ros2_ws/install/launch_testing_examples:/home/wyatt/ros2_ws/install/examples_rclpy_pointcloud_publisher:/home/wyatt/ros2_ws/install/examples_rclpy_minimal_subscriber:/home/wyatt/ros2_ws/install/examples_rclpy_minimal_service:/home/wyatt/ros2_ws/install/examples_rclpy_minimal_publisher:/home/wyatt/ros2_ws/install/examples_rclpy_minimal_client:/home/wyatt/ros2_ws/install/examples_rclpy_minimal_action_server:/home/wyatt/ros2_ws/install/examples_rclpy_minimal_action_client:/home/wyatt/ros2_ws/install/examples_rclpy_guard_conditions:/home/wyatt/ros2_ws/install/examples_rclpy_executors:/opt/ros/humble /usr/bin/cmake /home/wyatt/ros2_ws/src/examples/rclcpp/executors/multithreaded_executor -DCMAKE_INSTALL_PREFIX=/home/wyatt/ros2_ws/src/install/examples_rclcpp_multithreaded_executor
[2.479s] Invoking command in '/home/wyatt/ros2_ws/src/build/examples_rclcpp_multithreaded_executor': CMAKE_PREFIX_PATH=${CMAKE_PREFIX_PATH}:/home/wyatt/ros2_ws/install/launch_testing_examples:/home/wyatt/ros2_ws/install/examples_rclpy_pointcloud_publisher:/home/wyatt/ros2_ws/install/examples_rclpy_minimal_subscriber:/home/wyatt/ros2_ws/install/examples_rclpy_minimal_service:/home/wyatt/ros2_ws/install/examples_rclpy_minimal_publisher:/home/wyatt/ros2_ws/install/examples_rclpy_minimal_client:/home/wyatt/ros2_ws/install/examples_rclpy_minimal_action_server:/home/wyatt/ros2_ws/install/examples_rclpy_minimal_action_client:/home/wyatt/ros2_ws/install/examples_rclpy_guard_conditions:/home/wyatt/ros2_ws/install/examples_rclpy_executors:/opt/ros/humble /usr/bin/cmake --build /home/wyatt/ros2_ws/src/build/examples_rclcpp_multithreaded_executor -- -j12 -l12
[2.794s] [ 50%] [32mBuilding CXX object CMakeFiles/multithreaded_executor.dir/multithreaded_executor.cpp.o[0m
[108.227s] [100%] [32m[1mLinking CXX executable multithreaded_executor[0m
[109.058s] [100%] Built target multithreaded_executor
