[0.061s] Invoking command in '/home/wyatt/ros2_ws/build/cpp_srvcli': AMENT_PREFIX_PATH=/home/wyatt/ros2_ws/install/tutorial_interfaces:${AMENT_PREFIX_PATH} CMAKE_PREFIX_PATH=/home/wyatt/ros2_ws/install/tutorial_interfaces:/home/wyatt/ros2_ws/install/turtlesim:/home/wyatt/ros2_ws/install/examples_rclcpp_wait_set:/home/wyatt/ros2_ws/install/examples_rclcpp_multithreaded_executor:/home/wyatt/ros2_ws/install/examples_rclcpp_minimal_timer:/home/wyatt/ros2_ws/install/examples_rclcpp_minimal_subscriber:/home/wyatt/ros2_ws/install/examples_rclcpp_minimal_service:/home/wyatt/ros2_ws/install/examples_rclcpp_minimal_publisher:/home/wyatt/ros2_ws/install/examples_rclcpp_minimal_composition:/home/wyatt/ros2_ws/install/examples_rclcpp_minimal_client:/home/wyatt/ros2_ws/install/examples_rclcpp_minimal_action_server:/home/wyatt/ros2_ws/install/examples_rclcpp_minimal_action_client:/home/wyatt/ros2_ws/install/examples_rclcpp_cbg_executor:/home/wyatt/ros2_ws/install/examples_rclcpp_async_client:/home/wyatt/ros2_ws/install/cpp_srvcli:/home/wyatt/ros2_ws/install/cpp_pubsub:/home/wyatt/ros2_ws/install/py_pubsub:/home/wyatt/ros2_ws/install/my_package:/home/wyatt/ros2_ws/install/launch_testing_examples:/home/wyatt/ros2_ws/install/examples_rclpy_pointcloud_publisher:/home/wyatt/ros2_ws/install/examples_rclpy_minimal_subscriber:/home/wyatt/ros2_ws/install/examples_rclpy_minimal_service:/home/wyatt/ros2_ws/install/examples_rclpy_minimal_publisher:/home/wyatt/ros2_ws/install/examples_rclpy_minimal_client:/home/wyatt/ros2_ws/install/examples_rclpy_minimal_action_server:/home/wyatt/ros2_ws/install/examples_rclpy_minimal_action_client:/home/wyatt/ros2_ws/install/examples_rclpy_guard_conditions:/home/wyatt/ros2_ws/install/examples_rclpy_executors:/opt/ros/humble LD_LIBRARY_PATH=/home/wyatt/ros2_ws/install/tutorial_interfaces/lib:${LD_LIBRARY_PATH} PYTHONPATH=/home/wyatt/ros2_ws/install/tutorial_interfaces/local/lib/python3.10/dist-packages:${PYTHONPATH} /usr/bin/cmake --build /home/wyatt/ros2_ws/build/cpp_srvcli -- -j12 -l12
[0.080s] -- Found ament_cmake: 1.3.5 (/opt/ros/humble/share/ament_cmake/cmake)
[0.213s] -- Found rclcpp: 16.0.6 (/opt/ros/humble/share/rclcpp/cmake)
[0.236s] -- Found rosidl_generator_c: 3.1.5 (/opt/ros/humble/share/rosidl_generator_c/cmake)
[0.238s] -- Found rosidl_adapter: 3.1.5 (/opt/ros/humble/share/rosidl_adapter/cmake)
[0.243s] -- Found rosidl_generator_cpp: 3.1.5 (/opt/ros/humble/share/rosidl_generator_cpp/cmake)
[0.252s] -- Using all available rosidl_typesupport_c: rosidl_typesupport_fastrtps_c;rosidl_typesupport_introspection_c
[0.266s] -- Using all available rosidl_typesupport_cpp: rosidl_typesupport_fastrtps_cpp;rosidl_typesupport_introspection_cpp
[0.313s] -- Found rmw_implementation_cmake: 6.1.1 (/opt/ros/humble/share/rmw_implementation_cmake/cmake)
[0.315s] -- Found rmw_fastrtps_cpp: 6.2.4 (/opt/ros/humble/share/rmw_fastrtps_cpp/cmake)
[0.417s] -- Using RMW implementation 'rmw_fastrtps_cpp' as default
[0.558s] -- Found tutorial_interfaces: 0.0.0 (/home/wyatt/ros2_ws/install/tutorial_interfaces/share/tutorial_interfaces/cmake)
[0.663s] [31mCMake Error at CMakeLists.txt:17 (ament_target_dependecies):
[0.663s]   Unknown CMake command "ament_target_dependecies".
[0.664s] 
[0.664s] [0m
[0.664s] -- Configuring incomplete, errors occurred!
[0.664s] See also "/home/wyatt/ros2_ws/build/cpp_srvcli/CMakeFiles/CMakeOutput.log".
[0.668s] gmake: *** [Makefile:308: cmake_check_build_system] Error 1
[0.671s] Invoked command in '/home/wyatt/ros2_ws/build/cpp_srvcli' returned '2': AMENT_PREFIX_PATH=/home/wyatt/ros2_ws/install/tutorial_interfaces:${AMENT_PREFIX_PATH} CMAKE_PREFIX_PATH=/home/wyatt/ros2_ws/install/tutorial_interfaces:/home/wyatt/ros2_ws/install/turtlesim:/home/wyatt/ros2_ws/install/examples_rclcpp_wait_set:/home/wyatt/ros2_ws/install/examples_rclcpp_multithreaded_executor:/home/wyatt/ros2_ws/install/examples_rclcpp_minimal_timer:/home/wyatt/ros2_ws/install/examples_rclcpp_minimal_subscriber:/home/wyatt/ros2_ws/install/examples_rclcpp_minimal_service:/home/wyatt/ros2_ws/install/examples_rclcpp_minimal_publisher:/home/wyatt/ros2_ws/install/examples_rclcpp_minimal_composition:/home/wyatt/ros2_ws/install/examples_rclcpp_minimal_client:/home/wyatt/ros2_ws/install/examples_rclcpp_minimal_action_server:/home/wyatt/ros2_ws/install/examples_rclcpp_minimal_action_client:/home/wyatt/ros2_ws/install/examples_rclcpp_cbg_executor:/home/wyatt/ros2_ws/install/examples_rclcpp_async_client:/home/wyatt/ros2_ws/install/cpp_srvcli:/home/wyatt/ros2_ws/install/cpp_pubsub:/home/wyatt/ros2_ws/install/py_pubsub:/home/wyatt/ros2_ws/install/my_package:/home/wyatt/ros2_ws/install/launch_testing_examples:/home/wyatt/ros2_ws/install/examples_rclpy_pointcloud_publisher:/home/wyatt/ros2_ws/install/examples_rclpy_minimal_subscriber:/home/wyatt/ros2_ws/install/examples_rclpy_minimal_service:/home/wyatt/ros2_ws/install/examples_rclpy_minimal_publisher:/home/wyatt/ros2_ws/install/examples_rclpy_minimal_client:/home/wyatt/ros2_ws/install/examples_rclpy_minimal_action_server:/home/wyatt/ros2_ws/install/examples_rclpy_minimal_action_client:/home/wyatt/ros2_ws/install/examples_rclpy_guard_conditions:/home/wyatt/ros2_ws/install/examples_rclpy_executors:/opt/ros/humble LD_LIBRARY_PATH=/home/wyatt/ros2_ws/install/tutorial_interfaces/lib:${LD_LIBRARY_PATH} PYTHONPATH=/home/wyatt/ros2_ws/install/tutorial_interfaces/local/lib/python3.10/dist-packages:${PYTHONPATH} /usr/bin/cmake --build /home/wyatt/ros2_ws/build/cpp_srvcli -- -j12 -l12
