[2.233s] Invoking command in '/home/wyatt/ros2_ws/build/turtlesim': CMAKE_PREFIX_PATH=${CMAKE_PREFIX_PATH}:/home/wyatt/ros2_ws/install/launch_testing_examples:/home/wyatt/ros2_ws/install/examples_rclpy_pointcloud_publisher:/home/wyatt/ros2_ws/install/examples_rclpy_minimal_subscriber:/home/wyatt/ros2_ws/install/examples_rclpy_minimal_service:/home/wyatt/ros2_ws/install/examples_rclpy_minimal_publisher:/home/wyatt/ros2_ws/install/examples_rclpy_minimal_client:/home/wyatt/ros2_ws/install/examples_rclpy_minimal_action_server:/home/wyatt/ros2_ws/install/examples_rclpy_minimal_action_client:/home/wyatt/ros2_ws/install/examples_rclpy_guard_conditions:/home/wyatt/ros2_ws/install/examples_rclpy_executors:/opt/ros/humble /usr/bin/cmake --build /home/wyatt/ros2_ws/build/turtlesim -- -j12 -l12
[2.301s] [35m[1mConsolidate compiler generated dependencies of target turtlesim__rosidl_generator_c[0m
[2.310s] [  1%] Built target turtlesim__cpp
[2.320s] [ 11%] Built target turtlesim__rosidl_generator_c
[2.336s] [35m[1mConsolidate compiler generated dependencies of target turtlesim__rosidl_typesupport_cpp[0m
[2.340s] [35m[1mConsolidate compiler generated dependencies of target turtlesim__rosidl_typesupport_introspection_c[0m
[2.342s] [ 11%] Built target ament_cmake_python_copy_turtlesim
[2.358s] [35m[1mConsolidate compiler generated dependencies of target turtlesim__rosidl_typesupport_fastrtps_cpp[0m
[2.365s] [ 21%] Built target turtlesim__rosidl_typesupport_cpp
[2.376s] [35m[1mConsolidate compiler generated dependencies of target turtlesim__rosidl_typesupport_c[0m
[2.379s] [ 31%] Built target turtlesim__rosidl_typesupport_introspection_c
[2.393s] [35m[1mConsolidate compiler generated dependencies of target turtlesim__rosidl_typesupport_introspection_cpp[0m
[2.401s] [ 41%] Built target turtlesim__rosidl_typesupport_fastrtps_cpp
[2.424s] [ 51%] Built target turtlesim__rosidl_typesupport_c
[2.425s] [35m[1mConsolidate compiler generated dependencies of target turtle_teleop_key[0m
[2.429s] [35m[1mConsolidate compiler generated dependencies of target turtlesim_node[0m
[2.432s] [ 61%] Built target turtlesim__rosidl_typesupport_introspection_cpp
[2.470s] [35m[1mConsolidate compiler generated dependencies of target mimic[0m
[2.474s] [35m[1mConsolidate compiler generated dependencies of target draw_square[0m
[2.493s] [ 62%] [32mBuilding CXX object CMakeFiles/turtlesim_node.dir/src/turtle_frame.cpp.o[0m
[2.503s] [ 64%] Built target turtle_teleop_key
[2.526s] [ 66%] Built target mimic
[2.578s] [ 68%] Built target draw_square
[2.585s] [35m[1mConsolidate compiler generated dependencies of target turtlesim__rosidl_typesupport_fastrtps_c[0m
[2.654s] [ 78%] Built target turtlesim__rosidl_typesupport_fastrtps_c
[2.769s] [ 78%] Built target turtlesim
[2.821s] [ 79%] Built target turtlesim__py
[2.831s] running egg_info
[2.831s] writing turtlesim.egg-info/PKG-INFO
[2.832s] writing dependency_links to turtlesim.egg-info/dependency_links.txt
[2.832s] writing top-level names to turtlesim.egg-info/top_level.txt
[2.837s] reading manifest file 'turtlesim.egg-info/SOURCES.txt'
[2.839s] writing manifest file 'turtlesim.egg-info/SOURCES.txt'
[2.839s] [35m[1mConsolidate compiler generated dependencies of target turtlesim__rosidl_generator_py[0m
[2.865s] [ 88%] Built target turtlesim__rosidl_generator_py
[2.883s] [35m[1mConsolidate compiler generated dependencies of target turtlesim__rosidl_typesupport_introspection_c__pyext[0m
[2.892s] [35m[1mConsolidate compiler generated dependencies of target turtlesim__rosidl_typesupport_fastrtps_c__pyext[0m
[2.898s] [ 88%] Built target ament_cmake_python_build_turtlesim_egg
[2.906s] [ 90%] Built target turtlesim__rosidl_typesupport_introspection_c__pyext
[2.921s] [35m[1mConsolidate compiler generated dependencies of target turtlesim__rosidl_typesupport_c__pyext[0m
[2.926s] [ 92%] Built target turtlesim__rosidl_typesupport_fastrtps_c__pyext
[2.938s] [ 94%] Built target turtlesim__rosidl_typesupport_c__pyext
[11.453s] [ 95%] [32m[1mLinking CXX executable turtlesim_node[0m
[13.035s] [100%] Built target turtlesim_node
[13.044s] Invoked command in '/home/wyatt/ros2_ws/build/turtlesim' returned '0': CMAKE_PREFIX_PATH=${CMAKE_PREFIX_PATH}:/home/wyatt/ros2_ws/install/launch_testing_examples:/home/wyatt/ros2_ws/install/examples_rclpy_pointcloud_publisher:/home/wyatt/ros2_ws/install/examples_rclpy_minimal_subscriber:/home/wyatt/ros2_ws/install/examples_rclpy_minimal_service:/home/wyatt/ros2_ws/install/examples_rclpy_minimal_publisher:/home/wyatt/ros2_ws/install/examples_rclpy_minimal_client:/home/wyatt/ros2_ws/install/examples_rclpy_minimal_action_server:/home/wyatt/ros2_ws/install/examples_rclpy_minimal_action_client:/home/wyatt/ros2_ws/install/examples_rclpy_guard_conditions:/home/wyatt/ros2_ws/install/examples_rclpy_executors:/opt/ros/humble /usr/bin/cmake --build /home/wyatt/ros2_ws/build/turtlesim -- -j12 -l12
[13.224s] Invoking command in '/home/wyatt/ros2_ws/build/turtlesim': CMAKE_PREFIX_PATH=${CMAKE_PREFIX_PATH}:/home/wyatt/ros2_ws/install/launch_testing_examples:/home/wyatt/ros2_ws/install/examples_rclpy_pointcloud_publisher:/home/wyatt/ros2_ws/install/examples_rclpy_minimal_subscriber:/home/wyatt/ros2_ws/install/examples_rclpy_minimal_service:/home/wyatt/ros2_ws/install/examples_rclpy_minimal_publisher:/home/wyatt/ros2_ws/install/examples_rclpy_minimal_client:/home/wyatt/ros2_ws/install/examples_rclpy_minimal_action_server:/home/wyatt/ros2_ws/install/examples_rclpy_minimal_action_client:/home/wyatt/ros2_ws/install/examples_rclpy_guard_conditions:/home/wyatt/ros2_ws/install/examples_rclpy_executors:/opt/ros/humble /usr/bin/cmake --install /home/wyatt/ros2_ws/build/turtlesim
[13.231s] -- Install configuration: ""
[13.232s] -- Up-to-date: /home/wyatt/ros2_ws/install/turtlesim/share/ament_index/resource_index/rosidl_interfaces/turtlesim
[13.232s] -- Up-to-date: /home/wyatt/ros2_ws/install/turtlesim/include/turtlesim/turtlesim
[13.232s] -- Up-to-date: /home/wyatt/ros2_ws/install/turtlesim/include/turtlesim/turtlesim/srv
[13.232s] -- Up-to-date: /home/wyatt/ros2_ws/install/turtlesim/include/turtlesim/turtlesim/srv/spawn.h
[13.232s] -- Up-to-date: /home/wyatt/ros2_ws/install/turtlesim/include/turtlesim/turtlesim/srv/kill.h
[13.232s] -- Up-to-date: /home/wyatt/ros2_ws/install/turtlesim/include/turtlesim/turtlesim/srv/teleport_absolute.h
[13.233s] -- Up-to-date: /home/wyatt/ros2_ws/install/turtlesim/include/turtlesim/turtlesim/srv/detail
[13.233s] -- Up-to-date: /home/wyatt/ros2_ws/install/turtlesim/include/turtlesim/turtlesim/srv/detail/teleport_relative__type_support.h
[13.233s] -- Up-to-date: /home/wyatt/ros2_ws/install/turtlesim/include/turtlesim/turtlesim/srv/detail/teleport_absolute__type_support.h
[13.233s] -- Up-to-date: /home/wyatt/ros2_ws/install/turtlesim/include/turtlesim/turtlesim/srv/detail/teleport_relative__functions.h
[13.233s] -- Up-to-date: /home/wyatt/ros2_ws/install/turtlesim/include/turtlesim/turtlesim/srv/detail/spawn__type_support.h
[13.233s] -- Up-to-date: /home/wyatt/ros2_ws/install/turtlesim/include/turtlesim/turtlesim/srv/detail/set_pen__type_support.h
[13.233s] -- Up-to-date: /home/wyatt/ros2_ws/install/turtlesim/include/turtlesim/turtlesim/srv/detail/kill__type_support.h
[13.234s] -- Up-to-date: /home/wyatt/ros2_ws/install/turtlesim/include/turtlesim/turtlesim/srv/detail/teleport_relative__functions.c
[13.234s] -- Up-to-date: /home/wyatt/ros2_ws/install/turtlesim/include/turtlesim/turtlesim/srv/detail/spawn__struct.h
[13.234s] -- Up-to-date: /home/wyatt/ros2_ws/install/turtlesim/include/turtlesim/turtlesim/srv/detail/teleport_absolute__functions.c
[13.234s] -- Up-to-date: /home/wyatt/ros2_ws/install/turtlesim/include/turtlesim/turtlesim/srv/detail/kill__struct.h
[13.234s] -- Up-to-date: /home/wyatt/ros2_ws/install/turtlesim/include/turtlesim/turtlesim/srv/detail/kill__functions.c
[13.234s] -- Up-to-date: /home/wyatt/ros2_ws/install/turtlesim/include/turtlesim/turtlesim/srv/detail/set_pen__struct.h
[13.234s] -- Up-to-date: /home/wyatt/ros2_ws/install/turtlesim/include/turtlesim/turtlesim/srv/detail/spawn__functions.h
[13.235s] -- Up-to-date: /home/wyatt/ros2_ws/install/turtlesim/include/turtlesim/turtlesim/srv/detail/set_pen__functions.h
[13.235s] -- Up-to-date: /home/wyatt/ros2_ws/install/turtlesim/include/turtlesim/turtlesim/srv/detail/spawn__functions.c
[13.235s] -- Up-to-date: /home/wyatt/ros2_ws/install/turtlesim/include/turtlesim/turtlesim/srv/detail/teleport_absolute__functions.h
[13.235s] -- Up-to-date: /home/wyatt/ros2_ws/install/turtlesim/include/turtlesim/turtlesim/srv/detail/teleport_absolute__struct.h
[13.235s] -- Up-to-date: /home/wyatt/ros2_ws/install/turtlesim/include/turtlesim/turtlesim/srv/detail/kill__functions.h
[13.235s] -- Up-to-date: /home/wyatt/ros2_ws/install/turtlesim/include/turtlesim/turtlesim/srv/detail/set_pen__functions.c
[13.235s] -- Up-to-date: /home/wyatt/ros2_ws/install/turtlesim/include/turtlesim/turtlesim/srv/detail/teleport_relative__struct.h
[13.236s] -- Up-to-date: /home/wyatt/ros2_ws/install/turtlesim/include/turtlesim/turtlesim/srv/teleport_relative.h
[13.236s] -- Up-to-date: /home/wyatt/ros2_ws/install/turtlesim/include/turtlesim/turtlesim/srv/set_pen.h
[13.236s] -- Up-to-date: /home/wyatt/ros2_ws/install/turtlesim/include/turtlesim/turtlesim/action
[13.236s] -- Up-to-date: /home/wyatt/ros2_ws/install/turtlesim/include/turtlesim/turtlesim/action/rotate_absolute.h
[13.236s] -- Up-to-date: /home/wyatt/ros2_ws/install/turtlesim/include/turtlesim/turtlesim/action/detail
[13.236s] -- Up-to-date: /home/wyatt/ros2_ws/install/turtlesim/include/turtlesim/turtlesim/action/detail/rotate_absolute__type_support.h
[13.236s] -- Up-to-date: /home/wyatt/ros2_ws/install/turtlesim/include/turtlesim/turtlesim/action/detail/rotate_absolute__functions.c
[13.237s] -- Up-to-date: /home/wyatt/ros2_ws/install/turtlesim/include/turtlesim/turtlesim/action/detail/rotate_absolute__struct.h
[13.237s] -- Up-to-date: /home/wyatt/ros2_ws/install/turtlesim/include/turtlesim/turtlesim/action/detail/rotate_absolute__functions.h
[13.237s] -- Up-to-date: /home/wyatt/ros2_ws/install/turtlesim/include/turtlesim/turtlesim/msg
[13.237s] -- Up-to-date: /home/wyatt/ros2_ws/install/turtlesim/include/turtlesim/turtlesim/msg/detail
[13.237s] -- Up-to-date: /home/wyatt/ros2_ws/install/turtlesim/include/turtlesim/turtlesim/msg/detail/pose__type_support.h
[13.237s] -- Up-to-date: /home/wyatt/ros2_ws/install/turtlesim/include/turtlesim/turtlesim/msg/detail/color__functions.h
[13.237s] -- Up-to-date: /home/wyatt/ros2_ws/install/turtlesim/include/turtlesim/turtlesim/msg/detail/pose__struct.h
[13.238s] -- Up-to-date: /home/wyatt/ros2_ws/install/turtlesim/include/turtlesim/turtlesim/msg/detail/pose__functions.h
[13.238s] -- Up-to-date: /home/wyatt/ros2_ws/install/turtlesim/include/turtlesim/turtlesim/msg/detail/color__functions.c
[13.238s] -- Up-to-date: /home/wyatt/ros2_ws/install/turtlesim/include/turtlesim/turtlesim/msg/detail/color__struct.h
[13.238s] -- Up-to-date: /home/wyatt/ros2_ws/install/turtlesim/include/turtlesim/turtlesim/msg/detail/color__type_support.h
[13.238s] -- Up-to-date: /home/wyatt/ros2_ws/install/turtlesim/include/turtlesim/turtlesim/msg/detail/pose__functions.c
[13.238s] -- Up-to-date: /home/wyatt/ros2_ws/install/turtlesim/include/turtlesim/turtlesim/msg/color.h
[13.238s] -- Up-to-date: /home/wyatt/ros2_ws/install/turtlesim/include/turtlesim/turtlesim/msg/rosidl_generator_c__visibility_control.h
[13.239s] -- Up-to-date: /home/wyatt/ros2_ws/install/turtlesim/include/turtlesim/turtlesim/msg/pose.h
[13.239s] -- Up-to-date: /home/wyatt/ros2_ws/install/turtlesim/share/turtlesim/environment/library_path.sh
[13.239s] -- Up-to-date: /home/wyatt/ros2_ws/install/turtlesim/share/turtlesim/environment/library_path.dsv
[13.239s] -- Up-to-date: /home/wyatt/ros2_ws/install/turtlesim/lib/libturtlesim__rosidl_generator_c.so
[13.239s] -- Up-to-date: /home/wyatt/ros2_ws/install/turtlesim/include/turtlesim/turtlesim
[13.239s] -- Up-to-date: /home/wyatt/ros2_ws/install/turtlesim/include/turtlesim/turtlesim/srv
[13.239s] -- Up-to-date: /home/wyatt/ros2_ws/install/turtlesim/include/turtlesim/turtlesim/srv/detail
[13.240s] -- Up-to-date: /home/wyatt/ros2_ws/install/turtlesim/include/turtlesim/turtlesim/srv/detail/teleport_absolute__rosidl_typesupport_fastrtps_c.h
[13.240s] -- Up-to-date: /home/wyatt/ros2_ws/install/turtlesim/include/turtlesim/turtlesim/srv/detail/teleport_relative__rosidl_typesupport_fastrtps_c.h
[13.240s] -- Up-to-date: /home/wyatt/ros2_ws/install/turtlesim/include/turtlesim/turtlesim/srv/detail/set_pen__rosidl_typesupport_fastrtps_c.h
[13.240s] -- Up-to-date: /home/wyatt/ros2_ws/install/turtlesim/include/turtlesim/turtlesim/srv/detail/kill__rosidl_typesupport_fastrtps_c.h
[13.240s] -- Up-to-date: /home/wyatt/ros2_ws/install/turtlesim/include/turtlesim/turtlesim/srv/detail/spawn__rosidl_typesupport_fastrtps_c.h
[13.240s] -- Up-to-date: /home/wyatt/ros2_ws/install/turtlesim/include/turtlesim/turtlesim/action
[13.240s] -- Up-to-date: /home/wyatt/ros2_ws/install/turtlesim/include/turtlesim/turtlesim/action/detail
[13.241s] -- Up-to-date: /home/wyatt/ros2_ws/install/turtlesim/include/turtlesim/turtlesim/action/detail/rotate_absolute__rosidl_typesupport_fastrtps_c.h
[13.241s] -- Up-to-date: /home/wyatt/ros2_ws/install/turtlesim/include/turtlesim/turtlesim/msg
[13.241s] -- Up-to-date: /home/wyatt/ros2_ws/install/turtlesim/include/turtlesim/turtlesim/msg/detail
[13.241s] -- Up-to-date: /home/wyatt/ros2_ws/install/turtlesim/include/turtlesim/turtlesim/msg/detail/pose__rosidl_typesupport_fastrtps_c.h
[13.241s] -- Up-to-date: /home/wyatt/ros2_ws/install/turtlesim/include/turtlesim/turtlesim/msg/detail/color__rosidl_typesupport_fastrtps_c.h
[13.241s] -- Up-to-date: /home/wyatt/ros2_ws/install/turtlesim/include/turtlesim/turtlesim/msg/rosidl_typesupport_fastrtps_c__visibility_control.h
[13.242s] -- Up-to-date: /home/wyatt/ros2_ws/install/turtlesim/lib/libturtlesim__rosidl_typesupport_fastrtps_c.so
[13.242s] -- Up-to-date: /home/wyatt/ros2_ws/install/turtlesim/include/turtlesim/turtlesim
[13.242s] -- Up-to-date: /home/wyatt/ros2_ws/install/turtlesim/include/turtlesim/turtlesim/srv
[13.242s] -- Up-to-date: /home/wyatt/ros2_ws/install/turtlesim/include/turtlesim/turtlesim/srv/teleport_absolute.hpp
[13.242s] -- Up-to-date: /home/wyatt/ros2_ws/install/turtlesim/include/turtlesim/turtlesim/srv/kill.hpp
[13.242s] -- Up-to-date: /home/wyatt/ros2_ws/install/turtlesim/include/turtlesim/turtlesim/srv/detail
[13.242s] -- Up-to-date: /home/wyatt/ros2_ws/install/turtlesim/include/turtlesim/turtlesim/srv/detail/spawn__builder.hpp
[13.242s] -- Up-to-date: /home/wyatt/ros2_ws/install/turtlesim/include/turtlesim/turtlesim/srv/detail/kill__struct.hpp
[13.242s] -- Up-to-date: /home/wyatt/ros2_ws/install/turtlesim/include/turtlesim/turtlesim/srv/detail/kill__traits.hpp
[13.242s] -- Up-to-date: /home/wyatt/ros2_ws/install/turtlesim/include/turtlesim/turtlesim/srv/detail/teleport_relative__traits.hpp
[13.242s] -- Up-to-date: /home/wyatt/ros2_ws/install/turtlesim/include/turtlesim/turtlesim/srv/detail/set_pen__struct.hpp
[13.243s] -- Up-to-date: /home/wyatt/ros2_ws/install/turtlesim/include/turtlesim/turtlesim/srv/detail/kill__builder.hpp
[13.243s] -- Up-to-date: /home/wyatt/ros2_ws/install/turtlesim/include/turtlesim/turtlesim/srv/detail/teleport_absolute__traits.hpp
[13.243s] -- Up-to-date: /home/wyatt/ros2_ws/install/turtlesim/include/turtlesim/turtlesim/srv/detail/set_pen__traits.hpp
[13.243s] -- Up-to-date: /home/wyatt/ros2_ws/install/turtlesim/include/turtlesim/turtlesim/srv/detail/spawn__struct.hpp
[13.243s] -- Up-to-date: /home/wyatt/ros2_ws/install/turtlesim/include/turtlesim/turtlesim/srv/detail/teleport_relative__struct.hpp
[13.243s] -- Up-to-date: /home/wyatt/ros2_ws/install/turtlesim/include/turtlesim/turtlesim/srv/detail/teleport_absolute__builder.hpp
[13.243s] -- Up-to-date: /home/wyatt/ros2_ws/install/turtlesim/include/turtlesim/turtlesim/srv/detail/set_pen__builder.hpp
[13.243s] -- Up-to-date: /home/wyatt/ros2_ws/install/turtlesim/include/turtlesim/turtlesim/srv/detail/spawn__traits.hpp
[13.243s] -- Up-to-date: /home/wyatt/ros2_ws/install/turtlesim/include/turtlesim/turtlesim/srv/detail/teleport_relative__builder.hpp
[13.243s] -- Up-to-date: /home/wyatt/ros2_ws/install/turtlesim/include/turtlesim/turtlesim/srv/detail/teleport_absolute__struct.hpp
[13.243s] -- Up-to-date: /home/wyatt/ros2_ws/install/turtlesim/include/turtlesim/turtlesim/srv/set_pen.hpp
[13.243s] -- Up-to-date: /home/wyatt/ros2_ws/install/turtlesim/include/turtlesim/turtlesim/srv/teleport_relative.hpp
[13.243s] -- Up-to-date: /home/wyatt/ros2_ws/install/turtlesim/include/turtlesim/turtlesim/srv/spawn.hpp
[13.243s] -- Up-to-date: /home/wyatt/ros2_ws/install/turtlesim/include/turtlesim/turtlesim/action
[13.243s] -- Up-to-date: /home/wyatt/ros2_ws/install/turtlesim/include/turtlesim/turtlesim/action/detail
[13.243s] -- Up-to-date: /home/wyatt/ros2_ws/install/turtlesim/include/turtlesim/turtlesim/action/detail/rotate_absolute__builder.hpp
[13.243s] -- Up-to-date: /home/wyatt/ros2_ws/install/turtlesim/include/turtlesim/turtlesim/action/detail/rotate_absolute__traits.hpp
[13.243s] -- Up-to-date: /home/wyatt/ros2_ws/install/turtlesim/include/turtlesim/turtlesim/action/detail/rotate_absolute__struct.hpp
[13.243s] -- Up-to-date: /home/wyatt/ros2_ws/install/turtlesim/include/turtlesim/turtlesim/action/rotate_absolute.hpp
[13.243s] -- Up-to-date: /home/wyatt/ros2_ws/install/turtlesim/include/turtlesim/turtlesim/msg
[13.243s] -- Up-to-date: /home/wyatt/ros2_ws/install/turtlesim/include/turtlesim/turtlesim/msg/pose.hpp
[13.244s] -- Up-to-date: /home/wyatt/ros2_ws/install/turtlesim/include/turtlesim/turtlesim/msg/color.hpp
[13.244s] -- Up-to-date: /home/wyatt/ros2_ws/install/turtlesim/include/turtlesim/turtlesim/msg/detail
[13.244s] -- Up-to-date: /home/wyatt/ros2_ws/install/turtlesim/include/turtlesim/turtlesim/msg/detail/color__traits.hpp
[13.244s] -- Up-to-date: /home/wyatt/ros2_ws/install/turtlesim/include/turtlesim/turtlesim/msg/detail/color__struct.hpp
[13.244s] -- Up-to-date: /home/wyatt/ros2_ws/install/turtlesim/include/turtlesim/turtlesim/msg/detail/pose__builder.hpp
[13.244s] -- Up-to-date: /home/wyatt/ros2_ws/install/turtlesim/include/turtlesim/turtlesim/msg/detail/color__builder.hpp
[13.244s] -- Up-to-date: /home/wyatt/ros2_ws/install/turtlesim/include/turtlesim/turtlesim/msg/detail/pose__traits.hpp
[13.244s] -- Up-to-date: /home/wyatt/ros2_ws/install/turtlesim/include/turtlesim/turtlesim/msg/detail/pose__struct.hpp
[13.244s] -- Up-to-date: /home/wyatt/ros2_ws/install/turtlesim/include/turtlesim/turtlesim
[13.244s] -- Up-to-date: /home/wyatt/ros2_ws/install/turtlesim/include/turtlesim/turtlesim/srv
[13.244s] -- Up-to-date: /home/wyatt/ros2_ws/install/turtlesim/include/turtlesim/turtlesim/srv/detail
[13.244s] -- Up-to-date: /home/wyatt/ros2_ws/install/turtlesim/include/turtlesim/turtlesim/srv/detail/dds_fastrtps
[13.244s] -- Up-to-date: /home/wyatt/ros2_ws/install/turtlesim/include/turtlesim/turtlesim/srv/detail/teleport_relative__rosidl_typesupport_fastrtps_cpp.hpp
[13.244s] -- Up-to-date: /home/wyatt/ros2_ws/install/turtlesim/include/turtlesim/turtlesim/srv/detail/teleport_absolute__rosidl_typesupport_fastrtps_cpp.hpp
[13.244s] -- Up-to-date: /home/wyatt/ros2_ws/install/turtlesim/include/turtlesim/turtlesim/srv/detail/set_pen__rosidl_typesupport_fastrtps_cpp.hpp
[13.244s] -- Up-to-date: /home/wyatt/ros2_ws/install/turtlesim/include/turtlesim/turtlesim/srv/detail/kill__rosidl_typesupport_fastrtps_cpp.hpp
[13.244s] -- Up-to-date: /home/wyatt/ros2_ws/install/turtlesim/include/turtlesim/turtlesim/srv/detail/spawn__rosidl_typesupport_fastrtps_cpp.hpp
[13.244s] -- Up-to-date: /home/wyatt/ros2_ws/install/turtlesim/include/turtlesim/turtlesim/action
[13.244s] -- Up-to-date: /home/wyatt/ros2_ws/install/turtlesim/include/turtlesim/turtlesim/action/detail
[13.245s] -- Up-to-date: /home/wyatt/ros2_ws/install/turtlesim/include/turtlesim/turtlesim/action/detail/dds_fastrtps
[13.245s] -- Up-to-date: /home/wyatt/ros2_ws/install/turtlesim/include/turtlesim/turtlesim/action/detail/rotate_absolute__rosidl_typesupport_fastrtps_cpp.hpp
[13.245s] -- Up-to-date: /home/wyatt/ros2_ws/install/turtlesim/include/turtlesim/turtlesim/msg
[13.245s] -- Up-to-date: /home/wyatt/ros2_ws/install/turtlesim/include/turtlesim/turtlesim/msg/rosidl_typesupport_fastrtps_cpp__visibility_control.h
[13.245s] -- Up-to-date: /home/wyatt/ros2_ws/install/turtlesim/include/turtlesim/turtlesim/msg/detail
[13.245s] -- Up-to-date: /home/wyatt/ros2_ws/install/turtlesim/include/turtlesim/turtlesim/msg/detail/color__rosidl_typesupport_fastrtps_cpp.hpp
[13.245s] -- Up-to-date: /home/wyatt/ros2_ws/install/turtlesim/include/turtlesim/turtlesim/msg/detail/dds_fastrtps
[13.245s] -- Up-to-date: /home/wyatt/ros2_ws/install/turtlesim/include/turtlesim/turtlesim/msg/detail/pose__rosidl_typesupport_fastrtps_cpp.hpp
[13.245s] -- Up-to-date: /home/wyatt/ros2_ws/install/turtlesim/lib/libturtlesim__rosidl_typesupport_fastrtps_cpp.so
[13.245s] -- Up-to-date: /home/wyatt/ros2_ws/install/turtlesim/include/turtlesim/turtlesim
[13.245s] -- Up-to-date: /home/wyatt/ros2_ws/install/turtlesim/include/turtlesim/turtlesim/srv
[13.245s] -- Up-to-date: /home/wyatt/ros2_ws/install/turtlesim/include/turtlesim/turtlesim/srv/detail
[13.245s] -- Up-to-date: /home/wyatt/ros2_ws/install/turtlesim/include/turtlesim/turtlesim/srv/detail/spawn__rosidl_typesupport_introspection_c.h
[13.245s] -- Up-to-date: /home/wyatt/ros2_ws/install/turtlesim/include/turtlesim/turtlesim/srv/detail/teleport_absolute__type_support.c
[13.245s] -- Up-to-date: /home/wyatt/ros2_ws/install/turtlesim/include/turtlesim/turtlesim/srv/detail/set_pen__rosidl_typesupport_introspection_c.h
[13.245s] -- Up-to-date: /home/wyatt/ros2_ws/install/turtlesim/include/turtlesim/turtlesim/srv/detail/teleport_relative__type_support.c
[13.245s] -- Up-to-date: /home/wyatt/ros2_ws/install/turtlesim/include/turtlesim/turtlesim/srv/detail/teleport_absolute__rosidl_typesupport_introspection_c.h
[13.245s] -- Up-to-date: /home/wyatt/ros2_ws/install/turtlesim/include/turtlesim/turtlesim/srv/detail/teleport_relative__rosidl_typesupport_introspection_c.h
[13.245s] -- Up-to-date: /home/wyatt/ros2_ws/install/turtlesim/include/turtlesim/turtlesim/srv/detail/set_pen__type_support.c
[13.245s] -- Up-to-date: /home/wyatt/ros2_ws/install/turtlesim/include/turtlesim/turtlesim/srv/detail/kill__type_support.c
[13.245s] -- Up-to-date: /home/wyatt/ros2_ws/install/turtlesim/include/turtlesim/turtlesim/srv/detail/kill__rosidl_typesupport_introspection_c.h
[13.245s] -- Up-to-date: /home/wyatt/ros2_ws/install/turtlesim/include/turtlesim/turtlesim/srv/detail/spawn__type_support.c
[13.246s] -- Up-to-date: /home/wyatt/ros2_ws/install/turtlesim/include/turtlesim/turtlesim/action
[13.246s] -- Up-to-date: /home/wyatt/ros2_ws/install/turtlesim/include/turtlesim/turtlesim/action/detail
[13.246s] -- Up-to-date: /home/wyatt/ros2_ws/install/turtlesim/include/turtlesim/turtlesim/action/detail/rotate_absolute__type_support.c
[13.246s] -- Up-to-date: /home/wyatt/ros2_ws/install/turtlesim/include/turtlesim/turtlesim/action/detail/rotate_absolute__rosidl_typesupport_introspection_c.h
[13.246s] -- Up-to-date: /home/wyatt/ros2_ws/install/turtlesim/include/turtlesim/turtlesim/msg
[13.246s] -- Up-to-date: /home/wyatt/ros2_ws/install/turtlesim/include/turtlesim/turtlesim/msg/detail
[13.246s] -- Up-to-date: /home/wyatt/ros2_ws/install/turtlesim/include/turtlesim/turtlesim/msg/detail/pose__rosidl_typesupport_introspection_c.h
[13.246s] -- Up-to-date: /home/wyatt/ros2_ws/install/turtlesim/include/turtlesim/turtlesim/msg/detail/color__type_support.c
[13.246s] -- Up-to-date: /home/wyatt/ros2_ws/install/turtlesim/include/turtlesim/turtlesim/msg/detail/color__rosidl_typesupport_introspection_c.h
[13.246s] -- Up-to-date: /home/wyatt/ros2_ws/install/turtlesim/include/turtlesim/turtlesim/msg/detail/pose__type_support.c
[13.246s] -- Up-to-date: /home/wyatt/ros2_ws/install/turtlesim/include/turtlesim/turtlesim/msg/rosidl_typesupport_introspection_c__visibility_control.h
[13.246s] -- Up-to-date: /home/wyatt/ros2_ws/install/turtlesim/lib/libturtlesim__rosidl_typesupport_introspection_c.so
[13.246s] -- Up-to-date: /home/wyatt/ros2_ws/install/turtlesim/lib/libturtlesim__rosidl_typesupport_c.so
[13.246s] -- Up-to-date: /home/wyatt/ros2_ws/install/turtlesim/include/turtlesim/turtlesim
[13.246s] -- Up-to-date: /home/wyatt/ros2_ws/install/turtlesim/include/turtlesim/turtlesim/srv
[13.246s] -- Up-to-date: /home/wyatt/ros2_ws/install/turtlesim/include/turtlesim/turtlesim/srv/detail
[13.246s] -- Up-to-date: /home/wyatt/ros2_ws/install/turtlesim/include/turtlesim/turtlesim/srv/detail/kill__type_support.cpp
[13.246s] -- Up-to-date: /home/wyatt/ros2_ws/install/turtlesim/include/turtlesim/turtlesim/srv/detail/kill__rosidl_typesupport_introspection_cpp.hpp
[13.246s] -- Up-to-date: /home/wyatt/ros2_ws/install/turtlesim/include/turtlesim/turtlesim/srv/detail/teleport_absolute__type_support.cpp
[13.246s] -- Up-to-date: /home/wyatt/ros2_ws/install/turtlesim/include/turtlesim/turtlesim/srv/detail/set_pen__type_support.cpp
[13.246s] -- Up-to-date: /home/wyatt/ros2_ws/install/turtlesim/include/turtlesim/turtlesim/srv/detail/teleport_relative__type_support.cpp
[13.246s] -- Up-to-date: /home/wyatt/ros2_ws/install/turtlesim/include/turtlesim/turtlesim/srv/detail/spawn__type_support.cpp
[13.246s] -- Up-to-date: /home/wyatt/ros2_ws/install/turtlesim/include/turtlesim/turtlesim/srv/detail/spawn__rosidl_typesupport_introspection_cpp.hpp
[13.247s] -- Up-to-date: /home/wyatt/ros2_ws/install/turtlesim/include/turtlesim/turtlesim/srv/detail/set_pen__rosidl_typesupport_introspection_cpp.hpp
[13.247s] -- Up-to-date: /home/wyatt/ros2_ws/install/turtlesim/include/turtlesim/turtlesim/srv/detail/teleport_relative__rosidl_typesupport_introspection_cpp.hpp
[13.247s] -- Up-to-date: /home/wyatt/ros2_ws/install/turtlesim/include/turtlesim/turtlesim/srv/detail/teleport_absolute__rosidl_typesupport_introspection_cpp.hpp
[13.247s] -- Up-to-date: /home/wyatt/ros2_ws/install/turtlesim/include/turtlesim/turtlesim/action
[13.247s] -- Up-to-date: /home/wyatt/ros2_ws/install/turtlesim/include/turtlesim/turtlesim/action/detail
[13.247s] -- Up-to-date: /home/wyatt/ros2_ws/install/turtlesim/include/turtlesim/turtlesim/action/detail/rotate_absolute__type_support.cpp
[13.247s] -- Up-to-date: /home/wyatt/ros2_ws/install/turtlesim/include/turtlesim/turtlesim/action/detail/rotate_absolute__rosidl_typesupport_introspection_cpp.hpp
[13.247s] -- Up-to-date: /home/wyatt/ros2_ws/install/turtlesim/include/turtlesim/turtlesim/msg
[13.247s] -- Up-to-date: /home/wyatt/ros2_ws/install/turtlesim/include/turtlesim/turtlesim/msg/detail
[13.247s] -- Up-to-date: /home/wyatt/ros2_ws/install/turtlesim/include/turtlesim/turtlesim/msg/detail/pose__type_support.cpp
[13.247s] -- Up-to-date: /home/wyatt/ros2_ws/install/turtlesim/include/turtlesim/turtlesim/msg/detail/color__rosidl_typesupport_introspection_cpp.hpp
[13.247s] -- Up-to-date: /home/wyatt/ros2_ws/install/turtlesim/include/turtlesim/turtlesim/msg/detail/pose__rosidl_typesupport_introspection_cpp.hpp
[13.247s] -- Up-to-date: /home/wyatt/ros2_ws/install/turtlesim/include/turtlesim/turtlesim/msg/detail/color__type_support.cpp
[13.247s] -- Up-to-date: /home/wyatt/ros2_ws/install/turtlesim/lib/libturtlesim__rosidl_typesupport_introspection_cpp.so
[13.247s] -- Up-to-date: /home/wyatt/ros2_ws/install/turtlesim/lib/libturtlesim__rosidl_typesupport_cpp.so
[13.247s] -- Up-to-date: /home/wyatt/ros2_ws/install/turtlesim/share/turtlesim/environment/pythonpath.sh
[13.247s] -- Up-to-date: /home/wyatt/ros2_ws/install/turtlesim/share/turtlesim/environment/pythonpath.dsv
[13.247s] -- Up-to-date: /home/wyatt/ros2_ws/install/turtlesim/local/lib/python3.10/dist-packages/turtlesim-1.4.2-py3.10.egg-info
[13.247s] -- Installing: /home/wyatt/ros2_ws/install/turtlesim/local/lib/python3.10/dist-packages/turtlesim-1.4.2-py3.10.egg-info/SOURCES.txt
[13.247s] -- Installing: /home/wyatt/ros2_ws/install/turtlesim/local/lib/python3.10/dist-packages/turtlesim-1.4.2-py3.10.egg-info/PKG-INFO
[13.247s] -- Installing: /home/wyatt/ros2_ws/install/turtlesim/local/lib/python3.10/dist-packages/turtlesim-1.4.2-py3.10.egg-info/dependency_links.txt
[13.247s] -- Installing: /home/wyatt/ros2_ws/install/turtlesim/local/lib/python3.10/dist-packages/turtlesim-1.4.2-py3.10.egg-info/top_level.txt
[13.248s] -- Up-to-date: /home/wyatt/ros2_ws/install/turtlesim/local/lib/python3.10/dist-packages/turtlesim
[13.248s] -- Up-to-date: /home/wyatt/ros2_ws/install/turtlesim/local/lib/python3.10/dist-packages/turtlesim/turtlesim_s__rosidl_typesupport_c.cpython-310-x86_64-linux-gnu.so
[13.248s] -- Up-to-date: /home/wyatt/ros2_ws/install/turtlesim/local/lib/python3.10/dist-packages/turtlesim/libturtlesim__rosidl_generator_py.so
[13.248s] -- Up-to-date: /home/wyatt/ros2_ws/install/turtlesim/local/lib/python3.10/dist-packages/turtlesim/_turtlesim_s.ep.rosidl_typesupport_c.c
[13.248s] -- Up-to-date: /home/wyatt/ros2_ws/install/turtlesim/local/lib/python3.10/dist-packages/turtlesim/srv
[13.248s] -- Up-to-date: /home/wyatt/ros2_ws/install/turtlesim/local/lib/python3.10/dist-packages/turtlesim/srv/_teleport_relative_s.c
[13.248s] -- Up-to-date: /home/wyatt/ros2_ws/install/turtlesim/local/lib/python3.10/dist-packages/turtlesim/srv/_set_pen.py
[13.248s] -- Up-to-date: /home/wyatt/ros2_ws/install/turtlesim/local/lib/python3.10/dist-packages/turtlesim/srv/_teleport_absolute_s.c
[13.248s] -- Up-to-date: /home/wyatt/ros2_ws/install/turtlesim/local/lib/python3.10/dist-packages/turtlesim/srv/_teleport_relative.py
[13.248s] -- Up-to-date: /home/wyatt/ros2_ws/install/turtlesim/local/lib/python3.10/dist-packages/turtlesim/srv/_set_pen_s.c
[13.248s] -- Up-to-date: /home/wyatt/ros2_ws/install/turtlesim/local/lib/python3.10/dist-packages/turtlesim/srv/_kill.py
[13.248s] -- Up-to-date: /home/wyatt/ros2_ws/install/turtlesim/local/lib/python3.10/dist-packages/turtlesim/srv/_kill_s.c
[13.248s] -- Up-to-date: /home/wyatt/ros2_ws/install/turtlesim/local/lib/python3.10/dist-packages/turtlesim/srv/_spawn_s.c
[13.248s] -- Up-to-date: /home/wyatt/ros2_ws/install/turtlesim/local/lib/python3.10/dist-packages/turtlesim/srv/_teleport_absolute.py
[13.248s] -- Up-to-date: /home/wyatt/ros2_ws/install/turtlesim/local/lib/python3.10/dist-packages/turtlesim/srv/__init__.py
[13.248s] -- Up-to-date: /home/wyatt/ros2_ws/install/turtlesim/local/lib/python3.10/dist-packages/turtlesim/srv/_spawn.py
[13.248s] -- Up-to-date: /home/wyatt/ros2_ws/install/turtlesim/local/lib/python3.10/dist-packages/turtlesim/__init__.py
[13.248s] -- Up-to-date: /home/wyatt/ros2_ws/install/turtlesim/local/lib/python3.10/dist-packages/turtlesim/_turtlesim_s.ep.rosidl_typesupport_introspection_c.c
[13.248s] -- Up-to-date: /home/wyatt/ros2_ws/install/turtlesim/local/lib/python3.10/dist-packages/turtlesim/turtlesim_s__rosidl_typesupport_fastrtps_c.cpython-310-x86_64-linux-gnu.so
[13.248s] -- Up-to-date: /home/wyatt/ros2_ws/install/turtlesim/local/lib/python3.10/dist-packages/turtlesim/turtlesim_s__rosidl_typesupport_introspection_c.cpython-310-x86_64-linux-gnu.so
[13.249s] -- Up-to-date: /home/wyatt/ros2_ws/install/turtlesim/local/lib/python3.10/dist-packages/turtlesim/_turtlesim_s.ep.rosidl_typesupport_fastrtps_c.c
[13.249s] -- Up-to-date: /home/wyatt/ros2_ws/install/turtlesim/local/lib/python3.10/dist-packages/turtlesim/action
[13.249s] -- Up-to-date: /home/wyatt/ros2_ws/install/turtlesim/local/lib/python3.10/dist-packages/turtlesim/action/_rotate_absolute_s.c
[13.249s] -- Up-to-date: /home/wyatt/ros2_ws/install/turtlesim/local/lib/python3.10/dist-packages/turtlesim/action/_rotate_absolute.py
[13.249s] -- Up-to-date: /home/wyatt/ros2_ws/install/turtlesim/local/lib/python3.10/dist-packages/turtlesim/action/__init__.py
[13.249s] -- Up-to-date: /home/wyatt/ros2_ws/install/turtlesim/local/lib/python3.10/dist-packages/turtlesim/msg
[13.249s] -- Up-to-date: /home/wyatt/ros2_ws/install/turtlesim/local/lib/python3.10/dist-packages/turtlesim/msg/_pose.py
[13.249s] -- Up-to-date: /home/wyatt/ros2_ws/install/turtlesim/local/lib/python3.10/dist-packages/turtlesim/msg/_pose_s.c
[13.249s] -- Up-to-date: /home/wyatt/ros2_ws/install/turtlesim/local/lib/python3.10/dist-packages/turtlesim/msg/_color_s.c
[13.249s] -- Up-to-date: /home/wyatt/ros2_ws/install/turtlesim/local/lib/python3.10/dist-packages/turtlesim/msg/_color.py
[13.249s] -- Up-to-date: /home/wyatt/ros2_ws/install/turtlesim/local/lib/python3.10/dist-packages/turtlesim/msg/__init__.py
[13.270s] Listing '/home/wyatt/ros2_ws/install/turtlesim/local/lib/python3.10/dist-packages/turtlesim'...
[13.270s] Listing '/home/wyatt/ros2_ws/install/turtlesim/local/lib/python3.10/dist-packages/turtlesim/action'...
[13.270s] Listing '/home/wyatt/ros2_ws/install/turtlesim/local/lib/python3.10/dist-packages/turtlesim/msg'...
[13.270s] Listing '/home/wyatt/ros2_ws/install/turtlesim/local/lib/python3.10/dist-packages/turtlesim/srv'...
[13.273s] -- Up-to-date: /home/wyatt/ros2_ws/install/turtlesim/local/lib/python3.10/dist-packages/turtlesim/turtlesim_s__rosidl_typesupport_fastrtps_c.cpython-310-x86_64-linux-gnu.so
[13.273s] -- Up-to-date: /home/wyatt/ros2_ws/install/turtlesim/local/lib/python3.10/dist-packages/turtlesim/turtlesim_s__rosidl_typesupport_introspection_c.cpython-310-x86_64-linux-gnu.so
[13.274s] -- Up-to-date: /home/wyatt/ros2_ws/install/turtlesim/local/lib/python3.10/dist-packages/turtlesim/turtlesim_s__rosidl_typesupport_c.cpython-310-x86_64-linux-gnu.so
[13.274s] -- Up-to-date: /home/wyatt/ros2_ws/install/turtlesim/lib/libturtlesim__rosidl_generator_py.so
[13.274s] -- Up-to-date: /home/wyatt/ros2_ws/install/turtlesim/share/turtlesim/action/RotateAbsolute.idl
[13.274s] -- Up-to-date: /home/wyatt/ros2_ws/install/turtlesim/share/turtlesim/msg/Color.idl
[13.275s] -- Up-to-date: /home/wyatt/ros2_ws/install/turtlesim/share/turtlesim/msg/Pose.idl
[13.275s] -- Up-to-date: /home/wyatt/ros2_ws/install/turtlesim/share/turtlesim/srv/Kill.idl
[13.275s] -- Up-to-date: /home/wyatt/ros2_ws/install/turtlesim/share/turtlesim/srv/SetPen.idl
[13.275s] -- Up-to-date: /home/wyatt/ros2_ws/install/turtlesim/share/turtlesim/srv/Spawn.idl
[13.275s] -- Up-to-date: /home/wyatt/ros2_ws/install/turtlesim/share/turtlesim/srv/TeleportAbsolute.idl
[13.275s] -- Up-to-date: /home/wyatt/ros2_ws/install/turtlesim/share/turtlesim/srv/TeleportRelative.idl
[13.275s] -- Up-to-date: /home/wyatt/ros2_ws/install/turtlesim/share/turtlesim/action/RotateAbsolute.action
[13.276s] -- Up-to-date: /home/wyatt/ros2_ws/install/turtlesim/share/turtlesim/msg/Color.msg
[13.276s] -- Up-to-date: /home/wyatt/ros2_ws/install/turtlesim/share/turtlesim/msg/Pose.msg
[13.276s] -- Up-to-date: /home/wyatt/ros2_ws/install/turtlesim/share/turtlesim/srv/Kill.srv
[13.276s] -- Up-to-date: /home/wyatt/ros2_ws/install/turtlesim/share/turtlesim/srv/Kill_Request.msg
[13.276s] -- Up-to-date: /home/wyatt/ros2_ws/install/turtlesim/share/turtlesim/srv/Kill_Response.msg
[13.276s] -- Up-to-date: /home/wyatt/ros2_ws/install/turtlesim/share/turtlesim/srv/SetPen.srv
[13.276s] -- Up-to-date: /home/wyatt/ros2_ws/install/turtlesim/share/turtlesim/srv/SetPen_Request.msg
[13.276s] -- Up-to-date: /home/wyatt/ros2_ws/install/turtlesim/share/turtlesim/srv/SetPen_Response.msg
[13.276s] -- Up-to-date: /home/wyatt/ros2_ws/install/turtlesim/share/turtlesim/srv/Spawn.srv
[13.277s] -- Up-to-date: /home/wyatt/ros2_ws/install/turtlesim/share/turtlesim/srv/Spawn_Request.msg
[13.277s] -- Up-to-date: /home/wyatt/ros2_ws/install/turtlesim/share/turtlesim/srv/Spawn_Response.msg
[13.277s] -- Up-to-date: /home/wyatt/ros2_ws/install/turtlesim/share/turtlesim/srv/TeleportAbsolute.srv
[13.277s] -- Up-to-date: /home/wyatt/ros2_ws/install/turtlesim/share/turtlesim/srv/TeleportAbsolute_Request.msg
[13.277s] -- Up-to-date: /home/wyatt/ros2_ws/install/turtlesim/share/turtlesim/srv/TeleportAbsolute_Response.msg
[13.277s] -- Up-to-date: /home/wyatt/ros2_ws/install/turtlesim/share/turtlesim/srv/TeleportRelative.srv
[13.277s] -- Up-to-date: /home/wyatt/ros2_ws/install/turtlesim/share/turtlesim/srv/TeleportRelative_Request.msg
[13.277s] -- Up-to-date: /home/wyatt/ros2_ws/install/turtlesim/share/turtlesim/srv/TeleportRelative_Response.msg
[13.278s] -- Installing: /home/wyatt/ros2_ws/install/turtlesim/lib/turtlesim/turtlesim_node
[13.284s] -- Set runtime path of "/home/wyatt/ros2_ws/install/turtlesim/lib/turtlesim/turtlesim_node" to ""
[13.284s] -- Up-to-date: /home/wyatt/ros2_ws/install/turtlesim/lib/turtlesim/turtle_teleop_key
[13.285s] -- Up-to-date: /home/wyatt/ros2_ws/install/turtlesim/lib/turtlesim/draw_square
[13.285s] -- Up-to-date: /home/wyatt/ros2_ws/install/turtlesim/lib/turtlesim/mimic
[13.285s] -- Up-to-date: /home/wyatt/ros2_ws/install/turtlesim/share/turtlesim/images
[13.285s] -- Up-to-date: /home/wyatt/ros2_ws/install/turtlesim/share/turtlesim/images/foxy.png
[13.286s] -- Up-to-date: /home/wyatt/ros2_ws/install/turtlesim/share/turtlesim/images/galactic.png
[13.286s] -- Up-to-date: /home/wyatt/ros2_ws/install/turtlesim/share/turtlesim/images/humble.png
[13.286s] -- Up-to-date: /home/wyatt/ros2_ws/install/turtlesim/share/turtlesim/images/dashing.png
[13.286s] -- Up-to-date: /home/wyatt/ros2_ws/install/turtlesim/share/turtlesim/images/crystal.png
[13.286s] -- Up-to-date: /home/wyatt/ros2_ws/install/turtlesim/share/turtlesim/images/bouncy.png
[13.286s] -- Up-to-date: /home/wyatt/ros2_ws/install/turtlesim/share/turtlesim/images/rolling.png
[13.286s] -- Up-to-date: /home/wyatt/ros2_ws/install/turtlesim/share/turtlesim/images/eloquent.png
[13.286s] -- Up-to-date: /home/wyatt/ros2_ws/install/turtlesim/share/turtlesim/images/ardent.png
[13.287s] -- Up-to-date: /home/wyatt/ros2_ws/install/turtlesim/share/turtlesim/launch
[13.287s] -- Up-to-date: /home/wyatt/ros2_ws/install/turtlesim/share/turtlesim/launch/multisim.launch.py
[13.287s] -- Up-to-date: /home/wyatt/ros2_ws/install/turtlesim/share/ament_index/resource_index/package_run_dependencies/turtlesim
[13.287s] -- Up-to-date: /home/wyatt/ros2_ws/install/turtlesim/share/ament_index/resource_index/parent_prefix_path/turtlesim
[13.287s] -- Up-to-date: /home/wyatt/ros2_ws/install/turtlesim/share/turtlesim/environment/ament_prefix_path.sh
[13.287s] -- Up-to-date: /home/wyatt/ros2_ws/install/turtlesim/share/turtlesim/environment/ament_prefix_path.dsv
[13.287s] -- Up-to-date: /home/wyatt/ros2_ws/install/turtlesim/share/turtlesim/environment/path.sh
[13.288s] -- Up-to-date: /home/wyatt/ros2_ws/install/turtlesim/share/turtlesim/environment/path.dsv
[13.288s] -- Up-to-date: /home/wyatt/ros2_ws/install/turtlesim/share/turtlesim/local_setup.bash
[13.288s] -- Up-to-date: /home/wyatt/ros2_ws/install/turtlesim/share/turtlesim/local_setup.sh
[13.288s] -- Up-to-date: /home/wyatt/ros2_ws/install/turtlesim/share/turtlesim/local_setup.zsh
[13.288s] -- Up-to-date: /home/wyatt/ros2_ws/install/turtlesim/share/turtlesim/local_setup.dsv
[13.288s] -- Installing: /home/wyatt/ros2_ws/install/turtlesim/share/turtlesim/package.dsv
[13.288s] -- Up-to-date: /home/wyatt/ros2_ws/install/turtlesim/share/ament_index/resource_index/packages/turtlesim
[13.289s] -- Up-to-date: /home/wyatt/ros2_ws/install/turtlesim/share/turtlesim/cmake/export_turtlesim__rosidl_generator_cExport.cmake
[13.289s] -- Up-to-date: /home/wyatt/ros2_ws/install/turtlesim/share/turtlesim/cmake/export_turtlesim__rosidl_generator_cExport-noconfig.cmake
[13.289s] -- Up-to-date: /home/wyatt/ros2_ws/install/turtlesim/share/turtlesim/cmake/export_turtlesim__rosidl_typesupport_fastrtps_cExport.cmake
[13.289s] -- Up-to-date: /home/wyatt/ros2_ws/install/turtlesim/share/turtlesim/cmake/export_turtlesim__rosidl_typesupport_fastrtps_cExport-noconfig.cmake
[13.289s] -- Up-to-date: /home/wyatt/ros2_ws/install/turtlesim/share/turtlesim/cmake/export_turtlesim__rosidl_generator_cppExport.cmake
[13.289s] -- Up-to-date: /home/wyatt/ros2_ws/install/turtlesim/share/turtlesim/cmake/export_turtlesim__rosidl_typesupport_fastrtps_cppExport.cmake
[13.289s] -- Up-to-date: /home/wyatt/ros2_ws/install/turtlesim/share/turtlesim/cmake/export_turtlesim__rosidl_typesupport_fastrtps_cppExport-noconfig.cmake
[13.289s] -- Up-to-date: /home/wyatt/ros2_ws/install/turtlesim/share/turtlesim/cmake/turtlesim__rosidl_typesupport_introspection_cExport.cmake
[13.289s] -- Up-to-date: /home/wyatt/ros2_ws/install/turtlesim/share/turtlesim/cmake/turtlesim__rosidl_typesupport_introspection_cExport-noconfig.cmake
[13.289s] -- Up-to-date: /home/wyatt/ros2_ws/install/turtlesim/share/turtlesim/cmake/turtlesim__rosidl_typesupport_cExport.cmake
[13.290s] -- Up-to-date: /home/wyatt/ros2_ws/install/turtlesim/share/turtlesim/cmake/turtlesim__rosidl_typesupport_cExport-noconfig.cmake
[13.290s] -- Up-to-date: /home/wyatt/ros2_ws/install/turtlesim/share/turtlesim/cmake/turtlesim__rosidl_typesupport_introspection_cppExport.cmake
[13.290s] -- Up-to-date: /home/wyatt/ros2_ws/install/turtlesim/share/turtlesim/cmake/turtlesim__rosidl_typesupport_introspection_cppExport-noconfig.cmake
[13.290s] -- Up-to-date: /home/wyatt/ros2_ws/install/turtlesim/share/turtlesim/cmake/turtlesim__rosidl_typesupport_cppExport.cmake
[13.290s] -- Up-to-date: /home/wyatt/ros2_ws/install/turtlesim/share/turtlesim/cmake/turtlesim__rosidl_typesupport_cppExport-noconfig.cmake
[13.290s] -- Up-to-date: /home/wyatt/ros2_ws/install/turtlesim/share/turtlesim/cmake/export_turtlesim__rosidl_generator_pyExport.cmake
[13.290s] -- Up-to-date: /home/wyatt/ros2_ws/install/turtlesim/share/turtlesim/cmake/export_turtlesim__rosidl_generator_pyExport-noconfig.cmake
[13.290s] -- Up-to-date: /home/wyatt/ros2_ws/install/turtlesim/share/turtlesim/cmake/rosidl_cmake-extras.cmake
[13.290s] -- Up-to-date: /home/wyatt/ros2_ws/install/turtlesim/share/turtlesim/cmake/ament_cmake_export_dependencies-extras.cmake
[13.290s] -- Up-to-date: /home/wyatt/ros2_ws/install/turtlesim/share/turtlesim/cmake/ament_cmake_export_include_directories-extras.cmake
[13.290s] -- Up-to-date: /home/wyatt/ros2_ws/install/turtlesim/share/turtlesim/cmake/ament_cmake_export_libraries-extras.cmake
[13.291s] -- Up-to-date: /home/wyatt/ros2_ws/install/turtlesim/share/turtlesim/cmake/ament_cmake_export_targets-extras.cmake
[13.291s] -- Up-to-date: /home/wyatt/ros2_ws/install/turtlesim/share/turtlesim/cmake/rosidl_cmake_export_typesupport_targets-extras.cmake
[13.291s] -- Up-to-date: /home/wyatt/ros2_ws/install/turtlesim/share/turtlesim/cmake/rosidl_cmake_export_typesupport_libraries-extras.cmake
[13.291s] -- Up-to-date: /home/wyatt/ros2_ws/install/turtlesim/share/turtlesim/cmake/turtlesimConfig.cmake
[13.291s] -- Up-to-date: /home/wyatt/ros2_ws/install/turtlesim/share/turtlesim/cmake/turtlesimConfig-version.cmake
[13.291s] -- Up-to-date: /home/wyatt/ros2_ws/install/turtlesim/share/turtlesim/package.xml
[13.291s] Invoked command in '/home/wyatt/ros2_ws/build/turtlesim' returned '0': CMAKE_PREFIX_PATH=${CMAKE_PREFIX_PATH}:/home/wyatt/ros2_ws/install/launch_testing_examples:/home/wyatt/ros2_ws/install/examples_rclpy_pointcloud_publisher:/home/wyatt/ros2_ws/install/examples_rclpy_minimal_subscriber:/home/wyatt/ros2_ws/install/examples_rclpy_minimal_service:/home/wyatt/ros2_ws/install/examples_rclpy_minimal_publisher:/home/wyatt/ros2_ws/install/examples_rclpy_minimal_client:/home/wyatt/ros2_ws/install/examples_rclpy_minimal_action_server:/home/wyatt/ros2_ws/install/examples_rclpy_minimal_action_client:/home/wyatt/ros2_ws/install/examples_rclpy_guard_conditions:/home/wyatt/ros2_ws/install/examples_rclpy_executors:/opt/ros/humble /usr/bin/cmake --install /home/wyatt/ros2_ws/build/turtlesim
