[0.186s] Invoking command in '/home/wyatt/ros2_ws/build/examples_rclcpp_minimal_timer': CMAKE_PREFIX_PATH=${CMAKE_PREFIX_PATH}:/home/wyatt/ros2_ws/install/launch_testing_examples:/home/wyatt/ros2_ws/install/examples_rclpy_pointcloud_publisher:/home/wyatt/ros2_ws/install/examples_rclpy_minimal_subscriber:/home/wyatt/ros2_ws/install/examples_rclpy_minimal_service:/home/wyatt/ros2_ws/install/examples_rclpy_minimal_publisher:/home/wyatt/ros2_ws/install/examples_rclpy_minimal_client:/home/wyatt/ros2_ws/install/examples_rclpy_minimal_action_server:/home/wyatt/ros2_ws/install/examples_rclpy_minimal_action_client:/home/wyatt/ros2_ws/install/examples_rclpy_guard_conditions:/home/wyatt/ros2_ws/install/examples_rclpy_executors:/opt/ros/humble /usr/bin/cmake --build /home/wyatt/ros2_ws/build/examples_rclcpp_minimal_timer -- -j12 -l12
[0.300s] [ 50%] Built target timer_member_function
[0.307s] [100%] Built target timer_lambda
[0.339s] Invoked command in '/home/wyatt/ros2_ws/build/examples_rclcpp_minimal_timer' returned '0': CMAKE_PREFIX_PATH=${CMAKE_PREFIX_PATH}:/home/wyatt/ros2_ws/install/launch_testing_examples:/home/wyatt/ros2_ws/install/examples_rclpy_pointcloud_publisher:/home/wyatt/ros2_ws/install/examples_rclpy_minimal_subscriber:/home/wyatt/ros2_ws/install/examples_rclpy_minimal_service:/home/wyatt/ros2_ws/install/examples_rclpy_minimal_publisher:/home/wyatt/ros2_ws/install/examples_rclpy_minimal_client:/home/wyatt/ros2_ws/install/examples_rclpy_minimal_action_server:/home/wyatt/ros2_ws/install/examples_rclpy_minimal_action_client:/home/wyatt/ros2_ws/install/examples_rclpy_guard_conditions:/home/wyatt/ros2_ws/install/examples_rclpy_executors:/opt/ros/humble /usr/bin/cmake --build /home/wyatt/ros2_ws/build/examples_rclcpp_minimal_timer -- -j12 -l12
[0.415s] Invoking command in '/home/wyatt/ros2_ws/build/examples_rclcpp_minimal_timer': CMAKE_PREFIX_PATH=${CMAKE_PREFIX_PATH}:/home/wyatt/ros2_ws/install/launch_testing_examples:/home/wyatt/ros2_ws/install/examples_rclpy_pointcloud_publisher:/home/wyatt/ros2_ws/install/examples_rclpy_minimal_subscriber:/home/wyatt/ros2_ws/install/examples_rclpy_minimal_service:/home/wyatt/ros2_ws/install/examples_rclpy_minimal_publisher:/home/wyatt/ros2_ws/install/examples_rclpy_minimal_client:/home/wyatt/ros2_ws/install/examples_rclpy_minimal_action_server:/home/wyatt/ros2_ws/install/examples_rclpy_minimal_action_client:/home/wyatt/ros2_ws/install/examples_rclpy_guard_conditions:/home/wyatt/ros2_ws/install/examples_rclpy_executors:/opt/ros/humble /usr/bin/cmake --install /home/wyatt/ros2_ws/build/examples_rclcpp_minimal_timer
[0.424s] -- Install configuration: ""
[0.425s] -- Execute custom install script
[0.425s] -- Up-to-date symlink: /home/wyatt/ros2_ws/install/examples_rclcpp_minimal_timer/lib/examples_rclcpp_minimal_timer/timer_lambda
[0.425s] -- Up-to-date symlink: /home/wyatt/ros2_ws/install/examples_rclcpp_minimal_timer/lib/examples_rclcpp_minimal_timer/timer_member_function
[0.426s] -- Up-to-date symlink: /home/wyatt/ros2_ws/install/examples_rclcpp_minimal_timer/share/ament_index/resource_index/package_run_dependencies/examples_rclcpp_minimal_timer
[0.426s] -- Up-to-date symlink: /home/wyatt/ros2_ws/install/examples_rclcpp_minimal_timer/share/ament_index/resource_index/parent_prefix_path/examples_rclcpp_minimal_timer
[0.426s] -- Up-to-date symlink: /home/wyatt/ros2_ws/install/examples_rclcpp_minimal_timer/share/examples_rclcpp_minimal_timer/environment/ament_prefix_path.sh
[0.426s] -- Up-to-date symlink: /home/wyatt/ros2_ws/install/examples_rclcpp_minimal_timer/share/examples_rclcpp_minimal_timer/environment/ament_prefix_path.dsv
[0.426s] -- Up-to-date symlink: /home/wyatt/ros2_ws/install/examples_rclcpp_minimal_timer/share/examples_rclcpp_minimal_timer/environment/path.sh
[0.427s] -- Up-to-date symlink: /home/wyatt/ros2_ws/install/examples_rclcpp_minimal_timer/share/examples_rclcpp_minimal_timer/environment/path.dsv
[0.427s] -- Up-to-date symlink: /home/wyatt/ros2_ws/install/examples_rclcpp_minimal_timer/share/examples_rclcpp_minimal_timer/local_setup.bash
[0.427s] -- Up-to-date symlink: /home/wyatt/ros2_ws/install/examples_rclcpp_minimal_timer/share/examples_rclcpp_minimal_timer/local_setup.sh
[0.427s] -- Up-to-date symlink: /home/wyatt/ros2_ws/install/examples_rclcpp_minimal_timer/share/examples_rclcpp_minimal_timer/local_setup.zsh
[0.427s] -- Up-to-date symlink: /home/wyatt/ros2_ws/install/examples_rclcpp_minimal_timer/share/examples_rclcpp_minimal_timer/local_setup.dsv
[0.427s] -- Symlinking: /home/wyatt/ros2_ws/install/examples_rclcpp_minimal_timer/share/examples_rclcpp_minimal_timer/package.dsv
[0.428s] -- Up-to-date symlink: /home/wyatt/ros2_ws/install/examples_rclcpp_minimal_timer/share/ament_index/resource_index/packages/examples_rclcpp_minimal_timer
[0.429s] -- Up-to-date symlink: /home/wyatt/ros2_ws/install/examples_rclcpp_minimal_timer/share/examples_rclcpp_minimal_timer/cmake/examples_rclcpp_minimal_timerConfig.cmake
[0.429s] -- Up-to-date symlink: /home/wyatt/ros2_ws/install/examples_rclcpp_minimal_timer/share/examples_rclcpp_minimal_timer/cmake/examples_rclcpp_minimal_timerConfig-version.cmake
[0.429s] -- Up-to-date symlink: /home/wyatt/ros2_ws/install/examples_rclcpp_minimal_timer/share/examples_rclcpp_minimal_timer/package.xml
[0.611s] Invoked command in '/home/wyatt/ros2_ws/build/examples_rclcpp_minimal_timer' returned '0': CMAKE_PREFIX_PATH=${CMAKE_PREFIX_PATH}:/home/wyatt/ros2_ws/install/launch_testing_examples:/home/wyatt/ros2_ws/install/examples_rclpy_pointcloud_publisher:/home/wyatt/ros2_ws/install/examples_rclpy_minimal_subscriber:/home/wyatt/ros2_ws/install/examples_rclpy_minimal_service:/home/wyatt/ros2_ws/install/examples_rclpy_minimal_publisher:/home/wyatt/ros2_ws/install/examples_rclpy_minimal_client:/home/wyatt/ros2_ws/install/examples_rclpy_minimal_action_server:/home/wyatt/ros2_ws/install/examples_rclpy_minimal_action_client:/home/wyatt/ros2_ws/install/examples_rclpy_guard_conditions:/home/wyatt/ros2_ws/install/examples_rclpy_executors:/opt/ros/humble /usr/bin/cmake --install /home/wyatt/ros2_ws/build/examples_rclcpp_minimal_timer
