[0.594s] Invoking command in '/home/wyatt/ros2_ws/src/py_srvcli': PYTHONPATH=/home/wyatt/ros2_ws/build/py_srvcli/prefix_override:/home/wyatt/ros2_ws/install/py_srvcli/lib/python3.10/site-packages:${PYTHONPATH} /usr/bin/python3 setup.py egg_info --egg-base ../../build/py_srvcli build --build-base /home/wyatt/ros2_ws/build/py_srvcli/build install --record /home/wyatt/ros2_ws/build/py_srvcli/install.log --single-version-externally-managed
[0.795s] running egg_info
[0.796s] creating ../../build/py_srvcli/py_srvcli.egg-info
[0.796s] writing ../../build/py_srvcli/py_srvcli.egg-info/PKG-INFO
[0.796s] writing dependency_links to ../../build/py_srvcli/py_srvcli.egg-info/dependency_links.txt
[0.796s] writing entry points to ../../build/py_srvcli/py_srvcli.egg-info/entry_points.txt
[0.796s] writing requirements to ../../build/py_srvcli/py_srvcli.egg-info/requires.txt
[0.797s] writing top-level names to ../../build/py_srvcli/py_srvcli.egg-info/top_level.txt
[0.797s] writing manifest file '../../build/py_srvcli/py_srvcli.egg-info/SOURCES.txt'
[0.798s] reading manifest file '../../build/py_srvcli/py_srvcli.egg-info/SOURCES.txt'
[0.798s] writing manifest file '../../build/py_srvcli/py_srvcli.egg-info/SOURCES.txt'
[0.798s] running build
[0.798s] running build_py
[0.798s] creating /home/wyatt/ros2_ws/build/py_srvcli/build
[0.799s] creating /home/wyatt/ros2_ws/build/py_srvcli/build/lib
[0.799s] creating /home/wyatt/ros2_ws/build/py_srvcli/build/lib/py_srvcli
[0.799s] copying py_srvcli/service_member_function.py -> /home/wyatt/ros2_ws/build/py_srvcli/build/lib/py_srvcli
[0.799s] copying py_srvcli/__init__.py -> /home/wyatt/ros2_ws/build/py_srvcli/build/lib/py_srvcli
[0.799s] copying py_srvcli/client_member_function.py -> /home/wyatt/ros2_ws/build/py_srvcli/build/lib/py_srvcli
[0.799s] running install
[0.799s] running install_lib
[0.799s] creating /home/wyatt/ros2_ws/install/py_srvcli/lib/python3.10/site-packages/py_srvcli
[0.800s] copying /home/wyatt/ros2_ws/build/py_srvcli/build/lib/py_srvcli/service_member_function.py -> /home/wyatt/ros2_ws/install/py_srvcli/lib/python3.10/site-packages/py_srvcli
[0.800s] copying /home/wyatt/ros2_ws/build/py_srvcli/build/lib/py_srvcli/__init__.py -> /home/wyatt/ros2_ws/install/py_srvcli/lib/python3.10/site-packages/py_srvcli
[0.800s] copying /home/wyatt/ros2_ws/build/py_srvcli/build/lib/py_srvcli/client_member_function.py -> /home/wyatt/ros2_ws/install/py_srvcli/lib/python3.10/site-packages/py_srvcli
[0.800s] byte-compiling /home/wyatt/ros2_ws/install/py_srvcli/lib/python3.10/site-packages/py_srvcli/service_member_function.py to service_member_function.cpython-310.pyc
[0.800s] byte-compiling /home/wyatt/ros2_ws/install/py_srvcli/lib/python3.10/site-packages/py_srvcli/__init__.py to __init__.cpython-310.pyc
[0.801s] byte-compiling /home/wyatt/ros2_ws/install/py_srvcli/lib/python3.10/site-packages/py_srvcli/client_member_function.py to client_member_function.cpython-310.pyc
[0.801s]   File "/home/wyatt/ros2_ws/install/py_srvcli/lib/python3.10/site-packages/py_srvcli/client_member_function.py", line 48
[0.801s]     if __name__ = '__main__':
[0.801s]        ^^^^^^^^^^^^^^^^^^^^^
[0.801s] SyntaxError: invalid syntax. Maybe you meant '==' or ':=' instead of '='?
[0.801s] 
[0.801s] running install_data
[0.801s] creating /home/wyatt/ros2_ws/install/py_srvcli/share/ament_index
[0.802s] creating /home/wyatt/ros2_ws/install/py_srvcli/share/ament_index/resource_index
[0.802s] creating /home/wyatt/ros2_ws/install/py_srvcli/share/ament_index/resource_index/packages
[0.802s] copying resource/py_srvcli -> /home/wyatt/ros2_ws/install/py_srvcli/share/ament_index/resource_index/packages
[0.802s] copying package.xml -> /home/wyatt/ros2_ws/install/py_srvcli/share/py_srvcli
[0.802s] running install_egg_info
[0.803s] Copying ../../build/py_srvcli/py_srvcli.egg-info to /home/wyatt/ros2_ws/install/py_srvcli/lib/python3.10/site-packages/py_srvcli-0.0.0-py3.10.egg-info
[0.803s] running install_scripts
[0.818s] Installing client script to /home/wyatt/ros2_ws/install/py_srvcli/lib/py_srvcli
[0.818s] Installing service script to /home/wyatt/ros2_ws/install/py_srvcli/lib/py_srvcli
[0.818s] writing list of installed files to '/home/wyatt/ros2_ws/build/py_srvcli/install.log'
[0.834s] Invoked command in '/home/wyatt/ros2_ws/src/py_srvcli' returned '0': PYTHONPATH=/home/wyatt/ros2_ws/build/py_srvcli/prefix_override:/home/wyatt/ros2_ws/install/py_srvcli/lib/python3.10/site-packages:${PYTHONPATH} /usr/bin/python3 setup.py egg_info --egg-base ../../build/py_srvcli build --build-base /home/wyatt/ros2_ws/build/py_srvcli/build install --record /home/wyatt/ros2_ws/build/py_srvcli/install.log --single-version-externally-managed
