[3.703s] Invoking command in '/home/wyatt/ros2_ws/src/examples/rclpy/services/minimal_service': PYTHONPATH=/home/wyatt/ros2_ws/build/examples_rclpy_minimal_service/prefix_override:/home/wyatt/ros2_ws/install/examples_rclpy_minimal_service/lib/python3.10/site-packages:${PYTHONPATH} /usr/bin/python3 setup.py egg_info --egg-base ../../../../../build/examples_rclpy_minimal_service build --build-base /home/wyatt/ros2_ws/build/examples_rclpy_minimal_service/build install --record /home/wyatt/ros2_ws/build/examples_rclpy_minimal_service/install.log --single-version-externally-managed
[4.064s] running egg_info
[4.065s] writing ../../../../../build/examples_rclpy_minimal_service/examples_rclpy_minimal_service.egg-info/PKG-INFO
[4.066s] writing dependency_links to ../../../../../build/examples_rclpy_minimal_service/examples_rclpy_minimal_service.egg-info/dependency_links.txt
[4.066s] writing entry points to ../../../../../build/examples_rclpy_minimal_service/examples_rclpy_minimal_service.egg-info/entry_points.txt
[4.066s] writing requirements to ../../../../../build/examples_rclpy_minimal_service/examples_rclpy_minimal_service.egg-info/requires.txt
[4.066s] writing top-level names to ../../../../../build/examples_rclpy_minimal_service/examples_rclpy_minimal_service.egg-info/top_level.txt
[4.069s] reading manifest file '../../../../../build/examples_rclpy_minimal_service/examples_rclpy_minimal_service.egg-info/SOURCES.txt'
[4.070s] writing manifest file '../../../../../build/examples_rclpy_minimal_service/examples_rclpy_minimal_service.egg-info/SOURCES.txt'
[4.070s] running build
[4.070s] running build_py
[4.071s] running install
[4.071s] running install_lib
[4.072s] running install_data
[4.073s] running install_egg_info
[4.076s] removing '/home/wyatt/ros2_ws/install/examples_rclpy_minimal_service/lib/python3.10/site-packages/examples_rclpy_minimal_service-0.15.1-py3.10.egg-info' (and everything under it)
[4.076s] Copying ../../../../../build/examples_rclpy_minimal_service/examples_rclpy_minimal_service.egg-info to /home/wyatt/ros2_ws/install/examples_rclpy_minimal_service/lib/python3.10/site-packages/examples_rclpy_minimal_service-0.15.1-py3.10.egg-info
[4.079s] running install_scripts
[4.107s] Installing service script to /home/wyatt/ros2_ws/install/examples_rclpy_minimal_service/lib/examples_rclpy_minimal_service
[4.107s] Installing service_member_function script to /home/wyatt/ros2_ws/install/examples_rclpy_minimal_service/lib/examples_rclpy_minimal_service
[4.107s] writing list of installed files to '/home/wyatt/ros2_ws/build/examples_rclpy_minimal_service/install.log'
[4.220s] Invoked command in '/home/wyatt/ros2_ws/src/examples/rclpy/services/minimal_service' returned '0': PYTHONPATH=/home/wyatt/ros2_ws/build/examples_rclpy_minimal_service/prefix_override:/home/wyatt/ros2_ws/install/examples_rclpy_minimal_service/lib/python3.10/site-packages:${PYTHONPATH} /usr/bin/python3 setup.py egg_info --egg-base ../../../../../build/examples_rclpy_minimal_service build --build-base /home/wyatt/ros2_ws/build/examples_rclpy_minimal_service/build install --record /home/wyatt/ros2_ws/build/examples_rclpy_minimal_service/install.log --single-version-externally-managed
