[0.289s] Invoking command in '/home/wyatt/ros2_ws/build/examples_rclcpp_minimal_composition': CMAKE_PREFIX_PATH=/opt/ros/humble /usr/bin/cmake /home/wyatt/ros2_ws/src/examples/rclcpp/composition/minimal_composition -DCMAKE_INSTALL_PREFIX=/home/wyatt/ros2_ws/install/examples_rclcpp_minimal_composition
[0.350s] -- Found ament_cmake: 1.3.5 (/opt/ros/humble/share/ament_cmake/cmake)
[0.506s] -- Override CMake install command with custom implementation using symlinks instead of copying resources
[0.525s] -- Found rclcpp: 16.0.6 (/opt/ros/humble/share/rclcpp/cmake)
[0.568s] -- Found rosidl_generator_c: 3.1.5 (/opt/ros/humble/share/rosidl_generator_c/cmake)
[0.573s] -- Found rosidl_adapter: 3.1.5 (/opt/ros/humble/share/rosidl_adapter/cmake)
[0.584s] -- Found rosidl_generator_cpp: 3.1.5 (/opt/ros/humble/share/rosidl_generator_cpp/cmake)
[0.604s] -- Using all available rosidl_typesupport_c: rosidl_typesupport_fastrtps_c;rosidl_typesupport_introspection_c
[0.630s] -- Using all available rosidl_typesupport_cpp: rosidl_typesupport_fastrtps_cpp;rosidl_typesupport_introspection_cpp
[0.729s] -- Found rmw_implementation_cmake: 6.1.1 (/opt/ros/humble/share/rmw_implementation_cmake/cmake)
[0.732s] -- Found rmw_fastrtps_cpp: 6.2.4 (/opt/ros/humble/share/rmw_fastrtps_cpp/cmake)
[0.898s] -- Using RMW implementation 'rmw_fastrtps_cpp' as default
[1.169s] -- Found rclcpp_components: 16.0.6 (/opt/ros/humble/share/rclcpp_components/cmake)
[1.272s] -- Found ament_lint_auto: 0.12.8 (/opt/ros/humble/share/ament_lint_auto/cmake)
[1.376s] -- Added test 'copyright' to check source files copyright and LICENSE
[1.377s] -- Added test 'cppcheck' to perform static code analysis on C / C++ code
[1.378s] -- Configured cppcheck include dirs: /home/wyatt/ros2_ws/src/examples/rclcpp/composition/minimal_composition/include
[1.378s] -- Configured cppcheck exclude dirs and/or files: 
[1.379s] -- Added test 'cpplint' to check C / C++ code against the Google style
[1.380s] -- Configured cpplint exclude dirs and/or files: 
[1.380s] -- Added test 'lint_cmake' to check CMake code style
[1.382s] -- Added test 'uncrustify' to check C / C++ code style
[1.382s] -- Configured uncrustify additional arguments: 
[1.382s] -- Added test 'xmllint' to check XML markup files
[1.393s] -- Configuring done
[1.430s] -- Generating done
[1.433s] -- Build files have been written to: /home/wyatt/ros2_ws/build/examples_rclcpp_minimal_composition
[1.452s] Invoked command in '/home/wyatt/ros2_ws/build/examples_rclcpp_minimal_composition' returned '0': CMAKE_PREFIX_PATH=/opt/ros/humble /usr/bin/cmake /home/wyatt/ros2_ws/src/examples/rclcpp/composition/minimal_composition -DCMAKE_INSTALL_PREFIX=/home/wyatt/ros2_ws/install/examples_rclcpp_minimal_composition
[1.453s] Invoking command in '/home/wyatt/ros2_ws/build/examples_rclcpp_minimal_composition': CMAKE_PREFIX_PATH=/opt/ros/humble /usr/bin/cmake --build /home/wyatt/ros2_ws/build/examples_rclcpp_minimal_composition -- -j12 -l12
[1.506s] [35m[1mConsolidate compiler generated dependencies of target composition_nodes[0m
[1.532s] [ 33%] Built target composition_nodes
[1.550s] [35m[1mConsolidate compiler generated dependencies of target composition_publisher[0m
[1.552s] [35m[1mConsolidate compiler generated dependencies of target composition_subscriber[0m
[1.565s] [35m[1mConsolidate compiler generated dependencies of target composition_composed[0m
[1.577s] [ 55%] Built target composition_publisher
[1.587s] [ 77%] Built target composition_subscriber
[1.596s] [100%] Built target composition_composed
[1.660s] Invoked command in '/home/wyatt/ros2_ws/build/examples_rclcpp_minimal_composition' returned '0': CMAKE_PREFIX_PATH=/opt/ros/humble /usr/bin/cmake --build /home/wyatt/ros2_ws/build/examples_rclcpp_minimal_composition -- -j12 -l12
[1.873s] Invoking command in '/home/wyatt/ros2_ws/build/examples_rclcpp_minimal_composition': CMAKE_PREFIX_PATH=/opt/ros/humble /usr/bin/cmake --install /home/wyatt/ros2_ws/build/examples_rclcpp_minimal_composition
[1.988s] -- Install configuration: ""
[1.989s] -- Execute custom install script
[1.989s] -- Up-to-date symlink: /home/wyatt/ros2_ws/install/examples_rclcpp_minimal_composition/share/examples_rclcpp_minimal_composition/environment/library_path.sh
[1.989s] -- Up-to-date symlink: /home/wyatt/ros2_ws/install/examples_rclcpp_minimal_composition/share/examples_rclcpp_minimal_composition/environment/library_path.dsv
[1.989s] -- Up-to-date symlink: /home/wyatt/ros2_ws/install/examples_rclcpp_minimal_composition/lib/libcomposition_nodes.so
[1.989s] -- Up-to-date symlink: /home/wyatt/ros2_ws/install/examples_rclcpp_minimal_composition/lib/examples_rclcpp_minimal_composition/composition_publisher
[1.990s] -- Up-to-date symlink: /home/wyatt/ros2_ws/install/examples_rclcpp_minimal_composition/lib/examples_rclcpp_minimal_composition/composition_subscriber
[1.990s] -- Up-to-date symlink: /home/wyatt/ros2_ws/install/examples_rclcpp_minimal_composition/lib/examples_rclcpp_minimal_composition/composition_composed
[1.990s] -- Up-to-date symlink: /home/wyatt/ros2_ws/install/examples_rclcpp_minimal_composition/share/ament_index/resource_index/package_run_dependencies/examples_rclcpp_minimal_composition
[1.990s] -- Up-to-date symlink: /home/wyatt/ros2_ws/install/examples_rclcpp_minimal_composition/share/ament_index/resource_index/parent_prefix_path/examples_rclcpp_minimal_composition
[1.990s] -- Up-to-date symlink: /home/wyatt/ros2_ws/install/examples_rclcpp_minimal_composition/share/examples_rclcpp_minimal_composition/environment/ament_prefix_path.sh
[1.990s] -- Up-to-date symlink: /home/wyatt/ros2_ws/install/examples_rclcpp_minimal_composition/share/examples_rclcpp_minimal_composition/environment/ament_prefix_path.dsv
[1.990s] -- Up-to-date symlink: /home/wyatt/ros2_ws/install/examples_rclcpp_minimal_composition/share/examples_rclcpp_minimal_composition/environment/path.sh
[1.990s] -- Up-to-date symlink: /home/wyatt/ros2_ws/install/examples_rclcpp_minimal_composition/share/examples_rclcpp_minimal_composition/environment/path.dsv
[1.991s] -- Up-to-date symlink: /home/wyatt/ros2_ws/install/examples_rclcpp_minimal_composition/share/examples_rclcpp_minimal_composition/local_setup.bash
[1.991s] -- Up-to-date symlink: /home/wyatt/ros2_ws/install/examples_rclcpp_minimal_composition/share/examples_rclcpp_minimal_composition/local_setup.sh
[1.991s] -- Up-to-date symlink: /home/wyatt/ros2_ws/install/examples_rclcpp_minimal_composition/share/examples_rclcpp_minimal_composition/local_setup.zsh
[1.991s] -- Up-to-date symlink: /home/wyatt/ros2_ws/install/examples_rclcpp_minimal_composition/share/examples_rclcpp_minimal_composition/local_setup.dsv
[1.991s] -- Symlinking: /home/wyatt/ros2_ws/install/examples_rclcpp_minimal_composition/share/examples_rclcpp_minimal_composition/package.dsv
[1.991s] -- Up-to-date symlink: /home/wyatt/ros2_ws/install/examples_rclcpp_minimal_composition/share/ament_index/resource_index/packages/examples_rclcpp_minimal_composition
[1.991s] -- Up-to-date symlink: /home/wyatt/ros2_ws/install/examples_rclcpp_minimal_composition/share/examples_rclcpp_minimal_composition/cmake/examples_rclcpp_minimal_compositionConfig.cmake
[1.992s] -- Up-to-date symlink: /home/wyatt/ros2_ws/install/examples_rclcpp_minimal_composition/share/examples_rclcpp_minimal_composition/cmake/examples_rclcpp_minimal_compositionConfig-version.cmake
[1.992s] -- Up-to-date symlink: /home/wyatt/ros2_ws/install/examples_rclcpp_minimal_composition/share/examples_rclcpp_minimal_composition/package.xml
[2.214s] Invoked command in '/home/wyatt/ros2_ws/build/examples_rclcpp_minimal_composition' returned '0': CMAKE_PREFIX_PATH=/opt/ros/humble /usr/bin/cmake --install /home/wyatt/ros2_ws/build/examples_rclcpp_minimal_composition
