[0.079s] Invoking command in '/home/wyatt/ros2_ws/build/examples_rclcpp_wait_set': CMAKE_PREFIX_PATH=/opt/ros/humble /usr/bin/cmake --build /home/wyatt/ros2_ws/build/examples_rclcpp_wait_set -- -j12 -l12
[0.231s] [35m[1mConsolidate compiler generated dependencies of target talker[0m
[0.231s] [35m[1mConsolidate compiler generated dependencies of target listener[0m
[0.231s] [35m[1mConsolidate compiler generated dependencies of target wait_set[0m
[0.231s] [35m[1mConsolidate compiler generated dependencies of target wait_set_talker[0m
[0.231s] [35m[1mConsolidate compiler generated dependencies of target static_wait_set[0m
[0.231s] [35m[1mConsolidate compiler generated dependencies of target thread_safe_wait_set[0m
[0.231s] [35m[1mConsolidate compiler generated dependencies of target wait_set_listener[0m
[0.231s] [  8%] Built target talker
[0.233s] [35m[1mConsolidate compiler generated dependencies of target wait_set_topics_and_timer[0m
[0.265s] [ 16%] Built target listener
[0.273s] [ 25%] Built target wait_set_talker
[0.283s] [ 33%] Built target wait_set
[0.284s] [ 41%] Built target wait_set_listener
[0.284s] [ 50%] Built target thread_safe_wait_set
[0.284s] [ 58%] Built target wait_set_topics_and_timer
[0.285s] [ 66%] Built target static_wait_set
[0.301s] [35m[1mConsolidate compiler generated dependencies of target executor_random_order[0m
[0.313s] [ 70%] [32mBuilding CXX object CMakeFiles/wait_set_topics_with_different_rates.dir/src/wait_set_topics_with_different_rates.cpp.o[0m
[0.323s] [ 75%] [32mBuilding CXX object CMakeFiles/wait_set_composed.dir/src/wait_set_composed.cpp.o[0m
[0.331s] [ 79%] [32mBuilding CXX object CMakeFiles/wait_set_random_order.dir/src/wait_set_random_order.cpp.o[0m
[0.360s] [ 87%] Built target executor_random_order
[4.539s] [ 91%] [32m[1mLinking CXX executable wait_set_composed[0m
[4.892s] [ 91%] Built target wait_set_composed
[12.242s] [ 95%] [32m[1mLinking CXX executable wait_set_random_order[0m
[12.246s] [100%] [32m[1mLinking CXX executable wait_set_topics_with_different_rates[0m
[12.620s] [100%] Built target wait_set_topics_with_different_rates
[12.626s] [100%] Built target wait_set_random_order
[12.674s] Invoked command in '/home/wyatt/ros2_ws/build/examples_rclcpp_wait_set' returned '0': CMAKE_PREFIX_PATH=/opt/ros/humble /usr/bin/cmake --build /home/wyatt/ros2_ws/build/examples_rclcpp_wait_set -- -j12 -l12
[12.722s] Invoking command in '/home/wyatt/ros2_ws/build/examples_rclcpp_wait_set': CMAKE_PREFIX_PATH=/opt/ros/humble /usr/bin/cmake --install /home/wyatt/ros2_ws/build/examples_rclcpp_wait_set
[12.728s] -- Install configuration: ""
[12.728s] -- Execute custom install script
[12.729s] -- Symlinking: /home/wyatt/ros2_ws/install/examples_rclcpp_wait_set/lib/examples_rclcpp_wait_set/wait_set_talker
[12.736s] -- Symlinking: /home/wyatt/ros2_ws/install/examples_rclcpp_wait_set/lib/examples_rclcpp_wait_set/wait_set_listener
[12.743s] -- Symlinking: /home/wyatt/ros2_ws/install/examples_rclcpp_wait_set/lib/libtalker.so
[12.749s] -- Symlinking: /home/wyatt/ros2_ws/install/examples_rclcpp_wait_set/lib/liblistener.so
[12.756s] -- Symlinking: /home/wyatt/ros2_ws/install/examples_rclcpp_wait_set/lib/examples_rclcpp_wait_set/wait_set
[12.763s] -- Symlinking: /home/wyatt/ros2_ws/install/examples_rclcpp_wait_set/lib/examples_rclcpp_wait_set/static_wait_set
[12.770s] -- Symlinking: /home/wyatt/ros2_ws/install/examples_rclcpp_wait_set/lib/examples_rclcpp_wait_set/thread_safe_wait_set
[12.776s] -- Symlinking: /home/wyatt/ros2_ws/install/examples_rclcpp_wait_set/lib/examples_rclcpp_wait_set/wait_set_topics_and_timer
[12.783s] -- Symlinking: /home/wyatt/ros2_ws/install/examples_rclcpp_wait_set/lib/examples_rclcpp_wait_set/wait_set_random_order
[12.789s] -- Symlinking: /home/wyatt/ros2_ws/install/examples_rclcpp_wait_set/lib/examples_rclcpp_wait_set/executor_random_order
[12.796s] -- Symlinking: /home/wyatt/ros2_ws/install/examples_rclcpp_wait_set/lib/examples_rclcpp_wait_set/wait_set_topics_with_different_rates
[12.802s] -- Symlinking: /home/wyatt/ros2_ws/install/examples_rclcpp_wait_set/lib/examples_rclcpp_wait_set/wait_set_composed
[12.809s] -- Symlinking: /home/wyatt/ros2_ws/install/examples_rclcpp_wait_set/share/ament_index/resource_index/package_run_dependencies/examples_rclcpp_wait_set
[12.816s] -- Symlinking: /home/wyatt/ros2_ws/install/examples_rclcpp_wait_set/share/ament_index/resource_index/parent_prefix_path/examples_rclcpp_wait_set
[12.822s] -- Symlinking: /home/wyatt/ros2_ws/install/examples_rclcpp_wait_set/share/examples_rclcpp_wait_set/environment/ament_prefix_path.sh
[12.829s] -- Symlinking: /home/wyatt/ros2_ws/install/examples_rclcpp_wait_set/share/examples_rclcpp_wait_set/environment/ament_prefix_path.dsv
[12.835s] -- Symlinking: /home/wyatt/ros2_ws/install/examples_rclcpp_wait_set/share/examples_rclcpp_wait_set/environment/path.sh
[12.842s] -- Symlinking: /home/wyatt/ros2_ws/install/examples_rclcpp_wait_set/share/examples_rclcpp_wait_set/environment/path.dsv
[12.848s] -- Symlinking: /home/wyatt/ros2_ws/install/examples_rclcpp_wait_set/share/examples_rclcpp_wait_set/local_setup.bash
[12.855s] -- Symlinking: /home/wyatt/ros2_ws/install/examples_rclcpp_wait_set/share/examples_rclcpp_wait_set/local_setup.sh
[12.861s] -- Symlinking: /home/wyatt/ros2_ws/install/examples_rclcpp_wait_set/share/examples_rclcpp_wait_set/local_setup.zsh
[12.867s] -- Symlinking: /home/wyatt/ros2_ws/install/examples_rclcpp_wait_set/share/examples_rclcpp_wait_set/local_setup.dsv
[12.874s] -- Symlinking: /home/wyatt/ros2_ws/install/examples_rclcpp_wait_set/share/examples_rclcpp_wait_set/package.dsv
[12.880s] -- Symlinking: /home/wyatt/ros2_ws/install/examples_rclcpp_wait_set/share/ament_index/resource_index/packages/examples_rclcpp_wait_set
[12.886s] -- Symlinking: /home/wyatt/ros2_ws/install/examples_rclcpp_wait_set/share/ament_index/resource_index/rclcpp_components/examples_rclcpp_wait_set
[12.893s] -- Symlinking: /home/wyatt/ros2_ws/install/examples_rclcpp_wait_set/share/examples_rclcpp_wait_set/cmake/examples_rclcpp_wait_setConfig.cmake
[12.899s] -- Symlinking: /home/wyatt/ros2_ws/install/examples_rclcpp_wait_set/share/examples_rclcpp_wait_set/cmake/examples_rclcpp_wait_setConfig-version.cmake
[12.905s] -- Symlinking: /home/wyatt/ros2_ws/install/examples_rclcpp_wait_set/share/examples_rclcpp_wait_set/package.xml
[12.913s] Invoked command in '/home/wyatt/ros2_ws/build/examples_rclcpp_wait_set' returned '0': CMAKE_PREFIX_PATH=/opt/ros/humble /usr/bin/cmake --install /home/wyatt/ros2_ws/build/examples_rclcpp_wait_set
