[2.600s] Invoking command in '/home/wyatt/ros2_ws/build/examples_rclpy_minimal_service': PYTHONPATH=/home/wyatt/ros2_ws/build/examples_rclpy_minimal_service/prefix_override:/home/wyatt/ros2_ws/install/examples_rclpy_minimal_service/lib/python3.10/site-packages:${PYTHONPATH} /usr/bin/python3 setup.py develop --uninstall --editable --build-directory /home/wyatt/ros2_ws/build/examples_rclpy_minimal_service/build
[2.996s] running develop
[3.259s] Removing /home/wyatt/ros2_ws/install/examples_rclpy_minimal_service/lib/python3.10/site-packages/examples-rclpy-minimal-service.egg-link (link to .)
[3.418s] Invoked command in '/home/wyatt/ros2_ws/build/examples_rclpy_minimal_service' returned '0': PYTHONPATH=/home/wyatt/ros2_ws/build/examples_rclpy_minimal_service/prefix_override:/home/wyatt/ros2_ws/install/examples_rclpy_minimal_service/lib/python3.10/site-packages:${PYTHONPATH} /usr/bin/python3 setup.py develop --uninstall --editable --build-directory /home/wyatt/ros2_ws/build/examples_rclpy_minimal_service/build
[3.419s] Invoking command in '/home/wyatt/ros2_ws/src/examples/rclpy/services/minimal_service': PYTHONPATH=/home/wyatt/ros2_ws/build/examples_rclpy_minimal_service/prefix_override:/home/wyatt/ros2_ws/install/examples_rclpy_minimal_service/lib/python3.10/site-packages:${PYTHONPATH} /usr/bin/python3 setup.py egg_info --egg-base ../../../../../build/examples_rclpy_minimal_service build --build-base /home/wyatt/ros2_ws/build/examples_rclpy_minimal_service/build install --record /home/wyatt/ros2_ws/build/examples_rclpy_minimal_service/install.log --single-version-externally-managed
[3.626s] running egg_info
[3.627s] writing ../../../../../build/examples_rclpy_minimal_service/examples_rclpy_minimal_service.egg-info/PKG-INFO
[3.627s] writing dependency_links to ../../../../../build/examples_rclpy_minimal_service/examples_rclpy_minimal_service.egg-info/dependency_links.txt
[3.627s] writing entry points to ../../../../../build/examples_rclpy_minimal_service/examples_rclpy_minimal_service.egg-info/entry_points.txt
[3.627s] writing requirements to ../../../../../build/examples_rclpy_minimal_service/examples_rclpy_minimal_service.egg-info/requires.txt
[3.627s] writing top-level names to ../../../../../build/examples_rclpy_minimal_service/examples_rclpy_minimal_service.egg-info/top_level.txt
[3.628s] reading manifest file '../../../../../build/examples_rclpy_minimal_service/examples_rclpy_minimal_service.egg-info/SOURCES.txt'
[3.629s] writing manifest file '../../../../../build/examples_rclpy_minimal_service/examples_rclpy_minimal_service.egg-info/SOURCES.txt'
[3.629s] running build
[3.629s] running build_py
[3.630s] creating /home/wyatt/ros2_ws/build/examples_rclpy_minimal_service/build
[3.630s] creating /home/wyatt/ros2_ws/build/examples_rclpy_minimal_service/build/lib
[3.630s] creating /home/wyatt/ros2_ws/build/examples_rclpy_minimal_service/build/lib/examples_rclpy_minimal_service
[3.630s] copying examples_rclpy_minimal_service/service_member_function.py -> /home/wyatt/ros2_ws/build/examples_rclpy_minimal_service/build/lib/examples_rclpy_minimal_service
[3.630s] copying examples_rclpy_minimal_service/service.py -> /home/wyatt/ros2_ws/build/examples_rclpy_minimal_service/build/lib/examples_rclpy_minimal_service
[3.630s] copying examples_rclpy_minimal_service/__init__.py -> /home/wyatt/ros2_ws/build/examples_rclpy_minimal_service/build/lib/examples_rclpy_minimal_service
[3.630s] running install
[3.630s] running install_lib
[3.630s] creating /home/wyatt/ros2_ws/install/examples_rclpy_minimal_service/lib/python3.10/site-packages/examples_rclpy_minimal_service
[3.630s] copying /home/wyatt/ros2_ws/build/examples_rclpy_minimal_service/build/lib/examples_rclpy_minimal_service/service_member_function.py -> /home/wyatt/ros2_ws/install/examples_rclpy_minimal_service/lib/python3.10/site-packages/examples_rclpy_minimal_service
[3.631s] copying /home/wyatt/ros2_ws/build/examples_rclpy_minimal_service/build/lib/examples_rclpy_minimal_service/service.py -> /home/wyatt/ros2_ws/install/examples_rclpy_minimal_service/lib/python3.10/site-packages/examples_rclpy_minimal_service
[3.631s] copying /home/wyatt/ros2_ws/build/examples_rclpy_minimal_service/build/lib/examples_rclpy_minimal_service/__init__.py -> /home/wyatt/ros2_ws/install/examples_rclpy_minimal_service/lib/python3.10/site-packages/examples_rclpy_minimal_service
[3.631s] byte-compiling /home/wyatt/ros2_ws/install/examples_rclpy_minimal_service/lib/python3.10/site-packages/examples_rclpy_minimal_service/service_member_function.py to service_member_function.cpython-310.pyc
[3.631s] byte-compiling /home/wyatt/ros2_ws/install/examples_rclpy_minimal_service/lib/python3.10/site-packages/examples_rclpy_minimal_service/service.py to service.cpython-310.pyc
[3.632s] byte-compiling /home/wyatt/ros2_ws/install/examples_rclpy_minimal_service/lib/python3.10/site-packages/examples_rclpy_minimal_service/__init__.py to __init__.cpython-310.pyc
[3.632s] running install_data
[3.632s] running install_egg_info
[3.633s] Copying ../../../../../build/examples_rclpy_minimal_service/examples_rclpy_minimal_service.egg-info to /home/wyatt/ros2_ws/install/examples_rclpy_minimal_service/lib/python3.10/site-packages/examples_rclpy_minimal_service-0.15.1-py3.10.egg-info
[3.634s] running install_scripts
[3.649s] Installing service script to /home/wyatt/ros2_ws/install/examples_rclpy_minimal_service/lib/examples_rclpy_minimal_service
[3.649s] Installing service_member_function script to /home/wyatt/ros2_ws/install/examples_rclpy_minimal_service/lib/examples_rclpy_minimal_service
[3.649s] writing list of installed files to '/home/wyatt/ros2_ws/build/examples_rclpy_minimal_service/install.log'
[3.666s] Invoked command in '/home/wyatt/ros2_ws/src/examples/rclpy/services/minimal_service' returned '0': PYTHONPATH=/home/wyatt/ros2_ws/build/examples_rclpy_minimal_service/prefix_override:/home/wyatt/ros2_ws/install/examples_rclpy_minimal_service/lib/python3.10/site-packages:${PYTHONPATH} /usr/bin/python3 setup.py egg_info --egg-base ../../../../../build/examples_rclpy_minimal_service build --build-base /home/wyatt/ros2_ws/build/examples_rclpy_minimal_service/build install --record /home/wyatt/ros2_ws/build/examples_rclpy_minimal_service/install.log --single-version-externally-managed
