[4.579s] Invoking command in '/home/wyatt/ros2_ws/build/examples_rclpy_executors': PYTHONPATH=/home/wyatt/ros2_ws/build/examples_rclpy_executors/prefix_override:/home/wyatt/ros2_ws/install/examples_rclpy_executors/lib/python3.10/site-packages:${PYTHONPATH} /usr/bin/python3 setup.py develop --editable --build-directory /home/wyatt/ros2_ws/build/examples_rclpy_executors/build --no-deps install_data
[4.987s] running develop
[5.361s] running egg_info
[5.361s] creating examples_rclpy_executors.egg-info
[5.361s] writing examples_rclpy_executors.egg-info/PKG-INFO
[5.362s] writing dependency_links to examples_rclpy_executors.egg-info/dependency_links.txt
[5.362s] writing entry points to examples_rclpy_executors.egg-info/entry_points.txt
[5.362s] writing requirements to examples_rclpy_executors.egg-info/requires.txt
[5.362s] writing top-level names to examples_rclpy_executors.egg-info/top_level.txt
[5.363s] writing manifest file 'examples_rclpy_executors.egg-info/SOURCES.txt'
[5.365s] reading manifest file 'examples_rclpy_executors.egg-info/SOURCES.txt'
[5.366s] writing manifest file 'examples_rclpy_executors.egg-info/SOURCES.txt'
[5.368s] running build_ext
[5.368s] Creating /home/wyatt/ros2_ws/install/examples_rclpy_executors/lib/python3.10/site-packages/examples-rclpy-executors.egg-link (link to .)
[5.369s] Installing callback_group script to /home/wyatt/ros2_ws/install/examples_rclpy_executors/lib/examples_rclpy_executors
[5.369s] Installing composed script to /home/wyatt/ros2_ws/install/examples_rclpy_executors/lib/examples_rclpy_executors
[5.370s] Installing custom_callback_group script to /home/wyatt/ros2_ws/install/examples_rclpy_executors/lib/examples_rclpy_executors
[5.370s] Installing custom_executor script to /home/wyatt/ros2_ws/install/examples_rclpy_executors/lib/examples_rclpy_executors
[5.370s] Installing listener script to /home/wyatt/ros2_ws/install/examples_rclpy_executors/lib/examples_rclpy_executors
[5.370s] Installing talker script to /home/wyatt/ros2_ws/install/examples_rclpy_executors/lib/examples_rclpy_executors
[5.370s] 
[5.371s] Installed /home/wyatt/ros2_ws/build/examples_rclpy_executors
[5.371s] running install_data
[5.371s] creating /home/wyatt/ros2_ws/install/examples_rclpy_executors/share/ament_index
[5.371s] creating /home/wyatt/ros2_ws/install/examples_rclpy_executors/share/ament_index/resource_index
[5.371s] creating /home/wyatt/ros2_ws/install/examples_rclpy_executors/share/ament_index/resource_index/packages
[5.371s] copying resource/examples_rclpy_executors -> /home/wyatt/ros2_ws/install/examples_rclpy_executors/share/ament_index/resource_index/packages
[5.371s] copying package.xml -> /home/wyatt/ros2_ws/install/examples_rclpy_executors/share/examples_rclpy_executors
[5.451s] Invoked command in '/home/wyatt/ros2_ws/build/examples_rclpy_executors' returned '0': PYTHONPATH=/home/wyatt/ros2_ws/build/examples_rclpy_executors/prefix_override:/home/wyatt/ros2_ws/install/examples_rclpy_executors/lib/python3.10/site-packages:${PYTHONPATH} /usr/bin/python3 setup.py develop --editable --build-directory /home/wyatt/ros2_ws/build/examples_rclpy_executors/build --no-deps install_data
