[0.261s] Invoking command in '/home/wyatt/ros2_ws/build/examples_rclcpp_minimal_publisher': CMAKE_PREFIX_PATH=/opt/ros/humble /usr/bin/cmake --build /home/wyatt/ros2_ws/build/examples_rclcpp_minimal_publisher -- -j12 -l12
[0.320s] [35m[1mConsolidate compiler generated dependencies of target publisher_lambda[0m
[0.364s] [  8%] [32mBuilding CXX object CMakeFiles/publisher_member_function.dir/member_function.cpp.o[0m
[0.368s] [35m[1mConsolidate compiler generated dependencies of target publisher_wait_for_all_acked[0m
[0.373s] [35m[1mConsolidate compiler generated dependencies of target publisher_not_composable[0m
[0.375s] [ 25%] Built target publisher_lambda
[0.378s] [ 33%] [32mBuilding CXX object CMakeFiles/publisher_member_function_with_type_adapter.dir/member_function_with_type_adapter.cpp.o[0m
[0.383s] [ 41%] [32mBuilding CXX object CMakeFiles/publisher_member_function_with_unique_network_flow_endpoints.dir/member_function_with_unique_network_flow_endpoints.cpp.o[0m
[0.410s] [ 58%] Built target publisher_wait_for_all_acked
[0.447s] [ 75%] Built target publisher_not_composable
[6.361s] [ 83%] [32m[1mLinking CXX executable publisher_member_function_with_unique_network_flow_endpoints[0m
[6.780s] [ 91%] [32m[1mLinking CXX executable publisher_member_function[0m
[6.802s] [100%] [32m[1mLinking CXX executable publisher_member_function_with_type_adapter[0m
[6.806s] [100%] Built target publisher_member_function_with_unique_network_flow_endpoints
[7.263s] [100%] Built target publisher_member_function
[7.271s] [100%] Built target publisher_member_function_with_type_adapter
[7.301s] Invoked command in '/home/wyatt/ros2_ws/build/examples_rclcpp_minimal_publisher' returned '0': CMAKE_PREFIX_PATH=/opt/ros/humble /usr/bin/cmake --build /home/wyatt/ros2_ws/build/examples_rclcpp_minimal_publisher -- -j12 -l12
[7.720s] Invoking command in '/home/wyatt/ros2_ws/build/examples_rclcpp_minimal_publisher': CMAKE_PREFIX_PATH=/opt/ros/humble /usr/bin/cmake --install /home/wyatt/ros2_ws/build/examples_rclcpp_minimal_publisher
[8.037s] -- Install configuration: ""
[8.037s] -- Execute custom install script
[8.038s] -- Symlinking: /home/wyatt/ros2_ws/install/examples_rclcpp_minimal_publisher/lib/examples_rclcpp_minimal_publisher/publisher_lambda
[8.038s] -- Symlinking: /home/wyatt/ros2_ws/install/examples_rclcpp_minimal_publisher/lib/examples_rclcpp_minimal_publisher/publisher_member_function
[8.038s] -- Symlinking: /home/wyatt/ros2_ws/install/examples_rclcpp_minimal_publisher/lib/examples_rclcpp_minimal_publisher/publisher_member_function_with_type_adapter
[8.038s] -- Symlinking: /home/wyatt/ros2_ws/install/examples_rclcpp_minimal_publisher/lib/examples_rclcpp_minimal_publisher/publisher_member_function_with_unique_network_flow_endpoints
[8.038s] -- Symlinking: /home/wyatt/ros2_ws/install/examples_rclcpp_minimal_publisher/lib/examples_rclcpp_minimal_publisher/publisher_wait_for_all_acked
[8.038s] -- Symlinking: /home/wyatt/ros2_ws/install/examples_rclcpp_minimal_publisher/lib/examples_rclcpp_minimal_publisher/publisher_not_composable
[8.038s] -- Symlinking: /home/wyatt/ros2_ws/install/examples_rclcpp_minimal_publisher/share/ament_index/resource_index/package_run_dependencies/examples_rclcpp_minimal_publisher
[8.038s] -- Symlinking: /home/wyatt/ros2_ws/install/examples_rclcpp_minimal_publisher/share/ament_index/resource_index/parent_prefix_path/examples_rclcpp_minimal_publisher
[8.038s] -- Symlinking: /home/wyatt/ros2_ws/install/examples_rclcpp_minimal_publisher/share/examples_rclcpp_minimal_publisher/environment/ament_prefix_path.sh
[8.038s] -- Symlinking: /home/wyatt/ros2_ws/install/examples_rclcpp_minimal_publisher/share/examples_rclcpp_minimal_publisher/environment/ament_prefix_path.dsv
[8.038s] -- Symlinking: /home/wyatt/ros2_ws/install/examples_rclcpp_minimal_publisher/share/examples_rclcpp_minimal_publisher/environment/path.sh
[8.038s] -- Symlinking: /home/wyatt/ros2_ws/install/examples_rclcpp_minimal_publisher/share/examples_rclcpp_minimal_publisher/environment/path.dsv
[8.038s] -- Symlinking: /home/wyatt/ros2_ws/install/examples_rclcpp_minimal_publisher/share/examples_rclcpp_minimal_publisher/local_setup.bash
[8.038s] -- Symlinking: /home/wyatt/ros2_ws/install/examples_rclcpp_minimal_publisher/share/examples_rclcpp_minimal_publisher/local_setup.sh
[8.038s] -- Symlinking: /home/wyatt/ros2_ws/install/examples_rclcpp_minimal_publisher/share/examples_rclcpp_minimal_publisher/local_setup.zsh
[8.038s] -- Symlinking: /home/wyatt/ros2_ws/install/examples_rclcpp_minimal_publisher/share/examples_rclcpp_minimal_publisher/local_setup.dsv
[8.038s] -- Symlinking: /home/wyatt/ros2_ws/install/examples_rclcpp_minimal_publisher/share/examples_rclcpp_minimal_publisher/package.dsv
[8.038s] -- Symlinking: /home/wyatt/ros2_ws/install/examples_rclcpp_minimal_publisher/share/ament_index/resource_index/packages/examples_rclcpp_minimal_publisher
[8.039s] -- Symlinking: /home/wyatt/ros2_ws/install/examples_rclcpp_minimal_publisher/share/examples_rclcpp_minimal_publisher/cmake/examples_rclcpp_minimal_publisherConfig.cmake
[8.039s] -- Symlinking: /home/wyatt/ros2_ws/install/examples_rclcpp_minimal_publisher/share/examples_rclcpp_minimal_publisher/cmake/examples_rclcpp_minimal_publisherConfig-version.cmake
[8.039s] -- Symlinking: /home/wyatt/ros2_ws/install/examples_rclcpp_minimal_publisher/share/examples_rclcpp_minimal_publisher/package.xml
[8.570s] Invoked command in '/home/wyatt/ros2_ws/build/examples_rclcpp_minimal_publisher' returned '0': CMAKE_PREFIX_PATH=/opt/ros/humble /usr/bin/cmake --install /home/wyatt/ros2_ws/build/examples_rclcpp_minimal_publisher
