[1.821s] Invoking command in '/home/wyatt/ros2_ws/src/my_package': PYTHONPATH=/home/wyatt/ros2_ws/src/build/my_package/prefix_override:/home/wyatt/ros2_ws/src/install/my_package/lib/python3.10/site-packages:${PYTHONPATH} /usr/bin/python3 setup.py egg_info --egg-base ../build/my_package build --build-base /home/wyatt/ros2_ws/src/build/my_package/build install --record /home/wyatt/ros2_ws/src/build/my_package/install.log --single-version-externally-managed
[2.217s] running egg_info
[2.218s] creating ../build/my_package/my_package.egg-info
[2.219s] writing ../build/my_package/my_package.egg-info/PKG-INFO
[2.219s] writing dependency_links to ../build/my_package/my_package.egg-info/dependency_links.txt
[2.219s] writing entry points to ../build/my_package/my_package.egg-info/entry_points.txt
[2.219s] writing requirements to ../build/my_package/my_package.egg-info/requires.txt
[2.219s] writing top-level names to ../build/my_package/my_package.egg-info/top_level.txt
[2.220s] writing manifest file '../build/my_package/my_package.egg-info/SOURCES.txt'
[2.222s] reading manifest file '../build/my_package/my_package.egg-info/SOURCES.txt'
[2.223s] writing manifest file '../build/my_package/my_package.egg-info/SOURCES.txt'
[2.223s] running build
[2.223s] running build_py
[2.223s] creating /home/wyatt/ros2_ws/src/build/my_package/build
[2.223s] creating /home/wyatt/ros2_ws/src/build/my_package/build/lib
[2.223s] creating /home/wyatt/ros2_ws/src/build/my_package/build/lib/my_package
[2.223s] copying my_package/__init__.py -> /home/wyatt/ros2_ws/src/build/my_package/build/lib/my_package
[2.224s] copying my_package/my_node.py -> /home/wyatt/ros2_ws/src/build/my_package/build/lib/my_package
[2.224s] running install
[2.224s] running install_lib
[2.225s] creating /home/wyatt/ros2_ws/src/install/my_package/lib/python3.10/site-packages/my_package
[2.225s] copying /home/wyatt/ros2_ws/src/build/my_package/build/lib/my_package/__init__.py -> /home/wyatt/ros2_ws/src/install/my_package/lib/python3.10/site-packages/my_package
[2.225s] copying /home/wyatt/ros2_ws/src/build/my_package/build/lib/my_package/my_node.py -> /home/wyatt/ros2_ws/src/install/my_package/lib/python3.10/site-packages/my_package
[2.226s] byte-compiling /home/wyatt/ros2_ws/src/install/my_package/lib/python3.10/site-packages/my_package/__init__.py to __init__.cpython-310.pyc
[2.226s] byte-compiling /home/wyatt/ros2_ws/src/install/my_package/lib/python3.10/site-packages/my_package/my_node.py to my_node.cpython-310.pyc
[2.227s] running install_data
[2.227s] creating /home/wyatt/ros2_ws/src/install/my_package/share/ament_index
[2.227s] creating /home/wyatt/ros2_ws/src/install/my_package/share/ament_index/resource_index
[2.227s] creating /home/wyatt/ros2_ws/src/install/my_package/share/ament_index/resource_index/packages
[2.227s] copying resource/my_package -> /home/wyatt/ros2_ws/src/install/my_package/share/ament_index/resource_index/packages
[2.227s] copying package.xml -> /home/wyatt/ros2_ws/src/install/my_package/share/my_package
[2.227s] running install_egg_info
[2.229s] Copying ../build/my_package/my_package.egg-info to /home/wyatt/ros2_ws/src/install/my_package/lib/python3.10/site-packages/my_package-0.0.0-py3.10.egg-info
[2.229s] running install_scripts
[2.248s] Installing my_node script to /home/wyatt/ros2_ws/src/install/my_package/lib/my_package
[2.249s] writing list of installed files to '/home/wyatt/ros2_ws/src/build/my_package/install.log'
[2.278s] Invoked command in '/home/wyatt/ros2_ws/src/my_package' returned '0': PYTHONPATH=/home/wyatt/ros2_ws/src/build/my_package/prefix_override:/home/wyatt/ros2_ws/src/install/my_package/lib/python3.10/site-packages:${PYTHONPATH} /usr/bin/python3 setup.py egg_info --egg-base ../build/my_package build --build-base /home/wyatt/ros2_ws/src/build/my_package/build install --record /home/wyatt/ros2_ws/src/build/my_package/install.log --single-version-externally-managed
