[0.055s] Invoking command in '/home/wyatt/ros2_ws/build/tutorial_interfaces': /usr/bin/cmake /home/wyatt/ros2_ws/src/tutorial_interfaces -DCMAKE_INSTALL_PREFIX=/home/wyatt/ros2_ws/install/tutorial_interfaces
[0.064s] -- Found ament_cmake: 1.3.5 (/opt/ros/humble/share/ament_cmake/cmake)
[0.187s] -- Found geometry_msgs: 4.2.3 (/opt/ros/humble/share/geometry_msgs/cmake)
[0.208s] -- Found rosidl_generator_c: 3.1.5 (/opt/ros/humble/share/rosidl_generator_c/cmake)
[0.210s] -- Found rosidl_adapter: 3.1.5 (/opt/ros/humble/share/rosidl_adapter/cmake)
[0.215s] -- Found rosidl_generator_cpp: 3.1.5 (/opt/ros/humble/share/rosidl_generator_cpp/cmake)
[0.224s] -- Using all available rosidl_typesupport_c: rosidl_typesupport_fastrtps_c;rosidl_typesupport_introspection_c
[0.237s] -- Using all available rosidl_typesupport_cpp: rosidl_typesupport_fastrtps_cpp;rosidl_typesupport_introspection_cpp
[0.332s] -- Found rosidl_default_generators: 1.2.0 (/opt/ros/humble/share/rosidl_default_generators/cmake)
[0.496s] Error parsing '/home/wyatt/ros2_ws/src/tutorial_interfaces/package.xml':
[0.532s] Traceback (most recent call last):
[0.532s]   File "/opt/ros/humble/share/ament_cmake_core/cmake/core/package_xml_2_cmake.py", line 150, in <module>
[0.532s]     main()
[0.532s]   File "/opt/ros/humble/share/ament_cmake_core/cmake/core/package_xml_2_cmake.py", line 53, in main
[0.532s]     raise e
[0.532s]   File "/opt/ros/humble/share/ament_cmake_core/cmake/core/package_xml_2_cmake.py", line 49, in main
[0.532s]     package = parse_package_string(
[0.532s]   File "/usr/lib/python3/dist-packages/catkin_pkg/package.py", line 786, in parse_package_string
[0.532s]     raise InvalidPackage('Error(s):%s' % (''.join(['\n- %s' % e for e in errors])), filename)
[0.532s] catkin_pkg.package.InvalidPackage: Error(s) in package '/home/wyatt/ros2_ws/src/tutorial_interfaces/package.xml':
[0.532s] Error(s):
[0.533s] - The manifest of package "tutorial_interfaces" (with format version 3) must not contain the following tags: memeber_of_group
[0.542s] [31mCMake Error at /opt/ros/humble/share/ament_cmake_core/cmake/core/ament_package_xml.cmake:95 (message):
[0.542s]   execute_process(/usr/bin/python3.10
[0.543s]   /opt/ros/humble/share/ament_cmake_core/cmake/core/package_xml_2_cmake.py
[0.543s]   /home/wyatt/ros2_ws/src/tutorial_interfaces/package.xml
[0.543s]   /home/wyatt/ros2_ws/build/tutorial_interfaces/ament_cmake_core/package.cmake)
[0.543s]   returned error code 1
[0.543s] Call Stack (most recent call first):
[0.543s]   /opt/ros/humble/share/ament_cmake_core/cmake/core/ament_package_xml.cmake:49 (_ament_package_xml)
[0.543s]   /opt/ros/humble/share/rosidl_cmake/cmake/rosidl_generate_interfaces.cmake:226 (ament_package_xml)
[0.543s]   CMakeLists.txt:15 (rosidl_generate_interfaces)
[0.543s] 
[0.543s] [0m
[0.543s] -- Configuring incomplete, errors occurred!
[0.543s] See also "/home/wyatt/ros2_ws/build/tutorial_interfaces/CMakeFiles/CMakeOutput.log".
[0.548s] Invoked command in '/home/wyatt/ros2_ws/build/tutorial_interfaces' returned '1': /usr/bin/cmake /home/wyatt/ros2_ws/src/tutorial_interfaces -DCMAKE_INSTALL_PREFIX=/home/wyatt/ros2_ws/install/tutorial_interfaces
