[3.538s] Invoking command in '/home/wyatt/ros2_ws/src/examples/rclpy/services/minimal_client': PYTHONPATH=/home/wyatt/ros2_ws/build/examples_rclpy_minimal_client/prefix_override:/home/wyatt/ros2_ws/install/examples_rclpy_minimal_client/lib/python3.10/site-packages:${PYTHONPATH} /usr/bin/python3 setup.py egg_info --egg-base ../../../../../build/examples_rclpy_minimal_client build --build-base /home/wyatt/ros2_ws/build/examples_rclpy_minimal_client/build install --record /home/wyatt/ros2_ws/build/examples_rclpy_minimal_client/install.log --single-version-externally-managed
[3.920s] running egg_info
[3.921s] writing ../../../../../build/examples_rclpy_minimal_client/examples_rclpy_minimal_client.egg-info/PKG-INFO
[3.921s] writing dependency_links to ../../../../../build/examples_rclpy_minimal_client/examples_rclpy_minimal_client.egg-info/dependency_links.txt
[3.922s] writing entry points to ../../../../../build/examples_rclpy_minimal_client/examples_rclpy_minimal_client.egg-info/entry_points.txt
[3.922s] writing requirements to ../../../../../build/examples_rclpy_minimal_client/examples_rclpy_minimal_client.egg-info/requires.txt
[3.922s] writing top-level names to ../../../../../build/examples_rclpy_minimal_client/examples_rclpy_minimal_client.egg-info/top_level.txt
[3.924s] reading manifest file '../../../../../build/examples_rclpy_minimal_client/examples_rclpy_minimal_client.egg-info/SOURCES.txt'
[3.925s] writing manifest file '../../../../../build/examples_rclpy_minimal_client/examples_rclpy_minimal_client.egg-info/SOURCES.txt'
[3.925s] running build
[3.926s] running build_py
[3.926s] running install
[3.926s] running install_lib
[3.928s] running install_data
[3.930s] running install_egg_info
[3.932s] removing '/home/wyatt/ros2_ws/install/examples_rclpy_minimal_client/lib/python3.10/site-packages/examples_rclpy_minimal_client-0.15.1-py3.10.egg-info' (and everything under it)
[3.932s] Copying ../../../../../build/examples_rclpy_minimal_client/examples_rclpy_minimal_client.egg-info to /home/wyatt/ros2_ws/install/examples_rclpy_minimal_client/lib/python3.10/site-packages/examples_rclpy_minimal_client-0.15.1-py3.10.egg-info
[3.933s] running install_scripts
[3.961s] Installing client script to /home/wyatt/ros2_ws/install/examples_rclpy_minimal_client/lib/examples_rclpy_minimal_client
[3.962s] Installing client_async script to /home/wyatt/ros2_ws/install/examples_rclpy_minimal_client/lib/examples_rclpy_minimal_client
[3.962s] Installing client_async_callback script to /home/wyatt/ros2_ws/install/examples_rclpy_minimal_client/lib/examples_rclpy_minimal_client
[3.962s] Installing client_async_member_function script to /home/wyatt/ros2_ws/install/examples_rclpy_minimal_client/lib/examples_rclpy_minimal_client
[3.962s] writing list of installed files to '/home/wyatt/ros2_ws/build/examples_rclpy_minimal_client/install.log'
[4.023s] Invoked command in '/home/wyatt/ros2_ws/src/examples/rclpy/services/minimal_client' returned '0': PYTHONPATH=/home/wyatt/ros2_ws/build/examples_rclpy_minimal_client/prefix_override:/home/wyatt/ros2_ws/install/examples_rclpy_minimal_client/lib/python3.10/site-packages:${PYTHONPATH} /usr/bin/python3 setup.py egg_info --egg-base ../../../../../build/examples_rclpy_minimal_client build --build-base /home/wyatt/ros2_ws/build/examples_rclpy_minimal_client/build install --record /home/wyatt/ros2_ws/build/examples_rclpy_minimal_client/install.log --single-version-externally-managed
