[0.433s] Invoking command in '/home/wyatt/ros2_ws/build/examples_rclcpp_cbg_executor': CMAKE_PREFIX_PATH=/opt/ros/humble /usr/bin/cmake /home/wyatt/ros2_ws/src/examples/rclcpp/executors/cbg_executor -DAMENT_CMAKE_SYMLINK_INSTALL=1 -DCMAKE_INSTALL_PREFIX=/home/wyatt/ros2_ws/install/examples_rclcpp_cbg_executor
[0.590s] -- The C compiler identification is GNU 11.4.0
[0.727s] -- The CXX compiler identification is GNU 11.4.0
[0.736s] -- Detecting C compiler ABI info
[0.847s] -- Detecting C compiler ABI info - done
[0.859s] -- Check for working C compiler: /usr/bin/cc - skipped
[0.862s] -- Detecting C compile features
[0.863s] -- Detecting C compile features - done
[0.867s] -- Detecting CXX compiler ABI info
[0.990s] -- Detecting CXX compiler ABI info - done
[1.004s] -- Check for working CXX compiler: /usr/bin/c++ - skipped
[1.004s] -- Detecting CXX compile features
[1.004s] -- Detecting CXX compile features - done
[1.007s] -- Found ament_cmake: 1.3.5 (/opt/ros/humble/share/ament_cmake/cmake)
[1.270s] -- Found Python3: /usr/bin/python3.10 (found version "3.10.12") found components: Interpreter 
[1.370s] -- Override CMake install command with custom implementation using symlinks instead of copying resources
[1.401s] -- Found rclcpp: 16.0.6 (/opt/ros/humble/share/rclcpp/cmake)
[1.457s] -- Found rosidl_generator_c: 3.1.5 (/opt/ros/humble/share/rosidl_generator_c/cmake)
[1.463s] -- Found rosidl_adapter: 3.1.5 (/opt/ros/humble/share/rosidl_adapter/cmake)
[1.475s] -- Found rosidl_generator_cpp: 3.1.5 (/opt/ros/humble/share/rosidl_generator_cpp/cmake)
[1.497s] -- Using all available rosidl_typesupport_c: rosidl_typesupport_fastrtps_c;rosidl_typesupport_introspection_c
[1.530s] -- Using all available rosidl_typesupport_cpp: rosidl_typesupport_fastrtps_cpp;rosidl_typesupport_introspection_cpp
[1.640s] -- Found rmw_implementation_cmake: 6.1.1 (/opt/ros/humble/share/rmw_implementation_cmake/cmake)
[1.644s] -- Found rmw_fastrtps_cpp: 6.2.4 (/opt/ros/humble/share/rmw_fastrtps_cpp/cmake)
[1.793s] -- Found OpenSSL: /usr/lib/x86_64-linux-gnu/libcrypto.so (found version "3.0.2")  
[1.827s] -- Found FastRTPS: /opt/ros/humble/include  
[1.892s] -- Using RMW implementation 'rmw_fastrtps_cpp' as default
[1.904s] -- Looking for pthread.h
[2.006s] -- Looking for pthread.h - found
[2.007s] -- Performing Test CMAKE_HAVE_LIBC_PTHREAD
[2.109s] -- Performing Test CMAKE_HAVE_LIBC_PTHREAD - Success
[2.111s] -- Found Threads: TRUE  
[2.382s] -- Found ament_lint_auto: 0.12.8 (/opt/ros/humble/share/ament_lint_auto/cmake)
[2.489s] -- Added test 'copyright' to check source files copyright and LICENSE
[2.491s] -- Added test 'cppcheck' to perform static code analysis on C / C++ code
[2.491s] -- Configured cppcheck include dirs: /home/wyatt/ros2_ws/src/examples/rclcpp/executors/cbg_executor/include
[2.491s] -- Configured cppcheck exclude dirs and/or files: 
[2.493s] -- Added test 'cpplint' to check C / C++ code against the Google style
[2.493s] -- Configured cpplint exclude dirs and/or files: 
[2.494s] -- Added test 'lint_cmake' to check CMake code style
[2.496s] -- Added test 'uncrustify' to check C / C++ code style
[2.496s] -- Configured uncrustify additional arguments: 
[2.497s] -- Added test 'xmllint' to check XML markup files
[2.500s] -- Configuring done
[2.521s] -- Generating done
[2.524s] -- Build files have been written to: /home/wyatt/ros2_ws/build/examples_rclcpp_cbg_executor
[2.532s] Invoked command in '/home/wyatt/ros2_ws/build/examples_rclcpp_cbg_executor' returned '0': CMAKE_PREFIX_PATH=/opt/ros/humble /usr/bin/cmake /home/wyatt/ros2_ws/src/examples/rclcpp/executors/cbg_executor -DAMENT_CMAKE_SYMLINK_INSTALL=1 -DCMAKE_INSTALL_PREFIX=/home/wyatt/ros2_ws/install/examples_rclcpp_cbg_executor
[2.537s] Invoking command in '/home/wyatt/ros2_ws/build/examples_rclcpp_cbg_executor': CMAKE_PREFIX_PATH=/opt/ros/humble /usr/bin/cmake --build /home/wyatt/ros2_ws/build/examples_rclcpp_cbg_executor -- -j12 -l12
[2.675s] [ 10%] [32mBuilding CXX object CMakeFiles/ping.dir/src/ping.cpp.o[0m
[2.675s] [ 20%] [32mBuilding CXX object CMakeFiles/pong.dir/src/pong.cpp.o[0m
[2.675s] [ 30%] [32mBuilding CXX object CMakeFiles/ping_pong.dir/src/examples_rclcpp_cbg_executor/ping_node.cpp.o[0m
[2.677s] [ 40%] [32mBuilding CXX object CMakeFiles/ping_pong.dir/src/ping_pong.cpp.o[0m
[2.677s] [ 50%] [32mBuilding CXX object CMakeFiles/ping.dir/src/examples_rclcpp_cbg_executor/ping_node.cpp.o[0m
[2.677s] [ 60%] [32mBuilding CXX object CMakeFiles/pong.dir/src/examples_rclcpp_cbg_executor/pong_node.cpp.o[0m
[2.684s] [ 70%] [32mBuilding CXX object CMakeFiles/ping_pong.dir/src/examples_rclcpp_cbg_executor/pong_node.cpp.o[0m
[77.928s] [ 80%] [32m[1mLinking CXX executable pong[0m
[78.440s] [ 90%] [32m[1mLinking CXX executable ping_pong[0m
[79.613s] [ 90%] Built target pong
[80.059s] [ 90%] Built target ping_pong
[80.210s] [100%] [32m[1mLinking CXX executable ping[0m
[80.811s] [100%] Built target ping
