[0.604s] Invoking command in '/home/wyatt/ros2_ws/src/build/examples_rclcpp_cbg_executor': CMAKE_PREFIX_PATH=${CMAKE_PREFIX_PATH}:/home/wyatt/ros2_ws/install/launch_testing_examples:/home/wyatt/ros2_ws/install/examples_rclpy_pointcloud_publisher:/home/wyatt/ros2_ws/install/examples_rclpy_minimal_subscriber:/home/wyatt/ros2_ws/install/examples_rclpy_minimal_service:/home/wyatt/ros2_ws/install/examples_rclpy_minimal_publisher:/home/wyatt/ros2_ws/install/examples_rclpy_minimal_client:/home/wyatt/ros2_ws/install/examples_rclpy_minimal_action_server:/home/wyatt/ros2_ws/install/examples_rclpy_minimal_action_client:/home/wyatt/ros2_ws/install/examples_rclpy_guard_conditions:/home/wyatt/ros2_ws/install/examples_rclpy_executors:/opt/ros/humble /usr/bin/cmake --build /home/wyatt/ros2_ws/src/build/examples_rclcpp_cbg_executor -- -j12 -l12
[0.678s] [35m[1mConsolidate compiler generated dependencies of target ping[0m
[0.713s] [ 10%] [32mBuilding CXX object CMakeFiles/ping.dir/src/examples_rclcpp_cbg_executor/ping_node.cpp.o[0m
[8.852s] [ 20%] [32m[1mLinking CXX executable ping[0m
[9.241s] [ 30%] Built target ping
[9.253s] [35m[1mConsolidate compiler generated dependencies of target pong[0m
[9.253s] [35m[1mConsolidate compiler generated dependencies of target ping_pong[0m
[9.270s] [ 40%] [32mBuilding CXX object CMakeFiles/ping_pong.dir/src/examples_rclcpp_cbg_executor/pong_node.cpp.o[0m
[9.270s] [ 70%] Built target pong
[20.534s] [ 80%] [32m[1mLinking CXX executable ping_pong[0m
[21.490s] [100%] Built target ping_pong
[21.502s] Invoked command in '/home/wyatt/ros2_ws/src/build/examples_rclcpp_cbg_executor' returned '0': CMAKE_PREFIX_PATH=${CMAKE_PREFIX_PATH}:/home/wyatt/ros2_ws/install/launch_testing_examples:/home/wyatt/ros2_ws/install/examples_rclpy_pointcloud_publisher:/home/wyatt/ros2_ws/install/examples_rclpy_minimal_subscriber:/home/wyatt/ros2_ws/install/examples_rclpy_minimal_service:/home/wyatt/ros2_ws/install/examples_rclpy_minimal_publisher:/home/wyatt/ros2_ws/install/examples_rclpy_minimal_client:/home/wyatt/ros2_ws/install/examples_rclpy_minimal_action_server:/home/wyatt/ros2_ws/install/examples_rclpy_minimal_action_client:/home/wyatt/ros2_ws/install/examples_rclpy_guard_conditions:/home/wyatt/ros2_ws/install/examples_rclpy_executors:/opt/ros/humble /usr/bin/cmake --build /home/wyatt/ros2_ws/src/build/examples_rclcpp_cbg_executor -- -j12 -l12
[21.540s] Invoking command in '/home/wyatt/ros2_ws/src/build/examples_rclcpp_cbg_executor': CMAKE_PREFIX_PATH=${CMAKE_PREFIX_PATH}:/home/wyatt/ros2_ws/install/launch_testing_examples:/home/wyatt/ros2_ws/install/examples_rclpy_pointcloud_publisher:/home/wyatt/ros2_ws/install/examples_rclpy_minimal_subscriber:/home/wyatt/ros2_ws/install/examples_rclpy_minimal_service:/home/wyatt/ros2_ws/install/examples_rclpy_minimal_publisher:/home/wyatt/ros2_ws/install/examples_rclpy_minimal_client:/home/wyatt/ros2_ws/install/examples_rclpy_minimal_action_server:/home/wyatt/ros2_ws/install/examples_rclpy_minimal_action_client:/home/wyatt/ros2_ws/install/examples_rclpy_guard_conditions:/home/wyatt/ros2_ws/install/examples_rclpy_executors:/opt/ros/humble /usr/bin/cmake --install /home/wyatt/ros2_ws/src/build/examples_rclcpp_cbg_executor
[21.548s] -- Install configuration: ""
[21.548s] -- Installing: /home/wyatt/ros2_ws/src/install/examples_rclcpp_cbg_executor/lib/examples_rclcpp_cbg_executor/ping
[21.552s] -- Set runtime path of "/home/wyatt/ros2_ws/src/install/examples_rclcpp_cbg_executor/lib/examples_rclcpp_cbg_executor/ping" to ""
[21.552s] -- Installing: /home/wyatt/ros2_ws/src/install/examples_rclcpp_cbg_executor/lib/examples_rclcpp_cbg_executor/pong
[21.555s] -- Set runtime path of "/home/wyatt/ros2_ws/src/install/examples_rclcpp_cbg_executor/lib/examples_rclcpp_cbg_executor/pong" to ""
[21.556s] -- Installing: /home/wyatt/ros2_ws/src/install/examples_rclcpp_cbg_executor/lib/examples_rclcpp_cbg_executor/ping_pong
[21.560s] -- Set runtime path of "/home/wyatt/ros2_ws/src/install/examples_rclcpp_cbg_executor/lib/examples_rclcpp_cbg_executor/ping_pong" to ""
[21.560s] -- Installing: /home/wyatt/ros2_ws/src/install/examples_rclcpp_cbg_executor/include
[21.560s] -- Installing: /home/wyatt/ros2_ws/src/install/examples_rclcpp_cbg_executor/include/examples_rclcpp_cbg_executor
[21.560s] -- Installing: /home/wyatt/ros2_ws/src/install/examples_rclcpp_cbg_executor/include/examples_rclcpp_cbg_executor/ping_node.hpp
[21.560s] -- Installing: /home/wyatt/ros2_ws/src/install/examples_rclcpp_cbg_executor/include/examples_rclcpp_cbg_executor/pong_node.hpp
[21.560s] -- Installing: /home/wyatt/ros2_ws/src/install/examples_rclcpp_cbg_executor/share/ament_index/resource_index/package_run_dependencies/examples_rclcpp_cbg_executor
[21.560s] -- Installing: /home/wyatt/ros2_ws/src/install/examples_rclcpp_cbg_executor/share/ament_index/resource_index/parent_prefix_path/examples_rclcpp_cbg_executor
[21.560s] -- Installing: /home/wyatt/ros2_ws/src/install/examples_rclcpp_cbg_executor/share/examples_rclcpp_cbg_executor/environment/ament_prefix_path.sh
[21.561s] -- Installing: /home/wyatt/ros2_ws/src/install/examples_rclcpp_cbg_executor/share/examples_rclcpp_cbg_executor/environment/ament_prefix_path.dsv
[21.561s] -- Installing: /home/wyatt/ros2_ws/src/install/examples_rclcpp_cbg_executor/share/examples_rclcpp_cbg_executor/environment/path.sh
[21.561s] -- Installing: /home/wyatt/ros2_ws/src/install/examples_rclcpp_cbg_executor/share/examples_rclcpp_cbg_executor/environment/path.dsv
[21.561s] -- Installing: /home/wyatt/ros2_ws/src/install/examples_rclcpp_cbg_executor/share/examples_rclcpp_cbg_executor/local_setup.bash
[21.561s] -- Installing: /home/wyatt/ros2_ws/src/install/examples_rclcpp_cbg_executor/share/examples_rclcpp_cbg_executor/local_setup.sh
[21.562s] -- Installing: /home/wyatt/ros2_ws/src/install/examples_rclcpp_cbg_executor/share/examples_rclcpp_cbg_executor/local_setup.zsh
[21.562s] -- Installing: /home/wyatt/ros2_ws/src/install/examples_rclcpp_cbg_executor/share/examples_rclcpp_cbg_executor/local_setup.dsv
[21.562s] -- Installing: /home/wyatt/ros2_ws/src/install/examples_rclcpp_cbg_executor/share/examples_rclcpp_cbg_executor/package.dsv
[21.562s] -- Installing: /home/wyatt/ros2_ws/src/install/examples_rclcpp_cbg_executor/share/ament_index/resource_index/packages/examples_rclcpp_cbg_executor
[21.562s] -- Installing: /home/wyatt/ros2_ws/src/install/examples_rclcpp_cbg_executor/share/examples_rclcpp_cbg_executor/cmake/ament_cmake_export_dependencies-extras.cmake
[21.563s] -- Installing: /home/wyatt/ros2_ws/src/install/examples_rclcpp_cbg_executor/share/examples_rclcpp_cbg_executor/cmake/examples_rclcpp_cbg_executorConfig.cmake
[21.563s] -- Installing: /home/wyatt/ros2_ws/src/install/examples_rclcpp_cbg_executor/share/examples_rclcpp_cbg_executor/cmake/examples_rclcpp_cbg_executorConfig-version.cmake
[21.563s] -- Installing: /home/wyatt/ros2_ws/src/install/examples_rclcpp_cbg_executor/share/examples_rclcpp_cbg_executor/package.xml
[21.567s] Invoked command in '/home/wyatt/ros2_ws/src/build/examples_rclcpp_cbg_executor' returned '0': CMAKE_PREFIX_PATH=${CMAKE_PREFIX_PATH}:/home/wyatt/ros2_ws/install/launch_testing_examples:/home/wyatt/ros2_ws/install/examples_rclpy_pointcloud_publisher:/home/wyatt/ros2_ws/install/examples_rclpy_minimal_subscriber:/home/wyatt/ros2_ws/install/examples_rclpy_minimal_service:/home/wyatt/ros2_ws/install/examples_rclpy_minimal_publisher:/home/wyatt/ros2_ws/install/examples_rclpy_minimal_client:/home/wyatt/ros2_ws/install/examples_rclpy_minimal_action_server:/home/wyatt/ros2_ws/install/examples_rclpy_minimal_action_client:/home/wyatt/ros2_ws/install/examples_rclpy_guard_conditions:/home/wyatt/ros2_ws/install/examples_rclpy_executors:/opt/ros/humble /usr/bin/cmake --install /home/wyatt/ros2_ws/src/build/examples_rclcpp_cbg_executor
