[0.597s] Invoking command in '/home/wyatt/ros2_ws/src/py_srvcli': PYTHONPATH=/home/wyatt/ros2_ws/build/py_srvcli/prefix_override:/home/wyatt/ros2_ws/install/py_srvcli/lib/python3.10/site-packages:${PYTHONPATH} /usr/bin/python3 setup.py egg_info --egg-base ../../build/py_srvcli build --build-base /home/wyatt/ros2_ws/build/py_srvcli/build install --record /home/wyatt/ros2_ws/build/py_srvcli/install.log --single-version-externally-managed
[0.802s] running egg_info
[0.802s] writing ../../build/py_srvcli/py_srvcli.egg-info/PKG-INFO
[0.802s] writing dependency_links to ../../build/py_srvcli/py_srvcli.egg-info/dependency_links.txt
[0.803s] writing entry points to ../../build/py_srvcli/py_srvcli.egg-info/entry_points.txt
[0.803s] writing requirements to ../../build/py_srvcli/py_srvcli.egg-info/requires.txt
[0.803s] writing top-level names to ../../build/py_srvcli/py_srvcli.egg-info/top_level.txt
[0.804s] reading manifest file '../../build/py_srvcli/py_srvcli.egg-info/SOURCES.txt'
[0.805s] writing manifest file '../../build/py_srvcli/py_srvcli.egg-info/SOURCES.txt'
[0.805s] running build
[0.805s] running build_py
[0.805s] copying py_srvcli/client_member_function.py -> /home/wyatt/ros2_ws/build/py_srvcli/build/lib/py_srvcli
[0.805s] running install
[0.805s] running install_lib
[0.806s] copying /home/wyatt/ros2_ws/build/py_srvcli/build/lib/py_srvcli/client_member_function.py -> /home/wyatt/ros2_ws/install/py_srvcli/lib/python3.10/site-packages/py_srvcli
[0.806s] byte-compiling /home/wyatt/ros2_ws/install/py_srvcli/lib/python3.10/site-packages/py_srvcli/client_member_function.py to client_member_function.cpython-310.pyc
[0.807s] running install_data
[0.807s] running install_egg_info
[0.808s] removing '/home/wyatt/ros2_ws/install/py_srvcli/lib/python3.10/site-packages/py_srvcli-0.0.0-py3.10.egg-info' (and everything under it)
[0.808s] Copying ../../build/py_srvcli/py_srvcli.egg-info to /home/wyatt/ros2_ws/install/py_srvcli/lib/python3.10/site-packages/py_srvcli-0.0.0-py3.10.egg-info
[0.809s] running install_scripts
[0.824s] Installing client script to /home/wyatt/ros2_ws/install/py_srvcli/lib/py_srvcli
[0.824s] Installing service script to /home/wyatt/ros2_ws/install/py_srvcli/lib/py_srvcli
[0.824s] writing list of installed files to '/home/wyatt/ros2_ws/build/py_srvcli/install.log'
[0.840s] Invoked command in '/home/wyatt/ros2_ws/src/py_srvcli' returned '0': PYTHONPATH=/home/wyatt/ros2_ws/build/py_srvcli/prefix_override:/home/wyatt/ros2_ws/install/py_srvcli/lib/python3.10/site-packages:${PYTHONPATH} /usr/bin/python3 setup.py egg_info --egg-base ../../build/py_srvcli build --build-base /home/wyatt/ros2_ws/build/py_srvcli/build install --record /home/wyatt/ros2_ws/build/py_srvcli/install.log --single-version-externally-managed
