[4.348s] Invoking command in '/home/wyatt/ros2_ws/src/examples/rclpy/executors': PYTHONPATH=/home/wyatt/ros2_ws/build/examples_rclpy_executors/prefix_override:/home/wyatt/ros2_ws/install/examples_rclpy_executors/lib/python3.10/site-packages:${PYTHONPATH} /usr/bin/python3 setup.py egg_info --egg-base ../../../../build/examples_rclpy_executors build --build-base /home/wyatt/ros2_ws/build/examples_rclpy_executors/build install --record /home/wyatt/ros2_ws/build/examples_rclpy_executors/install.log --single-version-externally-managed
[4.739s] running egg_info
[4.740s] writing ../../../../build/examples_rclpy_executors/examples_rclpy_executors.egg-info/PKG-INFO
[4.741s] writing dependency_links to ../../../../build/examples_rclpy_executors/examples_rclpy_executors.egg-info/dependency_links.txt
[4.742s] writing entry points to ../../../../build/examples_rclpy_executors/examples_rclpy_executors.egg-info/entry_points.txt
[4.744s] writing requirements to ../../../../build/examples_rclpy_executors/examples_rclpy_executors.egg-info/requires.txt
[4.744s] writing top-level names to ../../../../build/examples_rclpy_executors/examples_rclpy_executors.egg-info/top_level.txt
[4.744s] reading manifest file '../../../../build/examples_rclpy_executors/examples_rclpy_executors.egg-info/SOURCES.txt'
[4.746s] writing manifest file '../../../../build/examples_rclpy_executors/examples_rclpy_executors.egg-info/SOURCES.txt'
[4.746s] running build
[4.746s] running build_py
[4.746s] running install
[4.747s] running install_lib
[4.749s] running install_data
[4.750s] running install_egg_info
[4.752s] removing '/home/wyatt/ros2_ws/install/examples_rclpy_executors/lib/python3.10/site-packages/examples_rclpy_executors-0.15.1-py3.10.egg-info' (and everything under it)
[4.752s] Copying ../../../../build/examples_rclpy_executors/examples_rclpy_executors.egg-info to /home/wyatt/ros2_ws/install/examples_rclpy_executors/lib/python3.10/site-packages/examples_rclpy_executors-0.15.1-py3.10.egg-info
[4.753s] running install_scripts
[4.783s] Installing callback_group script to /home/wyatt/ros2_ws/install/examples_rclpy_executors/lib/examples_rclpy_executors
[4.783s] Installing composed script to /home/wyatt/ros2_ws/install/examples_rclpy_executors/lib/examples_rclpy_executors
[4.783s] Installing custom_callback_group script to /home/wyatt/ros2_ws/install/examples_rclpy_executors/lib/examples_rclpy_executors
[4.784s] Installing custom_executor script to /home/wyatt/ros2_ws/install/examples_rclpy_executors/lib/examples_rclpy_executors
[4.784s] Installing listener script to /home/wyatt/ros2_ws/install/examples_rclpy_executors/lib/examples_rclpy_executors
[4.784s] Installing talker script to /home/wyatt/ros2_ws/install/examples_rclpy_executors/lib/examples_rclpy_executors
[4.785s] writing list of installed files to '/home/wyatt/ros2_ws/build/examples_rclpy_executors/install.log'
[4.971s] Invoked command in '/home/wyatt/ros2_ws/src/examples/rclpy/executors' returned '0': PYTHONPATH=/home/wyatt/ros2_ws/build/examples_rclpy_executors/prefix_override:/home/wyatt/ros2_ws/install/examples_rclpy_executors/lib/python3.10/site-packages:${PYTHONPATH} /usr/bin/python3 setup.py egg_info --egg-base ../../../../build/examples_rclpy_executors build --build-base /home/wyatt/ros2_ws/build/examples_rclpy_executors/build install --record /home/wyatt/ros2_ws/build/examples_rclpy_executors/install.log --single-version-externally-managed
